[2024/10/10 13:51:17] Program start
[2024/10/10 13:51:17] Connection check for USB4000 and DS102
[2024/10/10 13:51:18] Connected to spectrometer USB4000.
[2024/10/10 13:51:19] Connected to SURUGA SEIKI DS102 USB Serial Port by [ COM4 ].
[2024/10/10 13:51:19] DS102 Initialization ~Stage Position Adjustment~
[2024/10/10 13:51:24] DS102 initialisation passed.
[2024/10/10 13:51:25] USB4000 initialization ~Searching for the peak intensity and setting the ORG~
[2024/10/10 13:51:26] Current Position: 0
[2024/10/10 13:51:31] Set Integration Time: 5000 ms
[2024/10/10 13:51:39] Current Position: 0
[2024/10/10 13:51:47] Current Position: 0
[2024/10/10 13:51:47] -------------------------------------------
[2024/10/10 13:51:47] Time axis: 0.00 fs
[2024/10/10 13:51:47] Integration time: 5000 ms
[2024/10/10 13:51:47] Max intensity: 2430.94
[2024/10/10 13:51:47] -------------------------------------------
[2024/10/10 13:52:01] Current Position: -90
[2024/10/10 13:52:13] Current Position: -90
[2024/10/10 13:52:13] -------------------------------------------
[2024/10/10 13:52:13] Time axis: -600.42 fs
[2024/10/10 13:52:13] Integration time: 5000 ms
[2024/10/10 13:52:13] Max intensity: 2193.37
[2024/10/10 13:52:13] -------------------------------------------
[2024/10/10 13:52:31] Current Position: 150
[2024/10/10 13:52:43] Current Position: 150
[2024/10/10 13:52:43] -------------------------------------------
[2024/10/10 13:52:43] Time axis: 1000.69 fs
[2024/10/10 13:52:43] Integration time: 5000 ms
[2024/10/10 13:52:43] Max intensity: 2404.32
[2024/10/10 13:52:43] -------------------------------------------
[2024/10/10 13:53:11] Current Position: 0
