[2025/05/15 20:23:34] 測定データ保存先: c:\Users\KITAYAMA\KITAYAMA_FROG\01_Mesurement\data\20250515_202334_FROG.txt
[2025/05/15 20:23:34] 測定開始: index=0, delay=0.00fs, 20:23:34.413
[2025/05/15 20:23:34] 測定完了: index=0, max_intensity=1411.05, 20:23:34.729（測定0.32秒）
[2025/05/15 20:23:34] ステージ移動開始: fspeed=1000, pulses=1, direction=0
[2025/05/15 20:23:36] ステージ停止検出: 20:23:36.962（移動に2.22秒）
[2025/05/15 20:23:36] 測定開始: index=1, delay=6.67fs, 20:23:36.967
[2025/05/15 20:23:37] 測定完了: index=1, max_intensity=1435.63, 20:23:37.282（測定0.31秒）
[2025/05/15 20:23:37] ステージ移動開始: fspeed=1000, pulses=1, direction=0
[2025/05/15 20:23:39] ステージ停止検出: 20:23:39.473（移動に2.19秒）
[2025/05/15 20:23:39] 測定開始: index=2, delay=13.34fs, 20:23:39.476
[2025/05/15 20:23:39] 測定完了: index=2, max_intensity=1417.19, 20:23:39.789（測定0.31秒）
[2025/05/15 20:23:39] ステージ移動開始: fspeed=1000, pulses=1, direction=0
[2025/05/15 20:23:42] ステージ停止検出: 20:23:42.000（移動に2.20秒）
[2025/05/15 20:23:42] 測定開始: index=3, delay=20.01fs, 20:23:42.009
[2025/05/15 20:23:42] 測定完了: index=3, max_intensity=1415.15, 20:23:42.321（測定0.31秒）
[2025/05/15 20:23:42] ステージ移動開始: fspeed=1000, pulses=1, direction=0
[2025/05/15 20:23:44] ステージ停止検出: 20:23:44.542（移動に2.21秒）
[2025/05/15 20:23:44] 測定開始: index=4, delay=26.69fs, 20:23:44.549
[2025/05/15 20:23:44] 測定完了: index=4, max_intensity=1458.15, 20:23:44.859（測定0.31秒）
[2025/05/15 20:23:44] ステージ移動開始: fspeed=1000, pulses=1, direction=0
[2025/05/15 20:23:47] ステージ停止検出: 20:23:47.070（移動に2.20秒）
[2025/05/15 20:23:47] 測定開始: index=5, delay=33.36fs, 20:23:47.075
[2025/05/15 20:23:47] 測定完了: index=5, max_intensity=1505.26, 20:23:47.389（測定0.31秒）
[2025/05/15 20:23:47] ステージ移動開始: fspeed=1000, pulses=1, direction=0
[2025/05/15 20:23:49] ステージ停止検出: 20:23:49.597（移動に2.20秒）
[2025/05/15 20:23:49] 測定開始: index=6, delay=40.03fs, 20:23:49.606
[2025/05/15 20:23:49] 測定完了: index=6, max_intensity=2019.30, 20:23:49.920（測定0.31秒）
[2025/05/15 20:23:49] ステージ移動開始: fspeed=1000, pulses=1, direction=0
[2025/05/15 20:23:52] ステージ停止検出: 20:23:52.107（移動に2.18秒）
[2025/05/15 20:23:52] 測定開始: index=7, delay=46.70fs, 20:23:52.113
[2025/05/15 20:23:52] 測定完了: index=7, max_intensity=1814.50, 20:23:52.428（測定0.31秒）
[2025/05/15 20:23:52] ステージ移動開始: fspeed=1000, pulses=1, direction=0
[2025/05/15 20:23:54] ステージ停止検出: 20:23:54.633（移動に2.20秒）
[2025/05/15 20:23:54] 測定開始: index=8, delay=53.37fs, 20:23:54.637
[2025/05/15 20:23:54] 測定完了: index=8, max_intensity=2148.32, 20:23:54.950（測定0.31秒）
[2025/05/15 20:23:54] ステージ移動開始: fspeed=1000, pulses=1, direction=0
[2025/05/15 20:23:57] ステージ停止検出: 20:23:57.145（移動に2.19秒）
[2025/05/15 20:23:57] 測定開始: index=9, delay=60.04fs, 20:23:57.153
[2025/05/15 20:23:57] 測定完了: index=9, max_intensity=1925.09, 20:23:57.466（測定0.31秒）
[2025/05/15 20:23:57] ステージ移動開始: fspeed=1000, pulses=1, direction=0
[2025/05/15 20:23:59] ステージ停止検出: 20:23:59.671（移動に2.20秒）
[2025/05/15 20:23:59] 測定開始: index=10, delay=66.71fs, 20:23:59.678
[2025/05/15 20:23:59] 測定完了: index=10, max_intensity=1974.24, 20:23:59.989（測定0.31秒）
[2025/05/15 20:23:59] ステージ移動開始: fspeed=1000, pulses=1, direction=0
[2025/05/15 20:24:02] ステージ停止検出: 20:24:02.183（移動に2.18秒）
[2025/05/15 20:24:02] 測定開始: index=11, delay=73.38fs, 20:24:02.188
[2025/05/15 20:24:02] 測定完了: index=11, max_intensity=2834.39, 20:24:02.497（測定0.31秒）
[2025/05/15 20:24:02] ステージ移動開始: fspeed=1000, pulses=1, direction=0
[2025/05/15 20:24:04] ステージ停止検出: 20:24:04.709（移動に2.20秒）
[2025/05/15 20:24:04] 測定開始: index=12, delay=80.06fs, 20:24:04.717
[2025/05/15 20:24:05] 測定完了: index=12, max_intensity=2537.43, 20:24:05.035（測定0.32秒）
[2025/05/15 20:24:05] ステージ移動開始: fspeed=1000, pulses=1, direction=0
[2025/05/15 20:24:07] ステージ停止検出: 20:24:07.236（移動に2.19秒）
[2025/05/15 20:24:07] 測定開始: index=13, delay=86.73fs, 20:24:07.246
[2025/05/15 20:24:07] 測定完了: index=13, max_intensity=2220.00, 20:24:07.559（測定0.31秒）
[2025/05/15 20:24:07] ステージ移動開始: fspeed=1000, pulses=1, direction=0
[2025/05/15 20:24:09] ステージ停止検出: 20:24:09.795（移動に2.22秒）
[2025/05/15 20:24:09] 測定開始: index=14, delay=93.40fs, 20:24:09.802
[2025/05/15 20:24:10] 測定完了: index=14, max_intensity=5654.44, 20:24:10.120（測定0.32秒）
[2025/05/15 20:24:10] ステージ移動開始: fspeed=1000, pulses=1, direction=0
[2025/05/15 20:24:12] ステージ停止検出: 20:24:12.306（移動に2.18秒）
[2025/05/15 20:24:12] 測定開始: index=15, delay=100.07fs, 20:24:12.313
[2025/05/15 20:24:12] 測定完了: index=15, max_intensity=1464.30, 20:24:12.626（測定0.31秒）
[2025/05/15 20:24:12] ステージ移動開始: fspeed=1000, pulses=1, direction=0
[2025/05/15 20:24:14] ステージ停止検出: 20:24:14.832（移動に2.20秒）
[2025/05/15 20:24:14] 測定開始: index=16, delay=106.74fs, 20:24:14.835
[2025/05/15 20:24:15] 測定完了: index=16, max_intensity=1435.63, 20:24:15.150（測定0.31秒）
[2025/05/15 20:24:15] ステージ移動開始: fspeed=1000, pulses=1, direction=0
[2025/05/15 20:24:17] ステージ停止検出: 20:24:17.343（移動に2.19秒）
[2025/05/15 20:24:17] 測定開始: index=17, delay=113.41fs, 20:24:17.346
[2025/05/15 20:24:17] 測定完了: index=17, max_intensity=1419.24, 20:24:17.665（測定0.32秒）
[2025/05/15 20:24:17] ステージ移動開始: fspeed=1000, pulses=1, direction=0
[2025/05/15 20:24:19] ステージ停止検出: 20:24:19.870（移動に2.20秒）
[2025/05/15 20:24:19] 測定開始: index=18, delay=120.08fs, 20:24:19.876
[2025/05/15 20:24:20] 測定完了: index=18, max_intensity=1423.34, 20:24:20.187（測定0.31秒）
[2025/05/15 20:24:20] ステージ移動開始: fspeed=1000, pulses=1, direction=0
[2025/05/15 20:24:22] ステージ停止検出: 20:24:22.381（移動に2.19秒）
[2025/05/15 20:24:22] 測定開始: index=19, delay=126.75fs, 20:24:22.385
[2025/05/15 20:24:22] 測定完了: index=19, max_intensity=1421.29, 20:24:22.696（測定0.31秒）
[2025/05/15 20:24:22] ステージ移動開始: fspeed=1000, pulses=1, direction=0
[2025/05/15 20:24:24] ステージ停止検出: 20:24:24.892（移動に2.19秒）
[2025/05/15 20:24:24] 測定開始: index=20, delay=133.43fs, 20:24:24.899
[2025/05/15 20:24:25] 測定完了: index=20, max_intensity=1415.15, 20:24:25.211（測定0.31秒）
[2025/05/15 20:24:25] ステージ移動開始: fspeed=1000, pulses=1, direction=0
[2025/05/15 20:24:27] ステージ停止検出: 20:24:27.403（移動に2.18秒）
[2025/05/15 20:24:27] 測定開始: index=21, delay=140.10fs, 20:24:27.407
[2025/05/15 20:24:27] 測定完了: index=21, max_intensity=1427.43, 20:24:27.719（測定0.31秒）
[2025/05/15 20:24:27] ステージ移動開始: fspeed=1000, pulses=1, direction=0
[2025/05/15 20:24:29] ステージ停止検出: 20:24:29.929（移動に2.20秒）
[2025/05/15 20:24:29] 測定開始: index=22, delay=146.77fs, 20:24:29.937
[2025/05/15 20:24:30] 測定完了: index=22, max_intensity=1439.72, 20:24:30.250（測定0.31秒）
[2025/05/15 20:24:30] ステージ移動開始: fspeed=1000, pulses=1, direction=0
[2025/05/15 20:24:32] ステージ停止検出: 20:24:32.441（移動に2.18秒）
[2025/05/15 20:24:32] 測定開始: index=23, delay=153.44fs, 20:24:32.449
[2025/05/15 20:24:32] 測定完了: index=23, max_intensity=1419.24, 20:24:32.765（測定0.32秒）
[2025/05/15 20:24:32] ステージ移動開始: fspeed=1000, pulses=1, direction=0
[2025/05/15 20:24:34] ステージ停止検出: 20:24:34.967（移動に2.19秒）
[2025/05/15 20:24:34] 測定開始: index=24, delay=160.11fs, 20:24:34.972
[2025/05/15 20:24:35] 測定完了: index=24, max_intensity=1421.29, 20:24:35.288（測定0.32秒）
[2025/05/15 20:24:35] ステージ移動開始: fspeed=1000, pulses=1, direction=0
[2025/05/15 20:24:37] ステージ停止検出: 20:24:37.493（移動に2.20秒）
[2025/05/15 20:24:37] 測定開始: index=25, delay=166.78fs, 20:24:37.499
[2025/05/15 20:24:37] 測定完了: index=25, max_intensity=1439.72, 20:24:37.811（測定0.31秒）
[2025/05/15 20:24:37] ステージ移動開始: fspeed=1000, pulses=1, direction=0
[2025/05/15 20:24:40] ステージ停止検出: 20:24:40.005（移動に2.19秒）
[2025/05/15 20:24:40] 測定開始: index=26, delay=173.45fs, 20:24:40.016
[2025/05/15 20:24:40] 測定完了: index=26, max_intensity=1437.67, 20:24:40.327（測定0.31秒）
[2025/05/15 20:24:40] ステージ移動開始: fspeed=1000, pulses=1, direction=0
[2025/05/15 20:24:42] ステージ停止検出: 20:24:42.532（移動に2.20秒）
[2025/05/15 20:24:42] 測定開始: index=27, delay=180.12fs, 20:24:42.540
[2025/05/15 20:24:42] 測定完了: index=27, max_intensity=1441.77, 20:24:42.856（測定0.32秒）
[2025/05/15 20:24:42] ステージ移動開始: fspeed=1000, pulses=1, direction=0
[2025/05/15 20:24:45] ステージ停止検出: 20:24:45.058（移動に2.19秒）
[2025/05/15 20:24:45] 測定開始: index=28, delay=186.80fs, 20:24:45.062
[2025/05/15 20:24:45] 測定完了: index=28, max_intensity=1431.53, 20:24:45.373（測定0.31秒）
[2025/05/15 20:24:45] ステージ移動開始: fspeed=1000, pulses=1, direction=0
[2025/05/15 20:24:47] ステージ停止検出: 20:24:47.570（移動に2.19秒）
[2025/05/15 20:24:47] 測定開始: index=29, delay=193.47fs, 20:24:47.578
[2025/05/15 20:24:47] 測定完了: index=29, max_intensity=1417.19, 20:24:47.896（測定0.32秒）
[2025/05/15 20:24:47] ステージ移動開始: fspeed=1000, pulses=1, direction=0
[2025/05/15 20:24:50] ステージ停止検出: 20:24:50.096（移動に2.19秒）
[2025/05/15 20:24:50] 測定開始: index=30, delay=200.14fs, 20:24:50.103
[2025/05/15 20:24:50] 測定完了: index=30, max_intensity=1433.58, 20:24:50.419（測定0.32秒）
[2025/05/15 20:24:50] ステージ移動開始: fspeed=1000, pulses=1, direction=0
[2025/05/15 20:24:52] ステージ停止検出: 20:24:52.624（移動に2.19秒）
[2025/05/15 20:24:52] 測定開始: index=31, delay=206.81fs, 20:24:52.629
[2025/05/15 20:24:52] 測定完了: index=31, max_intensity=1421.29, 20:24:52.941（測定0.31秒）
[2025/05/15 20:24:52] ステージ移動開始: fspeed=1000, pulses=1, direction=0
[2025/05/15 20:24:55] ステージ停止検出: 20:24:55.133（移動に2.18秒）
[2025/05/15 20:24:55] 測定開始: index=32, delay=213.48fs, 20:24:55.139
[2025/05/15 20:24:55] 測定完了: index=32, max_intensity=1427.43, 20:24:55.457（測定0.32秒）
[2025/05/15 20:24:55] ステージ移動開始: fspeed=1000, pulses=1, direction=0
[2025/05/15 20:24:57] ステージ停止検出: 20:24:57.661（移動に2.20秒）
[2025/05/15 20:24:57] 測定開始: index=33, delay=220.15fs, 20:24:57.665
[2025/05/15 20:24:57] 測定完了: index=33, max_intensity=1435.63, 20:24:57.979（測定0.31秒）
[2025/05/15 20:24:57] ステージ移動開始: fspeed=1000, pulses=1, direction=0
[2025/05/15 20:25:00] ステージ停止検出: 20:25:00.172（移動に2.18秒）
[2025/05/15 20:25:00] 測定開始: index=34, delay=226.82fs, 20:25:00.179
[2025/05/15 20:25:00] 測定完了: index=34, max_intensity=1417.19, 20:25:00.496（測定0.32秒）
[2025/05/15 20:25:00] ステージ移動開始: fspeed=1000, pulses=1, direction=0
[2025/05/15 20:25:02] ステージ停止検出: 20:25:02.699（移動に2.19秒）
[2025/05/15 20:25:02] 測定開始: index=35, delay=233.49fs, 20:25:02.706
[2025/05/15 20:25:03] 測定完了: index=35, max_intensity=1441.77, 20:25:03.017（測定0.31秒）
[2025/05/15 20:25:03] ステージ移動開始: fspeed=1000, pulses=1, direction=0
[2025/05/15 20:25:05] ステージ停止検出: 20:25:05.210（移動に2.18秒）
[2025/05/15 20:25:05] 測定開始: index=36, delay=240.17fs, 20:25:05.216
[2025/05/15 20:25:05] 測定完了: index=36, max_intensity=1415.15, 20:25:05.534（測定0.32秒）
[2025/05/15 20:25:05] ステージ移動開始: fspeed=1000, pulses=1, direction=0
[2025/05/15 20:25:07] ステージ停止検出: 20:25:07.735（移動に2.19秒）
[2025/05/15 20:25:07] 測定開始: index=37, delay=246.84fs, 20:25:07.744
[2025/05/15 20:25:08] 測定完了: index=37, max_intensity=1409.00, 20:25:08.056（測定0.31秒）
[2025/05/15 20:25:08] ステージ移動開始: fspeed=1000, pulses=1, direction=0
[2025/05/15 20:25:10] ステージ停止検出: 20:25:10.263（移動に2.20秒）
[2025/05/15 20:25:10] 測定開始: index=38, delay=253.51fs, 20:25:10.272
[2025/05/15 20:25:10] 測定完了: index=38, max_intensity=1427.43, 20:25:10.587（測定0.32秒）
[2025/05/15 20:25:10] ステージ移動開始: fspeed=1000, pulses=1, direction=0
[2025/05/15 20:25:12] ステージ停止検出: 20:25:12.789（移動に2.19秒）
[2025/05/15 20:25:12] 測定開始: index=39, delay=260.18fs, 20:25:12.795
[2025/05/15 20:25:13] 測定完了: index=39, max_intensity=1411.05, 20:25:13.110（測定0.32秒）
[2025/05/15 20:25:13] ステージ移動開始: fspeed=1000, pulses=1, direction=0
[2025/05/15 20:25:15] ステージ停止検出: 20:25:15.300（移動に2.18秒）
[2025/05/15 20:25:15] 測定開始: index=40, delay=266.85fs, 20:25:15.306
[2025/05/15 20:25:15] 測定完了: index=40, max_intensity=1441.77, 20:25:15.618（測定0.31秒）
[2025/05/15 20:25:15] ステージ移動開始: fspeed=1000, pulses=1, direction=0
[2025/05/15 20:25:17] ステージ停止検出: 20:25:17.811（移動に2.19秒）
[2025/05/15 20:25:17] 測定開始: index=41, delay=273.52fs, 20:25:17.818
[2025/05/15 20:25:18] 測定完了: index=41, max_intensity=1409.00, 20:25:18.134（測定0.32秒）
[2025/05/15 20:25:18] ステージ移動開始: fspeed=1000, pulses=1, direction=0
[2025/05/15 20:25:20] ステージ停止検出: 20:25:20.322（移動に2.18秒）
[2025/05/15 20:25:20] 測定開始: index=42, delay=280.19fs, 20:25:20.329
[2025/05/15 20:25:20] 測定完了: index=42, max_intensity=1437.67, 20:25:20.641（測定0.31秒）
[2025/05/15 20:25:20] ステージ移動開始: fspeed=1000, pulses=1, direction=0
[2025/05/15 20:25:22] ステージ停止検出: 20:25:22.849（移動に2.20秒）
[2025/05/15 20:25:22] 測定開始: index=43, delay=286.87fs, 20:25:22.856
[2025/05/15 20:25:23] 測定完了: index=43, max_intensity=1452.01, 20:25:23.172（測定0.32秒）
[2025/05/15 20:25:23] ステージ移動開始: fspeed=1000, pulses=1, direction=0
[2025/05/15 20:25:25] ステージ停止検出: 20:25:25.375（移動に2.19秒）
[2025/05/15 20:25:25] 測定開始: index=44, delay=293.54fs, 20:25:25.383
[2025/05/15 20:25:25] 測定完了: index=44, max_intensity=1429.48, 20:25:25.694（測定0.31秒）
[2025/05/15 20:25:25] ステージ移動開始: fspeed=1000, pulses=1, direction=0
[2025/05/15 20:25:27] ステージ停止検出: 20:25:27.903（移動に2.21秒）
[2025/05/15 20:25:27] 測定開始: index=45, delay=300.21fs, 20:25:27.904
[2025/05/15 20:25:28] 測定完了: index=45, max_intensity=1423.34, 20:25:28.218（測定0.31秒）
[2025/05/15 20:25:28] ステージ移動開始: fspeed=1000, pulses=1, direction=0
[2025/05/15 20:25:30] ステージ停止検出: 20:25:30.412（移動に2.18秒）
[2025/05/15 20:25:30] 測定開始: index=46, delay=306.88fs, 20:25:30.421
[2025/05/15 20:25:30] 測定完了: index=46, max_intensity=1423.34, 20:25:30.733（測定0.31秒）
[2025/05/15 20:25:30] ステージ移動開始: fspeed=1000, pulses=1, direction=0
[2025/05/15 20:25:32] ステージ停止検出: 20:25:32.940（移動に2.20秒）
[2025/05/15 20:25:32] 測定開始: index=47, delay=313.55fs, 20:25:32.946
[2025/05/15 20:25:33] 測定完了: index=47, max_intensity=1460.20, 20:25:33.256（測定0.31秒）
[2025/05/15 20:25:33] ステージ移動開始: fspeed=1000, pulses=1, direction=0
[2025/05/15 20:25:35] ステージ停止検出: 20:25:35.451（移動に2.19秒）
[2025/05/15 20:25:35] 測定開始: index=48, delay=320.22fs, 20:25:35.459
[2025/05/15 20:25:35] 測定完了: index=48, max_intensity=1419.24, 20:25:35.771（測定0.31秒）
[2025/05/15 20:25:35] ステージ移動開始: fspeed=1000, pulses=1, direction=0
[2025/05/15 20:25:37] ステージ停止検出: 20:25:37.977（移動に2.20秒）
[2025/05/15 20:25:37] 測定開始: index=49, delay=326.89fs, 20:25:37.979
[2025/05/15 20:25:38] 測定完了: index=49, max_intensity=1415.15, 20:25:38.295（測定0.32秒）
[2025/05/15 20:25:38] ステージ移動開始: fspeed=1000, pulses=1, direction=0
[2025/05/15 20:25:40] ステージ停止検出: 20:25:40.505（移動に2.20秒）
[2025/05/15 20:25:40] 測定開始: index=50, delay=333.56fs, 20:25:40.514
[2025/05/15 20:25:40] 測定完了: index=50, max_intensity=1423.34, 20:25:40.824（測定0.31秒）
[2025/05/15 20:25:40] ステージ移動開始: fspeed=1000, pulses=1, direction=0
[2025/05/15 20:25:43] ステージ停止検出: 20:25:43.031（移動に2.20秒）
[2025/05/15 20:25:43] 測定開始: index=51, delay=340.24fs, 20:25:43.036
[2025/05/15 20:25:43] 測定完了: index=51, max_intensity=1423.34, 20:25:43.348（測定0.31秒）
[2025/05/15 20:25:43] ステージ移動開始: fspeed=1000, pulses=1, direction=0
[2025/05/15 20:25:45] ステージ停止検出: 20:25:45.542（移動に2.19秒）
[2025/05/15 20:25:45] 測定開始: index=52, delay=346.91fs, 20:25:45.551
[2025/05/15 20:25:45] 測定完了: index=52, max_intensity=1439.72, 20:25:45.863（測定0.31秒）
[2025/05/15 20:25:45] ステージ移動開始: fspeed=1000, pulses=1, direction=0
[2025/05/15 20:25:48] ステージ停止検出: 20:25:48.070（移動に2.20秒）
[2025/05/15 20:25:48] 測定開始: index=53, delay=353.58fs, 20:25:48.075
[2025/05/15 20:25:48] 測定完了: index=53, max_intensity=1439.72, 20:25:48.386（測定0.31秒）
[2025/05/15 20:25:48] ステージ移動開始: fspeed=1000, pulses=1, direction=0
[2025/05/15 20:25:50] ステージ停止検出: 20:25:50.579（移動に2.18秒）
[2025/05/15 20:25:50] 測定開始: index=54, delay=360.25fs, 20:25:50.588
[2025/05/15 20:25:50] 測定完了: index=54, max_intensity=1425.39, 20:25:50.902（測定0.31秒）
[2025/05/15 20:25:50] ステージ移動開始: fspeed=1000, pulses=1, direction=0
[2025/05/15 20:25:53] ステージ停止検出: 20:25:53.106（移動に2.20秒）
[2025/05/15 20:25:53] 測定開始: index=55, delay=366.92fs, 20:25:53.113
[2025/05/15 20:25:53] 測定完了: index=55, max_intensity=1421.29, 20:25:53.424（測定0.31秒）
[2025/05/15 20:25:53] ステージ移動開始: fspeed=1000, pulses=1, direction=0
[2025/05/15 20:25:55] ステージ停止検出: 20:25:55.618（移動に2.19秒）
[2025/05/15 20:25:55] 測定開始: index=56, delay=373.59fs, 20:25:55.625
[2025/05/15 20:25:55] 測定完了: index=56, max_intensity=1415.15, 20:25:55.941（測定0.32秒）
[2025/05/15 20:25:55] ステージ移動開始: fspeed=1000, pulses=1, direction=0
[2025/05/15 20:25:58] ステージ停止検出: 20:25:58.145（移動に2.20秒）
[2025/05/15 20:25:58] 測定開始: index=57, delay=380.26fs, 20:25:58.154
[2025/05/15 20:25:58] 測定完了: index=57, max_intensity=1445.87, 20:25:58.470（測定0.32秒）
[2025/05/15 20:25:58] ステージ移動開始: fspeed=1000, pulses=1, direction=0
[2025/05/15 20:26:00] ステージ停止検出: 20:26:00.672（移動に2.19秒）
[2025/05/15 20:26:00] 測定開始: index=58, delay=386.93fs, 20:26:00.677
[2025/05/15 20:26:00] 測定完了: index=58, max_intensity=1419.24, 20:26:00.994（測定0.32秒）
[2025/05/15 20:26:01] ステージ移動開始: fspeed=1000, pulses=1, direction=0
[2025/05/15 20:26:03] ステージ停止検出: 20:26:03.198（移動に2.19秒）
[2025/05/15 20:26:03] 測定開始: index=59, delay=393.61fs, 20:26:03.204
[2025/05/15 20:26:03] 測定完了: index=59, max_intensity=1431.53, 20:26:03.516（測定0.31秒）
[2025/05/15 20:26:03] ステージ移動開始: fspeed=1000, pulses=1, direction=0
[2025/05/15 20:26:05] ステージ停止検出: 20:26:05.725（移動に2.20秒）
[2025/05/15 20:26:05] 測定開始: index=60, delay=400.28fs, 20:26:05.734
[2025/05/15 20:26:06] 測定完了: index=60, max_intensity=1421.29, 20:26:06.047（測定0.31秒）
[2025/05/15 20:26:06] ステージ移動開始: fspeed=1000, pulses=1, direction=0
[2025/05/15 20:26:08] ステージ停止検出: 20:26:08.236（移動に2.18秒）
[2025/05/15 20:26:08] 測定開始: index=61, delay=406.95fs, 20:26:08.248
[2025/05/15 20:26:08] 測定完了: index=61, max_intensity=1435.63, 20:26:08.563（測定0.31秒）
[2025/05/15 20:26:08] ステージ移動開始: fspeed=1000, pulses=1, direction=0
[2025/05/15 20:26:10] ステージ停止検出: 20:26:10.779（移動に2.21秒）
[2025/05/15 20:26:10] 測定開始: index=62, delay=413.62fs, 20:26:10.786
[2025/05/15 20:26:11] 測定完了: index=62, max_intensity=1431.53, 20:26:11.101（測定0.31秒）
[2025/05/15 20:26:11] ステージ移動開始: fspeed=1000, pulses=1, direction=0
[2025/05/15 20:26:13] ステージ停止検出: 20:26:13.289（移動に2.18秒）
[2025/05/15 20:26:13] 測定開始: index=63, delay=420.29fs, 20:26:13.296
[2025/05/15 20:26:13] 測定完了: index=63, max_intensity=1417.19, 20:26:13.609（測定0.31秒）
[2025/05/15 20:26:13] ステージ移動開始: fspeed=1000, pulses=1, direction=0
[2025/05/15 20:26:15] ステージ停止検出: 20:26:15.817（移動に2.19秒）
[2025/05/15 20:26:15] 測定開始: index=64, delay=426.96fs, 20:26:15.818
[2025/05/15 20:26:16] 測定完了: index=64, max_intensity=1423.34, 20:26:16.132（測定0.31秒）
[2025/05/15 20:26:16] ステージ移動開始: fspeed=1000, pulses=1, direction=0
[2025/05/15 20:26:18] ステージ停止検出: 20:26:18.327（移動に2.19秒）
[2025/05/15 20:26:18] 測定開始: index=65, delay=433.63fs, 20:26:18.335
[2025/05/15 20:26:18] 測定完了: index=65, max_intensity=1419.24, 20:26:18.647（測定0.31秒）
[2025/05/15 20:26:18] ステージ移動開始: fspeed=1000, pulses=1, direction=0
[2025/05/15 20:26:20] ステージ停止検出: 20:26:20.854（移動に2.20秒）
[2025/05/15 20:26:20] 測定開始: index=66, delay=440.30fs, 20:26:20.855
[2025/05/15 20:26:21] 測定完了: index=66, max_intensity=1423.34, 20:26:21.170（測定0.31秒）
[2025/05/15 20:26:21] ステージ移動開始: fspeed=1000, pulses=1, direction=0
[2025/05/15 20:26:23] ステージ停止検出: 20:26:23.364（移動に2.18秒）
[2025/05/15 20:26:23] 測定開始: index=67, delay=446.98fs, 20:26:23.370
[2025/05/15 20:26:23] 測定完了: index=67, max_intensity=1435.63, 20:26:23.686（測定0.32秒）
[2025/05/15 20:26:23] ステージ移動開始: fspeed=1000, pulses=1, direction=0
[2025/05/15 20:26:25] ステージ停止検出: 20:26:25.891（移動に2.20秒）
[2025/05/15 20:26:25] 測定開始: index=68, delay=453.65fs, 20:26:25.893
[2025/05/15 20:26:26] 測定完了: index=68, max_intensity=1433.58, 20:26:26.209（測定0.32秒）
[2025/05/15 20:26:26] ステージ移動開始: fspeed=1000, pulses=1, direction=0
[2025/05/15 20:26:28] ステージ停止検出: 20:26:28.418（移動に2.20秒）
[2025/05/15 20:26:28] 測定開始: index=69, delay=460.32fs, 20:26:28.429
[2025/05/15 20:26:28] 測定完了: index=69, max_intensity=1445.87, 20:26:28.747（測定0.32秒）
[2025/05/15 20:26:28] ステージ移動開始: fspeed=1000, pulses=1, direction=0
[2025/05/15 20:26:30] ステージ停止検出: 20:26:30.961（移動に2.20秒）
[2025/05/15 20:26:30] 測定開始: index=70, delay=466.99fs, 20:26:30.967
[2025/05/15 20:26:31] 測定完了: index=70, max_intensity=1409.00, 20:26:31.277（測定0.31秒）
[2025/05/15 20:26:31] ステージ移動開始: fspeed=1000, pulses=1, direction=0
[2025/05/15 20:26:33] ステージ停止検出: 20:26:33.488（移動に2.20秒）
[2025/05/15 20:26:33] 測定開始: index=71, delay=473.66fs, 20:26:33.495
[2025/05/15 20:26:33] 測定完了: index=71, max_intensity=1421.29, 20:26:33.808（測定0.31秒）
[2025/05/15 20:26:33] ステージ移動開始: fspeed=1000, pulses=1, direction=0
[2025/05/15 20:26:36] ステージ停止検出: 20:26:36.014（移動に2.20秒）
[2025/05/15 20:26:36] 測定開始: index=72, delay=480.33fs, 20:26:36.022
[2025/05/15 20:26:36] 測定完了: index=72, max_intensity=1423.34, 20:26:36.338（測定0.32秒）
[2025/05/15 20:26:36] ステージ移動開始: fspeed=1000, pulses=1, direction=0
[2025/05/15 20:26:38] ステージ停止検出: 20:26:38.525（移動に2.18秒）
[2025/05/15 20:26:38] 測定開始: index=73, delay=487.00fs, 20:26:38.534
[2025/05/15 20:26:38] 測定完了: index=73, max_intensity=1425.39, 20:26:38.846（測定0.31秒）
[2025/05/15 20:26:38] ステージ移動開始: fspeed=1000, pulses=1, direction=0
[2025/05/15 20:26:41] ステージ停止検出: 20:26:41.053（移動に2.20秒）
[2025/05/15 20:26:41] 測定開始: index=74, delay=493.67fs, 20:26:41.059
[2025/05/15 20:26:41] 測定完了: index=74, max_intensity=1413.10, 20:26:41.377（測定0.32秒）
[2025/05/15 20:26:41] 測定完了
