[2025/05/15 20:53:15] 測定データ保存先: c:\Users\KITAYAMA\KITAYAMA_FROG\01_Mesurement\data\20250515_205315_FROG.txt
[2025/05/15 20:53:16] 測定開始: index=0, delay=0.00fs, 20:53:16.188
[2025/05/15 20:53:17] BG減算: 測定点 0 でBGスペクトルを引きました
[2025/05/15 20:53:17] 測定完了: index=0, max_intensity=165.89, 20:53:17.415（測定1.23秒）
[2025/05/15 20:53:17] ステージ移動開始: fspeed=1000, pulses=1, direction=0
[2025/05/15 20:53:19] ステージ停止検出: 20:53:19.627（移動に2.21秒）
[2025/05/15 20:53:20] 測定開始: index=1, delay=6.67fs, 20:53:20.666
[2025/05/15 20:53:21] BG減算: 測定点 1 でBGスペクトルを引きました
[2025/05/15 20:53:21] 測定完了: index=1, max_intensity=172.03, 20:53:21.885（測定1.22秒）
[2025/05/15 20:53:21] ステージ移動開始: fspeed=1000, pulses=1, direction=0
[2025/05/15 20:53:24] ステージ停止検出: 20:53:24.073（移動に2.19秒）
[2025/05/15 20:53:25] 測定開始: index=2, delay=13.34fs, 20:53:25.112
[2025/05/15 20:53:26] BG減算: 測定点 2 でBGスペクトルを引きました
[2025/05/15 20:53:26] 測定完了: index=2, max_intensity=190.46, 20:53:26.336（測定1.22秒）
[2025/05/15 20:53:26] ステージ移動開始: fspeed=1000, pulses=1, direction=0
[2025/05/15 20:53:28] ステージ停止検出: 20:53:28.535（移動に2.19秒）
[2025/05/15 20:53:29] 測定開始: index=3, delay=20.01fs, 20:53:29.559
[2025/05/15 20:53:30] BG減算: 測定点 3 でBGスペクトルを引きました
[2025/05/15 20:53:30] 測定完了: index=3, max_intensity=163.84, 20:53:30.784（測定1.23秒）
[2025/05/15 20:53:30] ステージ移動開始: fspeed=1000, pulses=1, direction=0
[2025/05/15 20:53:32] ステージ停止検出: 20:53:32.981（移動に2.19秒）
[2025/05/15 20:53:34] 測定開始: index=4, delay=26.69fs, 20:53:34.021
[2025/05/15 20:53:35] BG減算: 測定点 4 でBGスペクトルを引きました
[2025/05/15 20:53:35] 測定完了: index=4, max_intensity=192.51, 20:53:35.244（測定1.22秒）
[2025/05/15 20:53:35] ステージ移動開始: fspeed=1000, pulses=1, direction=0
[2025/05/15 20:53:37] ステージ停止検出: 20:53:37.427（移動に2.18秒）
[2025/05/15 20:53:38] 測定開始: index=5, delay=33.36fs, 20:53:38.466
[2025/05/15 20:53:39] BG減算: 測定点 5 でBGスペクトルを引きました
[2025/05/15 20:53:39] 測定完了: index=5, max_intensity=184.32, 20:53:39.690（測定1.22秒）
[2025/05/15 20:53:39] ステージ移動開始: fspeed=1000, pulses=1, direction=0
[2025/05/15 20:53:41] ステージ停止検出: 20:53:41.904（移動に2.21秒）
[2025/05/15 20:53:42] 測定開始: index=6, delay=40.03fs, 20:53:42.944
[2025/05/15 20:53:44] BG減算: 測定点 6 でBGスペクトルを引きました
[2025/05/15 20:53:44] 測定完了: index=6, max_intensity=184.32, 20:53:44.159（測定1.21秒）
[2025/05/15 20:53:44] ステージ移動開始: fspeed=1000, pulses=1, direction=0
[2025/05/15 20:53:46] ステージ停止検出: 20:53:46.351（移動に2.19秒）
[2025/05/15 20:53:47] 測定開始: index=7, delay=46.70fs, 20:53:47.390
[2025/05/15 20:53:48] BG減算: 測定点 7 でBGスペクトルを引きました
[2025/05/15 20:53:48] 測定完了: index=7, max_intensity=210.94, 20:53:48.617（測定1.23秒）
[2025/05/15 20:53:48] ステージ移動開始: fspeed=1000, pulses=1, direction=0
[2025/05/15 20:53:50] ステージ停止検出: 20:53:50.812（移動に2.19秒）
[2025/05/15 20:53:51] 測定開始: index=8, delay=53.37fs, 20:53:51.852
[2025/05/15 20:53:53] BG減算: 測定点 8 でBGスペクトルを引きました
[2025/05/15 20:53:53] 測定完了: index=8, max_intensity=196.61, 20:53:53.077（測定1.22秒）
[2025/05/15 20:53:53] ステージ移動開始: fspeed=1000, pulses=1, direction=0
[2025/05/15 20:53:55] ステージ停止検出: 20:53:55.259（移動に2.18秒）
[2025/05/15 20:53:56] 測定開始: index=9, delay=60.04fs, 20:53:56.298
[2025/05/15 20:53:57] BG減算: 測定点 9 でBGスペクトルを引きました
[2025/05/15 20:53:57] 測定完了: index=9, max_intensity=169.98, 20:53:57.526（測定1.23秒）
[2025/05/15 20:53:57] 測定をユーザーが中断しました。
[2025/05/15 20:53:58] 測定完了
