[2025/05/15 20:08:34] 測定データ保存先: c:\Users\KITAYAMA\KITAYAMA_FROG\01_Mesurement\data\20250515_200834_FROG.txt
[2025/05/15 20:08:34] 測定開始: index=0, delay=0.00fs, 20:08:34.475
[2025/05/15 20:08:35] 測定完了: index=0, max_intensity=1433.58, 20:08:35.689（測定1.21秒）
[2025/05/15 20:08:35] ステージ移動開始: fspeed=1000, pulses=1, direction=0
[2025/05/15 20:08:37] ステージ停止検出: 20:08:37.946（移動に2.25秒）
[2025/05/15 20:08:37] 測定開始: index=1, delay=6.67fs, 20:08:37.950
[2025/05/15 20:08:39] 測定完了: index=1, max_intensity=1429.48, 20:08:39.161（測定1.21秒）
[2025/05/15 20:08:39] ステージ移動開始: fspeed=1000, pulses=1, direction=0
[2025/05/15 20:08:41] ステージ停止検出: 20:08:41.368（移動に2.20秒）
[2025/05/15 20:08:41] 測定開始: index=2, delay=13.34fs, 20:08:41.375
[2025/05/15 20:08:42] 測定完了: index=2, max_intensity=1413.10, 20:08:42.588（測定1.21秒）
[2025/05/15 20:08:42] ステージ移動開始: fspeed=1000, pulses=1, direction=0
[2025/05/15 20:08:44] ステージ停止検出: 20:08:44.791（移動に2.19秒）
[2025/05/15 20:08:44] 測定開始: index=3, delay=20.01fs, 20:08:44.796
[2025/05/15 20:08:46] 測定完了: index=3, max_intensity=1423.34, 20:08:46.008（測定1.21秒）
[2025/05/15 20:08:46] ステージ移動開始: fspeed=1000, pulses=1, direction=0
[2025/05/15 20:08:48] ステージ停止検出: 20:08:48.213（移動に2.19秒）
[2025/05/15 20:08:48] 測定開始: index=4, delay=26.69fs, 20:08:48.222
[2025/05/15 20:08:49] 測定完了: index=4, max_intensity=1433.58, 20:08:49.436（測定1.21秒）
[2025/05/15 20:08:49] ステージ移動開始: fspeed=1000, pulses=1, direction=0
[2025/05/15 20:08:51] ステージ停止検出: 20:08:51.635（移動に2.19秒）
[2025/05/15 20:08:51] 測定開始: index=5, delay=33.36fs, 20:08:51.640
[2025/05/15 20:08:52] 測定完了: index=5, max_intensity=14487.33, 20:08:52.855（測定1.21秒）
[2025/05/15 20:08:52] ステージ移動開始: fspeed=1000, pulses=1, direction=0
[2025/05/15 20:08:55] ステージ停止検出: 20:08:55.057（移動に2.19秒）
[2025/05/15 20:08:55] 測定開始: index=6, delay=40.03fs, 20:08:55.067
[2025/05/15 20:08:56] 測定完了: index=6, max_intensity=15775.50, 20:08:56.283（測定1.22秒）
[2025/05/15 20:08:56] ステージ移動開始: fspeed=1000, pulses=1, direction=0
[2025/05/15 20:08:58] ステージ停止検出: 20:08:58.480（移動に2.18秒）
[2025/05/15 20:08:58] 測定開始: index=7, delay=46.70fs, 20:08:58.490
[2025/05/15 20:08:59] 測定完了: index=7, max_intensity=18990.81, 20:08:59.703（測定1.21秒）
[2025/05/15 20:08:59] ステージ移動開始: fspeed=1000, pulses=1, direction=0
[2025/05/15 20:09:01] ステージ停止検出: 20:09:01.904（移動に2.19秒）
[2025/05/15 20:09:01] 測定開始: index=8, delay=53.37fs, 20:09:01.912
[2025/05/15 20:09:03] 測定完了: index=8, max_intensity=14200.62, 20:09:03.129（測定1.22秒）
[2025/05/15 20:09:03] ステージ移動開始: fspeed=1000, pulses=1, direction=0
[2025/05/15 20:09:05] ステージ停止検出: 20:09:05.324（移動に2.19秒）
[2025/05/15 20:09:05] 測定開始: index=9, delay=60.04fs, 20:09:05.332
[2025/05/15 20:09:06] 測定完了: index=9, max_intensity=13553.46, 20:09:06.548（測定1.22秒）
[2025/05/15 20:09:06] ステージ移動開始: fspeed=1000, pulses=1, direction=0
[2025/05/15 20:09:08] ステージ停止検出: 20:09:08.747（移動に2.19秒）
[2025/05/15 20:09:08] 測定開始: index=10, delay=66.71fs, 20:09:08.749
[2025/05/15 20:09:09] 測定完了: index=10, max_intensity=28495.44, 20:09:09.961（測定1.21秒）
[2025/05/15 20:09:09] ステージ移動開始: fspeed=1000, pulses=1, direction=0
[2025/05/15 20:09:12] ステージ停止検出: 20:09:12.169（移動に2.20秒）
[2025/05/15 20:09:12] 測定開始: index=11, delay=73.38fs, 20:09:12.177
[2025/05/15 20:09:13] 測定完了: index=11, max_intensity=11904.84, 20:09:13.389（測定1.21秒）
[2025/05/15 20:09:13] ステージ移動開始: fspeed=1000, pulses=1, direction=0
[2025/05/15 20:09:15] ステージ停止検出: 20:09:15.592（移動に2.19秒）
[2025/05/15 20:09:15] 測定開始: index=12, delay=80.06fs, 20:09:15.597
[2025/05/15 20:09:16] 測定完了: index=12, max_intensity=9017.21, 20:09:16.808（測定1.21秒）
[2025/05/15 20:09:16] ステージ移動開始: fspeed=1000, pulses=1, direction=0
[2025/05/15 20:09:19] ステージ停止検出: 20:09:19.014（移動に2.20秒）
[2025/05/15 20:09:19] 測定開始: index=13, delay=86.73fs, 20:09:19.018
[2025/05/15 20:09:20] 測定完了: index=13, max_intensity=1437.67, 20:09:20.236（測定1.22秒）
[2025/05/15 20:09:20] ステージ移動開始: fspeed=1000, pulses=1, direction=0
[2025/05/15 20:09:22] ステージ停止検出: 20:09:22.453（移動に2.21秒）
[2025/05/15 20:09:22] 測定開始: index=14, delay=93.40fs, 20:09:22.463
[2025/05/15 20:09:23] 測定完了: index=14, max_intensity=1429.48, 20:09:23.678（測定1.21秒）
[2025/05/15 20:09:23] ステージ移動開始: fspeed=1000, pulses=1, direction=0
[2025/05/15 20:09:25] ステージ停止検出: 20:09:25.892（移動に2.21秒）
[2025/05/15 20:09:25] 測定開始: index=15, delay=100.07fs, 20:09:25.902
[2025/05/15 20:09:27] 測定完了: index=15, max_intensity=1413.10, 20:09:27.113（測定1.21秒）
[2025/05/15 20:09:27] ステージ移動開始: fspeed=1000, pulses=1, direction=0
[2025/05/15 20:09:29] ステージ停止検出: 20:09:29.314（移動に2.19秒）
[2025/05/15 20:09:29] 測定開始: index=16, delay=106.74fs, 20:09:29.324
[2025/05/15 20:09:30] 測定完了: index=16, max_intensity=1415.15, 20:09:30.541（測定1.22秒）
[2025/05/15 20:09:30] ステージ移動開始: fspeed=1000, pulses=1, direction=0
[2025/05/15 20:09:32] ステージ停止検出: 20:09:32.736（移動に2.18秒）
[2025/05/15 20:09:32] 測定開始: index=17, delay=113.41fs, 20:09:32.745
[2025/05/15 20:09:33] 測定完了: index=17, max_intensity=1411.05, 20:09:33.960（測定1.21秒）
[2025/05/15 20:09:33] ステージ移動開始: fspeed=1000, pulses=1, direction=0
[2025/05/15 20:09:36] ステージ停止検出: 20:09:36.158（移動に2.19秒）
[2025/05/15 20:09:36] 測定開始: index=18, delay=120.08fs, 20:09:36.163
[2025/05/15 20:09:37] 測定完了: index=18, max_intensity=1427.43, 20:09:37.380（測定1.22秒）
[2025/05/15 20:09:37] ステージ移動開始: fspeed=1000, pulses=1, direction=0
[2025/05/15 20:09:39] ステージ停止検出: 20:09:39.580（移動に2.19秒）
[2025/05/15 20:09:39] 測定開始: index=19, delay=126.75fs, 20:09:39.586
[2025/05/15 20:09:40] 測定完了: index=19, max_intensity=1411.05, 20:09:40.799（測定1.21秒）
[2025/05/15 20:09:40] ステージ移動開始: fspeed=1000, pulses=1, direction=0
[2025/05/15 20:09:43] ステージ停止検出: 20:09:43.004（移動に2.20秒）
[2025/05/15 20:09:43] 測定開始: index=20, delay=133.43fs, 20:09:43.008
[2025/05/15 20:09:44] 測定完了: index=20, max_intensity=1417.19, 20:09:44.219（測定1.21秒）
[2025/05/15 20:09:44] ステージ移動開始: fspeed=1000, pulses=1, direction=0
[2025/05/15 20:09:46] ステージ停止検出: 20:09:46.426（移動に2.20秒）
[2025/05/15 20:09:46] 測定開始: index=21, delay=140.10fs, 20:09:46.434
[2025/05/15 20:09:47] 測定完了: index=21, max_intensity=1413.10, 20:09:47.646（測定1.21秒）
[2025/05/15 20:09:47] ステージ移動開始: fspeed=1000, pulses=1, direction=0
[2025/05/15 20:09:49] ステージ停止検出: 20:09:49.848（移動に2.19秒）
[2025/05/15 20:09:49] 測定開始: index=22, delay=146.77fs, 20:09:49.854
[2025/05/15 20:09:51] 測定完了: index=22, max_intensity=1421.29, 20:09:51.065（測定1.21秒）
[2025/05/15 20:09:51] ステージ移動開始: fspeed=1000, pulses=1, direction=0
[2025/05/15 20:09:53] ステージ停止検出: 20:09:53.271（移動に2.20秒）
[2025/05/15 20:09:53] 測定開始: index=23, delay=153.44fs, 20:09:53.280
[2025/05/15 20:09:54] 測定完了: index=23, max_intensity=1417.19, 20:09:54.501（測定1.22秒）
[2025/05/15 20:09:54] ステージ移動開始: fspeed=1000, pulses=1, direction=0
[2025/05/15 20:09:56] ステージ停止検出: 20:09:56.725（移動に2.21秒）
[2025/05/15 20:09:56] 測定開始: index=24, delay=160.11fs, 20:09:56.729
[2025/05/15 20:09:57] 測定完了: index=24, max_intensity=1429.48, 20:09:57.943（測定1.21秒）
[2025/05/15 20:09:57] ステージ移動開始: fspeed=1000, pulses=1, direction=0
[2025/05/15 20:10:00] ステージ停止検出: 20:10:00.131（移動に2.18秒）
[2025/05/15 20:10:00] 測定開始: index=25, delay=166.78fs, 20:10:00.137
[2025/05/15 20:10:01] 測定完了: index=25, max_intensity=1458.15, 20:10:01.356（測定1.22秒）
[2025/05/15 20:10:01] ステージ移動開始: fspeed=1000, pulses=1, direction=0
[2025/05/15 20:10:03] ステージ停止検出: 20:10:03.570（移動に2.20秒）
[2025/05/15 20:10:03] 測定開始: index=26, delay=173.45fs, 20:10:03.578
[2025/05/15 20:10:04] 測定完了: index=26, max_intensity=1411.05, 20:10:04.790（測定1.21秒）
[2025/05/15 20:10:04] ステージ移動開始: fspeed=1000, pulses=1, direction=0
[2025/05/15 20:10:06] ステージ停止検出: 20:10:06.991（移動に2.19秒）
[2025/05/15 20:10:06] 測定開始: index=27, delay=180.12fs, 20:10:06.999
[2025/05/15 20:10:08] 測定完了: index=27, max_intensity=1417.19, 20:10:08.210（測定1.21秒）
[2025/05/15 20:10:08] ステージ移動開始: fspeed=1000, pulses=1, direction=0
[2025/05/15 20:10:10] ステージ停止検出: 20:10:10.430（移動に2.21秒）
[2025/05/15 20:10:10] 測定開始: index=28, delay=186.80fs, 20:10:10.439
[2025/05/15 20:10:11] 測定完了: index=28, max_intensity=1413.10, 20:10:11.653（測定1.21秒）
[2025/05/15 20:10:11] ステージ移動開始: fspeed=1000, pulses=1, direction=0
[2025/05/15 20:10:13] ステージ停止検出: 20:10:13.852（移動に2.19秒）
[2025/05/15 20:10:13] 測定開始: index=29, delay=193.47fs, 20:10:13.859
[2025/05/15 20:10:15] 測定完了: index=29, max_intensity=1421.29, 20:10:15.072（測定1.21秒）
[2025/05/15 20:10:15] ステージ移動開始: fspeed=1000, pulses=1, direction=0
[2025/05/15 20:10:17] ステージ停止検出: 20:10:17.275（移動に2.20秒）
[2025/05/15 20:10:17] 測定開始: index=30, delay=200.14fs, 20:10:17.278
[2025/05/15 20:10:18] 測定完了: index=30, max_intensity=1431.53, 20:10:18.492（測定1.21秒）
[2025/05/15 20:10:18] ステージ移動開始: fspeed=1000, pulses=1, direction=0
[2025/05/15 20:10:20] ステージ停止検出: 20:10:20.697（移動に2.20秒）
[2025/05/15 20:10:20] 測定開始: index=31, delay=206.81fs, 20:10:20.701
[2025/05/15 20:10:21] 測定完了: index=31, max_intensity=1421.29, 20:10:21.913（測定1.21秒）
[2025/05/15 20:10:21] ステージ移動開始: fspeed=1000, pulses=1, direction=0
[2025/05/15 20:10:24] ステージ停止検出: 20:10:24.120（移動に2.20秒）
[2025/05/15 20:10:24] 測定開始: index=32, delay=213.48fs, 20:10:24.129
[2025/05/15 20:10:25] 測定完了: index=32, max_intensity=1419.24, 20:10:25.347（測定1.22秒）
[2025/05/15 20:10:25] ステージ移動開始: fspeed=1000, pulses=1, direction=0
[2025/05/15 20:10:27] ステージ停止検出: 20:10:27.558（移動に2.20秒）
[2025/05/15 20:10:27] 測定開始: index=33, delay=220.15fs, 20:10:27.560
[2025/05/15 20:10:28] 測定完了: index=33, max_intensity=1411.05, 20:10:28.774（測定1.21秒）
[2025/05/15 20:10:28] ステージ移動開始: fspeed=1000, pulses=1, direction=0
[2025/05/15 20:10:30] ステージ停止検出: 20:10:30.965（移動に2.19秒）
[2025/05/15 20:10:30] 測定開始: index=34, delay=226.82fs, 20:10:30.970
[2025/05/15 20:10:32] 測定完了: index=34, max_intensity=1423.34, 20:10:32.186（測定1.22秒）
[2025/05/15 20:10:32] ステージ移動開始: fspeed=1000, pulses=1, direction=0
[2025/05/15 20:10:34] ステージ停止検出: 20:10:34.388（移動に2.20秒）
[2025/05/15 20:10:34] 測定開始: index=35, delay=233.49fs, 20:10:34.396
[2025/05/15 20:10:35] 測定完了: index=35, max_intensity=1409.00, 20:10:35.605（測定1.21秒）
[2025/05/15 20:10:35] ステージ移動開始: fspeed=1000, pulses=1, direction=0
[2025/05/15 20:10:37] ステージ停止検出: 20:10:37.810（移動に2.20秒）
[2025/05/15 20:10:37] 測定開始: index=36, delay=240.17fs, 20:10:37.818
[2025/05/15 20:10:39] 測定完了: index=36, max_intensity=1419.24, 20:10:39.034（測定1.22秒）
[2025/05/15 20:10:39] ステージ移動開始: fspeed=1000, pulses=1, direction=0
[2025/05/15 20:10:41] ステージ停止検出: 20:10:41.231（移動に2.19秒）
[2025/05/15 20:10:41] 測定開始: index=37, delay=246.84fs, 20:10:41.236
[2025/05/15 20:10:42] 測定完了: index=37, max_intensity=1413.10, 20:10:42.454（測定1.22秒）
[2025/05/15 20:10:42] ステージ移動開始: fspeed=1000, pulses=1, direction=0
[2025/05/15 20:10:44] ステージ停止検出: 20:10:44.655（移動に2.19秒）
[2025/05/15 20:10:44] 測定開始: index=38, delay=253.51fs, 20:10:44.657
[2025/05/15 20:10:45] 測定完了: index=38, max_intensity=1431.53, 20:10:45.872（測定1.21秒）
[2025/05/15 20:10:45] ステージ移動開始: fspeed=1000, pulses=1, direction=0
[2025/05/15 20:10:48] ステージ停止検出: 20:10:48.077（移動に2.20秒）
[2025/05/15 20:10:48] 測定開始: index=39, delay=260.18fs, 20:10:48.079
[2025/05/15 20:10:49] 測定完了: index=39, max_intensity=1409.00, 20:10:49.292（測定1.21秒）
[2025/05/15 20:10:49] ステージ移動開始: fspeed=1000, pulses=1, direction=0
[2025/05/15 20:10:51] ステージ停止検出: 20:10:51.500（移動に2.20秒）
[2025/05/15 20:10:51] 測定開始: index=40, delay=266.85fs, 20:10:51.509
[2025/05/15 20:10:52] 測定完了: index=40, max_intensity=1409.00, 20:10:52.726（測定1.22秒）
[2025/05/15 20:10:52] ステージ移動開始: fspeed=1000, pulses=1, direction=0
[2025/05/15 20:10:54] ステージ停止検出: 20:10:54.922（移動に2.19秒）
[2025/05/15 20:10:54] 測定開始: index=41, delay=273.52fs, 20:10:54.925
[2025/05/15 20:10:56] 測定完了: index=41, max_intensity=1427.43, 20:10:56.139（測定1.21秒）
[2025/05/15 20:10:56] ステージ移動開始: fspeed=1000, pulses=1, direction=0
[2025/05/15 20:10:58] ステージ停止検出: 20:10:58.328（移動に2.19秒）
[2025/05/15 20:10:58] 測定開始: index=42, delay=280.19fs, 20:10:58.336
[2025/05/15 20:10:59] 測定完了: index=42, max_intensity=1419.24, 20:10:59.552（測定1.22秒）
[2025/05/15 20:10:59] ステージ移動開始: fspeed=1000, pulses=1, direction=0
[2025/05/15 20:11:01] ステージ停止検出: 20:11:01.750（移動に2.19秒）
[2025/05/15 20:11:01] 測定開始: index=43, delay=286.87fs, 20:11:01.753
[2025/05/15 20:11:02] 測定完了: index=43, max_intensity=1427.43, 20:11:02.963（測定1.21秒）
[2025/05/15 20:11:02] ステージ移動開始: fspeed=1000, pulses=1, direction=0
[2025/05/15 20:11:05] ステージ停止検出: 20:11:05.173（移動に2.20秒）
[2025/05/15 20:11:05] 測定開始: index=44, delay=293.54fs, 20:11:05.178
[2025/05/15 20:11:06] 測定完了: index=44, max_intensity=1411.05, 20:11:06.390（測定1.21秒）
[2025/05/15 20:11:06] ステージ移動開始: fspeed=1000, pulses=1, direction=0
[2025/05/15 20:11:08] ステージ停止検出: 20:11:08.596（移動に2.20秒）
[2025/05/15 20:11:08] 測定開始: index=45, delay=300.21fs, 20:11:08.600
[2025/05/15 20:11:09] 測定完了: index=45, max_intensity=1425.39, 20:11:09.810（測定1.21秒）
[2025/05/15 20:11:09] ステージ移動開始: fspeed=1000, pulses=1, direction=0
[2025/05/15 20:11:12] ステージ停止検出: 20:11:12.018（移動に2.20秒）
[2025/05/15 20:11:12] 測定開始: index=46, delay=306.88fs, 20:11:12.025
[2025/05/15 20:11:13] 測定完了: index=46, max_intensity=1400.81, 20:11:13.237（測定1.21秒）
[2025/05/15 20:11:13] 測定をユーザーが中断しました。
[2025/05/15 20:11:13] 測定完了
