[2025/05/15 20:33:19] 測定データ保存先: c:\Users\KITAYAMA\KITAYAMA_FROG\01_Mesurement\data\20250515_203319_FROG.txt
[2025/05/15 20:33:19] 測定開始: index=0, delay=0.00fs, 20:33:19.706
[2025/05/15 20:33:20] BG減算: 測定点 0 でBGスペクトルを引きました
[2025/05/15 20:33:20] 測定完了: index=0, max_intensity=192.51, 20:33:20.020（測定0.31秒）
[2025/05/15 20:33:20] ステージ移動開始: fspeed=1000, pulses=1, direction=0
[2025/05/15 20:33:22] ステージ停止検出: 20:33:22.216（移動に2.19秒）
[2025/05/15 20:33:22] 測定開始: index=1, delay=6.67fs, 20:33:22.223
[2025/05/15 20:33:22] BG減算: 測定点 1 でBGスペクトルを引きました
[2025/05/15 20:33:22] 測定完了: index=1, max_intensity=180.22, 20:33:22.545（測定0.32秒）
[2025/05/15 20:33:22] ステージ移動開始: fspeed=1000, pulses=1, direction=0
[2025/05/15 20:33:24] ステージ停止検出: 20:33:24.759（移動に2.21秒）
[2025/05/15 20:33:24] 測定開始: index=2, delay=13.34fs, 20:33:24.767
[2025/05/15 20:33:25] BG減算: 測定点 2 でBGスペクトルを引きました
[2025/05/15 20:33:25] 測定完了: index=2, max_intensity=190.46, 20:33:25.087（測定0.32秒）
[2025/05/15 20:33:25] ステージ移動開始: fspeed=1000, pulses=1, direction=0
[2025/05/15 20:33:27] ステージ停止検出: 20:33:27.286（移動に2.19秒）
[2025/05/15 20:33:27] 測定開始: index=3, delay=20.01fs, 20:33:27.288
[2025/05/15 20:33:27] BG減算: 測定点 3 でBGスペクトルを引きました
[2025/05/15 20:33:27] 測定完了: index=3, max_intensity=157.69, 20:33:27.609（測定0.32秒）
[2025/05/15 20:33:27] ステージ移動開始: fspeed=1000, pulses=1, direction=0
[2025/05/15 20:33:29] ステージ停止検出: 20:33:29.796（移動に2.18秒）
[2025/05/15 20:33:29] 測定開始: index=4, delay=26.69fs, 20:33:29.805
[2025/05/15 20:33:30] BG減算: 測定点 4 でBGスペクトルを引きました
[2025/05/15 20:33:30] 測定完了: index=4, max_intensity=178.17, 20:33:30.128（測定0.32秒）
[2025/05/15 20:33:30] ステージ移動開始: fspeed=1000, pulses=1, direction=0
[2025/05/15 20:33:32] ステージ停止検出: 20:33:32.323（移動に2.19秒）
[2025/05/15 20:33:32] 測定開始: index=5, delay=33.36fs, 20:33:32.325
[2025/05/15 20:33:32] BG減算: 測定点 5 でBGスペクトルを引きました
[2025/05/15 20:33:32] 測定完了: index=5, max_intensity=200.70, 20:33:32.645（測定0.32秒）
[2025/05/15 20:33:32] ステージ移動開始: fspeed=1000, pulses=1, direction=0
[2025/05/15 20:33:34] ステージ停止検出: 20:33:34.850（移動に2.20秒）
[2025/05/15 20:33:34] 測定開始: index=6, delay=40.03fs, 20:33:34.859
[2025/05/15 20:33:35] BG減算: 測定点 6 でBGスペクトルを引きました
[2025/05/15 20:33:35] 測定完了: index=6, max_intensity=176.13, 20:33:35.183（測定0.32秒）
[2025/05/15 20:33:35] ステージ移動開始: fspeed=1000, pulses=1, direction=0
[2025/05/15 20:33:37] ステージ停止検出: 20:33:37.376（移動に2.19秒）
[2025/05/15 20:33:37] 測定開始: index=7, delay=46.70fs, 20:33:37.379
[2025/05/15 20:33:37] BG減算: 測定点 7 でBGスペクトルを引きました
[2025/05/15 20:33:37] 測定完了: index=7, max_intensity=167.93, 20:33:37.695（測定0.32秒）
[2025/05/15 20:33:37] ステージ移動開始: fspeed=1000, pulses=1, direction=0
[2025/05/15 20:33:39] ステージ停止検出: 20:33:39.888（移動に2.19秒）
[2025/05/15 20:33:39] 測定開始: index=8, delay=53.37fs, 20:33:39.896
[2025/05/15 20:33:40] BG減算: 測定点 8 でBGスペクトルを引きました
[2025/05/15 20:33:40] 測定完了: index=8, max_intensity=221.18, 20:33:40.222（測定0.33秒）
[2025/05/15 20:33:40] ステージ移動開始: fspeed=1000, pulses=1, direction=0
[2025/05/15 20:33:42] ステージ停止検出: 20:33:42.415（移動に2.19秒）
[2025/05/15 20:33:42] 測定開始: index=9, delay=60.04fs, 20:33:42.419
[2025/05/15 20:33:42] BG減算: 測定点 9 でBGスペクトルを引きました
[2025/05/15 20:33:42] 測定完了: index=9, max_intensity=180.22, 20:33:42.736（測定0.32秒）
[2025/05/15 20:33:42] ステージ移動開始: fspeed=1000, pulses=1, direction=0
[2025/05/15 20:33:44] ステージ停止検出: 20:33:44.941（移動に2.20秒）
[2025/05/15 20:33:44] 測定開始: index=10, delay=66.71fs, 20:33:44.948
[2025/05/15 20:33:45] BG減算: 測定点 10 でBGスペクトルを引きました
[2025/05/15 20:33:45] 測定完了: index=10, max_intensity=188.41, 20:33:45.265（測定0.32秒）
[2025/05/15 20:33:45] ステージ移動開始: fspeed=1000, pulses=1, direction=0
[2025/05/15 20:33:47] ステージ停止検出: 20:33:47.469（移動に2.20秒）
[2025/05/15 20:33:47] 測定開始: index=11, delay=73.38fs, 20:33:47.477
[2025/05/15 20:33:47] BG減算: 測定点 11 でBGスペクトルを引きました
[2025/05/15 20:33:47] 測定完了: index=11, max_intensity=159.74, 20:33:47.796（測定0.32秒）
[2025/05/15 20:33:47] ステージ移動開始: fspeed=1000, pulses=1, direction=0
[2025/05/15 20:33:49] ステージ停止検出: 20:33:49.995（移動に2.19秒）
[2025/05/15 20:33:50] 測定開始: index=12, delay=80.06fs, 20:33:50.005
[2025/05/15 20:33:50] BG減算: 測定点 12 でBGスペクトルを引きました
[2025/05/15 20:33:50] 測定完了: index=12, max_intensity=176.13, 20:33:50.328（測定0.32秒）
[2025/05/15 20:33:50] ステージ移動開始: fspeed=1000, pulses=1, direction=0
[2025/05/15 20:33:52] ステージ停止検出: 20:33:52.523（移動に2.19秒）
[2025/05/15 20:33:52] 測定開始: index=13, delay=86.73fs, 20:33:52.525
[2025/05/15 20:33:52] BG減算: 測定点 13 でBGスペクトルを引きました
[2025/05/15 20:33:52] 測定完了: index=13, max_intensity=190.46, 20:33:52.845（測定0.32秒）
[2025/05/15 20:33:52] ステージ移動開始: fspeed=1000, pulses=1, direction=0
[2025/05/15 20:33:55] ステージ停止検出: 20:33:55.049（移動に2.20秒）
[2025/05/15 20:33:55] 測定開始: index=14, delay=93.40fs, 20:33:55.059
[2025/05/15 20:33:55] BG減算: 測定点 14 でBGスペクトルを引きました
[2025/05/15 20:33:55] 測定完了: index=14, max_intensity=176.13, 20:33:55.383（測定0.32秒）
[2025/05/15 20:33:55] ステージ移動開始: fspeed=1000, pulses=1, direction=0
[2025/05/15 20:33:57] ステージ停止検出: 20:33:57.592（移動に2.20秒）
[2025/05/15 20:33:57] 測定開始: index=15, delay=100.07fs, 20:33:57.594
[2025/05/15 20:33:57] BG減算: 測定点 15 でBGスペクトルを引きました
[2025/05/15 20:33:57] 測定完了: index=15, max_intensity=212.99, 20:33:57.909（測定0.31秒）
[2025/05/15 20:33:57] ステージ移動開始: fspeed=1000, pulses=1, direction=0
[2025/05/15 20:34:00] ステージ停止検出: 20:34:00.119（移動に2.21秒）
[2025/05/15 20:34:00] 測定開始: index=16, delay=106.74fs, 20:34:00.129
[2025/05/15 20:34:00] BG減算: 測定点 16 でBGスペクトルを引きました
[2025/05/15 20:34:00] 測定完了: index=16, max_intensity=172.03, 20:34:00.453（測定0.32秒）
[2025/05/15 20:34:00] ステージ移動開始: fspeed=1000, pulses=1, direction=0
[2025/05/15 20:34:02] ステージ停止検出: 20:34:02.661（移動に2.20秒）
[2025/05/15 20:34:02] 測定開始: index=17, delay=113.41fs, 20:34:02.668
[2025/05/15 20:34:02] BG減算: 測定点 17 でBGスペクトルを引きました
[2025/05/15 20:34:02] 測定完了: index=17, max_intensity=204.80, 20:34:02.991（測定0.32秒）
[2025/05/15 20:34:02] ステージ移動開始: fspeed=1000, pulses=1, direction=0
[2025/05/15 20:34:05] ステージ停止検出: 20:34:05.187（移動に2.19秒）
[2025/05/15 20:34:05] 測定開始: index=18, delay=120.08fs, 20:34:05.194
[2025/05/15 20:34:05] BG減算: 測定点 18 でBGスペクトルを引きました
[2025/05/15 20:34:05] 測定完了: index=18, max_intensity=204.80, 20:34:05.522（測定0.33秒）
[2025/05/15 20:34:05] ステージ移動開始: fspeed=1000, pulses=1, direction=0
[2025/05/15 20:34:07] ステージ停止検出: 20:34:07.731（移動に2.21秒）
[2025/05/15 20:34:07] 測定開始: index=19, delay=126.75fs, 20:34:07.740
[2025/05/15 20:34:08] BG減算: 測定点 19 でBGスペクトルを引きました
[2025/05/15 20:34:08] 測定完了: index=19, max_intensity=172.03, 20:34:08.060（測定0.32秒）
[2025/05/15 20:34:08] ステージ移動開始: fspeed=1000, pulses=1, direction=0
[2025/05/15 20:34:10] ステージ停止検出: 20:34:10.274（移動に2.21秒）
[2025/05/15 20:34:10] 測定開始: index=20, delay=133.43fs, 20:34:10.281
[2025/05/15 20:34:10] BG減算: 測定点 20 でBGスペクトルを引きました
[2025/05/15 20:34:10] 測定完了: index=20, max_intensity=270.33, 20:34:10.606（測定0.32秒）
[2025/05/15 20:34:10] ステージ移動開始: fspeed=1000, pulses=1, direction=0
[2025/05/15 20:34:12] ステージ停止検出: 20:34:12.801（移動に2.19秒）
[2025/05/15 20:34:12] 測定開始: index=21, delay=140.10fs, 20:34:12.809
[2025/05/15 20:34:13] BG減算: 測定点 21 でBGスペクトルを引きました
[2025/05/15 20:34:13] 測定完了: index=21, max_intensity=206.84, 20:34:13.127（測定0.32秒）
[2025/05/15 20:34:13] ステージ移動開始: fspeed=1000, pulses=1, direction=0
[2025/05/15 20:34:15] ステージ停止検出: 20:34:15.327（移動に2.19秒）
[2025/05/15 20:34:15] 測定開始: index=22, delay=146.77fs, 20:34:15.335
[2025/05/15 20:34:15] BG減算: 測定点 22 でBGスペクトルを引きました
[2025/05/15 20:34:15] 測定完了: index=22, max_intensity=714.74, 20:34:15.654（測定0.32秒）
[2025/05/15 20:34:15] ステージ移動開始: fspeed=1000, pulses=1, direction=0
[2025/05/15 20:34:17] ステージ停止検出: 20:34:17.838（移動に2.18秒）
[2025/05/15 20:34:17] 測定開始: index=23, delay=153.44fs, 20:34:17.848
[2025/05/15 20:34:18] BG減算: 測定点 23 でBGスペクトルを引きました
[2025/05/15 20:34:18] 測定完了: index=23, max_intensity=342.01, 20:34:18.174（測定0.33秒）
[2025/05/15 20:34:18] ステージ移動開始: fspeed=1000, pulses=1, direction=0
[2025/05/15 20:34:20] ステージ停止検出: 20:34:20.365（移動に2.19秒）
[2025/05/15 20:34:20] 測定開始: index=24, delay=160.11fs, 20:34:20.372
[2025/05/15 20:34:20] BG減算: 測定点 24 でBGスペクトルを引きました
[2025/05/15 20:34:20] 測定完了: index=24, max_intensity=317.44, 20:34:20.691（測定0.32秒）
[2025/05/15 20:34:20] ステージ移動開始: fspeed=1000, pulses=1, direction=0
[2025/05/15 20:34:22] ステージ停止検出: 20:34:22.876（移動に2.18秒）
[2025/05/15 20:34:22] 測定開始: index=25, delay=166.78fs, 20:34:22.883
[2025/05/15 20:34:23] BG減算: 測定点 25 でBGスペクトルを引きました
[2025/05/15 20:34:23] 測定完了: index=25, max_intensity=190.46, 20:34:23.204（測定0.32秒）
[2025/05/15 20:34:23] ステージ移動開始: fspeed=1000, pulses=1, direction=0
[2025/05/15 20:34:25] ステージ停止検出: 20:34:25.403（移動に2.19秒）
[2025/05/15 20:34:25] 測定開始: index=26, delay=173.45fs, 20:34:25.410
[2025/05/15 20:34:25] BG減算: 測定点 26 でBGスペクトルを引きました
[2025/05/15 20:34:25] 測定完了: index=26, max_intensity=206.84, 20:34:25.730（測定0.32秒）
[2025/05/15 20:34:25] ステージ移動開始: fspeed=1000, pulses=1, direction=0
[2025/05/15 20:34:27] ステージ停止検出: 20:34:27.914（移動に2.18秒）
[2025/05/15 20:34:27] 測定開始: index=27, delay=180.12fs, 20:34:27.919
[2025/05/15 20:34:28] BG減算: 測定点 27 でBGスペクトルを引きました
[2025/05/15 20:34:28] 測定完了: index=27, max_intensity=454.65, 20:34:28.238（測定0.32秒）
[2025/05/15 20:34:28] ステージ移動開始: fspeed=1000, pulses=1, direction=0
[2025/05/15 20:34:30] ステージ停止検出: 20:34:30.440（移動に2.20秒）
[2025/05/15 20:34:30] 測定開始: index=28, delay=186.80fs, 20:34:30.450
[2025/05/15 20:34:30] BG減算: 測定点 28 でBGスペクトルを引きました
[2025/05/15 20:34:30] 測定完了: index=28, max_intensity=354.30, 20:34:30.773（測定0.32秒）
[2025/05/15 20:34:30] ステージ移動開始: fspeed=1000, pulses=1, direction=0
[2025/05/15 20:34:32] ステージ停止検出: 20:34:32.966（移動に2.19秒）
[2025/05/15 20:34:32] 測定開始: index=29, delay=193.47fs, 20:34:32.974
[2025/05/15 20:34:33] BG減算: 測定点 29 でBGスペクトルを引きました
[2025/05/15 20:34:33] 測定完了: index=29, max_intensity=253.95, 20:34:33.297（測定0.32秒）
[2025/05/15 20:34:33] ステージ移動開始: fspeed=1000, pulses=1, direction=0
[2025/05/15 20:34:35] ステージ停止検出: 20:34:35.494（移動に2.19秒）
[2025/05/15 20:34:35] 測定開始: index=30, delay=200.14fs, 20:34:35.499
[2025/05/15 20:34:35] BG減算: 測定点 30 でBGスペクトルを引きました
[2025/05/15 20:34:35] 測定完了: index=30, max_intensity=190.46, 20:34:35.813（測定0.31秒）
[2025/05/15 20:34:35] ステージ移動開始: fspeed=1000, pulses=1, direction=0
[2025/05/15 20:34:38] ステージ停止検出: 20:34:38.005（移動に2.19秒）
[2025/05/15 20:34:38] 測定開始: index=31, delay=206.81fs, 20:34:38.014
[2025/05/15 20:34:38] BG減算: 測定点 31 でBGスペクトルを引きました
[2025/05/15 20:34:38] 測定完了: index=31, max_intensity=772.08, 20:34:38.336（測定0.32秒）
[2025/05/15 20:34:38] ステージ移動開始: fspeed=1000, pulses=1, direction=0
[2025/05/15 20:34:40] ステージ停止検出: 20:34:40.532（移動に2.19秒）
[2025/05/15 20:34:40] 測定開始: index=32, delay=213.48fs, 20:34:40.542
[2025/05/15 20:34:40] BG減算: 測定点 32 でBGスペクトルを引きました
[2025/05/15 20:34:40] 測定完了: index=32, max_intensity=514.04, 20:34:40.864（測定0.32秒）
[2025/05/15 20:34:40] ステージ移動開始: fspeed=1000, pulses=1, direction=0
[2025/05/15 20:34:43] ステージ停止検出: 20:34:43.058（移動に2.19秒）
[2025/05/15 20:34:43] 測定開始: index=33, delay=220.15fs, 20:34:43.061
[2025/05/15 20:34:43] BG減算: 測定点 33 でBGスペクトルを引きました
[2025/05/15 20:34:43] 測定完了: index=33, max_intensity=194.56, 20:34:43.382（測定0.32秒）
[2025/05/15 20:34:43] ステージ移動開始: fspeed=1000, pulses=1, direction=0
[2025/05/15 20:34:45] ステージ停止検出: 20:34:45.585（移動に2.20秒）
[2025/05/15 20:34:45] 測定開始: index=34, delay=226.82fs, 20:34:45.591
[2025/05/15 20:34:45] BG減算: 測定点 34 でBGスペクトルを引きました
[2025/05/15 20:34:45] 測定完了: index=34, max_intensity=174.08, 20:34:45.910（測定0.32秒）
[2025/05/15 20:34:45] ステージ移動開始: fspeed=1000, pulses=1, direction=0
[2025/05/15 20:34:48] ステージ停止検出: 20:34:48.096（移動に2.18秒）
[2025/05/15 20:34:48] 測定開始: index=35, delay=233.49fs, 20:34:48.103
[2025/05/15 20:34:48] BG減算: 測定点 35 でBGスペクトルを引きました
[2025/05/15 20:34:48] 測定完了: index=35, max_intensity=172.03, 20:34:48.428（測定0.32秒）
[2025/05/15 20:34:48] ステージ移動開始: fspeed=1000, pulses=1, direction=0
[2025/05/15 20:34:50] ステージ停止検出: 20:34:50.622（移動に2.19秒）
[2025/05/15 20:34:50] 測定開始: index=36, delay=240.17fs, 20:34:50.623
[2025/05/15 20:34:50] BG減算: 測定点 36 でBGスペクトルを引きました
[2025/05/15 20:34:50] 測定完了: index=36, max_intensity=176.13, 20:34:50.936（測定0.31秒）
[2025/05/15 20:34:50] ステージ移動開始: fspeed=1000, pulses=1, direction=0
[2025/05/15 20:34:53] ステージ停止検出: 20:34:53.135（移動に2.19秒）
[2025/05/15 20:34:53] 測定開始: index=37, delay=246.84fs, 20:34:53.140
[2025/05/15 20:34:53] BG減算: 測定点 37 でBGスペクトルを引きました
[2025/05/15 20:34:53] 測定完了: index=37, max_intensity=161.79, 20:34:53.465（測定0.33秒）
[2025/05/15 20:34:53] ステージ移動開始: fspeed=1000, pulses=1, direction=0
[2025/05/15 20:34:55] ステージ停止検出: 20:34:55.660（移動に2.19秒）
[2025/05/15 20:34:55] 測定開始: index=38, delay=253.51fs, 20:34:55.667
[2025/05/15 20:34:55] BG減算: 測定点 38 でBGスペクトルを引きました
[2025/05/15 20:34:55] 測定完了: index=38, max_intensity=196.61, 20:34:55.990（測定0.32秒）
[2025/05/15 20:34:55] ステージ移動開始: fspeed=1000, pulses=1, direction=0
[2025/05/15 20:34:58] ステージ停止検出: 20:34:58.187（移動に2.19秒）
[2025/05/15 20:34:58] 測定開始: index=39, delay=260.18fs, 20:34:58.197
[2025/05/15 20:34:58] BG減算: 測定点 39 でBGスペクトルを引きました
[2025/05/15 20:34:58] 測定完了: index=39, max_intensity=167.93, 20:34:58.518（測定0.32秒）
[2025/05/15 20:34:58] ステージ移動開始: fspeed=1000, pulses=1, direction=0
[2025/05/15 20:35:00] ステージ停止検出: 20:35:00.714（移動に2.19秒）
[2025/05/15 20:35:00] 測定開始: index=40, delay=266.85fs, 20:35:00.726
[2025/05/15 20:35:01] BG減算: 測定点 40 でBGスペクトルを引きました
[2025/05/15 20:35:01] 測定完了: index=40, max_intensity=176.13, 20:35:01.050（測定0.32秒）
[2025/05/15 20:35:01] ステージ移動開始: fspeed=1000, pulses=1, direction=0
[2025/05/15 20:35:03] ステージ停止検出: 20:35:03.256（移動に2.20秒）
[2025/05/15 20:35:03] 測定開始: index=41, delay=273.52fs, 20:35:03.265
[2025/05/15 20:35:03] BG減算: 測定点 41 でBGスペクトルを引きました
[2025/05/15 20:35:03] 測定完了: index=41, max_intensity=155.65, 20:35:03.589（測定0.32秒）
[2025/05/15 20:35:03] ステージ移動開始: fspeed=1000, pulses=1, direction=0
[2025/05/15 20:35:05] ステージ停止検出: 20:35:05.784（移動に2.19秒）
[2025/05/15 20:35:05] 測定開始: index=42, delay=280.19fs, 20:35:05.791
[2025/05/15 20:35:06] BG減算: 測定点 42 でBGスペクトルを引きました
[2025/05/15 20:35:06] 測定完了: index=42, max_intensity=188.41, 20:35:06.106（測定0.32秒）
[2025/05/15 20:35:06] ステージ移動開始: fspeed=1000, pulses=1, direction=0
[2025/05/15 20:35:08] ステージ停止検出: 20:35:08.294（移動に2.18秒）
[2025/05/15 20:35:08] 測定開始: index=43, delay=286.87fs, 20:35:08.301
[2025/05/15 20:35:08] BG減算: 測定点 43 でBGスペクトルを引きました
[2025/05/15 20:35:08] 測定完了: index=43, max_intensity=182.27, 20:35:08.627（測定0.33秒）
[2025/05/15 20:35:08] ステージ移動開始: fspeed=1000, pulses=1, direction=0
[2025/05/15 20:35:10] ステージ停止検出: 20:35:10.822（移動に2.19秒）
[2025/05/15 20:35:10] 測定開始: index=44, delay=293.54fs, 20:35:10.824
[2025/05/15 20:35:11] BG減算: 測定点 44 でBGスペクトルを引きました
[2025/05/15 20:35:11] 測定完了: index=44, max_intensity=184.32, 20:35:11.148（測定0.32秒）
[2025/05/15 20:35:11] ステージ移動開始: fspeed=1000, pulses=1, direction=0
[2025/05/15 20:35:13] ステージ停止検出: 20:35:13.332（移動に2.18秒）
[2025/05/15 20:35:13] 測定開始: index=45, delay=300.21fs, 20:35:13.341
[2025/05/15 20:35:13] BG減算: 測定点 45 でBGスペクトルを引きました
[2025/05/15 20:35:13] 測定完了: index=45, max_intensity=169.98, 20:35:13.665（測定0.32秒）
[2025/05/15 20:35:13] ステージ移動開始: fspeed=1000, pulses=1, direction=0
[2025/05/15 20:35:15] ステージ停止検出: 20:35:15.858（移動に2.19秒）
[2025/05/15 20:35:15] 測定開始: index=46, delay=306.88fs, 20:35:15.868
[2025/05/15 20:35:16] BG減算: 測定点 46 でBGスペクトルを引きました
[2025/05/15 20:35:16] 測定完了: index=46, max_intensity=157.69, 20:35:16.185（測定0.32秒）
[2025/05/15 20:35:16] ステージ移動開始: fspeed=1000, pulses=1, direction=0
[2025/05/15 20:35:18] ステージ停止検出: 20:35:18.370（移動に2.18秒）
[2025/05/15 20:35:18] 測定開始: index=47, delay=313.55fs, 20:35:18.376
[2025/05/15 20:35:18] BG減算: 測定点 47 でBGスペクトルを引きました
[2025/05/15 20:35:18] 測定完了: index=47, max_intensity=178.17, 20:35:18.692（測定0.32秒）
[2025/05/15 20:35:18] ステージ移動開始: fspeed=1000, pulses=1, direction=0
[2025/05/15 20:35:20] ステージ停止検出: 20:35:20.896（移動に2.20秒）
[2025/05/15 20:35:20] 測定開始: index=48, delay=320.22fs, 20:35:20.904
[2025/05/15 20:35:21] BG減算: 測定点 48 でBGスペクトルを引きました
[2025/05/15 20:35:21] 測定完了: index=48, max_intensity=196.61, 20:35:21.226（測定0.32秒）
[2025/05/15 20:35:21] ステージ移動開始: fspeed=1000, pulses=1, direction=0
[2025/05/15 20:35:23] ステージ停止検出: 20:35:23.423（移動に2.19秒）
[2025/05/15 20:35:23] 測定開始: index=49, delay=326.89fs, 20:35:23.433
[2025/05/15 20:35:23] BG減算: 測定点 49 でBGスペクトルを引きました
[2025/05/15 20:35:23] 測定完了: index=49, max_intensity=161.79, 20:35:23.757（測定0.32秒）
[2025/05/15 20:35:23] ステージ移動開始: fspeed=1000, pulses=1, direction=0
[2025/05/15 20:35:25] ステージ停止検出: 20:35:25.966（移動に2.20秒）
[2025/05/15 20:35:25] 測定開始: index=50, delay=333.56fs, 20:35:25.974
[2025/05/15 20:35:26] BG減算: 測定点 50 でBGスペクトルを引きました
[2025/05/15 20:35:26] 測定完了: index=50, max_intensity=196.61, 20:35:26.296（測定0.32秒）
[2025/05/15 20:35:26] ステージ移動開始: fspeed=1000, pulses=1, direction=0
[2025/05/15 20:35:28] ステージ停止検出: 20:35:28.493（移動に2.19秒）
[2025/05/15 20:35:28] 測定開始: index=51, delay=340.24fs, 20:35:28.501
[2025/05/15 20:35:28] BG減算: 測定点 51 でBGスペクトルを引きました
[2025/05/15 20:35:28] 測定完了: index=51, max_intensity=174.08, 20:35:28.822（測定0.32秒）
[2025/05/15 20:35:28] ステージ移動開始: fspeed=1000, pulses=1, direction=0
[2025/05/15 20:35:31] ステージ停止検出: 20:35:31.020（移動に2.19秒）
[2025/05/15 20:35:31] 測定開始: index=52, delay=346.91fs, 20:35:31.028
[2025/05/15 20:35:31] BG減算: 測定点 52 でBGスペクトルを引きました
[2025/05/15 20:35:31] 測定完了: index=52, max_intensity=172.03, 20:35:31.351（測定0.32秒）
[2025/05/15 20:35:31] ステージ移動開始: fspeed=1000, pulses=1, direction=0
[2025/05/15 20:35:33] ステージ停止検出: 20:35:33.531（移動に2.18秒）
[2025/05/15 20:35:33] 測定開始: index=53, delay=353.58fs, 20:35:33.539
[2025/05/15 20:35:33] BG減算: 測定点 53 でBGスペクトルを引きました
[2025/05/15 20:35:33] 測定完了: index=53, max_intensity=192.51, 20:35:33.863（測定0.32秒）
[2025/05/15 20:35:33] ステージ移動開始: fspeed=1000, pulses=1, direction=0
[2025/05/15 20:35:36] ステージ停止検出: 20:35:36.058（移動に2.19秒）
[2025/05/15 20:35:36] 測定開始: index=54, delay=360.25fs, 20:35:36.062
[2025/05/15 20:35:36] BG減算: 測定点 54 でBGスペクトルを引きました
[2025/05/15 20:35:36] 測定完了: index=54, max_intensity=159.74, 20:35:36.389（測定0.33秒）
[2025/05/15 20:35:36] ステージ移動開始: fspeed=1000, pulses=1, direction=0
[2025/05/15 20:35:38] ステージ停止検出: 20:35:38.600（移動に2.20秒）
[2025/05/15 20:35:38] 測定開始: index=55, delay=366.92fs, 20:35:38.610
[2025/05/15 20:35:38] BG減算: 測定点 55 でBGスペクトルを引きました
[2025/05/15 20:35:38] 測定完了: index=55, max_intensity=188.41, 20:35:38.930（測定0.32秒）
[2025/05/15 20:35:38] ステージ移動開始: fspeed=1000, pulses=1, direction=0
[2025/05/15 20:35:41] ステージ停止検出: 20:35:41.128（移動に2.19秒）
[2025/05/15 20:35:41] 測定開始: index=56, delay=373.59fs, 20:35:41.134
[2025/05/15 20:35:41] BG減算: 測定点 56 でBGスペクトルを引きました
[2025/05/15 20:35:41] 測定完了: index=56, max_intensity=182.27, 20:35:41.457（測定0.32秒）
[2025/05/15 20:35:41] ステージ移動開始: fspeed=1000, pulses=1, direction=0
[2025/05/15 20:35:43] ステージ停止検出: 20:35:43.654（移動に2.19秒）
[2025/05/15 20:35:43] 測定開始: index=57, delay=380.26fs, 20:35:43.664
[2025/05/15 20:35:43] BG減算: 測定点 57 でBGスペクトルを引きました
[2025/05/15 20:35:43] 測定完了: index=57, max_intensity=184.32, 20:35:43.983（測定0.32秒）
[2025/05/15 20:35:43] ステージ移動開始: fspeed=1000, pulses=1, direction=0
[2025/05/15 20:35:46] ステージ停止検出: 20:35:46.181（移動に2.19秒）
[2025/05/15 20:35:46] 測定開始: index=58, delay=386.93fs, 20:35:46.190
[2025/05/15 20:35:46] BG減算: 測定点 58 でBGスペクトルを引きました
[2025/05/15 20:35:46] 測定完了: index=58, max_intensity=215.04, 20:35:46.519（測定0.33秒）
[2025/05/15 20:35:46] ステージ移動開始: fspeed=1000, pulses=1, direction=0
[2025/05/15 20:35:48] ステージ停止検出: 20:35:48.724（移動に2.20秒）
[2025/05/15 20:35:48] 測定開始: index=59, delay=393.61fs, 20:35:48.735
[2025/05/15 20:35:49] BG減算: 測定点 59 でBGスペクトルを引きました
[2025/05/15 20:35:49] 測定完了: index=59, max_intensity=208.89, 20:35:49.061（測定0.33秒）
[2025/05/15 20:35:49] ステージ移動開始: fspeed=1000, pulses=1, direction=0
[2025/05/15 20:35:51] ステージ停止検出: 20:35:51.250（移動に2.19秒）
[2025/05/15 20:35:51] 測定開始: index=60, delay=400.28fs, 20:35:51.257
[2025/05/15 20:35:51] BG減算: 測定点 60 でBGスペクトルを引きました
[2025/05/15 20:35:51] 測定完了: index=60, max_intensity=169.98, 20:35:51.577（測定0.32秒）
[2025/05/15 20:35:51] ステージ移動開始: fspeed=1000, pulses=1, direction=0
[2025/05/15 20:35:53] ステージ停止検出: 20:35:53.777（移動に2.20秒）
[2025/05/15 20:35:53] 測定開始: index=61, delay=406.95fs, 20:35:53.786
[2025/05/15 20:35:54] BG減算: 測定点 61 でBGスペクトルを引きました
[2025/05/15 20:35:54] 測定完了: index=61, max_intensity=180.22, 20:35:54.109（測定0.32秒）
[2025/05/15 20:35:54] ステージ移動開始: fspeed=1000, pulses=1, direction=0
[2025/05/15 20:35:56] ステージ停止検出: 20:35:56.288（移動に2.17秒）
[2025/05/15 20:35:56] 測定開始: index=62, delay=413.62fs, 20:35:56.296
[2025/05/15 20:35:56] BG減算: 測定点 62 でBGスペクトルを引きました
[2025/05/15 20:35:56] 測定完了: index=62, max_intensity=163.84, 20:35:56.615（測定0.32秒）
[2025/05/15 20:35:56] ステージ移動開始: fspeed=1000, pulses=1, direction=0
[2025/05/15 20:35:58] ステージ停止検出: 20:35:58.815（移動に2.20秒）
[2025/05/15 20:35:58] 測定開始: index=63, delay=420.29fs, 20:35:58.820
[2025/05/15 20:35:59] BG減算: 測定点 63 でBGスペクトルを引きました
[2025/05/15 20:35:59] 測定完了: index=63, max_intensity=167.93, 20:35:59.138（測定0.32秒）
[2025/05/15 20:35:59] ステージ移動開始: fspeed=1000, pulses=1, direction=0
[2025/05/15 20:36:01] ステージ停止検出: 20:36:01.342（移動に2.20秒）
[2025/05/15 20:36:01] 測定開始: index=64, delay=426.96fs, 20:36:01.352
[2025/05/15 20:36:01] BG減算: 測定点 64 でBGスペクトルを引きました
[2025/05/15 20:36:01] 測定完了: index=64, max_intensity=180.22, 20:36:01.672（測定0.32秒）
[2025/05/15 20:36:01] ステージ移動開始: fspeed=1000, pulses=1, direction=0
[2025/05/15 20:36:03] ステージ停止検出: 20:36:03.853（移動に2.18秒）
[2025/05/15 20:36:03] 測定開始: index=65, delay=433.63fs, 20:36:03.863
[2025/05/15 20:36:04] BG減算: 測定点 65 でBGスペクトルを引きました
[2025/05/15 20:36:04] 測定完了: index=65, max_intensity=176.13, 20:36:04.185（測定0.32秒）
[2025/05/15 20:36:04] ステージ移動開始: fspeed=1000, pulses=1, direction=0
[2025/05/15 20:36:06] ステージ停止検出: 20:36:06.379（移動に2.19秒）
[2025/05/15 20:36:06] 測定開始: index=66, delay=440.30fs, 20:36:06.390
[2025/05/15 20:36:06] BG減算: 測定点 66 でBGスペクトルを引きました
[2025/05/15 20:36:06] 測定完了: index=66, max_intensity=182.27, 20:36:06.718（測定0.33秒）
[2025/05/15 20:36:06] ステージ移動開始: fspeed=1000, pulses=1, direction=0
[2025/05/15 20:36:08] ステージ停止検出: 20:36:08.923（移動に2.20秒）
[2025/05/15 20:36:08] 測定開始: index=67, delay=446.98fs, 20:36:08.933
[2025/05/15 20:36:09] BG減算: 測定点 67 でBGスペクトルを引きました
[2025/05/15 20:36:09] 測定完了: index=67, max_intensity=188.41, 20:36:09.255（測定0.32秒）
[2025/05/15 20:36:09] ステージ移動開始: fspeed=1000, pulses=1, direction=0
[2025/05/15 20:36:11] ステージ停止検出: 20:36:11.449（移動に2.19秒）
[2025/05/15 20:36:11] 測定開始: index=68, delay=453.65fs, 20:36:11.461
[2025/05/15 20:36:11] BG減算: 測定点 68 でBGスペクトルを引きました
[2025/05/15 20:36:11] 測定完了: index=68, max_intensity=163.84, 20:36:11.783（測定0.32秒）
[2025/05/15 20:36:11] ステージ移動開始: fspeed=1000, pulses=1, direction=0
[2025/05/15 20:36:13] ステージ停止検出: 20:36:13.975（移動に2.19秒）
[2025/05/15 20:36:13] 測定開始: index=69, delay=460.32fs, 20:36:13.980
[2025/05/15 20:36:14] BG減算: 測定点 69 でBGスペクトルを引きました
[2025/05/15 20:36:14] 測定完了: index=69, max_intensity=188.41, 20:36:14.300（測定0.32秒）
[2025/05/15 20:36:14] ステージ移動開始: fspeed=1000, pulses=1, direction=0
[2025/05/15 20:36:16] ステージ停止検出: 20:36:16.503（移動に2.19秒）
[2025/05/15 20:36:16] 測定開始: index=70, delay=466.99fs, 20:36:16.506
[2025/05/15 20:36:16] BG減算: 測定点 70 でBGスペクトルを引きました
[2025/05/15 20:36:16] 測定完了: index=70, max_intensity=188.41, 20:36:16.825（測定0.32秒）
[2025/05/15 20:36:16] ステージ移動開始: fspeed=1000, pulses=1, direction=0
[2025/05/15 20:36:19] ステージ停止検出: 20:36:19.014（移動に2.19秒）
[2025/05/15 20:36:19] 測定開始: index=71, delay=473.66fs, 20:36:19.020
[2025/05/15 20:36:19] BG減算: 測定点 71 でBGスペクトルを引きました
[2025/05/15 20:36:19] 測定完了: index=71, max_intensity=169.98, 20:36:19.351（測定0.33秒）
[2025/05/15 20:36:19] ステージ移動開始: fspeed=1000, pulses=1, direction=0
[2025/05/15 20:36:21] ステージ停止検出: 20:36:21.572（移動に2.21秒）
[2025/05/15 20:36:21] 測定開始: index=72, delay=480.33fs, 20:36:21.582
[2025/05/15 20:36:21] BG減算: 測定点 72 でBGスペクトルを引きました
[2025/05/15 20:36:21] 測定完了: index=72, max_intensity=169.98, 20:36:21.908（測定0.33秒）
[2025/05/15 20:36:21] ステージ移動開始: fspeed=1000, pulses=1, direction=0
[2025/05/15 20:36:24] ステージ停止検出: 20:36:24.115（移動に2.20秒）
[2025/05/15 20:36:24] 測定開始: index=73, delay=487.00fs, 20:36:24.125
[2025/05/15 20:36:24] BG減算: 測定点 73 でBGスペクトルを引きました
[2025/05/15 20:36:24] 測定完了: index=73, max_intensity=184.32, 20:36:24.446（測定0.32秒）
[2025/05/15 20:36:24] ステージ移動開始: fspeed=1000, pulses=1, direction=0
[2025/05/15 20:36:26] ステージ停止検出: 20:36:26.642（移動に2.19秒）
[2025/05/15 20:36:26] 測定開始: index=74, delay=493.67fs, 20:36:26.649
[2025/05/15 20:36:26] BG減算: 測定点 74 でBGスペクトルを引きました
[2025/05/15 20:36:26] 測定完了: index=74, max_intensity=180.22, 20:36:26.976（測定0.33秒）
[2025/05/15 20:36:26] 測定完了
