[2025/05/15 20:12:05] 測定データ保存先: c:\Users\KITAYAMA\KITAYAMA_FROG\01_Mesurement\data\20250515_201205_FROG.txt
[2025/05/15 20:12:05] 測定開始: index=0, delay=0.00fs, 20:12:05.228
[2025/05/15 20:12:05] 測定完了: index=0, max_intensity=1425.39, 20:12:05.544（測定0.32秒）
[2025/05/15 20:12:05] ステージ移動開始: fspeed=1000, pulses=1, direction=0
[2025/05/15 20:12:07] ステージ停止検出: 20:12:07.749（移動に2.20秒）
[2025/05/15 20:12:07] 測定開始: index=1, delay=6.67fs, 20:12:07.758
[2025/05/15 20:12:08] 測定完了: index=1, max_intensity=1421.29, 20:12:08.074（測定0.32秒）
[2025/05/15 20:12:08] ステージ移動開始: fspeed=1000, pulses=1, direction=0
[2025/05/15 20:12:10] ステージ停止検出: 20:12:10.307（移動に2.22秒）
[2025/05/15 20:12:10] 測定開始: index=2, delay=13.34fs, 20:12:10.312
[2025/05/15 20:12:10] 測定完了: index=2, max_intensity=1400.81, 20:12:10.628（測定0.32秒）
[2025/05/15 20:12:10] ステージ移動開始: fspeed=1000, pulses=1, direction=0
[2025/05/15 20:12:12] ステージ停止検出: 20:12:12.833（移動に2.20秒）
[2025/05/15 20:12:12] 測定開始: index=3, delay=20.01fs, 20:12:12.837
[2025/05/15 20:12:13] 測定完了: index=3, max_intensity=1433.58, 20:12:13.151（測定0.31秒）
[2025/05/15 20:12:13] ステージ移動開始: fspeed=1000, pulses=1, direction=0
[2025/05/15 20:12:15] ステージ停止検出: 20:12:15.344（移動に2.18秒）
[2025/05/15 20:12:15] 測定開始: index=4, delay=26.69fs, 20:12:15.351
[2025/05/15 20:12:15] 測定完了: index=4, max_intensity=1560.55, 20:12:15.667（測定0.32秒）
[2025/05/15 20:12:15] ステージ移動開始: fspeed=1000, pulses=1, direction=0
[2025/05/15 20:12:17] ステージ停止検出: 20:12:17.872（移動に2.19秒）
[2025/05/15 20:12:17] 測定開始: index=5, delay=33.36fs, 20:12:17.880
[2025/05/15 20:12:18] 測定完了: index=5, max_intensity=1533.93, 20:12:18.198（測定0.32秒）
[2025/05/15 20:12:18] ステージ移動開始: fspeed=1000, pulses=1, direction=0
[2025/05/15 20:12:20] ステージ停止検出: 20:12:20.399（移動に2.19秒）
[2025/05/15 20:12:20] 測定開始: index=6, delay=40.03fs, 20:12:20.407
[2025/05/15 20:12:20] 測定完了: index=6, max_intensity=3522.51, 20:12:20.721（測定0.31秒）
[2025/05/15 20:12:20] ステージ移動開始: fspeed=1000, pulses=1, direction=0
[2025/05/15 20:12:22] ステージ停止検出: 20:12:22.942（移動に2.21秒）
[2025/05/15 20:12:22] 測定開始: index=7, delay=46.70fs, 20:12:22.948
[2025/05/15 20:12:23] 測定完了: index=7, max_intensity=1515.50, 20:12:23.258（測定0.31秒）
[2025/05/15 20:12:23] ステージ移動開始: fspeed=1000, pulses=1, direction=0
[2025/05/15 20:12:25] ステージ停止検出: 20:12:25.469（移動に2.20秒）
[2025/05/15 20:12:25] 測定開始: index=8, delay=53.37fs, 20:12:25.476
[2025/05/15 20:12:25] 測定完了: index=8, max_intensity=4212.67, 20:12:25.789（測定0.31秒）
[2025/05/15 20:12:25] ステージ移動開始: fspeed=1000, pulses=1, direction=0
[2025/05/15 20:12:27] ステージ停止検出: 20:12:27.995（移動に2.20秒）
[2025/05/15 20:12:28] 測定開始: index=9, delay=60.04fs, 20:12:28.005
[2025/05/15 20:12:28] 測定完了: index=9, max_intensity=1814.50, 20:12:28.320（測定0.32秒）
[2025/05/15 20:12:28] ステージ移動開始: fspeed=1000, pulses=1, direction=0
[2025/05/15 20:12:30] ステージ停止検出: 20:12:30.537（移動に2.21秒）
[2025/05/15 20:12:30] 測定開始: index=10, delay=66.71fs, 20:12:30.543
[2025/05/15 20:12:30] 測定完了: index=10, max_intensity=9359.22, 20:12:30.857（測定0.31秒）
[2025/05/15 20:12:30] ステージ移動開始: fspeed=1000, pulses=1, direction=0
[2025/05/15 20:12:33] ステージ停止検出: 20:12:33.064（移動に2.20秒）
[2025/05/15 20:12:33] 測定開始: index=11, delay=73.38fs, 20:12:33.071
[2025/05/15 20:12:33] 測定完了: index=11, max_intensity=6954.90, 20:12:33.388（測定0.32秒）
[2025/05/15 20:12:33] ステージ移動開始: fspeed=1000, pulses=1, direction=0
[2025/05/15 20:12:35] ステージ停止検出: 20:12:35.607（移動に2.21秒）
[2025/05/15 20:12:35] 測定開始: index=12, delay=80.06fs, 20:12:35.616
[2025/05/15 20:12:35] 測定完了: index=12, max_intensity=7317.39, 20:12:35.934（測定0.32秒）
[2025/05/15 20:12:35] ステージ移動開始: fspeed=1000, pulses=1, direction=0
[2025/05/15 20:12:38] ステージ停止検出: 20:12:38.133（移動に2.19秒）
[2025/05/15 20:12:38] 測定開始: index=13, delay=86.73fs, 20:12:38.141
[2025/05/15 20:12:38] 測定完了: index=13, max_intensity=7204.75, 20:12:38.458（測定0.32秒）
[2025/05/15 20:12:38] ステージ移動開始: fspeed=1000, pulses=1, direction=0
[2025/05/15 20:12:40] ステージ停止検出: 20:12:40.661（移動に2.19秒）
[2025/05/15 20:12:40] 測定開始: index=14, delay=93.40fs, 20:12:40.670
[2025/05/15 20:12:40] 測定完了: index=14, max_intensity=5126.07, 20:12:40.988（測定0.32秒）
[2025/05/15 20:12:40] ステージ移動開始: fspeed=1000, pulses=1, direction=0
[2025/05/15 20:12:43] ステージ停止検出: 20:12:43.187（移動に2.19秒）
[2025/05/15 20:12:43] 測定開始: index=15, delay=100.07fs, 20:12:43.194
[2025/05/15 20:12:43] 測定完了: index=15, max_intensity=1773.54, 20:12:43.511（測定0.32秒）
[2025/05/15 20:12:43] ステージ移動開始: fspeed=1000, pulses=1, direction=0
[2025/05/15 20:12:45] ステージ停止検出: 20:12:45.714（移動に2.19秒）
[2025/05/15 20:12:45] 測定開始: index=16, delay=106.74fs, 20:12:45.723
[2025/05/15 20:12:46] 測定完了: index=16, max_intensity=2680.79, 20:12:46.033（測定0.31秒）
[2025/05/15 20:12:46] ステージ移動開始: fspeed=1000, pulses=1, direction=0
[2025/05/15 20:12:48] ステージ停止検出: 20:12:48.242（移動に2.20秒）
[2025/05/15 20:12:48] 測定開始: index=17, delay=113.41fs, 20:12:48.252
[2025/05/15 20:12:48] 測定完了: index=17, max_intensity=12216.13, 20:12:48.564（測定0.31秒）
[2025/05/15 20:12:48] ステージ移動開始: fspeed=1000, pulses=1, direction=0
[2025/05/15 20:12:50] ステージ停止検出: 20:12:50.752（移動に2.18秒）
[2025/05/15 20:12:50] 測定開始: index=18, delay=120.08fs, 20:12:50.759
[2025/05/15 20:12:51] 測定完了: index=18, max_intensity=1429.48, 20:12:51.072（測定0.31秒）
[2025/05/15 20:12:51] ステージ移動開始: fspeed=1000, pulses=1, direction=0
[2025/05/15 20:12:53] ステージ停止検出: 20:12:53.279（移動に2.20秒）
[2025/05/15 20:12:53] 測定開始: index=19, delay=126.75fs, 20:12:53.286
[2025/05/15 20:12:53] 測定完了: index=19, max_intensity=1398.76, 20:12:53.603（測定0.32秒）
[2025/05/15 20:12:53] ステージ移動開始: fspeed=1000, pulses=1, direction=0
[2025/05/15 20:12:55] ステージ停止検出: 20:12:55.806（移動に2.20秒）
[2025/05/15 20:12:55] 測定開始: index=20, delay=133.43fs, 20:12:55.816
[2025/05/15 20:12:56] 測定完了: index=20, max_intensity=1413.10, 20:12:56.133（測定0.32秒）
[2025/05/15 20:12:56] ステージ移動開始: fspeed=1000, pulses=1, direction=0
[2025/05/15 20:12:58] ステージ停止検出: 20:12:58.333（移動に2.19秒）
[2025/05/15 20:12:58] 測定開始: index=21, delay=140.10fs, 20:12:58.343
[2025/05/15 20:12:58] 測定完了: index=21, max_intensity=1419.24, 20:12:58.655（測定0.31秒）
[2025/05/15 20:12:58] ステージ移動開始: fspeed=1000, pulses=1, direction=0
[2025/05/15 20:13:00] ステージ停止検出: 20:13:00.860（移動に2.20秒）
[2025/05/15 20:13:00] 測定開始: index=22, delay=146.77fs, 20:13:00.870
[2025/05/15 20:13:01] 測定完了: index=22, max_intensity=1431.53, 20:13:01.187（測定0.32秒）
[2025/05/15 20:13:01] ステージ移動開始: fspeed=1000, pulses=1, direction=0
[2025/05/15 20:13:03] ステージ停止検出: 20:13:03.387（移動に2.19秒）
[2025/05/15 20:13:03] 測定開始: index=23, delay=153.44fs, 20:13:03.396
[2025/05/15 20:13:03] 測定完了: index=23, max_intensity=1413.10, 20:13:03.709（測定0.31秒）
[2025/05/15 20:13:03] ステージ移動開始: fspeed=1000, pulses=1, direction=0
[2025/05/15 20:13:05] ステージ停止検出: 20:13:05.913（移動に2.19秒）
[2025/05/15 20:13:05] 測定開始: index=24, delay=160.11fs, 20:13:05.923
[2025/05/15 20:13:06] 測定完了: index=24, max_intensity=1406.95, 20:13:06.240（測定0.32秒）
[2025/05/15 20:13:06] ステージ移動開始: fspeed=1000, pulses=1, direction=0
[2025/05/15 20:13:08] ステージ停止検出: 20:13:08.424（移動に2.17秒）
[2025/05/15 20:13:08] 測定開始: index=25, delay=166.78fs, 20:13:08.434
[2025/05/15 20:13:08] 測定完了: index=25, max_intensity=1400.81, 20:13:08.749（測定0.32秒）
[2025/05/15 20:13:08] ステージ移動開始: fspeed=1000, pulses=1, direction=0
[2025/05/15 20:13:10] ステージ停止検出: 20:13:10.951（移動に2.19秒）
[2025/05/15 20:13:10] 測定開始: index=26, delay=173.45fs, 20:13:10.960
[2025/05/15 20:13:11] 測定完了: index=26, max_intensity=1411.05, 20:13:11.271（測定0.31秒）
[2025/05/15 20:13:11] ステージ移動開始: fspeed=1000, pulses=1, direction=0
[2025/05/15 20:13:13] ステージ停止検出: 20:13:13.462（移動に2.18秒）
[2025/05/15 20:13:13] 測定開始: index=27, delay=180.12fs, 20:13:13.472
[2025/05/15 20:13:13] 測定完了: index=27, max_intensity=1419.24, 20:13:13.787（測定0.32秒）
[2025/05/15 20:13:13] ステージ移動開始: fspeed=1000, pulses=1, direction=0
[2025/05/15 20:13:15] ステージ停止検出: 20:13:15.989（移動に2.20秒）
[2025/05/15 20:13:15] 測定開始: index=28, delay=186.80fs, 20:13:15.991
[2025/05/15 20:13:16] 測定完了: index=28, max_intensity=1409.00, 20:13:16.302（測定0.31秒）
[2025/05/15 20:13:16] ステージ移動開始: fspeed=1000, pulses=1, direction=0
[2025/05/15 20:13:18] ステージ停止検出: 20:13:18.515（移動に2.20秒）
[2025/05/15 20:13:18] 測定開始: index=29, delay=193.47fs, 20:13:18.522
[2025/05/15 20:13:18] 測定完了: index=29, max_intensity=1427.43, 20:13:18.840（測定0.32秒）
[2025/05/15 20:13:18] ステージ移動開始: fspeed=1000, pulses=1, direction=0
[2025/05/15 20:13:21] ステージ停止検出: 20:13:21.058（移動に2.21秒）
[2025/05/15 20:13:21] 測定開始: index=30, delay=200.14fs, 20:13:21.067
[2025/05/15 20:13:21] 測定完了: index=30, max_intensity=1421.29, 20:13:21.379（測定0.31秒）
[2025/05/15 20:13:21] ステージ移動開始: fspeed=1000, pulses=1, direction=0
[2025/05/15 20:13:23] ステージ停止検出: 20:13:23.585（移動に2.20秒）
[2025/05/15 20:13:23] 測定開始: index=31, delay=206.81fs, 20:13:23.594
[2025/05/15 20:13:23] 測定完了: index=31, max_intensity=1415.15, 20:13:23.908（測定0.31秒）
[2025/05/15 20:13:23] ステージ移動開始: fspeed=1000, pulses=1, direction=0
[2025/05/15 20:13:26] ステージ停止検出: 20:13:26.111（移動に2.20秒）
[2025/05/15 20:13:26] 測定開始: index=32, delay=213.48fs, 20:13:26.118
[2025/05/15 20:13:26] 測定完了: index=32, max_intensity=1406.95, 20:13:26.431（測定0.31秒）
[2025/05/15 20:13:26] ステージ移動開始: fspeed=1000, pulses=1, direction=0
[2025/05/15 20:13:28] ステージ停止検出: 20:13:28.638（移動に2.20秒）
[2025/05/15 20:13:28] 測定開始: index=33, delay=220.15fs, 20:13:28.645
[2025/05/15 20:13:28] 測定完了: index=33, max_intensity=1409.00, 20:13:28.962（測定0.32秒）
[2025/05/15 20:13:28] ステージ移動開始: fspeed=1000, pulses=1, direction=0
[2025/05/15 20:13:31] ステージ停止検出: 20:13:31.165（移動に2.19秒）
[2025/05/15 20:13:31] 測定開始: index=34, delay=226.82fs, 20:13:31.175
[2025/05/15 20:13:31] 測定完了: index=34, max_intensity=1411.05, 20:13:31.492（測定0.32秒）
[2025/05/15 20:13:31] ステージ移動開始: fspeed=1000, pulses=1, direction=0
[2025/05/15 20:13:33] ステージ停止検出: 20:13:33.693（移動に2.19秒）
[2025/05/15 20:13:33] 測定開始: index=35, delay=233.49fs, 20:13:33.701
[2025/05/15 20:13:34] 測定完了: index=35, max_intensity=1411.05, 20:13:34.015（測定0.31秒）
[2025/05/15 20:13:34] ステージ移動開始: fspeed=1000, pulses=1, direction=0
[2025/05/15 20:13:36] ステージ停止検出: 20:13:36.202（移動に2.18秒）
[2025/05/15 20:13:36] 測定開始: index=36, delay=240.17fs, 20:13:36.211
[2025/05/15 20:13:36] 測定完了: index=36, max_intensity=1425.39, 20:13:36.523（測定0.31秒）
[2025/05/15 20:13:36] ステージ移動開始: fspeed=1000, pulses=1, direction=0
[2025/05/15 20:13:38] ステージ停止検出: 20:13:38.731（移動に2.20秒）
[2025/05/15 20:13:38] 測定開始: index=37, delay=246.84fs, 20:13:38.742
[2025/05/15 20:13:39] 測定完了: index=37, max_intensity=1419.24, 20:13:39.053（測定0.31秒）
[2025/05/15 20:13:39] ステージ移動開始: fspeed=1000, pulses=1, direction=0
[2025/05/15 20:13:41] ステージ停止検出: 20:13:41.256（移動に2.20秒）
[2025/05/15 20:13:41] 測定開始: index=38, delay=253.51fs, 20:13:41.267
[2025/05/15 20:13:41] 測定完了: index=38, max_intensity=1421.29, 20:13:41.585（測定0.32秒）
[2025/05/15 20:13:41] ステージ移動開始: fspeed=1000, pulses=1, direction=0
[2025/05/15 20:13:43] ステージ停止検出: 20:13:43.783（移動に2.19秒）
[2025/05/15 20:13:43] 測定開始: index=39, delay=260.18fs, 20:13:43.793
[2025/05/15 20:13:44] 測定完了: index=39, max_intensity=1425.39, 20:13:44.107（測定0.31秒）
[2025/05/15 20:13:44] ステージ移動開始: fspeed=1000, pulses=1, direction=0
[2025/05/15 20:13:46] ステージ停止検出: 20:13:46.311（移動に2.19秒）
[2025/05/15 20:13:46] 測定開始: index=40, delay=266.85fs, 20:13:46.320
[2025/05/15 20:13:46] 測定完了: index=40, max_intensity=1411.05, 20:13:46.637（測定0.32秒）
[2025/05/15 20:13:46] ステージ移動開始: fspeed=1000, pulses=1, direction=0
[2025/05/15 20:13:48] ステージ停止検出: 20:13:48.821（移動に2.18秒）
[2025/05/15 20:13:48] 測定開始: index=41, delay=273.52fs, 20:13:48.824
[2025/05/15 20:13:49] 測定完了: index=41, max_intensity=1419.24, 20:13:49.139（測定0.31秒）
[2025/05/15 20:13:49] ステージ移動開始: fspeed=1000, pulses=1, direction=0
[2025/05/15 20:13:51] ステージ停止検出: 20:13:51.347（移動に2.20秒）
[2025/05/15 20:13:51] 測定開始: index=42, delay=280.19fs, 20:13:51.355
[2025/05/15 20:13:51] 測定完了: index=42, max_intensity=1427.43, 20:13:51.669（測定0.31秒）
[2025/05/15 20:13:51] ステージ移動開始: fspeed=1000, pulses=1, direction=0
[2025/05/15 20:13:53] ステージ停止検出: 20:13:53.875（移動に2.20秒）
[2025/05/15 20:13:53] 測定開始: index=43, delay=286.87fs, 20:13:53.885
[2025/05/15 20:13:54] 測定完了: index=43, max_intensity=1431.53, 20:13:54.200（測定0.32秒）
[2025/05/15 20:13:54] ステージ移動開始: fspeed=1000, pulses=1, direction=0
[2025/05/15 20:13:56] ステージ停止検出: 20:13:56.418（移動に2.21秒）
[2025/05/15 20:13:56] 測定開始: index=44, delay=293.54fs, 20:13:56.427
[2025/05/15 20:13:56] 測定完了: index=44, max_intensity=65535.00, 20:13:56.745（測定0.32秒）
[2025/05/15 20:13:56] ステージ移動開始: fspeed=1000, pulses=1, direction=0
[2025/05/15 20:13:58] ステージ停止検出: 20:13:58.945（移動に2.19秒）
[2025/05/15 20:13:58] 測定開始: index=45, delay=300.21fs, 20:13:58.947
[2025/05/15 20:13:59] 測定完了: index=45, max_intensity=1413.10, 20:13:59.261（測定0.31秒）
[2025/05/15 20:13:59] ステージ移動開始: fspeed=1000, pulses=1, direction=0
[2025/05/15 20:14:01] ステージ停止検出: 20:14:01.471（移動に2.20秒）
[2025/05/15 20:14:01] 測定開始: index=46, delay=306.88fs, 20:14:01.483
[2025/05/15 20:14:01] 測定完了: index=46, max_intensity=1413.10, 20:14:01.799（測定0.32秒）
[2025/05/15 20:14:01] ステージ移動開始: fspeed=1000, pulses=1, direction=0
[2025/05/15 20:14:04] ステージ停止検出: 20:14:04.015（移動に2.20秒）
[2025/05/15 20:14:04] 測定開始: index=47, delay=313.55fs, 20:14:04.022
[2025/05/15 20:14:04] 測定完了: index=47, max_intensity=1419.24, 20:14:04.338（測定0.32秒）
[2025/05/15 20:14:04] ステージ移動開始: fspeed=1000, pulses=1, direction=0
[2025/05/15 20:14:06] ステージ停止検出: 20:14:06.573（移動に2.22秒）
[2025/05/15 20:14:06] 測定開始: index=48, delay=320.22fs, 20:14:06.583
[2025/05/15 20:14:06] 測定完了: index=48, max_intensity=1480.68, 20:14:06.898（測定0.32秒）
[2025/05/15 20:14:06] ステージ移動開始: fspeed=1000, pulses=1, direction=0
[2025/05/15 20:14:09] ステージ停止検出: 20:14:09.083（移動に2.18秒）
[2025/05/15 20:14:09] 測定開始: index=49, delay=326.89fs, 20:14:09.090
[2025/05/15 20:14:09] 測定完了: index=49, max_intensity=1437.67, 20:14:09.407（測定0.32秒）
[2025/05/15 20:14:09] ステージ移動開始: fspeed=1000, pulses=1, direction=0
[2025/05/15 20:14:11] ステージ停止検出: 20:14:11.610（移動に2.19秒）
[2025/05/15 20:14:11] 測定開始: index=50, delay=333.56fs, 20:14:11.619
[2025/05/15 20:14:11] 測定完了: index=50, max_intensity=1427.43, 20:14:11.937（測定0.32秒）
[2025/05/15 20:14:11] ステージ移動開始: fspeed=1000, pulses=1, direction=0
[2025/05/15 20:14:14] ステージ停止検出: 20:14:14.153（移動に2.21秒）
[2025/05/15 20:14:14] 測定開始: index=51, delay=340.24fs, 20:14:14.162
[2025/05/15 20:14:14] 測定完了: index=51, max_intensity=1466.35, 20:14:14.482（測定0.32秒）
[2025/05/15 20:14:14] ステージ移動開始: fspeed=1000, pulses=1, direction=0
[2025/05/15 20:14:16] ステージ停止検出: 20:14:16.680（移動に2.19秒）
[2025/05/15 20:14:16] 測定開始: index=52, delay=346.91fs, 20:14:16.690
[2025/05/15 20:14:17] 測定完了: index=52, max_intensity=1447.91, 20:14:17.005（測定0.32秒）
[2025/05/15 20:14:17] ステージ移動開始: fspeed=1000, pulses=1, direction=0
[2025/05/15 20:14:19] ステージ停止検出: 20:14:19.206（移動に2.19秒）
[2025/05/15 20:14:19] 測定開始: index=53, delay=353.58fs, 20:14:19.213
[2025/05/15 20:14:19] 測定完了: index=53, max_intensity=2414.56, 20:14:19.529（測定0.32秒）
[2025/05/15 20:14:19] ステージ移動開始: fspeed=1000, pulses=1, direction=0
[2025/05/15 20:14:21] ステージ停止検出: 20:14:21.718（移動に2.18秒）
[2025/05/15 20:14:21] 測定開始: index=54, delay=360.25fs, 20:14:21.725
[2025/05/15 20:14:22] 測定完了: index=54, max_intensity=2318.30, 20:14:22.036（測定0.31秒）
[2025/05/15 20:14:22] ステージ移動開始: fspeed=1000, pulses=1, direction=0
[2025/05/15 20:14:24] ステージ停止検出: 20:14:24.244（移動に2.20秒）
[2025/05/15 20:14:24] 測定開始: index=55, delay=366.92fs, 20:14:24.253
[2025/05/15 20:14:24] 測定完了: index=55, max_intensity=10757.98, 20:14:24.567（測定0.31秒）
[2025/05/15 20:14:24] ステージ移動開始: fspeed=1000, pulses=1, direction=0
[2025/05/15 20:14:26] ステージ停止検出: 20:14:26.771（移動に2.19秒）
[2025/05/15 20:14:26] 測定開始: index=56, delay=373.59fs, 20:14:26.780
[2025/05/15 20:14:27] 測定完了: index=56, max_intensity=3764.17, 20:14:27.098（測定0.32秒）
[2025/05/15 20:14:27] ステージ移動開始: fspeed=1000, pulses=1, direction=0
[2025/05/15 20:14:29] ステージ停止検出: 20:14:29.314（移動に2.20秒）
[2025/05/15 20:14:29] 測定開始: index=57, delay=380.26fs, 20:14:29.324
[2025/05/15 20:14:29] 測定完了: index=57, max_intensity=6262.69, 20:14:29.635（測定0.31秒）
[2025/05/15 20:14:29] ステージ移動開始: fspeed=1000, pulses=1, direction=0
[2025/05/15 20:14:31] ステージ停止検出: 20:14:31.841（移動に2.20秒）
[2025/05/15 20:14:31] 測定開始: index=58, delay=386.93fs, 20:14:31.848
[2025/05/15 20:14:32] 測定完了: index=58, max_intensity=6459.29, 20:14:32.158（測定0.31秒）
[2025/05/15 20:14:32] ステージ移動開始: fspeed=1000, pulses=1, direction=0
[2025/05/15 20:14:34] ステージ停止検出: 20:14:34.352（移動に2.18秒）
[2025/05/15 20:14:34] 測定開始: index=59, delay=393.61fs, 20:14:34.360
[2025/05/15 20:14:34] 測定完了: index=59, max_intensity=7753.61, 20:14:34.673（測定0.31秒）
[2025/05/15 20:14:34] ステージ移動開始: fspeed=1000, pulses=1, direction=0
[2025/05/15 20:14:36] ステージ停止検出: 20:14:36.879（移動に2.19秒）
[2025/05/15 20:14:36] 測定開始: index=60, delay=400.28fs, 20:14:36.887
[2025/05/15 20:14:37] 測定完了: index=60, max_intensity=7761.80, 20:14:37.204（測定0.32秒）
[2025/05/15 20:14:37] ステージ移動開始: fspeed=1000, pulses=1, direction=0
[2025/05/15 20:14:39] ステージ停止検出: 20:14:39.405（移動に2.19秒）
[2025/05/15 20:14:39] 測定開始: index=61, delay=406.95fs, 20:14:39.415
[2025/05/15 20:14:39] 測定完了: index=61, max_intensity=12250.95, 20:14:39.727（測定0.31秒）
[2025/05/15 20:14:39] ステージ移動開始: fspeed=1000, pulses=1, direction=0
[2025/05/15 20:14:41] ステージ停止検出: 20:14:41.933（移動に2.19秒）
[2025/05/15 20:14:41] 測定開始: index=62, delay=413.62fs, 20:14:41.944
[2025/05/15 20:14:42] 測定完了: index=62, max_intensity=12365.64, 20:14:42.258（測定0.31秒）
[2025/05/15 20:14:42] ステージ移動開始: fspeed=1000, pulses=1, direction=0
[2025/05/15 20:14:44] ステージ停止検出: 20:14:44.459（移動に2.19秒）
[2025/05/15 20:14:44] 測定開始: index=63, delay=420.29fs, 20:14:44.468
[2025/05/15 20:14:44] 測定完了: index=63, max_intensity=12197.70, 20:14:44.781（測定0.31秒）
[2025/05/15 20:14:44] ステージ移動開始: fspeed=1000, pulses=1, direction=0
[2025/05/15 20:14:46] ステージ停止検出: 20:14:46.970（移動に2.18秒）
[2025/05/15 20:14:46] 測定開始: index=64, delay=426.96fs, 20:14:46.980
[2025/05/15 20:14:47] 測定完了: index=64, max_intensity=12109.64, 20:14:47.296（測定0.32秒）
[2025/05/15 20:14:47] ステージ移動開始: fspeed=1000, pulses=1, direction=0
[2025/05/15 20:14:49] ステージ停止検出: 20:14:49.497（移動に2.19秒）
[2025/05/15 20:14:49] 測定開始: index=65, delay=433.63fs, 20:14:49.506
[2025/05/15 20:14:49] 測定完了: index=65, max_intensity=12298.05, 20:14:49.819（測定0.31秒）
[2025/05/15 20:14:49] ステージ移動開始: fspeed=1000, pulses=1, direction=0
[2025/05/15 20:14:52] ステージ停止検出: 20:14:52.007（移動に2.18秒）
[2025/05/15 20:14:52] 測定開始: index=66, delay=440.30fs, 20:14:52.014
[2025/05/15 20:14:52] 測定完了: index=66, max_intensity=12257.09, 20:14:52.328（測定0.31秒）
[2025/05/15 20:14:52] ステージ移動開始: fspeed=1000, pulses=1, direction=0
[2025/05/15 20:14:54] ステージ停止検出: 20:14:54.534（移動に2.20秒）
[2025/05/15 20:14:54] 測定開始: index=67, delay=446.98fs, 20:14:54.543
[2025/05/15 20:14:54] 測定完了: index=67, max_intensity=6954.90, 20:14:54.858（測定0.31秒）
[2025/05/15 20:14:54] ステージ移動開始: fspeed=1000, pulses=1, direction=0
[2025/05/15 20:14:57] ステージ停止検出: 20:14:57.077（移動に2.21秒）
[2025/05/15 20:14:57] 測定開始: index=68, delay=453.65fs, 20:14:57.083
[2025/05/15 20:14:57] 測定完了: index=68, max_intensity=6774.68, 20:14:57.396（測定0.31秒）
[2025/05/15 20:14:57] ステージ移動開始: fspeed=1000, pulses=1, direction=0
[2025/05/15 20:14:59] ステージ停止検出: 20:14:59.604（移動に2.20秒）
[2025/05/15 20:14:59] 測定開始: index=69, delay=460.32fs, 20:14:59.613
[2025/05/15 20:14:59] 測定完了: index=69, max_intensity=7100.31, 20:14:59.927（測定0.31秒）
[2025/05/15 20:14:59] ステージ移動開始: fspeed=1000, pulses=1, direction=0
[2025/05/15 20:15:02] ステージ停止検出: 20:15:02.131（移動に2.19秒）
[2025/05/15 20:15:02] 測定開始: index=70, delay=466.99fs, 20:15:02.140
[2025/05/15 20:15:02] 測定完了: index=70, max_intensity=1404.91, 20:15:02.450（測定0.31秒）
[2025/05/15 20:15:02] ステージ移動開始: fspeed=1000, pulses=1, direction=0
[2025/05/15 20:15:04] ステージ停止検出: 20:15:04.642（移動に2.18秒）
[2025/05/15 20:15:04] 測定開始: index=71, delay=473.66fs, 20:15:04.649
[2025/05/15 20:15:04] 測定完了: index=71, max_intensity=1423.34, 20:15:04.964（測定0.32秒）
[2025/05/15 20:15:04] ステージ移動開始: fspeed=1000, pulses=1, direction=0
[2025/05/15 20:15:07] ステージ停止検出: 20:15:07.168（移動に2.20秒）
[2025/05/15 20:15:07] 測定開始: index=72, delay=480.33fs, 20:15:07.178
[2025/05/15 20:15:07] 測定完了: index=72, max_intensity=1400.81, 20:15:07.495（測定0.32秒）
[2025/05/15 20:15:07] ステージ移動開始: fspeed=1000, pulses=1, direction=0
[2025/05/15 20:15:09] ステージ停止検出: 20:15:09.680（移動に2.18秒）
[2025/05/15 20:15:09] 測定開始: index=73, delay=487.00fs, 20:15:09.690
[2025/05/15 20:15:10] 測定完了: index=73, max_intensity=1417.19, 20:15:10.003（測定0.31秒）
[2025/05/15 20:15:10] ステージ移動開始: fspeed=1000, pulses=1, direction=0
[2025/05/15 20:15:12] ステージ停止検出: 20:15:12.206（移動に2.19秒）
[2025/05/15 20:15:12] 測定開始: index=74, delay=493.67fs, 20:15:12.215
[2025/05/15 20:15:12] 測定完了: index=74, max_intensity=1425.39, 20:15:12.525（測定0.31秒）
[2025/05/15 20:15:12] 測定完了
