[2025/05/15 20:00:38] 測定データ保存先: c:\Users\KITAYAMA\KITAYAMA_FROG\01_Mesurement\data\20250515_200038_FROG.txt
[2025/05/15 20:00:38] 測定開始: index=0, delay=0.00fs, 20:00:38.038
[2025/05/15 20:00:38] 測定完了: index=0, max_intensity=1429.48, 20:00:38.350（測定0.31秒）
[2025/05/15 20:00:38] ステージ移動開始: fspeed=1000, pulses=1, direction=0
[2025/05/15 20:00:40] ステージ停止検出: 20:00:40.554（移動に2.20秒）
[2025/05/15 20:00:40] 測定開始: index=1, delay=6.67fs, 20:00:40.564
[2025/05/15 20:00:40] 測定完了: index=1, max_intensity=1411.05, 20:00:40.881（測定0.32秒）
[2025/05/15 20:00:40] ステージ移動開始: fspeed=1000, pulses=1, direction=0
[2025/05/15 20:00:43] ステージ停止検出: 20:00:43.097（移動に2.20秒）
[2025/05/15 20:00:43] 測定開始: index=2, delay=13.34fs, 20:00:43.105
[2025/05/15 20:00:43] 測定完了: index=2, max_intensity=1441.77, 20:00:43.420（測定0.32秒）
[2025/05/15 20:00:43] ステージ移動開始: fspeed=1000, pulses=1, direction=0
[2025/05/15 20:00:45] ステージ停止検出: 20:00:45.656（移動に2.22秒）
[2025/05/15 20:00:45] 測定開始: index=3, delay=20.01fs, 20:00:45.659
[2025/05/15 20:00:45] 測定完了: index=3, max_intensity=1447.91, 20:00:45.973（測定0.31秒）
[2025/05/15 20:00:45] ステージ移動開始: fspeed=1000, pulses=1, direction=0
[2025/05/15 20:00:48] ステージ停止検出: 20:00:48.216（移動に2.23秒）
[2025/05/15 20:00:48] 測定開始: index=4, delay=26.69fs, 20:00:48.223
[2025/05/15 20:00:48] 測定完了: index=4, max_intensity=1433.58, 20:00:48.542（測定0.32秒）
[2025/05/15 20:00:48] ステージ移動開始: fspeed=1000, pulses=1, direction=0
[2025/05/15 20:00:50] ステージ停止検出: 20:00:50.789（移動に2.24秒）
[2025/05/15 20:00:50] 測定開始: index=5, delay=33.36fs, 20:00:50.798
[2025/05/15 20:00:51] 測定完了: index=5, max_intensity=1431.53, 20:00:51.109（測定0.31秒）
[2025/05/15 20:00:51] ステージ移動開始: fspeed=1000, pulses=1, direction=0
[2025/05/15 20:00:53] ステージ停止検出: 20:00:53.349（移動に2.23秒）
[2025/05/15 20:00:53] 測定開始: index=6, delay=40.03fs, 20:00:53.354
[2025/05/15 20:00:53] 測定完了: index=6, max_intensity=1415.15, 20:00:53.664（測定0.31秒）
[2025/05/15 20:00:53] ステージ移動開始: fspeed=1000, pulses=1, direction=0
[2025/05/15 20:00:55] ステージ停止検出: 20:00:55.891（移動に2.22秒）
[2025/05/15 20:00:55] 測定開始: index=7, delay=46.70fs, 20:00:55.900
[2025/05/15 20:00:56] 測定完了: index=7, max_intensity=1433.58, 20:00:56.217（測定0.32秒）
[2025/05/15 20:00:56] ステージ移動開始: fspeed=1000, pulses=1, direction=0
[2025/05/15 20:00:58] ステージ停止検出: 20:00:58.450（移動に2.22秒）
[2025/05/15 20:00:58] 測定開始: index=8, delay=53.37fs, 20:00:58.460
[2025/05/15 20:00:58] 測定完了: index=8, max_intensity=1437.67, 20:00:58.770（測定0.31秒）
[2025/05/15 20:00:58] ステージ移動開始: fspeed=1000, pulses=1, direction=0
[2025/05/15 20:01:01] ステージ停止検出: 20:01:01.025（移動に2.24秒）
[2025/05/15 20:01:01] 測定開始: index=9, delay=60.04fs, 20:01:01.033
[2025/05/15 20:01:01] 測定完了: index=9, max_intensity=1427.43, 20:01:01.346（測定0.31秒）
[2025/05/15 20:01:01] ステージ移動開始: fspeed=1000, pulses=1, direction=0
[2025/05/15 20:01:03] ステージ停止検出: 20:01:03.584（移動に2.23秒）
[2025/05/15 20:01:03] 測定開始: index=10, delay=66.71fs, 20:01:03.592
[2025/05/15 20:01:03] 測定完了: index=10, max_intensity=1415.15, 20:01:03.908（測定0.32秒）
[2025/05/15 20:01:03] ステージ移動開始: fspeed=1000, pulses=1, direction=0
[2025/05/15 20:01:06] ステージ停止検出: 20:01:06.143（移動に2.22秒）
[2025/05/15 20:01:06] 測定開始: index=11, delay=73.38fs, 20:01:06.146
[2025/05/15 20:01:06] 測定完了: index=11, max_intensity=1421.29, 20:01:06.460（測定0.31秒）
[2025/05/15 20:01:06] ステージ移動開始: fspeed=1000, pulses=1, direction=0
[2025/05/15 20:01:08] ステージ停止検出: 20:01:08.685（移動に2.22秒）
[2025/05/15 20:01:08] 測定開始: index=12, delay=80.06fs, 20:01:08.696
[2025/05/15 20:01:09] 測定完了: index=12, max_intensity=1406.95, 20:01:09.013（測定0.32秒）
[2025/05/15 20:01:09] ステージ移動開始: fspeed=1000, pulses=1, direction=0
[2025/05/15 20:01:11] ステージ停止検出: 20:01:11.244（移動に2.22秒）
[2025/05/15 20:01:11] 測定開始: index=13, delay=86.73fs, 20:01:11.249
[2025/05/15 20:01:11] 測定完了: index=13, max_intensity=1427.43, 20:01:11.559（測定0.31秒）
[2025/05/15 20:01:11] ステージ移動開始: fspeed=1000, pulses=1, direction=0
[2025/05/15 20:01:13] ステージ停止検出: 20:01:13.803（移動に2.23秒）
[2025/05/15 20:01:13] 測定開始: index=14, delay=93.40fs, 20:01:13.811
[2025/05/15 20:01:14] 測定完了: index=14, max_intensity=1425.39, 20:01:14.129（測定0.32秒）
[2025/05/15 20:01:14] ステージ移動開始: fspeed=1000, pulses=1, direction=0
[2025/05/15 20:01:16] ステージ停止検出: 20:01:16.378（移動に2.24秒）
[2025/05/15 20:01:16] 測定開始: index=15, delay=100.07fs, 20:01:16.380
[2025/05/15 20:01:16] 測定完了: index=15, max_intensity=1454.06, 20:01:16.689（測定0.31秒）
[2025/05/15 20:01:16] ステージ移動開始: fspeed=1000, pulses=1, direction=0
[2025/05/15 20:01:18] ステージ停止検出: 20:01:18.905（移動に2.21秒）
[2025/05/15 20:01:18] 測定開始: index=16, delay=106.74fs, 20:01:18.912
[2025/05/15 20:01:19] 測定完了: index=16, max_intensity=1427.43, 20:01:19.227（測定0.32秒）
[2025/05/15 20:01:19] ステージ移動開始: fspeed=1000, pulses=1, direction=0
[2025/05/15 20:01:21] ステージ停止検出: 20:01:21.463（移動に2.23秒）
[2025/05/15 20:01:21] 測定開始: index=17, delay=113.41fs, 20:01:21.471
[2025/05/15 20:01:21] 測定完了: index=17, max_intensity=1423.34, 20:01:21.780（測定0.31秒）
[2025/05/15 20:01:21] ステージ移動開始: fspeed=1000, pulses=1, direction=0
[2025/05/15 20:01:24] ステージ停止検出: 20:01:24.006（移動に2.22秒）
[2025/05/15 20:01:24] 測定開始: index=18, delay=120.08fs, 20:01:24.016
[2025/05/15 20:01:24] 測定完了: index=18, max_intensity=1415.15, 20:01:24.326（測定0.31秒）
[2025/05/15 20:01:24] ステージ移動開始: fspeed=1000, pulses=1, direction=0
[2025/05/15 20:01:26] ステージ停止検出: 20:01:26.549（移動に2.22秒）
[2025/05/15 20:01:26] 測定開始: index=19, delay=126.75fs, 20:01:26.551
[2025/05/15 20:01:26] 測定完了: index=19, max_intensity=1427.43, 20:01:26.864（測定0.31秒）
[2025/05/15 20:01:26] ステージ移動開始: fspeed=1000, pulses=1, direction=0
[2025/05/15 20:01:29] ステージ停止検出: 20:01:29.092（移動に2.22秒）
[2025/05/15 20:01:29] 測定開始: index=20, delay=133.43fs, 20:01:29.099
[2025/05/15 20:01:29] 測定完了: index=20, max_intensity=1417.19, 20:01:29.411（測定0.31秒）
[2025/05/15 20:01:29] ステージ移動開始: fspeed=1000, pulses=1, direction=0
[2025/05/15 20:01:31] ステージ停止検出: 20:01:31.667（移動に2.25秒）
[2025/05/15 20:01:31] 測定開始: index=21, delay=140.10fs, 20:01:31.670
[2025/05/15 20:01:31] 測定完了: index=21, max_intensity=1423.34, 20:01:31.978（測定0.31秒）
[2025/05/15 20:01:31] ステージ移動開始: fspeed=1000, pulses=1, direction=0
[2025/05/15 20:01:34] ステージ停止検出: 20:01:34.225（移動に2.24秒）
[2025/05/15 20:01:34] 測定開始: index=22, delay=146.77fs, 20:01:34.235
[2025/05/15 20:01:34] 測定完了: index=22, max_intensity=1415.15, 20:01:34.547（測定0.31秒）
[2025/05/15 20:01:34] ステージ移動開始: fspeed=1000, pulses=1, direction=0
[2025/05/15 20:01:36] ステージ停止検出: 20:01:36.801（移動に2.24秒）
[2025/05/15 20:01:36] 測定開始: index=23, delay=153.44fs, 20:01:36.804
[2025/05/15 20:01:37] 測定完了: index=23, max_intensity=1429.48, 20:01:37.116（測定0.31秒）
[2025/05/15 20:01:37] ステージ移動開始: fspeed=1000, pulses=1, direction=0
[2025/05/15 20:01:39] ステージ停止検出: 20:01:39.342（移動に2.22秒）
[2025/05/15 20:01:39] 測定開始: index=24, delay=160.11fs, 20:01:39.349
[2025/05/15 20:01:39] 測定完了: index=24, max_intensity=1419.24, 20:01:39.662（測定0.31秒）
[2025/05/15 20:01:39] ステージ移動開始: fspeed=1000, pulses=1, direction=0
[2025/05/15 20:01:41] ステージ停止検出: 20:01:41.901（移動に2.23秒）
[2025/05/15 20:01:41] 測定開始: index=25, delay=166.78fs, 20:01:41.910
[2025/05/15 20:01:42] 測定完了: index=25, max_intensity=1425.39, 20:01:42.224（測定0.31秒）
[2025/05/15 20:01:42] ステージ移動開始: fspeed=1000, pulses=1, direction=0
[2025/05/15 20:01:44] ステージ停止検出: 20:01:44.460（移動に2.23秒）
[2025/05/15 20:01:44] 測定開始: index=26, delay=173.45fs, 20:01:44.466
[2025/05/15 20:01:44] 測定完了: index=26, max_intensity=1431.53, 20:01:44.784（測定0.32秒）
[2025/05/15 20:01:44] ステージ移動開始: fspeed=1000, pulses=1, direction=0
[2025/05/15 20:01:47] ステージ停止検出: 20:01:47.003（移動に2.21秒）
[2025/05/15 20:01:47] 測定開始: index=27, delay=180.12fs, 20:01:47.008
[2025/05/15 20:01:47] 測定完了: index=27, max_intensity=1433.58, 20:01:47.322（測定0.31秒）
[2025/05/15 20:01:47] ステージ移動開始: fspeed=1000, pulses=1, direction=0
[2025/05/15 20:01:49] ステージ停止検出: 20:01:49.546（移動に2.22秒）
[2025/05/15 20:01:49] 測定開始: index=28, delay=186.80fs, 20:01:49.555
[2025/05/15 20:01:49] 測定完了: index=28, max_intensity=1419.24, 20:01:49.867（測定0.31秒）
[2025/05/15 20:01:49] ステージ移動開始: fspeed=1000, pulses=1, direction=0
[2025/05/15 20:01:52] ステージ停止検出: 20:01:52.088（移動に2.21秒）
[2025/05/15 20:01:52] 測定開始: index=29, delay=193.47fs, 20:01:52.092
[2025/05/15 20:01:52] 測定完了: index=29, max_intensity=1427.43, 20:01:52.405（測定0.31秒）
[2025/05/15 20:01:52] ステージ移動開始: fspeed=1000, pulses=1, direction=0
[2025/05/15 20:01:54] ステージ停止検出: 20:01:54.647（移動に2.24秒）
[2025/05/15 20:01:54] 測定開始: index=30, delay=200.14fs, 20:01:54.652
[2025/05/15 20:01:54] 測定完了: index=30, max_intensity=1425.39, 20:01:54.968（測定0.32秒）
[2025/05/15 20:01:54] ステージ移動開始: fspeed=1000, pulses=1, direction=0
[2025/05/15 20:01:57] ステージ停止検出: 20:01:57.191（移動に2.21秒）
[2025/05/15 20:01:57] 測定開始: index=31, delay=206.81fs, 20:01:57.199
[2025/05/15 20:01:57] 測定完了: index=31, max_intensity=1419.24, 20:01:57.514（測定0.31秒）
[2025/05/15 20:01:57] ステージ移動開始: fspeed=1000, pulses=1, direction=0
[2025/05/15 20:01:59] ステージ停止検出: 20:01:59.749（移動に2.22秒）
[2025/05/15 20:01:59] 測定開始: index=32, delay=213.48fs, 20:01:59.753
[2025/05/15 20:02:00] 測定完了: index=32, max_intensity=1427.43, 20:02:00.065（測定0.31秒）
[2025/05/15 20:02:00] ステージ移動開始: fspeed=1000, pulses=1, direction=0
[2025/05/15 20:02:02] ステージ停止検出: 20:02:02.292（移動に2.22秒）
[2025/05/15 20:02:02] 測定開始: index=33, delay=220.15fs, 20:02:02.301
[2025/05/15 20:02:02] 測定完了: index=33, max_intensity=1404.91, 20:02:02.611（測定0.31秒）
[2025/05/15 20:02:02] ステージ移動開始: fspeed=1000, pulses=1, direction=0
[2025/05/15 20:02:04] ステージ停止検出: 20:02:04.835（移動に2.22秒）
[2025/05/15 20:02:04] 測定開始: index=34, delay=226.82fs, 20:02:04.840
[2025/05/15 20:02:05] 測定完了: index=34, max_intensity=1435.63, 20:02:05.150（測定0.31秒）
[2025/05/15 20:02:05] ステージ移動開始: fspeed=1000, pulses=1, direction=0
[2025/05/15 20:02:07] ステージ停止検出: 20:02:07.394（移動に2.23秒）
[2025/05/15 20:02:07] 測定開始: index=35, delay=233.49fs, 20:02:07.396
[2025/05/15 20:02:07] 測定完了: index=35, max_intensity=1421.29, 20:02:07.711（測定0.32秒）
[2025/05/15 20:02:07] ステージ移動開始: fspeed=1000, pulses=1, direction=0
[2025/05/15 20:02:09] ステージ停止検出: 20:02:09.936（移動に2.22秒）
[2025/05/15 20:02:09] 測定開始: index=36, delay=240.17fs, 20:02:09.938
[2025/05/15 20:02:10] 測定完了: index=36, max_intensity=1425.39, 20:02:10.249（測定0.31秒）
[2025/05/15 20:02:10] ステージ移動開始: fspeed=1000, pulses=1, direction=0
[2025/05/15 20:02:12] ステージ停止検出: 20:02:12.495（移動に2.24秒）
[2025/05/15 20:02:12] 測定開始: index=37, delay=246.84fs, 20:02:12.497
[2025/05/15 20:02:12] 測定完了: index=37, max_intensity=1427.43, 20:02:12.810（測定0.31秒）
[2025/05/15 20:02:12] ステージ移動開始: fspeed=1000, pulses=1, direction=0
[2025/05/15 20:02:15] ステージ停止検出: 20:02:15.038（移動に2.22秒）
[2025/05/15 20:02:15] 測定開始: index=38, delay=253.51fs, 20:02:15.045
[2025/05/15 20:02:15] 測定完了: index=38, max_intensity=1406.95, 20:02:15.356（測定0.31秒）
[2025/05/15 20:02:15] 測定をユーザーが中断しました。
[2025/05/15 20:02:15] 測定完了
