[2025/05/16 13:48:40] 測定データ保存先: c:\Users\KITAYAMA\KITAYAMA_FROG\01_Mesurement\data\20250516_134840_FROG.txt , c:\Users\KITAYAMA\KITAYAMA_FROG\01_Mesurement\data\20250516_134840_FROG.csv
[2025/05/16 13:48:41] 測定開始: index=0, delay=0.00fs, 13:48:41.400
[2025/05/16 13:48:42] BG減算: 測定点 0 でBGスペクトルを引きました
[2025/05/16 13:48:42] 測定完了: index=0, max_intensity=182.27, 13:48:42.620（測定1.22秒）
[2025/05/16 13:48:42] ステージ移動開始: fspeed=3000, pulses=15, direction=0
[2025/05/16 13:48:44] ステージ停止検出: 13:48:44.838（移動に2.21秒）
[2025/05/16 13:48:45] 測定開始: index=1, delay=100.07fs, 13:48:45.878
[2025/05/16 13:48:47] BG減算: 測定点 1 でBGスペクトルを引きました
[2025/05/16 13:48:47] 測定完了: index=1, max_intensity=178.17, 13:48:47.100（測定1.22秒）
[2025/05/16 13:48:47] ステージ移動開始: fspeed=3000, pulses=15, direction=0
[2025/05/16 13:48:49] ステージ停止検出: 13:48:49.300（移動に2.19秒）
[2025/05/16 13:48:50] 測定開始: index=2, delay=200.14fs, 13:48:50.339
[2025/05/16 13:48:51] BG減算: 測定点 2 でBGスペクトルを引きました
[2025/05/16 13:48:51] 測定完了: index=2, max_intensity=165.89, 13:48:51.561（測定1.22秒）
[2025/05/16 13:48:51] ステージ移動開始: fspeed=3000, pulses=15, direction=0
[2025/05/16 13:48:53] ステージ停止検出: 13:48:53.745（移動に2.18秒）
[2025/05/16 13:48:54] 測定開始: index=3, delay=300.21fs, 13:48:54.786
[2025/05/16 13:48:56] BG減算: 測定点 3 でBGスペクトルを引きました
[2025/05/16 13:48:56] 測定完了: index=3, max_intensity=169.98, 13:48:56.013（測定1.23秒）
[2025/05/16 13:48:56] ステージ移動開始: fspeed=3000, pulses=15, direction=0
[2025/05/16 13:48:58] ステージ停止検出: 13:48:58.208（移動に2.19秒）
[2025/05/16 13:48:59] 測定開始: index=4, delay=400.28fs, 13:48:59.248
[2025/05/16 13:49:00] BG減算: 測定点 4 でBGスペクトルを引きました
[2025/05/16 13:49:00] 測定完了: index=4, max_intensity=186.37, 13:49:00.471（測定1.22秒）
[2025/05/16 13:49:00] ステージ移動開始: fspeed=3000, pulses=15, direction=0
[2025/05/16 13:49:02] ステージ停止検出: 13:49:02.670（移動に2.19秒）
[2025/05/16 13:49:03] 測定開始: index=5, delay=500.35fs, 13:49:03.710
[2025/05/16 13:49:04] BG減算: 測定点 5 でBGスペクトルを引きました
[2025/05/16 13:49:04] 測定完了: index=5, max_intensity=174.08, 13:49:04.936（測定1.23秒）
[2025/05/16 13:49:04] ステージ移動開始: fspeed=3000, pulses=15, direction=0
[2025/05/16 13:49:07] ステージ停止検出: 13:49:07.148（移動に2.21秒）
[2025/05/16 13:49:08] 測定開始: index=6, delay=600.42fs, 13:49:08.187
[2025/05/16 13:49:09] BG減算: 測定点 6 でBGスペクトルを引きました
[2025/05/16 13:49:09] 測定完了: index=6, max_intensity=180.22, 13:49:09.406（測定1.22秒）
[2025/05/16 13:49:09] ステージ移動開始: fspeed=3000, pulses=15, direction=0
[2025/05/16 13:49:11] ステージ停止検出: 13:49:11.593（移動に2.18秒）
[2025/05/16 13:49:12] 測定開始: index=7, delay=700.48fs, 13:49:12.632
[2025/05/16 13:49:13] BG減算: 測定点 7 でBGスペクトルを引きました
[2025/05/16 13:49:13] 測定完了: index=7, max_intensity=174.08, 13:49:13.849（測定1.22秒）
[2025/05/16 13:49:13] ステージ移動開始: fspeed=3000, pulses=15, direction=0
[2025/05/16 13:49:16] ステージ停止検出: 13:49:16.040（移動に2.18秒）
[2025/05/16 13:49:17] 測定開始: index=8, delay=800.55fs, 13:49:17.079
[2025/05/16 13:49:18] BG減算: 測定点 8 でBGスペクトルを引きました
[2025/05/16 13:49:18] 測定完了: index=8, max_intensity=165.89, 13:49:18.304（測定1.23秒）
[2025/05/16 13:49:18] ステージ移動開始: fspeed=3000, pulses=15, direction=0
[2025/05/16 13:49:20] ステージ停止検出: 13:49:20.501（移動に2.19秒）
[2025/05/16 13:49:21] 測定開始: index=9, delay=900.62fs, 13:49:21.524
[2025/05/16 13:49:22] BG減算: 測定点 9 でBGスペクトルを引きました
[2025/05/16 13:49:22] 測定完了: index=9, max_intensity=182.27, 13:49:22.750（測定1.23秒）
[2025/05/16 13:49:22] ステージ移動開始: fspeed=3000, pulses=15, direction=0
[2025/05/16 13:49:24] ステージ停止検出: 13:49:24.948（移動に2.19秒）
[2025/05/16 13:49:25] 測定開始: index=10, delay=1000.69fs, 13:49:25.986
[2025/05/16 13:49:27] BG減算: 測定点 10 でBGスペクトルを引きました
[2025/05/16 13:49:27] 測定完了: index=10, max_intensity=163.84, 13:49:27.205（測定1.22秒）
[2025/05/16 13:49:27] ステージ移動開始: fspeed=3000, pulses=15, direction=0
[2025/05/16 13:49:29] ステージ停止検出: 13:49:29.393（移動に2.18秒）
[2025/05/16 13:49:30] 測定開始: index=11, delay=1100.76fs, 13:49:30.433
[2025/05/16 13:49:31] BG減算: 測定点 11 でBGスペクトルを引きました
[2025/05/16 13:49:31] 測定完了: index=11, max_intensity=169.98, 13:49:31.652（測定1.22秒）
[2025/05/16 13:49:31] ステージ移動開始: fspeed=3000, pulses=15, direction=0
[2025/05/16 13:49:33] ステージ停止検出: 13:49:33.839（移動に2.18秒）
[2025/05/16 13:49:34] 測定開始: index=12, delay=1200.83fs, 13:49:34.878
[2025/05/16 13:49:36] BG減算: 測定点 12 でBGスペクトルを引きました
[2025/05/16 13:49:36] 測定完了: index=12, max_intensity=182.27, 13:49:36.102（測定1.22秒）
[2025/05/16 13:49:36] ステージ移動開始: fspeed=3000, pulses=15, direction=0
[2025/05/16 13:49:38] ステージ停止検出: 13:49:38.286（移動に2.18秒）
[2025/05/16 13:49:39] 測定開始: index=13, delay=1300.90fs, 13:49:39.324
[2025/05/16 13:49:40] BG減算: 測定点 13 でBGスペクトルを引きました
[2025/05/16 13:49:40] 測定完了: index=13, max_intensity=163.84, 13:49:40.545（測定1.22秒）
[2025/05/16 13:49:40] ステージ移動開始: fspeed=3000, pulses=15, direction=0
[2025/05/16 13:49:42] ステージ停止検出: 13:49:42.747（移動に2.20秒）
[2025/05/16 13:49:43] 測定開始: index=14, delay=1400.97fs, 13:49:43.786
[2025/05/16 13:49:44] BG減算: 測定点 14 でBGスペクトルを引きました
[2025/05/16 13:49:45] 測定完了: index=14, max_intensity=172.03, 13:49:45.006（測定1.22秒）
[2025/05/16 13:49:45] ステージ移動開始: fspeed=3000, pulses=15, direction=0
[2025/05/16 13:49:47] ステージ停止検出: 13:49:47.193（移動に2.18秒）
[2025/05/16 13:49:48] 測定開始: index=15, delay=1501.04fs, 13:49:48.233
[2025/05/16 13:49:49] BG減算: 測定点 15 でBGスペクトルを引きました
[2025/05/16 13:49:49] 測定完了: index=15, max_intensity=163.84, 13:49:49.461（測定1.23秒）
[2025/05/16 13:49:49] ステージ移動開始: fspeed=3000, pulses=15, direction=0
[2025/05/16 13:49:51] ステージ停止検出: 13:49:51.655（移動に2.19秒）
[2025/05/16 13:49:52] 測定開始: index=16, delay=1601.11fs, 13:49:52.695
[2025/05/16 13:49:53] BG減算: 測定点 16 でBGスペクトルを引きました
[2025/05/16 13:49:53] 測定完了: index=16, max_intensity=176.13, 13:49:53.922（測定1.23秒）
[2025/05/16 13:49:53] ステージ移動開始: fspeed=3000, pulses=15, direction=0
[2025/05/16 13:49:56] ステージ停止検出: 13:49:56.117（移動に2.19秒）
[2025/05/16 13:49:57] 測定開始: index=17, delay=1701.18fs, 13:49:57.156
[2025/05/16 13:49:58] BG減算: 測定点 17 でBGスペクトルを引きました
[2025/05/16 13:49:58] 測定完了: index=17, max_intensity=172.03, 13:49:58.370（測定1.21秒）
[2025/05/16 13:49:58] ステージ移動開始: fspeed=3000, pulses=15, direction=0
[2025/05/16 13:50:00] ステージ停止検出: 13:50:00.563（移動に2.19秒）
[2025/05/16 13:50:01] 測定開始: index=18, delay=1801.25fs, 13:50:01.602
[2025/05/16 13:50:02] BG減算: 測定点 18 でBGスペクトルを引きました
[2025/05/16 13:50:02] 測定完了: index=18, max_intensity=184.32, 13:50:02.823（測定1.22秒）
[2025/05/16 13:50:02] ステージ移動開始: fspeed=3000, pulses=15, direction=0
[2025/05/16 13:50:05] ステージ停止検出: 13:50:05.009（移動に2.18秒）
[2025/05/16 13:50:06] 測定開始: index=19, delay=1901.32fs, 13:50:06.048
[2025/05/16 13:50:07] BG減算: 測定点 19 でBGスペクトルを引きました
[2025/05/16 13:50:07] 測定完了: index=19, max_intensity=198.65, 13:50:07.268（測定1.22秒）
[2025/05/16 13:50:07] ステージ移動開始: fspeed=3000, pulses=15, direction=0
[2025/05/16 13:50:09] ステージ停止検出: 13:50:09.454（移動に2.18秒）
[2025/05/16 13:50:10] 測定開始: index=20, delay=2001.38fs, 13:50:10.494
[2025/05/16 13:50:11] BG減算: 測定点 20 でBGスペクトルを引きました
[2025/05/16 13:50:11] 測定完了: index=20, max_intensity=178.17, 13:50:11.714（測定1.22秒）
[2025/05/16 13:50:11] ステージ移動開始: fspeed=3000, pulses=15, direction=0
[2025/05/16 13:50:13] ステージ停止検出: 13:50:13.916（移動に2.20秒）
[2025/05/16 13:50:14] 測定開始: index=21, delay=2101.45fs, 13:50:14.956
[2025/05/16 13:50:16] BG減算: 測定点 21 でBGスペクトルを引きました
[2025/05/16 13:50:16] 測定完了: index=21, max_intensity=202.75, 13:50:16.181（測定1.23秒）
[2025/05/16 13:50:16] ステージ移動開始: fspeed=3000, pulses=15, direction=0
[2025/05/16 13:50:18] ステージ停止検出: 13:50:18.395（移動に2.21秒）
[2025/05/16 13:50:19] 測定開始: index=22, delay=2201.52fs, 13:50:19.435
[2025/05/16 13:50:20] BG減算: 測定点 22 でBGスペクトルを引きました
[2025/05/16 13:50:20] 測定完了: index=22, max_intensity=204.80, 13:50:20.664（測定1.23秒）
[2025/05/16 13:50:20] ステージ移動開始: fspeed=3000, pulses=15, direction=0
[2025/05/16 13:50:22] ステージ停止検出: 13:50:22.856（移動に2.19秒）
[2025/05/16 13:50:23] 測定開始: index=23, delay=2301.59fs, 13:50:23.896
[2025/05/16 13:50:25] BG減算: 測定点 23 でBGスペクトルを引きました
[2025/05/16 13:50:25] 測定完了: index=23, max_intensity=155.65, 13:50:25.117（測定1.22秒）
[2025/05/16 13:50:25] ステージ移動開始: fspeed=3000, pulses=15, direction=0
[2025/05/16 13:50:27] ステージ停止検出: 13:50:27.318（移動に2.20秒）
[2025/05/16 13:50:28] 測定開始: index=24, delay=2401.66fs, 13:50:28.342
[2025/05/16 13:50:29] BG減算: 測定点 24 でBGスペクトルを引きました
[2025/05/16 13:50:29] 測定完了: index=24, max_intensity=196.61, 13:50:29.563（測定1.22秒）
[2025/05/16 13:50:29] ステージ移動開始: fspeed=3000, pulses=15, direction=0
[2025/05/16 13:50:31] ステージ停止検出: 13:50:31.764（移動に2.20秒）
[2025/05/16 13:50:32] 測定開始: index=25, delay=2501.73fs, 13:50:32.804
[2025/05/16 13:50:34] BG減算: 測定点 25 でBGスペクトルを引きました
[2025/05/16 13:50:34] 測定完了: index=25, max_intensity=172.03, 13:50:34.017（測定1.21秒）
[2025/05/16 13:50:34] ステージ移動開始: fspeed=3000, pulses=15, direction=0
[2025/05/16 13:50:36] ステージ停止検出: 13:50:36.210（移動に2.19秒）
[2025/05/16 13:50:37] 測定開始: index=26, delay=2601.80fs, 13:50:37.250
[2025/05/16 13:50:38] BG減算: 測定点 26 でBGスペクトルを引きました
[2025/05/16 13:50:38] 測定完了: index=26, max_intensity=196.61, 13:50:38.479（測定1.23秒）
[2025/05/16 13:50:38] ステージ移動開始: fspeed=3000, pulses=15, direction=0
[2025/05/16 13:50:40] ステージ停止検出: 13:50:40.672（移動に2.19秒）
[2025/05/16 13:50:41] 測定開始: index=27, delay=2701.87fs, 13:50:41.711
[2025/05/16 13:50:42] BG減算: 測定点 27 でBGスペクトルを引きました
[2025/05/16 13:50:42] 測定完了: index=27, max_intensity=186.37, 13:50:42.939（測定1.23秒）
[2025/05/16 13:50:42] ステージ移動開始: fspeed=3000, pulses=15, direction=0
[2025/05/16 13:50:45] ステージ停止検出: 13:50:45.133（移動に2.19秒）
[2025/05/16 13:50:46] 測定開始: index=28, delay=2801.94fs, 13:50:46.173
[2025/05/16 13:50:47] BG減算: 測定点 28 でBGスペクトルを引きました
[2025/05/16 13:50:47] 測定完了: index=28, max_intensity=161.79, 13:50:47.399（測定1.23秒）
[2025/05/16 13:50:47] ステージ移動開始: fspeed=3000, pulses=15, direction=0
[2025/05/16 13:50:49] ステージ停止検出: 13:50:49.595（移動に2.19秒）
[2025/05/16 13:50:50] 測定開始: index=29, delay=2902.01fs, 13:50:50.636
[2025/05/16 13:50:51] BG減算: 測定点 29 でBGスペクトルを引きました
[2025/05/16 13:50:51] 測定完了: index=29, max_intensity=169.98, 13:50:51.858（測定1.22秒）
[2025/05/16 13:50:51] ステージ移動開始: fspeed=3000, pulses=15, direction=0
[2025/05/16 13:50:54] ステージ停止検出: 13:50:54.041（移動に2.18秒）
[2025/05/16 13:50:55] 測定開始: index=30, delay=3002.08fs, 13:50:55.081
[2025/05/16 13:50:56] BG減算: 測定点 30 でBGスペクトルを引きました
[2025/05/16 13:50:56] 測定完了: index=30, max_intensity=169.98, 13:50:56.309（測定1.23秒）
[2025/05/16 13:50:56] ステージ移動開始: fspeed=3000, pulses=15, direction=0
[2025/05/16 13:50:58] ステージ停止検出: 13:50:58.504（移動に2.19秒）
[2025/05/16 13:50:59] 測定開始: index=31, delay=3102.15fs, 13:50:59.543
[2025/05/16 13:51:00] BG減算: 測定点 31 でBGスペクトルを引きました
[2025/05/16 13:51:00] 測定完了: index=31, max_intensity=174.08, 13:51:00.766（測定1.22秒）
[2025/05/16 13:51:00] ステージ移動開始: fspeed=3000, pulses=15, direction=0
[2025/05/16 13:51:02] ステージ停止検出: 13:51:02.982（移動に2.21秒）
[2025/05/16 13:51:04] 測定開始: index=32, delay=3202.22fs, 13:51:04.020
[2025/05/16 13:51:05] BG減算: 測定点 32 でBGスペクトルを引きました
[2025/05/16 13:51:05] 測定完了: index=32, max_intensity=180.22, 13:51:05.241（測定1.22秒）
[2025/05/16 13:51:05] ステージ移動開始: fspeed=3000, pulses=15, direction=0
[2025/05/16 13:51:07] ステージ停止検出: 13:51:07.444（移動に2.20秒）
[2025/05/16 13:51:08] 測定開始: index=33, delay=3302.28fs, 13:51:08.483
[2025/05/16 13:51:09] BG減算: 測定点 33 でBGスペクトルを引きました
[2025/05/16 13:51:09] 測定完了: index=33, max_intensity=163.84, 13:51:09.710（測定1.23秒）
[2025/05/16 13:51:09] ステージ移動開始: fspeed=3000, pulses=15, direction=0
[2025/05/16 13:51:11] ステージ停止検出: 13:51:11.921（移動に2.21秒）
[2025/05/16 13:51:12] 測定開始: index=34, delay=3402.35fs, 13:51:12.961
[2025/05/16 13:51:14] BG減算: 測定点 34 でBGスペクトルを引きました
[2025/05/16 13:51:14] 測定完了: index=34, max_intensity=184.32, 13:51:14.184（測定1.22秒）
[2025/05/16 13:51:14] ステージ移動開始: fspeed=3000, pulses=15, direction=0
[2025/05/16 13:51:16] ステージ停止検出: 13:51:16.367（移動に2.18秒）
[2025/05/16 13:51:17] 測定開始: index=35, delay=3502.42fs, 13:51:17.408
[2025/05/16 13:51:18] BG減算: 測定点 35 でBGスペクトルを引きました
[2025/05/16 13:51:18] 測定完了: index=35, max_intensity=178.17, 13:51:18.627（測定1.22秒）
[2025/05/16 13:51:18] ステージ移動開始: fspeed=3000, pulses=15, direction=0
[2025/05/16 13:51:20] ステージ停止検出: 13:51:20.813（移動に2.18秒）
[2025/05/16 13:51:21] 測定開始: index=36, delay=3602.49fs, 13:51:21.853
[2025/05/16 13:51:23] BG減算: 測定点 36 でBGスペクトルを引きました
[2025/05/16 13:51:23] 測定完了: index=36, max_intensity=176.13, 13:51:23.074（測定1.22秒）
[2025/05/16 13:51:23] ステージ移動開始: fspeed=3000, pulses=15, direction=0
[2025/05/16 13:51:25] ステージ停止検出: 13:51:25.275（移動に2.20秒）
[2025/05/16 13:51:26] 測定開始: index=37, delay=3702.56fs, 13:51:26.315
[2025/05/16 13:51:27] BG減算: 測定点 37 でBGスペクトルを引きました
[2025/05/16 13:51:27] 測定完了: index=37, max_intensity=198.65, 13:51:27.536（測定1.22秒）
[2025/05/16 13:51:27] ステージ移動開始: fspeed=3000, pulses=15, direction=0
[2025/05/16 13:51:29] ステージ停止検出: 13:51:29.721（移動に2.18秒）
[2025/05/16 13:51:30] 測定開始: index=38, delay=3802.63fs, 13:51:30.761
[2025/05/16 13:51:31] BG減算: 測定点 38 でBGスペクトルを引きました
[2025/05/16 13:51:31] 測定完了: index=38, max_intensity=174.08, 13:51:31.985（測定1.22秒）
[2025/05/16 13:51:31] ステージ移動開始: fspeed=3000, pulses=15, direction=0
[2025/05/16 13:51:34] ステージ停止検出: 13:51:34.184（移動に2.19秒）
[2025/05/16 13:51:35] 測定開始: index=39, delay=3902.70fs, 13:51:35.223
[2025/05/16 13:51:36] BG減算: 測定点 39 でBGスペクトルを引きました
[2025/05/16 13:51:36] 測定完了: index=39, max_intensity=167.93, 13:51:36.453（測定1.23秒）
[2025/05/16 13:51:36] ステージ移動開始: fspeed=3000, pulses=15, direction=0
[2025/05/16 13:51:38] ステージ停止検出: 13:51:38.661（移動に2.20秒）
[2025/05/16 13:51:39] 測定開始: index=40, delay=4002.77fs, 13:51:39.701
[2025/05/16 13:51:40] BG減算: 測定点 40 でBGスペクトルを引きました
[2025/05/16 13:51:40] 測定完了: index=40, max_intensity=194.56, 13:51:40.930（測定1.23秒）
[2025/05/16 13:51:40] ステージ移動開始: fspeed=3000, pulses=15, direction=0
[2025/05/16 13:51:43] ステージ停止検出: 13:51:43.139（移動に2.21秒）
[2025/05/16 13:51:44] 測定開始: index=41, delay=4102.84fs, 13:51:44.179
[2025/05/16 13:51:45] BG減算: 測定点 41 でBGスペクトルを引きました
[2025/05/16 13:51:45] 測定完了: index=41, max_intensity=186.37, 13:51:45.405（測定1.23秒）
[2025/05/16 13:51:45] ステージ移動開始: fspeed=3000, pulses=15, direction=0
[2025/05/16 13:51:47] ステージ停止検出: 13:51:47.601（移動に2.19秒）
[2025/05/16 13:51:48] 測定開始: index=42, delay=4202.91fs, 13:51:48.640
[2025/05/16 13:51:49] BG減算: 測定点 42 でBGスペクトルを引きました
[2025/05/16 13:51:49] 測定完了: index=42, max_intensity=253.95, 13:51:49.865（測定1.23秒）
[2025/05/16 13:51:49] ステージ移動開始: fspeed=3000, pulses=15, direction=0
[2025/05/16 13:51:52] ステージ停止検出: 13:51:52.063（移動に2.19秒）
[2025/05/16 13:51:53] 測定開始: index=43, delay=4302.98fs, 13:51:53.102
[2025/05/16 13:51:54] BG減算: 測定点 43 でBGスペクトルを引きました
[2025/05/16 13:51:54] 測定完了: index=43, max_intensity=192.51, 13:51:54.325（測定1.22秒）
[2025/05/16 13:51:54] ステージ移動開始: fspeed=3000, pulses=15, direction=0
[2025/05/16 13:51:56] ステージ停止検出: 13:51:56.508（移動に2.18秒）
[2025/05/16 13:51:57] 測定開始: index=44, delay=4403.05fs, 13:51:57.548
[2025/05/16 13:51:58] BG減算: 測定点 44 でBGスペクトルを引きました
[2025/05/16 13:51:58] 測定完了: index=44, max_intensity=182.27, 13:51:58.771（測定1.22秒）
[2025/05/16 13:51:58] ステージ移動開始: fspeed=3000, pulses=15, direction=0
[2025/05/16 13:52:00] ステージ停止検出: 13:52:00.955（移動に2.18秒）
[2025/05/16 13:52:01] 測定開始: index=45, delay=4503.12fs, 13:52:01.994
[2025/05/16 13:52:03] BG減算: 測定点 45 でBGスペクトルを引きました
[2025/05/16 13:52:03] 測定完了: index=45, max_intensity=180.22, 13:52:03.216（測定1.22秒）
[2025/05/16 13:52:03] ステージ移動開始: fspeed=3000, pulses=15, direction=0
[2025/05/16 13:52:05] ステージ停止検出: 13:52:05.401（移動に2.18秒）
[2025/05/16 13:52:06] 測定開始: index=46, delay=4603.18fs, 13:52:06.441
[2025/05/16 13:52:07] BG減算: 測定点 46 でBGスペクトルを引きました
[2025/05/16 13:52:07] 測定完了: index=46, max_intensity=186.37, 13:52:07.670（測定1.23秒）
[2025/05/16 13:52:07] ステージ移動開始: fspeed=3000, pulses=15, direction=0
[2025/05/16 13:52:09] ステージ停止検出: 13:52:09.862（移動に2.19秒）
[2025/05/16 13:52:10] 測定開始: index=47, delay=4703.25fs, 13:52:10.902
[2025/05/16 13:52:12] BG減算: 測定点 47 でBGスペクトルを引きました
[2025/05/16 13:52:12] 測定完了: index=47, max_intensity=167.93, 13:52:12.124（測定1.22秒）
[2025/05/16 13:52:12] ステージ移動開始: fspeed=3000, pulses=15, direction=0
[2025/05/16 13:52:14] ステージ停止検出: 13:52:14.308（移動に2.18秒）
[2025/05/16 13:52:15] 測定開始: index=48, delay=4803.32fs, 13:52:15.348
[2025/05/16 13:52:16] BG減算: 測定点 48 でBGスペクトルを引きました
[2025/05/16 13:52:16] 測定完了: index=48, max_intensity=219.13, 13:52:16.571（測定1.22秒）
[2025/05/16 13:52:16] ステージ移動開始: fspeed=3000, pulses=15, direction=0
[2025/05/16 13:52:18] ステージ停止検出: 13:52:18.771（移動に2.20秒）
[2025/05/16 13:52:19] 測定開始: index=49, delay=4903.39fs, 13:52:19.810
[2025/05/16 13:52:21] BG減算: 測定点 49 でBGスペクトルを引きました
[2025/05/16 13:52:21] 測定完了: index=49, max_intensity=155.65, 13:52:21.033（測定1.22秒）
[2025/05/16 13:52:21] ステージ移動開始: fspeed=3000, pulses=15, direction=0
[2025/05/16 13:52:23] ステージ停止検出: 13:52:23.217（移動に2.18秒）
[2025/05/16 13:52:24] 測定開始: index=50, delay=5003.46fs, 13:52:24.256
[2025/05/16 13:52:25] BG減算: 測定点 50 でBGスペクトルを引きました
[2025/05/16 13:52:25] 測定完了: index=50, max_intensity=167.93, 13:52:25.477（測定1.22秒）
[2025/05/16 13:52:25] ステージ移動開始: fspeed=3000, pulses=15, direction=0
[2025/05/16 13:52:27] ステージ停止検出: 13:52:27.662（移動に2.18秒）
[2025/05/16 13:52:28] 測定開始: index=51, delay=5103.53fs, 13:52:28.701
[2025/05/16 13:52:29] BG減算: 測定点 51 でBGスペクトルを引きました
[2025/05/16 13:52:29] 測定完了: index=51, max_intensity=169.98, 13:52:29.928（測定1.23秒）
[2025/05/16 13:52:29] ステージ移動開始: fspeed=3000, pulses=15, direction=0
[2025/05/16 13:52:32] ステージ停止検出: 13:52:32.108（移動に2.17秒）
[2025/05/16 13:52:33] 測定開始: index=52, delay=5203.60fs, 13:52:33.147
[2025/05/16 13:52:34] BG減算: 測定点 52 でBGスペクトルを引きました
[2025/05/16 13:52:34] 測定完了: index=52, max_intensity=204.80, 13:52:34.363（測定1.22秒）
[2025/05/16 13:52:34] ステージ移動開始: fspeed=3000, pulses=15, direction=0
[2025/05/16 13:52:36] ステージ停止検出: 13:52:36.570（移動に2.20秒）
[2025/05/16 13:52:37] 測定開始: index=53, delay=5303.67fs, 13:52:37.609
[2025/05/16 13:52:38] BG減算: 測定点 53 でBGスペクトルを引きました
[2025/05/16 13:52:38] 測定完了: index=53, max_intensity=180.22, 13:52:38.830（測定1.22秒）
[2025/05/16 13:52:38] ステージ移動開始: fspeed=3000, pulses=15, direction=0
[2025/05/16 13:52:41] ステージ停止検出: 13:52:41.016（移動に2.18秒）
[2025/05/16 13:52:42] 測定開始: index=54, delay=5403.74fs, 13:52:42.055
[2025/05/16 13:52:43] BG減算: 測定点 54 でBGスペクトルを引きました
[2025/05/16 13:52:43] 測定完了: index=54, max_intensity=165.89, 13:52:43.278（測定1.22秒）
[2025/05/16 13:52:43] ステージ移動開始: fspeed=3000, pulses=15, direction=0
[2025/05/16 13:52:45] ステージ停止検出: 13:52:45.462（移動に2.18秒）
[2025/05/16 13:52:46] 測定開始: index=55, delay=5503.81fs, 13:52:46.502
[2025/05/16 13:52:47] BG減算: 測定点 55 でBGスペクトルを引きました
[2025/05/16 13:52:47] 測定完了: index=55, max_intensity=198.65, 13:52:47.727（測定1.23秒）
[2025/05/16 13:52:47] ステージ移動開始: fspeed=3000, pulses=15, direction=0
[2025/05/16 13:52:49] ステージ停止検出: 13:52:49.908（移動に2.18秒）
[2025/05/16 13:52:50] 測定開始: index=56, delay=5603.88fs, 13:52:50.947
[2025/05/16 13:52:52] BG減算: 測定点 56 でBGスペクトルを引きました
[2025/05/16 13:52:52] 測定完了: index=56, max_intensity=182.27, 13:52:52.172（測定1.23秒）
[2025/05/16 13:52:52] ステージ移動開始: fspeed=3000, pulses=15, direction=0
[2025/05/16 13:52:54] ステージ停止検出: 13:52:54.370（移動に2.19秒）
[2025/05/16 13:52:55] 測定開始: index=57, delay=5703.95fs, 13:52:55.408
[2025/05/16 13:52:56] BG減算: 測定点 57 でBGスペクトルを引きました
[2025/05/16 13:52:56] 測定完了: index=57, max_intensity=190.46, 13:52:56.633（測定1.22秒）
[2025/05/16 13:52:56] ステージ移動開始: fspeed=3000, pulses=15, direction=0
[2025/05/16 13:52:58] ステージ停止検出: 13:52:58.831（移動に2.19秒）
[2025/05/16 13:52:59] 測定開始: index=58, delay=5804.02fs, 13:52:59.854
[2025/05/16 13:53:01] BG減算: 測定点 58 でBGスペクトルを引きました
[2025/05/16 13:53:01] 測定完了: index=58, max_intensity=176.13, 13:53:01.076（測定1.22秒）
[2025/05/16 13:53:01] ステージ移動開始: fspeed=3000, pulses=15, direction=0
[2025/05/16 13:53:03] ステージ停止検出: 13:53:03.278（移動に2.20秒）
[2025/05/16 13:53:04] 測定開始: index=59, delay=5904.08fs, 13:53:04.317
[2025/05/16 13:53:05] BG減算: 測定点 59 でBGスペクトルを引きました
[2025/05/16 13:53:05] 測定完了: index=59, max_intensity=169.98, 13:53:05.537（測定1.22秒）
[2025/05/16 13:53:05] ステージ移動開始: fspeed=3000, pulses=15, direction=0
[2025/05/16 13:53:07] ステージ停止検出: 13:53:07.724（移動に2.18秒）
[2025/05/16 13:53:08] 測定開始: index=60, delay=6004.15fs, 13:53:08.762
[2025/05/16 13:53:09] BG減算: 測定点 60 でBGスペクトルを引きました
[2025/05/16 13:53:09] 測定完了: index=60, max_intensity=182.27, 13:53:09.980（測定1.22秒）
[2025/05/16 13:53:09] ステージ移動開始: fspeed=3000, pulses=15, direction=0
[2025/05/16 13:53:12] ステージ停止検出: 13:53:12.169（移動に2.19秒）
[2025/05/16 13:53:13] 測定開始: index=61, delay=6104.22fs, 13:53:13.209
[2025/05/16 13:53:14] BG減算: 測定点 61 でBGスペクトルを引きました
[2025/05/16 13:53:14] 測定完了: index=61, max_intensity=174.08, 13:53:14.431（測定1.22秒）
[2025/05/16 13:53:14] ステージ移動開始: fspeed=3000, pulses=15, direction=0
[2025/05/16 13:53:16] ステージ停止検出: 13:53:16.615（移動に2.18秒）
[2025/05/16 13:53:17] 測定開始: index=62, delay=6204.29fs, 13:53:17.654
[2025/05/16 13:53:18] BG減算: 測定点 62 でBGスペクトルを引きました
[2025/05/16 13:53:18] 測定完了: index=62, max_intensity=188.41, 13:53:18.873（測定1.22秒）
[2025/05/16 13:53:18] ステージ移動開始: fspeed=3000, pulses=15, direction=0
[2025/05/16 13:53:21] ステージ停止検出: 13:53:21.077（移動に2.20秒）
[2025/05/16 13:53:22] 測定開始: index=63, delay=6304.36fs, 13:53:22.117
[2025/05/16 13:53:23] BG減算: 測定点 63 でBGスペクトルを引きました
[2025/05/16 13:53:23] 測定完了: index=63, max_intensity=167.93, 13:53:23.345（測定1.23秒）
[2025/05/16 13:53:23] ステージ移動開始: fspeed=3000, pulses=15, direction=0
[2025/05/16 13:53:25] ステージ停止検出: 13:53:25.555（移動に2.21秒）
[2025/05/16 13:53:26] 測定開始: index=64, delay=6404.43fs, 13:53:26.594
[2025/05/16 13:53:27] BG減算: 測定点 64 でBGスペクトルを引きました
[2025/05/16 13:53:27] 測定完了: index=64, max_intensity=176.13, 13:53:27.820（測定1.23秒）
[2025/05/16 13:53:27] ステージ移動開始: fspeed=3000, pulses=15, direction=0
[2025/05/16 13:53:30] ステージ停止検出: 13:53:30.000（移動に2.18秒）
[2025/05/16 13:53:31] 測定開始: index=65, delay=6504.50fs, 13:53:31.040
[2025/05/16 13:53:32] BG減算: 測定点 65 でBGスペクトルを引きました
[2025/05/16 13:53:32] 測定完了: index=65, max_intensity=159.74, 13:53:32.261（測定1.22秒）
[2025/05/16 13:53:32] ステージ移動開始: fspeed=3000, pulses=15, direction=0
[2025/05/16 13:53:34] ステージ停止検出: 13:53:34.448（移動に2.18秒）
[2025/05/16 13:53:35] 測定開始: index=66, delay=6604.57fs, 13:53:35.486
[2025/05/16 13:53:36] BG減算: 測定点 66 でBGスペクトルを引きました
[2025/05/16 13:53:36] 測定完了: index=66, max_intensity=155.65, 13:53:36.707（測定1.22秒）
[2025/05/16 13:53:36] ステージ移動開始: fspeed=3000, pulses=15, direction=0
[2025/05/16 13:53:38] ステージ停止検出: 13:53:38.908（移動に2.20秒）
[2025/05/16 13:53:39] 測定開始: index=67, delay=6704.64fs, 13:53:39.948
[2025/05/16 13:53:41] BG減算: 測定点 67 でBGスペクトルを引きました
[2025/05/16 13:53:41] 測定完了: index=67, max_intensity=202.75, 13:53:41.171（測定1.22秒）
[2025/05/16 13:53:41] ステージ移動開始: fspeed=3000, pulses=15, direction=0
[2025/05/16 13:53:43] ステージ停止検出: 13:53:43.354（移動に2.18秒）
[2025/05/16 13:53:44] 測定開始: index=68, delay=6804.71fs, 13:53:44.393
[2025/05/16 13:53:45] BG減算: 測定点 68 でBGスペクトルを引きました
[2025/05/16 13:53:45] 測定完了: index=68, max_intensity=192.51, 13:53:45.618（測定1.22秒）
[2025/05/16 13:53:45] ステージ移動開始: fspeed=3000, pulses=15, direction=0
[2025/05/16 13:53:47] ステージ停止検出: 13:53:47.817（移動に2.19秒）
[2025/05/16 13:53:48] 測定開始: index=69, delay=6904.78fs, 13:53:48.856
[2025/05/16 13:53:50] BG減算: 測定点 69 でBGスペクトルを引きました
[2025/05/16 13:53:50] 測定完了: index=69, max_intensity=157.69, 13:53:50.076（測定1.22秒）
[2025/05/16 13:53:50] ステージ移動開始: fspeed=3000, pulses=15, direction=0
[2025/05/16 13:53:52] ステージ停止検出: 13:53:52.263（移動に2.18秒）
[2025/05/16 13:53:53] 測定開始: index=70, delay=7004.85fs, 13:53:53.303
[2025/05/16 13:53:54] BG減算: 測定点 70 でBGスペクトルを引きました
[2025/05/16 13:53:54] 測定完了: index=70, max_intensity=155.65, 13:53:54.526（測定1.22秒）
[2025/05/16 13:53:54] ステージ移動開始: fspeed=3000, pulses=15, direction=0
[2025/05/16 13:53:56] ステージ停止検出: 13:53:56.708（移動に2.18秒）
[2025/05/16 13:53:57] 測定開始: index=71, delay=7104.92fs, 13:53:57.748
[2025/05/16 13:53:58] BG減算: 測定点 71 でBGスペクトルを引きました
[2025/05/16 13:53:58] 測定完了: index=71, max_intensity=157.69, 13:53:58.964（測定1.22秒）
[2025/05/16 13:53:58] ステージ移動開始: fspeed=3000, pulses=15, direction=0
[2025/05/16 13:54:01] ステージ停止検出: 13:54:01.155（移動に2.19秒）
[2025/05/16 13:54:02] 測定開始: index=72, delay=7204.98fs, 13:54:02.194
[2025/05/16 13:54:03] BG減算: 測定点 72 でBGスペクトルを引きました
[2025/05/16 13:54:03] 測定完了: index=72, max_intensity=184.32, 13:54:03.417（測定1.22秒）
[2025/05/16 13:54:03] ステージ移動開始: fspeed=3000, pulses=15, direction=0
[2025/05/16 13:54:05] ステージ停止検出: 13:54:05.616（移動に2.19秒）
[2025/05/16 13:54:06] 測定開始: index=73, delay=7305.05fs, 13:54:06.655
[2025/05/16 13:54:07] BG減算: 測定点 73 でBGスペクトルを引きました
[2025/05/16 13:54:07] 測定完了: index=73, max_intensity=184.32, 13:54:07.884（測定1.23秒）
[2025/05/16 13:54:07] ステージ移動開始: fspeed=3000, pulses=15, direction=0
[2025/05/16 13:54:10] ステージ停止検出: 13:54:10.093（移動に2.20秒）
[2025/05/16 13:54:11] 測定開始: index=74, delay=7405.12fs, 13:54:11.135
[2025/05/16 13:54:12] BG減算: 測定点 74 でBGスペクトルを引きました
[2025/05/16 13:54:12] 測定完了: index=74, max_intensity=198.65, 13:54:12.360（測定1.23秒）
[2025/05/16 13:54:12] ステージ移動開始: fspeed=3000, pulses=15, direction=0
[2025/05/16 13:54:14] ステージ停止検出: 13:54:14.555（移動に2.19秒）
[2025/05/16 13:54:15] 測定開始: index=75, delay=7505.19fs, 13:54:15.595
[2025/05/16 13:54:16] BG減算: 測定点 75 でBGスペクトルを引きました
[2025/05/16 13:54:16] 測定完了: index=75, max_intensity=210.94, 13:54:16.817（測定1.22秒）
[2025/05/16 13:54:16] ステージ移動開始: fspeed=3000, pulses=15, direction=0
[2025/05/16 13:54:19] ステージ停止検出: 13:54:19.002（移動に2.18秒）
[2025/05/16 13:54:20] 測定開始: index=76, delay=7605.26fs, 13:54:20.041
[2025/05/16 13:54:21] BG減算: 測定点 76 でBGスペクトルを引きました
[2025/05/16 13:54:21] 測定完了: index=76, max_intensity=182.27, 13:54:21.263（測定1.22秒）
[2025/05/16 13:54:21] ステージ移動開始: fspeed=3000, pulses=15, direction=0
[2025/05/16 13:54:23] ステージ停止検出: 13:54:23.448（移動に2.18秒）
[2025/05/16 13:54:24] 測定開始: index=77, delay=7705.33fs, 13:54:24.488
[2025/05/16 13:54:25] BG減算: 測定点 77 でBGスペクトルを引きました
[2025/05/16 13:54:25] 測定完了: index=77, max_intensity=188.41, 13:54:25.712（測定1.22秒）
[2025/05/16 13:54:25] ステージ移動開始: fspeed=3000, pulses=15, direction=0
[2025/05/16 13:54:27] ステージ停止検出: 13:54:27.894（移動に2.17秒）
[2025/05/16 13:54:28] 測定開始: index=78, delay=7805.40fs, 13:54:28.934
[2025/05/16 13:54:30] BG減算: 測定点 78 でBGスペクトルを引きました
[2025/05/16 13:54:30] 測定完了: index=78, max_intensity=163.84, 13:54:30.157（測定1.22秒）
[2025/05/16 13:54:30] ステージ移動開始: fspeed=3000, pulses=15, direction=0
[2025/05/16 13:54:32] ステージ停止検出: 13:54:32.355（移動に2.19秒）
[2025/05/16 13:54:33] 測定開始: index=79, delay=7905.47fs, 13:54:33.395
[2025/05/16 13:54:34] BG減算: 測定点 79 でBGスペクトルを引きました
[2025/05/16 13:54:34] 測定完了: index=79, max_intensity=190.46, 13:54:34.618（測定1.22秒）
[2025/05/16 13:54:34] ステージ移動開始: fspeed=3000, pulses=15, direction=0
[2025/05/16 13:54:36] ステージ停止検出: 13:54:36.801（移動に2.18秒）
[2025/05/16 13:54:37] 測定開始: index=80, delay=8005.54fs, 13:54:37.842
[2025/05/16 13:54:39] BG減算: 測定点 80 でBGスペクトルを引きました
[2025/05/16 13:54:39] 測定完了: index=80, max_intensity=200.70, 13:54:39.061（測定1.22秒）
[2025/05/16 13:54:39] ステージ移動開始: fspeed=3000, pulses=15, direction=0
[2025/05/16 13:54:41] ステージ停止検出: 13:54:41.265（移動に2.20秒）
[2025/05/16 13:54:42] 測定開始: index=81, delay=8105.61fs, 13:54:42.302
[2025/05/16 13:54:43] BG減算: 測定点 81 でBGスペクトルを引きました
[2025/05/16 13:54:43] 測定完了: index=81, max_intensity=167.93, 13:54:43.524（測定1.22秒）
[2025/05/16 13:54:43] ステージ移動開始: fspeed=3000, pulses=15, direction=0
[2025/05/16 13:54:45] ステージ停止検出: 13:54:45.710（移動に2.18秒）
[2025/05/16 13:54:46] 測定開始: index=82, delay=8205.68fs, 13:54:46.749
[2025/05/16 13:54:47] BG減算: 測定点 82 でBGスペクトルを引きました
[2025/05/16 13:54:47] 測定完了: index=82, max_intensity=208.89, 13:54:47.969（測定1.22秒）
[2025/05/16 13:54:47] ステージ移動開始: fspeed=3000, pulses=15, direction=0
[2025/05/16 13:54:50] ステージ停止検出: 13:54:50.155（移動に2.18秒）
[2025/05/16 13:54:51] 測定開始: index=83, delay=8305.75fs, 13:54:51.195
[2025/05/16 13:54:52] BG減算: 測定点 83 でBGスペクトルを引きました
[2025/05/16 13:54:52] 測定完了: index=83, max_intensity=165.89, 13:54:52.410（測定1.21秒）
[2025/05/16 13:54:52] ステージ移動開始: fspeed=3000, pulses=15, direction=0
[2025/05/16 13:54:54] ステージ停止検出: 13:54:54.601（移動に2.19秒）
[2025/05/16 13:54:55] 測定開始: index=84, delay=8405.82fs, 13:54:55.641
[2025/05/16 13:54:56] BG減算: 測定点 84 でBGスペクトルを引きました
[2025/05/16 13:54:56] 測定完了: index=84, max_intensity=174.08, 13:54:56.857（測定1.22秒）
[2025/05/16 13:54:56] ステージ移動開始: fspeed=3000, pulses=15, direction=0
[2025/05/16 13:54:59] ステージ停止検出: 13:54:59.063（移動に2.20秒）
[2025/05/16 13:55:00] 測定開始: index=85, delay=8505.88fs, 13:55:00.103
[2025/05/16 13:55:01] BG減算: 測定点 85 でBGスペクトルを引きました
[2025/05/16 13:55:01] 測定完了: index=85, max_intensity=161.79, 13:55:01.333（測定1.23秒）
[2025/05/16 13:55:01] ステージ移動開始: fspeed=3000, pulses=15, direction=0
[2025/05/16 13:55:03] ステージ停止検出: 13:55:03.541（移動に2.20秒）
[2025/05/16 13:55:04] 測定開始: index=86, delay=8605.95fs, 13:55:04.581
[2025/05/16 13:55:05] BG減算: 測定点 86 でBGスペクトルを引きました
[2025/05/16 13:55:05] 測定完了: index=86, max_intensity=192.51, 13:55:05.805（測定1.22秒）
[2025/05/16 13:55:05] ステージ移動開始: fspeed=3000, pulses=15, direction=0
[2025/05/16 13:55:08] ステージ停止検出: 13:55:08.003（移動に2.19秒）
[2025/05/16 13:55:09] 測定開始: index=87, delay=8706.02fs, 13:55:09.042
[2025/05/16 13:55:10] BG減算: 測定点 87 でBGスペクトルを引きました
[2025/05/16 13:55:10] 測定完了: index=87, max_intensity=188.41, 13:55:10.263（測定1.22秒）
[2025/05/16 13:55:10] ステージ移動開始: fspeed=3000, pulses=15, direction=0
[2025/05/16 13:55:12] ステージ停止検出: 13:55:12.449（移動に2.18秒）
[2025/05/16 13:55:13] 測定開始: index=88, delay=8806.09fs, 13:55:13.489
[2025/05/16 13:55:14] BG減算: 測定点 88 でBGスペクトルを引きました
[2025/05/16 13:55:14] 測定完了: index=88, max_intensity=206.84, 13:55:14.711（測定1.22秒）
[2025/05/16 13:55:14] ステージ移動開始: fspeed=3000, pulses=15, direction=0
[2025/05/16 13:55:16] ステージ停止検出: 13:55:16.895（移動に2.18秒）
[2025/05/16 13:55:17] 測定開始: index=89, delay=8906.16fs, 13:55:17.934
[2025/05/16 13:55:19] BG減算: 測定点 89 でBGスペクトルを引きました
[2025/05/16 13:55:19] 測定完了: index=89, max_intensity=204.80, 13:55:19.165（測定1.23秒）
[2025/05/16 13:55:19] ステージ移動開始: fspeed=3000, pulses=15, direction=0
[2025/05/16 13:55:21] ステージ停止検出: 13:55:21.356（移動に2.19秒）
[2025/05/16 13:55:22] 測定開始: index=90, delay=9006.23fs, 13:55:22.397
[2025/05/16 13:55:23] BG減算: 測定点 90 でBGスペクトルを引きました
[2025/05/16 13:55:23] 測定完了: index=90, max_intensity=198.65, 13:55:23.619（測定1.22秒）
[2025/05/16 13:55:23] ステージ移動開始: fspeed=3000, pulses=15, direction=0
[2025/05/16 13:55:25] ステージ停止検出: 13:55:25.803（移動に2.18秒）
[2025/05/16 13:55:26] 測定開始: index=91, delay=9106.30fs, 13:55:26.842
[2025/05/16 13:55:28] BG減算: 測定点 91 でBGスペクトルを引きました
[2025/05/16 13:55:28] 測定完了: index=91, max_intensity=178.17, 13:55:28.065（測定1.22秒）
[2025/05/16 13:55:28] ステージ移動開始: fspeed=3000, pulses=15, direction=0
[2025/05/16 13:55:30] ステージ停止検出: 13:55:30.264（移動に2.19秒）
[2025/05/16 13:55:31] 測定開始: index=92, delay=9206.37fs, 13:55:31.289
[2025/05/16 13:55:32] BG減算: 測定点 92 でBGスペクトルを引きました
[2025/05/16 13:55:32] 測定完了: index=92, max_intensity=180.22, 13:55:32.511（測定1.22秒）
[2025/05/16 13:55:32] ステージ移動開始: fspeed=3000, pulses=15, direction=0
[2025/05/16 13:55:34] ステージ停止検出: 13:55:34.711（移動に2.19秒）
[2025/05/16 13:55:35] 測定開始: index=93, delay=9306.44fs, 13:55:35.751
[2025/05/16 13:55:36] BG減算: 測定点 93 でBGスペクトルを引きました
[2025/05/16 13:55:36] 測定完了: index=93, max_intensity=206.84, 13:55:36.974（測定1.22秒）
[2025/05/16 13:55:36] ステージ移動開始: fspeed=3000, pulses=15, direction=0
[2025/05/16 13:55:39] ステージ停止検出: 13:55:39.173（移動に2.19秒）
[2025/05/16 13:55:40] 測定開始: index=94, delay=9406.51fs, 13:55:40.213
[2025/05/16 13:55:41] BG減算: 測定点 94 でBGスペクトルを引きました
[2025/05/16 13:55:41] 測定完了: index=94, max_intensity=178.17, 13:55:41.438（測定1.23秒）
[2025/05/16 13:55:41] ステージ移動開始: fspeed=3000, pulses=15, direction=0
[2025/05/16 13:55:43] ステージ停止検出: 13:55:43.651（移動に2.21秒）
[2025/05/16 13:55:44] 測定開始: index=95, delay=9506.58fs, 13:55:44.690
[2025/05/16 13:55:45] BG減算: 測定点 95 でBGスペクトルを引きました
[2025/05/16 13:55:45] 測定完了: index=95, max_intensity=178.17, 13:55:45.914（測定1.22秒）
[2025/05/16 13:55:45] ステージ移動開始: fspeed=3000, pulses=15, direction=0
[2025/05/16 13:55:48] ステージ停止検出: 13:55:48.096（移動に2.18秒）
[2025/05/16 13:55:49] 測定開始: index=96, delay=9606.65fs, 13:55:49.135
[2025/05/16 13:55:50] BG減算: 測定点 96 でBGスペクトルを引きました
[2025/05/16 13:55:50] 測定完了: index=96, max_intensity=165.89, 13:55:50.360（測定1.23秒）
[2025/05/16 13:55:50] ステージ移動開始: fspeed=3000, pulses=15, direction=0
[2025/05/16 13:55:52] ステージ停止検出: 13:55:52.542（移動に2.18秒）
[2025/05/16 13:55:53] 測定開始: index=97, delay=9706.72fs, 13:55:53.581
[2025/05/16 13:55:54] BG減算: 測定点 97 でBGスペクトルを引きました
[2025/05/16 13:55:54] 測定完了: index=97, max_intensity=215.04, 13:55:54.797（測定1.22秒）
[2025/05/16 13:55:54] ステージ移動開始: fspeed=3000, pulses=15, direction=0
[2025/05/16 13:55:56] ステージ停止検出: 13:55:56.988（移動に2.19秒）
[2025/05/16 13:55:58] 測定開始: index=98, delay=9806.78fs, 13:55:58.028
[2025/05/16 13:55:59] BG減算: 測定点 98 でBGスペクトルを引きました
[2025/05/16 13:55:59] 測定完了: index=98, max_intensity=172.03, 13:55:59.247（測定1.22秒）
[2025/05/16 13:55:59] ステージ移動開始: fspeed=3000, pulses=15, direction=0
[2025/05/16 13:56:01] ステージ停止検出: 13:56:01.450（移動に2.20秒）
[2025/05/16 13:56:02] 測定開始: index=99, delay=9906.85fs, 13:56:02.490
[2025/05/16 13:56:03] BG減算: 測定点 99 でBGスペクトルを引きました
[2025/05/16 13:56:03] 測定完了: index=99, max_intensity=178.17, 13:56:03.720（測定1.23秒）
[2025/05/16 13:56:04] 測定完了
