[2025/05/16 16:38:10] 測定データ保存先: c:\Users\KITAYAMA\KITAYAMA_FROG\bata\data\20250516_163810_FROG.txt , c:\Users\KITAYAMA\KITAYAMA_FROG\bata\data\20250516_163810_FROG.csv
[2025/05/16 16:38:11] 測定開始: index=0, delay=0.00fs, 16:38:11.106
[2025/05/16 16:38:12] 測定完了: index=0, max_intensity=14495.52, 16:38:12.325（測定1.22秒）
[2025/05/16 16:38:12] ステージ移動開始: fspeed=3000, pulses=1, direction=0
[2025/05/16 16:38:14] ステージ停止検出: 16:38:14.560（移動に2.23秒）
[2025/05/16 16:38:15] 測定開始: index=1, delay=6.67fs, 16:38:15.601
[2025/05/16 16:38:16] 測定完了: index=1, max_intensity=14466.85, 16:38:16.816（測定1.22秒）
[2025/05/16 16:38:16] ステージ移動開始: fspeed=3000, pulses=1, direction=0
[2025/05/16 16:38:19] ステージ停止検出: 16:38:19.022（移動に2.20秒）
[2025/05/16 16:38:20] 測定開始: index=2, delay=13.34fs, 16:38:20.062
[2025/05/16 16:38:21] 測定完了: index=2, max_intensity=14358.31, 16:38:21.278（測定1.22秒）
[2025/05/16 16:38:21] ステージ移動開始: fspeed=3000, pulses=1, direction=0
[2025/05/16 16:38:23] ステージ停止検出: 16:38:23.469（移動に2.19秒）
[2025/05/16 16:38:24] 測定開始: index=3, delay=20.01fs, 16:38:24.507
[2025/05/16 16:38:25] 測定完了: index=3, max_intensity=14393.12, 16:38:25.724（測定1.22秒）
[2025/05/16 16:38:25] ステージ移動開始: fspeed=3000, pulses=1, direction=0
[2025/05/16 16:38:27] ステージ停止検出: 16:38:27.914（移動に2.18秒）
[2025/05/16 16:38:28] 測定開始: index=4, delay=26.69fs, 16:38:28.954
[2025/05/16 16:38:30] 測定完了: index=4, max_intensity=14360.36, 16:38:30.169（測定1.21秒）
[2025/05/16 16:38:30] ステージ移動開始: fspeed=3000, pulses=1, direction=0
[2025/05/16 16:38:32] ステージ停止検出: 16:38:32.361（移動に2.18秒）
[2025/05/16 16:38:33] 測定開始: index=5, delay=33.36fs, 16:38:33.399
[2025/05/16 16:38:34] 測定完了: index=5, max_intensity=14352.17, 16:38:34.615（測定1.22秒）
[2025/05/16 16:38:34] ステージ移動開始: fspeed=3000, pulses=1, direction=0
[2025/05/16 16:38:36] ステージ停止検出: 16:38:36.822（移動に2.20秒）
[2025/05/16 16:38:37] 測定開始: index=6, delay=40.03fs, 16:38:37.846
[2025/05/16 16:38:39] 測定完了: index=6, max_intensity=14413.60, 16:38:39.068（測定1.22秒）
[2025/05/16 16:38:39] ステージ移動開始: fspeed=3000, pulses=1, direction=0
[2025/05/16 16:38:41] ステージ停止検出: 16:38:41.268（移動に2.19秒）
[2025/05/16 16:38:42] 測定開始: index=7, delay=46.70fs, 16:38:42.307
[2025/05/16 16:38:43] 測定完了: index=7, max_intensity=14331.69, 16:38:43.521（測定1.21秒）
[2025/05/16 16:38:43] 測定をユーザーが中断しました。
[2025/05/16 16:38:44] 測定完了
