[2025/05/16 21:31:28] 測定データ保存先: c:\Users\KITAYAMA\KITAYAMA_FROG\bata\data\20250516_213128_FROG.txt , c:\Users\KITAYAMA\KITAYAMA_FROG\bata\data\20250516_213128_FROG.csv
[2025/05/16 21:31:29] 測定開始: index=0, delay=0.00fs, 21:31:29.873
[2025/05/16 21:31:30] 測定完了: index=0, max_intensity=1443.82, 21:31:30.186（測定0.31秒）
[2025/05/16 21:31:30] ステージ移動開始: fspeed=1000, pulses=1, direction=0
[2025/05/16 21:31:32] ステージ停止検出: 21:31:32.450（移動に2.26秒）
[2025/05/16 21:31:33] 測定開始: index=1, delay=6.67fs, 21:31:33.488
[2025/05/16 21:31:33] 測定完了: index=1, max_intensity=1454.06, 21:31:33.804（測定0.32秒）
[2025/05/16 21:31:33] ステージ移動開始: fspeed=1000, pulses=1, direction=0
[2025/05/16 21:31:36] ステージ停止検出: 21:31:36.000（移動に2.19秒）
[2025/05/16 21:31:37] 測定開始: index=2, delay=13.34fs, 21:31:37.040
[2025/05/16 21:31:37] 測定完了: index=2, max_intensity=1439.72, 21:31:37.353（測定0.31秒）
[2025/05/16 21:31:37] ステージ移動開始: fspeed=1000, pulses=1, direction=0
[2025/05/16 21:31:39] ステージ停止検出: 21:31:39.550（移動に2.19秒）
[2025/05/16 21:31:40] 測定開始: index=3, delay=20.01fs, 21:31:40.590
[2025/05/16 21:31:40] 測定完了: index=3, max_intensity=1476.59, 21:31:40.902（測定0.31秒）
[2025/05/16 21:31:40] ステージ移動開始: fspeed=1000, pulses=1, direction=0
[2025/05/16 21:31:43] ステージ停止検出: 21:31:43.100（移動に2.19秒）
[2025/05/16 21:31:44] 測定開始: index=4, delay=26.69fs, 21:31:44.140
[2025/05/16 21:31:44] 測定完了: index=4, max_intensity=1472.49, 21:31:44.458（測定0.32秒）
[2025/05/16 21:31:44] ステージ移動開始: fspeed=1000, pulses=1, direction=0
[2025/05/16 21:31:47] ステージ停止検出: 21:31:47.770（移動に3.31秒）
[2025/05/16 21:31:48] 測定開始: index=5, delay=33.36fs, 21:31:48.810
[2025/05/16 21:31:49] 測定完了: index=5, max_intensity=1466.35, 21:31:49.124（測定0.31秒）
[2025/05/16 21:31:49] ステージ移動開始: fspeed=1000, pulses=1, direction=0
[2025/05/16 21:31:51] ステージ停止検出: 21:31:51.320（移動に2.19秒）
[2025/05/16 21:31:52] 測定開始: index=6, delay=40.03fs, 21:31:52.359
[2025/05/16 21:31:52] 測定完了: index=6, max_intensity=1472.49, 21:31:52.673（測定0.31秒）
[2025/05/16 21:31:52] ステージ移動開始: fspeed=1000, pulses=1, direction=0
[2025/05/16 21:31:54] ステージ停止検出: 21:31:54.871（移動に2.19秒）
[2025/05/16 21:31:55] 測定開始: index=7, delay=46.70fs, 21:31:55.911
[2025/05/16 21:31:56] 測定完了: index=7, max_intensity=1452.01, 21:31:56.221（測定0.31秒）
[2025/05/16 21:31:56] ステージ移動開始: fspeed=1000, pulses=1, direction=0
[2025/05/16 21:31:58] ステージ停止検出: 21:31:58.422（移動に2.20秒）
[2025/05/16 21:31:59] 測定開始: index=8, delay=53.37fs, 21:31:59.461
[2025/05/16 21:31:59] 測定完了: index=8, max_intensity=1456.11, 21:31:59.778（測定0.32秒）
[2025/05/16 21:31:59] 測定をユーザーが中断しました。
