[2025/05/16 21:32:41] 測定データ保存先: c:\Users\KITAYAMA\KITAYAMA_FROG\bata\data\20250516_213241_FROG.txt , c:\Users\KITAYAMA\KITAYAMA_FROG\bata\data\20250516_213241_FROG.csv
[2025/05/16 21:32:42] 測定開始: index=0, delay=0.00fs, 21:32:42.514
[2025/05/16 21:32:43] 測定完了: index=0, max_intensity=5547.95, 21:32:43.725（測定1.21秒）
[2025/05/16 21:32:43] ステージ移動開始: fspeed=1000, pulses=1, direction=0
[2025/05/16 21:32:45] ステージ停止検出: 21:32:45.952（移動に2.22秒）
[2025/05/16 21:32:46] 測定開始: index=1, delay=6.67fs, 21:32:46.992
[2025/05/16 21:32:48] 測定完了: index=1, max_intensity=5650.35, 21:32:48.209（測定1.22秒）
[2025/05/16 21:32:48] ステージ移動開始: fspeed=1000, pulses=1, direction=0
[2025/05/16 21:32:50] ステージ停止検出: 21:32:50.398（移動に2.19秒）
[2025/05/16 21:32:51] 測定開始: index=2, delay=13.34fs, 21:32:51.437
[2025/05/16 21:32:52] 測定完了: index=2, max_intensity=5523.37, 21:32:52.654（測定1.22秒）
[2025/05/16 21:32:52] ステージ移動開始: fspeed=1000, pulses=1, direction=0
[2025/05/16 21:32:54] ステージ停止検出: 21:32:54.843（移動に2.18秒）
[2025/05/16 21:32:55] 測定開始: index=3, delay=20.01fs, 21:32:55.883
[2025/05/16 21:32:57] 測定完了: index=3, max_intensity=5535.66, 21:32:57.092（測定1.21秒）
[2025/05/16 21:32:57] ステージ移動開始: fspeed=1000, pulses=1, direction=0
[2025/05/16 21:32:59] ステージ停止検出: 21:32:59.274（移動に2.18秒）
[2025/05/16 21:33:00] 測定開始: index=4, delay=26.69fs, 21:33:00.314
[2025/05/16 21:33:01] 測定完了: index=4, max_intensity=5654.44, 21:33:01.531（測定1.22秒）
[2025/05/16 21:33:01] ステージ移動開始: fspeed=1000, pulses=1, direction=0
[2025/05/16 21:33:03] ステージ停止検出: 21:33:03.736（移動に2.20秒）
[2025/05/16 21:33:04] 測定開始: index=5, delay=33.36fs, 21:33:04.775
[2025/05/16 21:33:05] 測定完了: index=5, max_intensity=5564.33, 21:33:05.992（測定1.22秒）
[2025/05/16 21:33:05] ステージ移動開始: fspeed=1000, pulses=1, direction=0
[2025/05/16 21:33:08] ステージ停止検出: 21:33:08.182（移動に2.19秒）
[2025/05/16 21:33:09] 測定開始: index=6, delay=40.03fs, 21:33:09.222
[2025/05/16 21:33:10] 測定完了: index=6, max_intensity=5539.76, 21:33:10.437（測定1.21秒）
[2025/05/16 21:33:10] ステージ移動開始: fspeed=1000, pulses=1, direction=0
[2025/05/16 21:33:12] ステージ停止検出: 21:33:12.660（移動に2.21秒）
[2025/05/16 21:33:13] 測定開始: index=7, delay=46.70fs, 21:33:13.699
[2025/05/16 21:33:14] 測定完了: index=7, max_intensity=5539.76, 21:33:14.913（測定1.21秒）
[2025/05/16 21:33:14] ステージ移動開始: fspeed=1000, pulses=1, direction=0
[2025/05/16 21:33:17] ステージ停止検出: 21:33:17.105（移動に2.19秒）
[2025/05/16 21:33:18] 測定開始: index=8, delay=53.37fs, 21:33:18.145
[2025/05/16 21:33:19] 測定完了: index=8, max_intensity=5560.24, 21:33:19.359（測定1.21秒）
[2025/05/16 21:33:19] ステージ移動開始: fspeed=1000, pulses=1, direction=0
[2025/05/16 21:33:21] ステージ停止検出: 21:33:21.551（移動に2.19秒）
[2025/05/16 21:33:22] 測定開始: index=9, delay=60.04fs, 21:33:22.592
[2025/05/16 21:33:23] 測定完了: index=9, max_intensity=5525.42, 21:33:23.804（測定1.21秒）
[2025/05/16 21:33:23] ステージ移動開始: fspeed=1000, pulses=1, direction=0
[2025/05/16 21:33:26] ステージ停止検出: 21:33:26.014（移動に2.20秒）
[2025/05/16 21:33:27] 測定開始: index=10, delay=66.71fs, 21:33:27.053
[2025/05/16 21:33:28] 測定完了: index=10, max_intensity=5562.28, 21:33:28.265（測定1.21秒）
[2025/05/16 21:33:28] ステージ移動開始: fspeed=1000, pulses=1, direction=0
[2025/05/16 21:33:30] ステージ停止検出: 21:33:30.460（移動に2.19秒）
[2025/05/16 21:33:31] 測定開始: index=11, delay=73.38fs, 21:33:31.500
[2025/05/16 21:33:32] 測定完了: index=11, max_intensity=5513.13, 21:33:32.718（測定1.22秒）
[2025/05/16 21:33:32] ステージ移動開始: fspeed=1000, pulses=1, direction=0
[2025/05/16 21:33:34] ステージ停止検出: 21:33:34.905（移動に2.18秒）
[2025/05/16 21:33:35] 測定開始: index=12, delay=80.06fs, 21:33:35.945
[2025/05/16 21:33:37] 測定完了: index=12, max_intensity=5443.50, 21:33:37.164（測定1.22秒）
[2025/05/16 21:33:37] ステージ移動開始: fspeed=1000, pulses=1, direction=0
[2025/05/16 21:33:39] ステージ停止検出: 21:33:39.352（移動に2.18秒）
[2025/05/16 21:33:40] 測定開始: index=13, delay=86.73fs, 21:33:40.391
[2025/05/16 21:33:41] 測定完了: index=13, max_intensity=5552.04, 21:33:41.610（測定1.22秒）
[2025/05/16 21:33:41] ステージ移動開始: fspeed=1000, pulses=1, direction=0
[2025/05/16 21:33:43] ステージ停止検出: 21:33:43.813（移動に2.20秒）
[2025/05/16 21:33:44] 測定開始: index=14, delay=93.40fs, 21:33:44.852
[2025/05/16 21:33:46] 測定完了: index=14, max_intensity=5506.99, 21:33:46.063（測定1.21秒）
[2025/05/16 21:33:46] ステージ移動開始: fspeed=1000, pulses=1, direction=0
[2025/05/16 21:33:48] ステージ停止検出: 21:33:48.259（移動に2.19秒）
[2025/05/16 21:33:49] 測定開始: index=15, delay=100.07fs, 21:33:49.299
[2025/05/16 21:33:50] 測定完了: index=15, max_intensity=5515.18, 21:33:50.516（測定1.22秒）
[2025/05/16 21:33:50] ステージ移動開始: fspeed=1000, pulses=1, direction=0
[2025/05/16 21:33:52] ステージ停止検出: 21:33:52.705（移動に2.18秒）
[2025/05/16 21:33:53] 測定開始: index=16, delay=106.74fs, 21:33:53.745
[2025/05/16 21:33:54] 測定完了: index=16, max_intensity=5523.37, 21:33:54.954（測定1.21秒）
[2025/05/16 21:33:54] ステージ移動開始: fspeed=1000, pulses=1, direction=0
[2025/05/16 21:33:57] ステージ停止検出: 21:33:57.151（移動に2.19秒）
[2025/05/16 21:33:58] 測定開始: index=17, delay=113.41fs, 21:33:58.191
[2025/05/16 21:33:59] 測定完了: index=17, max_intensity=5586.86, 21:33:59.407（測定1.22秒）
[2025/05/16 21:33:59] ステージ移動開始: fspeed=1000, pulses=1, direction=0
[2025/05/16 21:34:01] ステージ停止検出: 21:34:01.614（移動に2.20秒）
[2025/05/16 21:34:02] 測定開始: index=18, delay=120.08fs, 21:34:02.653
[2025/05/16 21:34:03] 測定完了: index=18, max_intensity=5500.84, 21:34:03.868（測定1.22秒）
[2025/05/16 21:34:03] ステージ移動開始: fspeed=1000, pulses=1, direction=0
[2025/05/16 21:34:06] ステージ停止検出: 21:34:06.059（移動に2.19秒）
[2025/05/16 21:34:07] 測定開始: index=19, delay=126.75fs, 21:34:07.099
[2025/05/16 21:34:08] 測定完了: index=19, max_intensity=5554.09, 21:34:08.313（測定1.21秒）
[2025/05/16 21:34:08] ステージ移動開始: fspeed=1000, pulses=1, direction=0
[2025/05/16 21:34:10] ステージ停止検出: 21:34:10.521（移動に2.20秒）
[2025/05/16 21:34:11] 測定開始: index=20, delay=133.43fs, 21:34:11.561
[2025/05/16 21:34:12] 測定完了: index=20, max_intensity=5535.66, 21:34:12.774（測定1.21秒）
[2025/05/16 21:34:12] ステージ移動開始: fspeed=1000, pulses=1, direction=0
[2025/05/16 21:34:14] ステージ停止検出: 21:34:14.968（移動に2.19秒）
[2025/05/16 21:34:16] 測定開始: index=21, delay=140.10fs, 21:34:16.006
[2025/05/16 21:34:17] 測定完了: index=21, max_intensity=5550.00, 21:34:17.220（測定1.21秒）
[2025/05/16 21:34:17] ステージ移動開始: fspeed=1000, pulses=1, direction=0
[2025/05/16 21:34:19] ステージ停止検出: 21:34:19.413（移動に2.19秒）
[2025/05/16 21:34:20] 測定開始: index=22, delay=146.77fs, 21:34:20.452
[2025/05/16 21:34:21] 測定完了: index=22, max_intensity=5558.19, 21:34:21.665（測定1.21秒）
[2025/05/16 21:34:21] ステージ移動開始: fspeed=1000, pulses=1, direction=0
[2025/05/16 21:34:23] ステージ停止検出: 21:34:23.859（移動に2.19秒）
[2025/05/16 21:34:24] 測定開始: index=23, delay=153.44fs, 21:34:24.898
[2025/05/16 21:34:26] 測定完了: index=23, max_intensity=5543.85, 21:34:26.111（測定1.21秒）
[2025/05/16 21:34:26] ステージ移動開始: fspeed=1000, pulses=1, direction=0
[2025/05/16 21:34:28] ステージ停止検出: 21:34:28.320（移動に2.20秒）
[2025/05/16 21:34:29] 測定開始: index=24, delay=160.11fs, 21:34:29.360
[2025/05/16 21:34:30] 測定完了: index=24, max_intensity=5586.86, 21:34:30.572（測定1.21秒）
[2025/05/16 21:34:30] ステージ移動開始: fspeed=1000, pulses=1, direction=0
[2025/05/16 21:34:32] ステージ停止検出: 21:34:32.767（移動に2.19秒）
[2025/05/16 21:34:33] 測定開始: index=25, delay=166.78fs, 21:34:33.807
[2025/05/16 21:34:35] 測定完了: index=25, max_intensity=5539.76, 21:34:35.018（測定1.21秒）
[2025/05/16 21:34:35] ステージ移動開始: fspeed=1000, pulses=1, direction=0
[2025/05/16 21:34:37] ステージ停止検出: 21:34:37.213（移動に2.19秒）
[2025/05/16 21:34:38] 測定開始: index=26, delay=173.45fs, 21:34:38.253
[2025/05/16 21:34:39] 測定完了: index=26, max_intensity=5470.12, 21:34:39.471（測定1.22秒）
[2025/05/16 21:34:39] ステージ移動開始: fspeed=1000, pulses=1, direction=0
[2025/05/16 21:34:41] ステージ停止検出: 21:34:41.659（移動に2.18秒）
[2025/05/16 21:34:42] 測定開始: index=27, delay=180.12fs, 21:34:42.699
[2025/05/16 21:34:43] 測定完了: index=27, max_intensity=5531.56, 21:34:43.908（測定1.21秒）
[2025/05/16 21:34:43] ステージ移動開始: fspeed=1000, pulses=1, direction=0
[2025/05/16 21:34:46] ステージ停止検出: 21:34:46.121（移動に2.21秒）
[2025/05/16 21:34:47] 測定開始: index=28, delay=186.80fs, 21:34:47.160
[2025/05/16 21:34:48] 測定完了: index=28, max_intensity=5572.52, 21:34:48.377（測定1.22秒）
[2025/05/16 21:34:48] ステージ移動開始: fspeed=1000, pulses=1, direction=0
[2025/05/16 21:34:50] ステージ停止検出: 21:34:50.566（移動に2.19秒）
[2025/05/16 21:34:51] 測定開始: index=29, delay=193.47fs, 21:34:51.605
[2025/05/16 21:34:52] 測定完了: index=29, max_intensity=5545.90, 21:34:52.823（測定1.22秒）
[2025/05/16 21:34:52] ステージ移動開始: fspeed=1000, pulses=1, direction=0
[2025/05/16 21:34:55] ステージ停止検出: 21:34:55.012（移動に2.19秒）
[2025/05/16 21:34:56] 測定開始: index=30, delay=200.14fs, 21:34:56.051
[2025/05/16 21:34:57] 測定完了: index=30, max_intensity=5664.68, 21:34:57.268（測定1.22秒）
[2025/05/16 21:34:57] ステージ移動開始: fspeed=1000, pulses=1, direction=0
[2025/05/16 21:34:59] ステージ停止検出: 21:34:59.458（移動に2.19秒）
[2025/05/16 21:35:00] 測定開始: index=31, delay=206.81fs, 21:35:00.498
[2025/05/16 21:35:01] 測定完了: index=31, max_intensity=5550.00, 21:35:01.714（測定1.22秒）
[2025/05/16 21:35:01] ステージ移動開始: fspeed=1000, pulses=1, direction=0
[2025/05/16 21:35:03] ステージ停止検出: 21:35:03.920（移動に2.20秒）
[2025/05/16 21:35:04] 測定開始: index=32, delay=213.48fs, 21:35:04.960
[2025/05/16 21:35:06] 測定完了: index=32, max_intensity=5545.90, 21:35:06.175（測定1.22秒）
[2025/05/16 21:35:06] ステージ移動開始: fspeed=1000, pulses=1, direction=0
[2025/05/16 21:35:08] ステージ停止検出: 21:35:08.365（移動に2.19秒）
[2025/05/16 21:35:09] 測定開始: index=33, delay=220.15fs, 21:35:09.406
[2025/05/16 21:35:10] 測定完了: index=33, max_intensity=5595.05, 21:35:10.620（測定1.21秒）
[2025/05/16 21:35:10] ステージ移動開始: fspeed=1000, pulses=1, direction=0
[2025/05/16 21:35:12] ステージ停止検出: 21:35:12.812（移動に2.19秒）
[2025/05/16 21:35:13] 測定開始: index=34, delay=226.82fs, 21:35:13.852
[2025/05/16 21:35:15] 測定完了: index=34, max_intensity=5500.84, 21:35:15.066（測定1.21秒）
[2025/05/16 21:35:15] ステージ移動開始: fspeed=1000, pulses=1, direction=0
[2025/05/16 21:35:17] ステージ停止検出: 21:35:17.258（移動に2.19秒）
[2025/05/16 21:35:18] 測定開始: index=35, delay=233.49fs, 21:35:18.297
[2025/05/16 21:35:19] 測定完了: index=35, max_intensity=5529.52, 21:35:19.512（測定1.22秒）
[2025/05/16 21:35:19] ステージ移動開始: fspeed=1000, pulses=1, direction=0
[2025/05/16 21:35:21] ステージ停止検出: 21:35:21.721（移動に2.20秒）
[2025/05/16 21:35:22] 測定開始: index=36, delay=240.17fs, 21:35:22.760
[2025/05/16 21:35:23] 測定完了: index=36, max_intensity=5533.61, 21:35:23.973（測定1.21秒）
[2025/05/16 21:35:23] ステージ移動開始: fspeed=1000, pulses=1, direction=0
[2025/05/16 21:35:26] ステージ停止検出: 21:35:26.166（移動に2.19秒）
[2025/05/16 21:35:27] 測定開始: index=37, delay=246.84fs, 21:35:27.205
[2025/05/16 21:35:28] 測定完了: index=37, max_intensity=5558.19, 21:35:28.426（測定1.22秒）
[2025/05/16 21:35:28] ステージ移動開始: fspeed=1000, pulses=1, direction=0
[2025/05/16 21:35:30] ステージ停止検出: 21:35:30.611（移動に2.18秒）
[2025/05/16 21:35:31] 測定開始: index=38, delay=253.51fs, 21:35:31.651
[2025/05/16 21:35:32] 測定完了: index=38, max_intensity=5554.09, 21:35:32.863（測定1.21秒）
[2025/05/16 21:35:32] ステージ移動開始: fspeed=1000, pulses=1, direction=0
[2025/05/16 21:35:35] ステージ停止検出: 21:35:35.057（移動に2.19秒）
[2025/05/16 21:35:36] 測定開始: index=39, delay=260.18fs, 21:35:36.097
[2025/05/16 21:35:37] 測定完了: index=39, max_intensity=5506.99, 21:35:37.309（測定1.21秒）
[2025/05/16 21:35:37] ステージ移動開始: fspeed=1000, pulses=1, direction=0
[2025/05/16 21:35:39] ステージ停止検出: 21:35:39.520（移動に2.21秒）
[2025/05/16 21:35:40] 測定開始: index=40, delay=266.85fs, 21:35:40.559
[2025/05/16 21:35:41] 測定完了: index=40, max_intensity=5533.61, 21:35:41.777（測定1.22秒）
[2025/05/16 21:35:41] ステージ移動開始: fspeed=1000, pulses=1, direction=0
[2025/05/16 21:35:43] ステージ停止検出: 21:35:43.965（移動に2.18秒）
[2025/05/16 21:35:45] 測定開始: index=41, delay=273.52fs, 21:35:45.005
[2025/05/16 21:35:46] 測定完了: index=41, max_intensity=5517.23, 21:35:46.223（測定1.22秒）
[2025/05/16 21:35:46] ステージ移動開始: fspeed=1000, pulses=1, direction=0
[2025/05/16 21:35:48] ステージ停止検出: 21:35:48.411（移動に2.18秒）
[2025/05/16 21:35:49] 測定開始: index=42, delay=280.19fs, 21:35:49.451
[2025/05/16 21:35:50] 測定完了: index=42, max_intensity=5556.14, 21:35:50.669（測定1.22秒）
[2025/05/16 21:35:50] ステージ移動開始: fspeed=1000, pulses=1, direction=0
[2025/05/16 21:35:52] ステージ停止検出: 21:35:52.858（移動に2.18秒）
[2025/05/16 21:35:53] 測定開始: index=43, delay=286.87fs, 21:35:53.897
[2025/05/16 21:35:55] 測定完了: index=43, max_intensity=5670.83, 21:35:55.114（測定1.22秒）
[2025/05/16 21:35:55] ステージ移動開始: fspeed=1000, pulses=1, direction=0
[2025/05/16 21:35:57] ステージ停止検出: 21:35:57.319（移動に2.20秒）
[2025/05/16 21:35:58] 測定開始: index=44, delay=293.54fs, 21:35:58.359
[2025/05/16 21:35:59] 測定完了: index=44, max_intensity=5574.57, 21:35:59.575（測定1.22秒）
[2025/05/16 21:35:59] ステージ移動開始: fspeed=1000, pulses=1, direction=0
[2025/05/16 21:36:01] ステージ停止検出: 21:36:01.765（移動に2.18秒）
[2025/05/16 21:36:02] 測定開始: index=45, delay=300.21fs, 21:36:02.805
[2025/05/16 21:36:04] 測定完了: index=45, max_intensity=5521.32, 21:36:04.021（測定1.22秒）
[2025/05/16 21:36:04] ステージ移動開始: fspeed=1000, pulses=1, direction=0
[2025/05/16 21:36:06] ステージ停止検出: 21:36:06.211（移動に2.19秒）
[2025/05/16 21:36:07] 測定開始: index=46, delay=306.88fs, 21:36:07.251
[2025/05/16 21:36:08] 測定完了: index=46, max_intensity=5550.00, 21:36:08.466（測定1.22秒）
[2025/05/16 21:36:08] ステージ移動開始: fspeed=1000, pulses=1, direction=0
[2025/05/16 21:36:10] ステージ停止検出: 21:36:10.657（移動に2.18秒）
[2025/05/16 21:36:11] 測定開始: index=47, delay=313.55fs, 21:36:11.697
[2025/05/16 21:36:12] 測定完了: index=47, max_intensity=5580.71, 21:36:12.912（測定1.22秒）
[2025/05/16 21:36:12] ステージ移動開始: fspeed=1000, pulses=1, direction=0
[2025/05/16 21:36:15] ステージ停止検出: 21:36:15.119（移動に2.20秒）
[2025/05/16 21:36:16] 測定開始: index=48, delay=320.22fs, 21:36:16.143
[2025/05/16 21:36:17] 測定完了: index=48, max_intensity=5525.42, 21:36:17.358（測定1.22秒）
[2025/05/16 21:36:17] ステージ移動開始: fspeed=1000, pulses=1, direction=0
[2025/05/16 21:36:19] ステージ停止検出: 21:36:19.565（移動に2.20秒）
[2025/05/16 21:36:20] 測定開始: index=49, delay=326.89fs, 21:36:20.605
[2025/05/16 21:36:21] 測定完了: index=49, max_intensity=5572.52, 21:36:21.818（測定1.21秒）
[2025/05/16 21:36:21] ステージ移動開始: fspeed=1000, pulses=1, direction=0
[2025/05/16 21:36:24] ステージ停止検出: 21:36:24.010（移動に2.19秒）
[2025/05/16 21:36:25] 測定開始: index=50, delay=333.56fs, 21:36:25.051
[2025/05/16 21:36:26] 測定完了: index=50, max_intensity=5617.58, 21:36:26.264（測定1.21秒）
[2025/05/16 21:36:26] ステージ移動開始: fspeed=1000, pulses=1, direction=0
[2025/05/16 21:36:28] ステージ停止検出: 21:36:28.457（移動に2.19秒）
[2025/05/16 21:36:29] 測定開始: index=51, delay=340.24fs, 21:36:29.497
[2025/05/16 21:36:30] 測定完了: index=51, max_intensity=5572.52, 21:36:30.710（測定1.21秒）
[2025/05/16 21:36:30] ステージ移動開始: fspeed=1000, pulses=1, direction=0
[2025/05/16 21:36:32] ステージ停止検出: 21:36:32.903（移動に2.19秒）
[2025/05/16 21:36:33] 測定開始: index=52, delay=346.91fs, 21:36:33.942
[2025/05/16 21:36:35] 測定完了: index=52, max_intensity=5609.39, 21:36:35.155（測定1.21秒）
[2025/05/16 21:36:35] ステージ移動開始: fspeed=1000, pulses=1, direction=0
[2025/05/16 21:36:37] ステージ停止検出: 21:36:37.364（移動に2.21秒）
[2025/05/16 21:36:38] 測定開始: index=53, delay=353.58fs, 21:36:38.403
[2025/05/16 21:36:39] 測定完了: index=53, max_intensity=5515.18, 21:36:39.624（測定1.22秒）
[2025/05/16 21:36:39] ステージ移動開始: fspeed=1000, pulses=1, direction=0
[2025/05/16 21:36:41] ステージ停止検出: 21:36:41.811（移動に2.18秒）
[2025/05/16 21:36:42] 測定開始: index=54, delay=360.25fs, 21:36:42.850
[2025/05/16 21:36:44] 測定完了: index=54, max_intensity=5576.62, 21:36:44.069（測定1.22秒）
[2025/05/16 21:36:44] ステージ移動開始: fspeed=1000, pulses=1, direction=0
[2025/05/16 21:36:46] ステージ停止検出: 21:36:46.256（移動に2.18秒）
[2025/05/16 21:36:47] 測定開始: index=55, delay=366.92fs, 21:36:47.297
[2025/05/16 21:36:48] 測定完了: index=55, max_intensity=5582.76, 21:36:48.508（測定1.21秒）
[2025/05/16 21:36:48] ステージ移動開始: fspeed=1000, pulses=1, direction=0
[2025/05/16 21:36:50] ステージ停止検出: 21:36:50.702（移動に2.19秒）
[2025/05/16 21:36:51] 測定開始: index=56, delay=373.59fs, 21:36:51.742
[2025/05/16 21:36:52] 測定完了: index=56, max_intensity=5580.71, 21:36:52.953（測定1.21秒）
[2025/05/16 21:36:52] ステージ移動開始: fspeed=1000, pulses=1, direction=0
[2025/05/16 21:36:55] ステージ停止検出: 21:36:55.164（移動に2.21秒）
[2025/05/16 21:36:56] 測定開始: index=57, delay=380.26fs, 21:36:56.204
[2025/05/16 21:36:57] 測定完了: index=57, max_intensity=5533.61, 21:36:57.422（測定1.22秒）
[2025/05/16 21:36:57] ステージ移動開始: fspeed=1000, pulses=1, direction=0
[2025/05/16 21:36:59] ステージ停止検出: 21:36:59.611（移動に2.18秒）
[2025/05/16 21:37:00] 測定開始: index=58, delay=386.93fs, 21:37:00.650
[2025/05/16 21:37:01] 測定完了: index=58, max_intensity=5552.04, 21:37:01.859（測定1.21秒）
[2025/05/16 21:37:01] ステージ移動開始: fspeed=1000, pulses=1, direction=0
[2025/05/16 21:37:04] ステージ停止検出: 21:37:04.056（移動に2.19秒）
[2025/05/16 21:37:05] 測定開始: index=59, delay=393.61fs, 21:37:05.096
[2025/05/16 21:37:06] 測定完了: index=59, max_intensity=5580.71, 21:37:06.313（測定1.22秒）
[2025/05/16 21:37:06] ステージ移動開始: fspeed=1000, pulses=1, direction=0
[2025/05/16 21:37:08] ステージ停止検出: 21:37:08.502（移動に2.18秒）
[2025/05/16 21:37:09] 測定開始: index=60, delay=400.28fs, 21:37:09.542
[2025/05/16 21:37:10] 測定完了: index=60, max_intensity=5552.04, 21:37:10.758（測定1.22秒）
[2025/05/16 21:37:10] ステージ移動開始: fspeed=1000, pulses=1, direction=0
[2025/05/16 21:37:12] ステージ停止検出: 21:37:12.964（移動に2.20秒）
[2025/05/16 21:37:14] 測定開始: index=61, delay=406.95fs, 21:37:14.003
[2025/05/16 21:37:15] 測定完了: index=61, max_intensity=5547.95, 21:37:15.219（測定1.22秒）
[2025/05/16 21:37:15] ステージ移動開始: fspeed=1000, pulses=1, direction=0
[2025/05/16 21:37:17] ステージ停止検出: 21:37:17.409（移動に2.18秒）
[2025/05/16 21:37:18] 測定開始: index=62, delay=413.62fs, 21:37:18.449
[2025/05/16 21:37:19] 測定完了: index=62, max_intensity=5590.95, 21:37:19.664（測定1.21秒）
[2025/05/16 21:37:19] ステージ移動開始: fspeed=1000, pulses=1, direction=0
[2025/05/16 21:37:21] ステージ停止検出: 21:37:21.856（移動に2.19秒）
[2025/05/16 21:37:22] 測定開始: index=63, delay=420.29fs, 21:37:22.896
[2025/05/16 21:37:24] 測定完了: index=63, max_intensity=5527.47, 21:37:24.110（測定1.21秒）
[2025/05/16 21:37:24] ステージ移動開始: fspeed=1000, pulses=1, direction=0
[2025/05/16 21:37:26] ステージ停止検出: 21:37:26.302（移動に2.19秒）
[2025/05/16 21:37:27] 測定開始: index=64, delay=426.96fs, 21:37:27.341
[2025/05/16 21:37:28] 測定完了: index=64, max_intensity=5644.20, 21:37:28.556（測定1.22秒）
[2025/05/16 21:37:28] ステージ移動開始: fspeed=1000, pulses=1, direction=0
[2025/05/16 21:37:30] ステージ停止検出: 21:37:30.764（移動に2.20秒）
[2025/05/16 21:37:31] 測定開始: index=65, delay=433.63fs, 21:37:31.803
[2025/05/16 21:37:33] 測定完了: index=65, max_intensity=5578.67, 21:37:33.016（測定1.21秒）
[2025/05/16 21:37:33] ステージ移動開始: fspeed=1000, pulses=1, direction=0
[2025/05/16 21:37:35] ステージ停止検出: 21:37:35.210（移動に2.19秒）
[2025/05/16 21:37:36] 測定開始: index=66, delay=440.30fs, 21:37:36.249
[2025/05/16 21:37:37] 測定完了: index=66, max_intensity=5574.57, 21:37:37.463（測定1.21秒）
[2025/05/16 21:37:37] ステージ移動開始: fspeed=1000, pulses=1, direction=0
[2025/05/16 21:37:39] ステージ停止検出: 21:37:39.655（移動に2.18秒）
[2025/05/16 21:37:40] 測定開始: index=67, delay=446.98fs, 21:37:40.695
[2025/05/16 21:37:41] 測定完了: index=67, max_intensity=5494.70, 21:37:41.909（測定1.21秒）
[2025/05/16 21:37:41] ステージ移動開始: fspeed=1000, pulses=1, direction=0
[2025/05/16 21:37:44] ステージ停止検出: 21:37:44.102（移動に2.19秒）
[2025/05/16 21:37:45] 測定開始: index=68, delay=453.65fs, 21:37:45.141
[2025/05/16 21:37:46] 測定完了: index=68, max_intensity=5474.22, 21:37:46.353（測定1.21秒）
[2025/05/16 21:37:46] ステージ移動開始: fspeed=1000, pulses=1, direction=0
[2025/05/16 21:37:48] ステージ停止検出: 21:37:48.564（移動に2.21秒）
[2025/05/16 21:37:49] 測定開始: index=69, delay=460.32fs, 21:37:49.604
[2025/05/16 21:37:50] 測定完了: index=69, max_intensity=5574.57, 21:37:50.815（測定1.21秒）
[2025/05/16 21:37:50] ステージ移動開始: fspeed=1000, pulses=1, direction=0
[2025/05/16 21:37:53] ステージ停止検出: 21:37:53.009（移動に2.19秒）
[2025/05/16 21:37:54] 測定開始: index=70, delay=466.99fs, 21:37:54.049
[2025/05/16 21:37:55] 測定完了: index=70, max_intensity=5504.94, 21:37:55.261（測定1.21秒）
[2025/05/16 21:37:55] ステージ移動開始: fspeed=1000, pulses=1, direction=0
[2025/05/16 21:37:57] ステージ停止検出: 21:37:57.456（移動に2.19秒）
[2025/05/16 21:37:58] 測定開始: index=71, delay=473.66fs, 21:37:58.494
[2025/05/16 21:37:59] 測定完了: index=71, max_intensity=5633.96, 21:37:59.714（測定1.22秒）
[2025/05/16 21:37:59] ステージ移動開始: fspeed=1000, pulses=1, direction=0
[2025/05/16 21:38:01] ステージ停止検出: 21:38:01.901（移動に2.18秒）
[2025/05/16 21:38:02] 測定開始: index=72, delay=480.33fs, 21:38:02.941
[2025/05/16 21:38:04] 測定完了: index=72, max_intensity=5568.43, 21:38:04.159（測定1.22秒）
[2025/05/16 21:38:04] ステージ移動開始: fspeed=1000, pulses=1, direction=0
[2025/05/16 21:38:06] ステージ停止検出: 21:38:06.363（移動に2.19秒）
[2025/05/16 21:38:07] 測定開始: index=73, delay=487.00fs, 21:38:07.403
[2025/05/16 21:38:08] 測定完了: index=73, max_intensity=5570.48, 21:38:08.619（測定1.22秒）
[2025/05/16 21:38:08] ステージ移動開始: fspeed=1000, pulses=1, direction=0
[2025/05/16 21:38:10] ステージ停止検出: 21:38:10.809（移動に2.18秒）
[2025/05/16 21:38:11] 測定開始: index=74, delay=493.67fs, 21:38:11.848
[2025/05/16 21:38:13] 測定完了: index=74, max_intensity=5457.84, 21:38:13.058（測定1.21秒）
[2025/05/16 21:38:14] 測定完了
