[2025/05/16 22:14:26] 測定データ保存先: c:\Users\KITAYAMA\KITAYAMA_FROG\bata\data\20250516_221426_FROG.txt , c:\Users\KITAYAMA\KITAYAMA_FROG\bata\data\20250516_221426_FROG.csv
[2025/05/16 22:14:27] 測定開始: index=0, delay=0.00fs, 22:14:27.255
[2025/05/16 22:14:28] 測定完了: index=0, max_intensity=5509.04, 22:14:28.474（測定1.22秒）
[2025/05/16 22:14:28] ステージ移動開始: fspeed=1000, pulses=1, direction=0
[2025/05/16 22:14:30] ステージ停止検出: 22:14:30.693（移動に2.21秒）
[2025/05/16 22:14:31] 測定開始: index=1, delay=6.67fs, 22:14:31.732
[2025/05/16 22:14:32] 測定完了: index=1, max_intensity=5599.15, 22:14:32.943（測定1.21秒）
[2025/05/16 22:14:32] ステージ移動開始: fspeed=1000, pulses=1, direction=0
[2025/05/16 22:14:35] ステージ停止検出: 22:14:35.139（移動に2.19秒）
[2025/05/16 22:14:36] 測定開始: index=2, delay=13.34fs, 22:14:36.178
[2025/05/16 22:14:37] 測定完了: index=2, max_intensity=5552.04, 22:14:37.388（測定1.21秒）
[2025/05/16 22:14:37] ステージ移動開始: fspeed=1000, pulses=1, direction=0
[2025/05/16 22:14:39] ステージ停止検出: 22:14:39.601（移動に2.21秒）
[2025/05/16 22:14:40] 測定開始: index=3, delay=20.01fs, 22:14:40.640
[2025/05/16 22:14:41] 測定完了: index=3, max_intensity=5482.41, 22:14:41.856（測定1.22秒）
[2025/05/16 22:14:41] ステージ移動開始: fspeed=1000, pulses=1, direction=0
[2025/05/16 22:14:44] ステージ停止検出: 22:14:44.046（移動に2.19秒）
[2025/05/16 22:14:45] 測定開始: index=4, delay=26.69fs, 22:14:45.086
[2025/05/16 22:14:46] 測定完了: index=4, max_intensity=5615.53, 22:14:46.295（測定1.21秒）
[2025/05/16 22:14:46] ステージ移動開始: fspeed=1000, pulses=1, direction=0
[2025/05/16 22:14:48] ステージ停止検出: 22:14:48.493（移動に2.19秒）
[2025/05/16 22:14:49] 測定開始: index=5, delay=33.36fs, 22:14:49.532
[2025/05/16 22:14:50] 測定完了: index=5, max_intensity=5623.72, 22:14:50.748（測定1.22秒）
[2025/05/16 22:14:50] ステージ移動開始: fspeed=1000, pulses=1, direction=0
[2025/05/16 22:14:52] ステージ停止検出: 22:14:52.939（移動に2.19秒）
[2025/05/16 22:14:53] 測定開始: index=6, delay=40.03fs, 22:14:53.977
[2025/05/16 22:14:55] 測定完了: index=6, max_intensity=5445.55, 22:14:55.193（測定1.22秒）
[2025/05/16 22:14:55] ステージ移動開始: fspeed=1000, pulses=1, direction=0
[2025/05/16 22:14:57] ステージ停止検出: 22:14:57.400（移動に2.20秒）
[2025/05/16 22:14:58] 測定開始: index=7, delay=46.70fs, 22:14:58.439
[2025/05/16 22:14:59] 測定完了: index=7, max_intensity=5515.18, 22:14:59.654（測定1.22秒）
[2025/05/16 22:14:59] ステージ移動開始: fspeed=1000, pulses=1, direction=0
[2025/05/16 22:15:01] ステージ停止検出: 22:15:01.846（移動に2.19秒）
[2025/05/16 22:15:02] 測定開始: index=8, delay=53.37fs, 22:15:02.885
[2025/05/16 22:15:04] 測定完了: index=8, max_intensity=5496.75, 22:15:04.099（測定1.21秒）
[2025/05/16 22:15:04] ステージ移動開始: fspeed=1000, pulses=1, direction=0
[2025/05/16 22:15:06] ステージ停止検出: 22:15:06.292（移動に2.19秒）
[2025/05/16 22:15:07] 測定開始: index=9, delay=60.04fs, 22:15:07.332
[2025/05/16 22:15:08] 測定完了: index=9, max_intensity=5525.42, 22:15:08.546（測定1.21秒）
[2025/05/16 22:15:08] ステージ移動開始: fspeed=1000, pulses=1, direction=0
[2025/05/16 22:15:10] ステージ停止検出: 22:15:10.739（移動に2.19秒）
[2025/05/16 22:15:11] 測定開始: index=10, delay=66.71fs, 22:15:11.777
[2025/05/16 22:15:12] 測定完了: index=10, max_intensity=5541.80, 22:15:12.991（測定1.21秒）
[2025/05/16 22:15:12] ステージ移動開始: fspeed=1000, pulses=1, direction=0
[2025/05/16 22:15:15] ステージ停止検出: 22:15:15.200（移動に2.20秒）
[2025/05/16 22:15:16] 測定開始: index=11, delay=73.38fs, 22:15:16.239
[2025/05/16 22:15:17] 測定完了: index=11, max_intensity=5607.34, 22:15:17.452（測定1.21秒）
[2025/05/16 22:15:17] ステージ移動開始: fspeed=1000, pulses=1, direction=0
[2025/05/16 22:15:19] ステージ停止検出: 22:15:19.645（移動に2.19秒）
[2025/05/16 22:15:20] 測定開始: index=12, delay=80.06fs, 22:15:20.686
[2025/05/16 22:15:21] 測定完了: index=12, max_intensity=5545.90, 22:15:21.898（測定1.21秒）
[2025/05/16 22:15:21] ステージ移動開始: fspeed=1000, pulses=1, direction=0
[2025/05/16 22:15:24] ステージ停止検出: 22:15:24.091（移動に2.18秒）
[2025/05/16 22:15:25] 測定開始: index=13, delay=86.73fs, 22:15:25.131
[2025/05/16 22:15:26] 測定完了: index=13, max_intensity=5533.61, 22:15:26.343（測定1.21秒）
[2025/05/16 22:15:26] ステージ移動開始: fspeed=1000, pulses=1, direction=0
[2025/05/16 22:15:28] ステージ停止検出: 22:15:28.538（移動に2.19秒）
[2025/05/16 22:15:29] 測定開始: index=14, delay=93.40fs, 22:15:29.577
[2025/05/16 22:15:30] 測定完了: index=14, max_intensity=5500.84, 22:15:30.789（測定1.21秒）
[2025/05/16 22:15:30] ステージ移動開始: fspeed=1000, pulses=1, direction=0
[2025/05/16 22:15:32] ステージ停止検出: 22:15:32.999（移動に2.21秒）
[2025/05/16 22:15:34] 測定開始: index=15, delay=100.07fs, 22:15:34.039
[2025/05/16 22:15:35] 測定完了: index=15, max_intensity=5541.80, 22:15:35.250（測定1.21秒）
[2025/05/16 22:15:35] ステージ移動開始: fspeed=1000, pulses=1, direction=0
[2025/05/16 22:15:37] ステージ停止検出: 22:15:37.446（移動に2.19秒）
[2025/05/16 22:15:38] 測定開始: index=16, delay=106.74fs, 22:15:38.486
[2025/05/16 22:15:39] 測定完了: index=16, max_intensity=5539.76, 22:15:39.703（測定1.22秒）
[2025/05/16 22:15:39] ステージ移動開始: fspeed=1000, pulses=1, direction=0
[2025/05/16 22:15:41] ステージ停止検出: 22:15:41.891（移動に2.18秒）
[2025/05/16 22:15:42] 測定開始: index=17, delay=113.41fs, 22:15:42.932
[2025/05/16 22:15:44] 測定完了: index=17, max_intensity=5543.85, 22:15:44.141（測定1.21秒）
[2025/05/16 22:15:44] ステージ移動開始: fspeed=1000, pulses=1, direction=0
[2025/05/16 22:15:46] ステージ停止検出: 22:15:46.338（移動に2.19秒）
[2025/05/16 22:15:47] 測定開始: index=18, delay=120.08fs, 22:15:47.377
[2025/05/16 22:15:48] 測定完了: index=18, max_intensity=5560.24, 22:15:48.594（測定1.22秒）
[2025/05/16 22:15:48] ステージ移動開始: fspeed=1000, pulses=1, direction=0
[2025/05/16 22:15:50] ステージ停止検出: 22:15:50.799（移動に2.20秒）
[2025/05/16 22:15:51] 測定開始: index=19, delay=126.75fs, 22:15:51.824
[2025/05/16 22:15:53] 測定完了: index=19, max_intensity=5560.24, 22:15:53.032（測定1.21秒）
[2025/05/16 22:15:53] ステージ移動開始: fspeed=1000, pulses=1, direction=0
[2025/05/16 22:15:55] ステージ停止検出: 22:15:55.246（移動に2.21秒）
[2025/05/16 22:15:56] 測定開始: index=20, delay=133.43fs, 22:15:56.286
[2025/05/16 22:15:57] 測定完了: index=20, max_intensity=5574.57, 22:15:57.500（測定1.21秒）
[2025/05/16 22:15:57] ステージ移動開始: fspeed=1000, pulses=1, direction=0
[2025/05/16 22:15:59] ステージ停止検出: 22:15:59.692（移動に2.19秒）
[2025/05/16 22:16:00] 測定開始: index=21, delay=140.10fs, 22:16:00.731
[2025/05/16 22:16:01] 測定完了: index=21, max_intensity=5541.80, 22:16:01.946（測定1.22秒）
[2025/05/16 22:16:01] ステージ移動開始: fspeed=1000, pulses=1, direction=0
[2025/05/16 22:16:04] ステージ停止検出: 22:16:04.138（移動に2.19秒）
[2025/05/16 22:16:05] 測定開始: index=22, delay=146.77fs, 22:16:05.177
[2025/05/16 22:16:06] 測定完了: index=22, max_intensity=5535.66, 22:16:06.391（測定1.21秒）
[2025/05/16 22:16:06] ステージ移動開始: fspeed=1000, pulses=1, direction=0
[2025/05/16 22:16:08] ステージ停止検出: 22:16:08.583（移動に2.19秒）
[2025/05/16 22:16:09] 測定開始: index=23, delay=153.44fs, 22:16:09.622
[2025/05/16 22:16:10] 測定完了: index=23, max_intensity=5601.19, 22:16:10.838（測定1.22秒）
[2025/05/16 22:16:10] ステージ移動開始: fspeed=1000, pulses=1, direction=0
[2025/05/16 22:16:13] ステージ停止検出: 22:16:13.046（移動に2.20秒）
[2025/05/16 22:16:14] 測定開始: index=24, delay=160.11fs, 22:16:14.085
[2025/05/16 22:16:15] 測定完了: index=24, max_intensity=5527.47, 22:16:15.298（測定1.21秒）
[2025/05/16 22:16:15] ステージ移動開始: fspeed=1000, pulses=1, direction=0
[2025/05/16 22:16:17] ステージ停止検出: 22:16:17.491（移動に2.19秒）
[2025/05/16 22:16:18] 測定開始: index=25, delay=166.78fs, 22:16:18.531
[2025/05/16 22:16:19] 測定完了: index=25, max_intensity=5623.72, 22:16:19.743（測定1.21秒）
[2025/05/16 22:16:19] ステージ移動開始: fspeed=1000, pulses=1, direction=0
[2025/05/16 22:16:21] ステージ停止検出: 22:16:21.936（移動に2.19秒）
[2025/05/16 22:16:22] 測定開始: index=26, delay=173.45fs, 22:16:22.976
[2025/05/16 22:16:24] 測定完了: index=26, max_intensity=5547.95, 22:16:24.190（測定1.21秒）
[2025/05/16 22:16:24] ステージ移動開始: fspeed=1000, pulses=1, direction=0
[2025/05/16 22:16:26] ステージ停止検出: 22:16:26.383（移動に2.19秒）
[2025/05/16 22:16:27] 測定開始: index=27, delay=180.12fs, 22:16:27.422
[2025/05/16 22:16:28] 測定完了: index=27, max_intensity=5531.56, 22:16:28.635（測定1.21秒）
[2025/05/16 22:16:28] ステージ移動開始: fspeed=1000, pulses=1, direction=0
[2025/05/16 22:16:30] ステージ停止検出: 22:16:30.844（移動に2.21秒）
[2025/05/16 22:16:31] 測定開始: index=28, delay=186.80fs, 22:16:31.883
[2025/05/16 22:16:33] 測定完了: index=28, max_intensity=5502.89, 22:16:33.096（測定1.21秒）
[2025/05/16 22:16:33] ステージ移動開始: fspeed=1000, pulses=1, direction=0
[2025/05/16 22:16:35] ステージ停止検出: 22:16:35.291（移動に2.19秒）
[2025/05/16 22:16:36] 測定開始: index=29, delay=193.47fs, 22:16:36.331
[2025/05/16 22:16:37] 測定完了: index=29, max_intensity=5615.53, 22:16:37.549（測定1.22秒）
[2025/05/16 22:16:37] ステージ移動開始: fspeed=1000, pulses=1, direction=0
[2025/05/16 22:16:39] ステージ停止検出: 22:16:39.736（移動に2.18秒）
[2025/05/16 22:16:40] 測定開始: index=30, delay=200.14fs, 22:16:40.776
[2025/05/16 22:16:41] 測定完了: index=30, max_intensity=5519.28, 22:16:41.987（測定1.21秒）
[2025/05/16 22:16:41] ステージ移動開始: fspeed=1000, pulses=1, direction=0
[2025/05/16 22:16:44] ステージ停止検出: 22:16:44.183（移動に2.19秒）
[2025/05/16 22:16:45] 測定開始: index=31, delay=206.81fs, 22:16:45.222
[2025/05/16 22:16:46] 測定完了: index=31, max_intensity=5597.10, 22:16:46.433（測定1.21秒）
[2025/05/16 22:16:46] ステージ移動開始: fspeed=1000, pulses=1, direction=0
[2025/05/16 22:16:48] ステージ停止検出: 22:16:48.644（移動に2.21秒）
[2025/05/16 22:16:49] 測定開始: index=32, delay=213.48fs, 22:16:49.684
[2025/05/16 22:16:50] 測定完了: index=32, max_intensity=5605.29, 22:16:50.901（測定1.22秒）
[2025/05/16 22:16:50] ステージ移動開始: fspeed=1000, pulses=1, direction=0
[2025/05/16 22:16:53] ステージ停止検出: 22:16:53.091（移動に2.18秒）
[2025/05/16 22:16:54] 測定開始: index=33, delay=220.15fs, 22:16:54.130
[2025/05/16 22:16:55] 測定完了: index=33, max_intensity=5590.95, 22:16:55.339（測定1.21秒）
[2025/05/16 22:16:55] ステージ移動開始: fspeed=1000, pulses=1, direction=0
[2025/05/16 22:16:57] ステージ停止検出: 22:16:57.537（移動に2.19秒）
[2025/05/16 22:16:58] 測定開始: index=34, delay=226.82fs, 22:16:58.577
[2025/05/16 22:16:59] 測定完了: index=34, max_intensity=5539.76, 22:16:59.792（測定1.22秒）
[2025/05/16 22:16:59] ステージ移動開始: fspeed=1000, pulses=1, direction=0
[2025/05/16 22:17:01] ステージ停止検出: 22:17:01.983（移動に2.19秒）
[2025/05/16 22:17:03] 測定開始: index=35, delay=233.49fs, 22:17:03.022
[2025/05/16 22:17:04] 測定完了: index=35, max_intensity=5621.67, 22:17:04.238（測定1.22秒）
[2025/05/16 22:17:04] ステージ移動開始: fspeed=1000, pulses=1, direction=0
[2025/05/16 22:17:06] ステージ停止検出: 22:17:06.445（移動に2.20秒）
[2025/05/16 22:17:07] 測定開始: index=36, delay=240.17fs, 22:17:07.484
[2025/05/16 22:17:08] 測定完了: index=36, max_intensity=5574.57, 22:17:08.699（測定1.21秒）
[2025/05/16 22:17:08] ステージ移動開始: fspeed=1000, pulses=1, direction=0
[2025/05/16 22:17:10] ステージ停止検出: 22:17:10.890（移動に2.19秒）
[2025/05/16 22:17:11] 測定開始: index=37, delay=246.84fs, 22:17:11.930
[2025/05/16 22:17:13] 測定完了: index=37, max_intensity=5605.29, 22:17:13.145（測定1.21秒）
[2025/05/16 22:17:13] ステージ移動開始: fspeed=1000, pulses=1, direction=0
[2025/05/16 22:17:15] ステージ停止検出: 22:17:15.336（移動に2.19秒）
[2025/05/16 22:17:16] 測定開始: index=38, delay=253.51fs, 22:17:16.376
[2025/05/16 22:17:17] 測定完了: index=38, max_intensity=5492.65, 22:17:17.590（測定1.21秒）
[2025/05/16 22:17:17] ステージ移動開始: fspeed=1000, pulses=1, direction=0
[2025/05/16 22:17:19] ステージ停止検出: 22:17:19.782（移動に2.19秒）
[2025/05/16 22:17:20] 測定開始: index=39, delay=260.18fs, 22:17:20.822
[2025/05/16 22:17:22] 測定完了: index=39, max_intensity=5576.62, 22:17:22.036（測定1.21秒）
[2025/05/16 22:17:22] ステージ移動開始: fspeed=1000, pulses=1, direction=0
[2025/05/16 22:17:24] ステージ停止検出: 22:17:24.245（移動に2.21秒）
[2025/05/16 22:17:25] 測定開始: index=40, delay=266.85fs, 22:17:25.283
[2025/05/16 22:17:26] 測定完了: index=40, max_intensity=5539.76, 22:17:26.496（測定1.21秒）
[2025/05/16 22:17:26] ステージ移動開始: fspeed=1000, pulses=1, direction=0
[2025/05/16 22:17:28] ステージ停止検出: 22:17:28.690（移動に2.19秒）
[2025/05/16 22:17:29] 測定開始: index=41, delay=273.52fs, 22:17:29.730
[2025/05/16 22:17:30] 測定完了: index=41, max_intensity=5554.09, 22:17:30.942（測定1.21秒）
[2025/05/16 22:17:30] ステージ移動開始: fspeed=1000, pulses=1, direction=0
[2025/05/16 22:17:33] ステージ停止検出: 22:17:33.136（移動に2.19秒）
[2025/05/16 22:17:34] 測定開始: index=42, delay=280.19fs, 22:17:34.175
[2025/05/16 22:17:35] 測定完了: index=42, max_intensity=5554.09, 22:17:35.387（測定1.21秒）
[2025/05/16 22:17:35] ステージ移動開始: fspeed=1000, pulses=1, direction=0
[2025/05/16 22:17:37] ステージ停止検出: 22:17:37.582（移動に2.19秒）
[2025/05/16 22:17:38] 測定開始: index=43, delay=286.87fs, 22:17:38.622
[2025/05/16 22:17:39] 測定完了: index=43, max_intensity=5685.16, 22:17:39.833（測定1.21秒）
[2025/05/16 22:17:39] ステージ移動開始: fspeed=1000, pulses=1, direction=0
[2025/05/16 22:17:42] ステージ停止検出: 22:17:42.044（移動に2.21秒）
[2025/05/16 22:17:43] 測定開始: index=44, delay=293.54fs, 22:17:43.084
[2025/05/16 22:17:44] 測定完了: index=44, max_intensity=5513.13, 22:17:44.294（測定1.21秒）
[2025/05/16 22:17:44] ステージ移動開始: fspeed=1000, pulses=1, direction=0
[2025/05/16 22:17:46] ステージ停止検出: 22:17:46.489（移動に2.19秒）
[2025/05/16 22:17:47] 測定開始: index=45, delay=300.21fs, 22:17:47.530
[2025/05/16 22:17:48] 測定完了: index=45, max_intensity=5629.87, 22:17:48.739（測定1.21秒）
[2025/05/16 22:17:48] ステージ移動開始: fspeed=1000, pulses=1, direction=0
[2025/05/16 22:17:50] ステージ停止検出: 22:17:50.935（移動に2.19秒）
[2025/05/16 22:17:51] 測定開始: index=46, delay=306.88fs, 22:17:51.976
[2025/05/16 22:17:53] 測定完了: index=46, max_intensity=5574.57, 22:17:53.185（測定1.21秒）
[2025/05/16 22:17:53] ステージ移動開始: fspeed=1000, pulses=1, direction=0
[2025/05/16 22:17:55] ステージ停止検出: 22:17:55.382（移動に2.19秒）
[2025/05/16 22:17:56] 測定開始: index=47, delay=313.55fs, 22:17:56.421
[2025/05/16 22:17:57] 測定完了: index=47, max_intensity=5531.56, 22:17:57.639（測定1.22秒）
[2025/05/16 22:17:57] ステージ移動開始: fspeed=1000, pulses=1, direction=0
[2025/05/16 22:17:59] ステージ停止検出: 22:17:59.843（移動に2.20秒）
[2025/05/16 22:18:00] 測定開始: index=48, delay=320.22fs, 22:18:00.867
[2025/05/16 22:18:02] 測定完了: index=48, max_intensity=5566.38, 22:18:02.077（測定1.21秒）
[2025/05/16 22:18:02] ステージ移動開始: fspeed=1000, pulses=1, direction=0
[2025/05/16 22:18:04] ステージ停止検出: 22:18:04.273（移動に2.19秒）
[2025/05/16 22:18:05] 測定開始: index=49, delay=326.89fs, 22:18:05.297
[2025/05/16 22:18:06] 測定完了: index=49, max_intensity=5584.81, 22:18:06.514（測定1.22秒）
[2025/05/16 22:18:06] ステージ移動開始: fspeed=1000, pulses=1, direction=0
[2025/05/16 22:18:08] ステージ停止検出: 22:18:08.719（移動に2.20秒）
[2025/05/16 22:18:09] 測定開始: index=50, delay=333.56fs, 22:18:09.759
[2025/05/16 22:18:10] 測定完了: index=50, max_intensity=5550.00, 22:18:10.976（測定1.22秒）
[2025/05/16 22:18:10] ステージ移動開始: fspeed=1000, pulses=1, direction=0
[2025/05/16 22:18:13] ステージ停止検出: 22:18:13.165（移動に2.18秒）
[2025/05/16 22:18:14] 測定開始: index=51, delay=340.24fs, 22:18:14.205
[2025/05/16 22:18:15] 測定完了: index=51, max_intensity=5611.43, 22:18:15.421（測定1.22秒）
[2025/05/16 22:18:15] ステージ移動開始: fspeed=1000, pulses=1, direction=0
[2025/05/16 22:18:17] ステージ停止検出: 22:18:17.611（移動に2.18秒）
[2025/05/16 22:18:18] 測定開始: index=52, delay=346.91fs, 22:18:18.650
[2025/05/16 22:18:19] 測定完了: index=52, max_intensity=5541.80, 22:18:19.866（測定1.22秒）
[2025/05/16 22:18:19] ステージ移動開始: fspeed=1000, pulses=1, direction=0
[2025/05/16 22:18:22] ステージ停止検出: 22:18:22.056（移動に2.19秒）
[2025/05/16 22:18:23] 測定開始: index=53, delay=353.58fs, 22:18:23.096
[2025/05/16 22:18:24] 測定完了: index=53, max_intensity=5529.52, 22:18:24.312（測定1.22秒）
[2025/05/16 22:18:24] ステージ移動開始: fspeed=1000, pulses=1, direction=0
[2025/05/16 22:18:26] ステージ停止検出: 22:18:26.520（移動に2.20秒）
[2025/05/16 22:18:27] 測定開始: index=54, delay=360.25fs, 22:18:27.559
[2025/05/16 22:18:28] 測定完了: index=54, max_intensity=5482.41, 22:18:28.773（測定1.21秒）
[2025/05/16 22:18:28] ステージ移動開始: fspeed=1000, pulses=1, direction=0
[2025/05/16 22:18:30] ステージ停止検出: 22:18:30.965（移動に2.19秒）
[2025/05/16 22:18:32] 測定開始: index=55, delay=366.92fs, 22:18:32.004
[2025/05/16 22:18:33] 測定完了: index=55, max_intensity=5705.64, 22:18:33.219（測定1.22秒）
[2025/05/16 22:18:33] ステージ移動開始: fspeed=1000, pulses=1, direction=0
[2025/05/16 22:18:35] ステージ停止検出: 22:18:35.410（移動に2.19秒）
[2025/05/16 22:18:36] 測定開始: index=56, delay=373.59fs, 22:18:36.451
[2025/05/16 22:18:37] 測定完了: index=56, max_intensity=5517.23, 22:18:37.664（測定1.21秒）
[2025/05/16 22:18:37] ステージ移動開始: fspeed=1000, pulses=1, direction=0
[2025/05/16 22:18:39] ステージ停止検出: 22:18:39.856（移動に2.19秒）
[2025/05/16 22:18:40] 測定開始: index=57, delay=380.26fs, 22:18:40.897
[2025/05/16 22:18:42] 測定完了: index=57, max_intensity=5650.35, 22:18:42.109（測定1.21秒）
[2025/05/16 22:18:42] ステージ移動開始: fspeed=1000, pulses=1, direction=0
[2025/05/16 22:18:44] ステージ停止検出: 22:18:44.319（移動に2.21秒）
[2025/05/16 22:18:45] 測定開始: index=58, delay=386.93fs, 22:18:45.358
[2025/05/16 22:18:46] 測定完了: index=58, max_intensity=5554.09, 22:18:46.571（測定1.21秒）
[2025/05/16 22:18:46] ステージ移動開始: fspeed=1000, pulses=1, direction=0
[2025/05/16 22:18:48] ステージ停止検出: 22:18:48.765（移動に2.19秒）
[2025/05/16 22:18:49] 測定開始: index=59, delay=393.61fs, 22:18:49.804
[2025/05/16 22:18:51] 測定完了: index=59, max_intensity=5613.48, 22:18:51.016（測定1.21秒）
[2025/05/16 22:18:51] ステージ移動開始: fspeed=1000, pulses=1, direction=0
[2025/05/16 22:18:53] ステージ停止検出: 22:18:53.210（移動に2.19秒）
[2025/05/16 22:18:54] 測定開始: index=60, delay=400.28fs, 22:18:54.250
[2025/05/16 22:18:55] 測定完了: index=60, max_intensity=5582.76, 22:18:55.462（測定1.21秒）
[2025/05/16 22:18:55] ステージ移動開始: fspeed=1000, pulses=1, direction=0
[2025/05/16 22:18:57] ステージ停止検出: 22:18:57.657（移動に2.19秒）
[2025/05/16 22:18:58] 測定開始: index=61, delay=406.95fs, 22:18:58.696
[2025/05/16 22:18:59] 測定完了: index=61, max_intensity=5527.47, 22:18:59.908（測定1.21秒）
[2025/05/16 22:18:59] ステージ移動開始: fspeed=1000, pulses=1, direction=0
[2025/05/16 22:19:02] ステージ停止検出: 22:19:02.118（移動に2.20秒）
[2025/05/16 22:19:03] 測定開始: index=62, delay=413.62fs, 22:19:03.158
[2025/05/16 22:19:04] 測定完了: index=62, max_intensity=5451.69, 22:19:04.375（測定1.22秒）
[2025/05/16 22:19:04] ステージ移動開始: fspeed=1000, pulses=1, direction=0
[2025/05/16 22:19:06] ステージ停止検出: 22:19:06.565（移動に2.18秒）
[2025/05/16 22:19:07] 測定開始: index=63, delay=420.29fs, 22:19:07.604
[2025/05/16 22:19:08] 測定完了: index=63, max_intensity=5562.28, 22:19:08.813（測定1.21秒）
[2025/05/16 22:19:08] ステージ移動開始: fspeed=1000, pulses=1, direction=0
[2025/05/16 22:19:11] ステージ停止検出: 22:19:11.011（移動に2.19秒）
[2025/05/16 22:19:12] 測定開始: index=64, delay=426.96fs, 22:19:12.050
[2025/05/16 22:19:13] 測定完了: index=64, max_intensity=5560.24, 22:19:13.259（測定1.21秒）
[2025/05/16 22:19:13] ステージ移動開始: fspeed=1000, pulses=1, direction=0
[2025/05/16 22:19:15] ステージ停止検出: 22:19:15.456（移動に2.19秒）
[2025/05/16 22:19:16] 測定開始: index=65, delay=433.63fs, 22:19:16.496
[2025/05/16 22:19:17] 測定完了: index=65, max_intensity=5576.62, 22:19:17.712（測定1.22秒）
[2025/05/16 22:19:17] ステージ移動開始: fspeed=1000, pulses=1, direction=0
[2025/05/16 22:19:19] ステージ停止検出: 22:19:19.919（移動に2.20秒）
[2025/05/16 22:19:20] 測定開始: index=66, delay=440.30fs, 22:19:20.958
[2025/05/16 22:19:22] 測定完了: index=66, max_intensity=5527.47, 22:19:22.173（測定1.22秒）
[2025/05/16 22:19:22] ステージ移動開始: fspeed=1000, pulses=1, direction=0
[2025/05/16 22:19:24] ステージ停止検出: 22:19:24.364（移動に2.19秒）
[2025/05/16 22:19:25] 測定開始: index=67, delay=446.98fs, 22:19:25.404
[2025/05/16 22:19:26] 測定完了: index=67, max_intensity=5572.52, 22:19:26.619（測定1.21秒）
[2025/05/16 22:19:26] ステージ移動開始: fspeed=1000, pulses=1, direction=0
[2025/05/16 22:19:28] ステージ停止検出: 22:19:28.811（移動に2.19秒）
[2025/05/16 22:19:29] 測定開始: index=68, delay=453.65fs, 22:19:29.849
[2025/05/16 22:19:31] 測定完了: index=68, max_intensity=5480.36, 22:19:31.064（測定1.22秒）
[2025/05/16 22:19:31] ステージ移動開始: fspeed=1000, pulses=1, direction=0
[2025/05/16 22:19:33] ステージ停止検出: 22:19:33.256（移動に2.19秒）
[2025/05/16 22:19:34] 測定開始: index=69, delay=460.32fs, 22:19:34.295
[2025/05/16 22:19:35] 測定完了: index=69, max_intensity=5502.89, 22:19:35.511（測定1.22秒）
[2025/05/16 22:19:35] ステージ移動開始: fspeed=1000, pulses=1, direction=0
[2025/05/16 22:19:37] ステージ停止検出: 22:19:37.718（移動に2.20秒）
[2025/05/16 22:19:38] 測定開始: index=70, delay=466.99fs, 22:19:38.757
[2025/05/16 22:19:39] 測定完了: index=70, max_intensity=5558.19, 22:19:39.971（測定1.21秒）
[2025/05/16 22:19:39] ステージ移動開始: fspeed=1000, pulses=1, direction=0
[2025/05/16 22:19:42] ステージ停止検出: 22:19:42.164（移動に2.19秒）
[2025/05/16 22:19:43] 測定開始: index=71, delay=473.66fs, 22:19:43.203
[2025/05/16 22:19:44] 測定完了: index=71, max_intensity=5572.52, 22:19:44.417（測定1.21秒）
[2025/05/16 22:19:44] ステージ移動開始: fspeed=1000, pulses=1, direction=0
[2025/05/16 22:19:46] ステージ停止検出: 22:19:46.610（移動に2.18秒）
[2025/05/16 22:19:47] 測定開始: index=72, delay=480.33fs, 22:19:47.650
[2025/05/16 22:19:48] 測定完了: index=72, max_intensity=5572.52, 22:19:48.863（測定1.21秒）
[2025/05/16 22:19:48] ステージ移動開始: fspeed=1000, pulses=1, direction=0
[2025/05/16 22:19:51] ステージ停止検出: 22:19:51.056（移動に2.19秒）
[2025/05/16 22:19:52] 測定開始: index=73, delay=487.00fs, 22:19:52.094
[2025/05/16 22:19:53] 測定完了: index=73, max_intensity=5554.09, 22:19:53.308（測定1.21秒）
[2025/05/16 22:19:53] ステージ移動開始: fspeed=1000, pulses=1, direction=0
[2025/05/16 22:19:55] ステージ停止検出: 22:19:55.518（移動に2.20秒）
[2025/05/16 22:19:56] 測定開始: index=74, delay=493.67fs, 22:19:56.558
[2025/05/16 22:19:57] 測定完了: index=74, max_intensity=5506.99, 22:19:57.776（測定1.22秒）
[2025/05/16 22:19:58] 測定完了
