[2025/05/20 17:52:36] 測定データ保存先: c:\Users\KITAYAMA\KITAYAMA_FROG\bata\data\20250520_175236_FROG.txt , c:\Users\KITAYAMA\KITAYAMA_FROG\bata\data\20250520_175236_FROG.csv
[2025/05/20 17:52:37] 測定開始: index=0, delay=0.00fs, 17:52:37.418
[2025/05/20 17:52:40] BG減算: 測定点 0 でBGスペクトルを引きました
[2025/05/20 17:52:40] 測定完了: index=0, max_intensity=18847.46, 17:52:40.642（測定3.22秒）
[2025/05/20 17:52:40] ステージ移動開始: fspeed=1000, pulses=1, direction=0
[2025/05/20 17:52:42] ステージ停止検出: 17:52:42.872（移動に2.23秒）
[2025/05/20 17:52:43] 測定開始: index=1, delay=6.67fs, 17:52:43.910
[2025/05/20 17:52:47] BG減算: 測定点 1 でBGスペクトルを引きました
[2025/05/20 17:52:47] 測定完了: index=1, max_intensity=18863.84, 17:52:47.129（測定3.22秒）
[2025/05/20 17:52:47] ステージ移動開始: fspeed=1000, pulses=1, direction=0
[2025/05/20 17:52:49] ステージ停止検出: 17:52:49.332（移動に2.20秒）
[2025/05/20 17:52:50] 測定開始: index=2, delay=13.34fs, 17:52:50.371
[2025/05/20 17:52:53] BG減算: 測定点 2 でBGスペクトルを引きました
[2025/05/20 17:52:53] 測定完了: index=2, max_intensity=18736.87, 17:52:53.589（測定3.22秒）
[2025/05/20 17:52:53] ステージ移動開始: fspeed=1000, pulses=1, direction=0
[2025/05/20 17:52:55] ステージ停止検出: 17:52:55.794（移動に2.20秒）
[2025/05/20 17:52:56] 測定開始: index=3, delay=20.01fs, 17:52:56.833
[2025/05/20 17:53:00] BG減算: 測定点 3 でBGスペクトルを引きました
[2025/05/20 17:53:00] 測定完了: index=3, max_intensity=18886.37, 17:53:00.054（測定3.22秒）
[2025/05/20 17:53:00] ステージ移動開始: fspeed=1000, pulses=1, direction=0
[2025/05/20 17:53:02] ステージ停止検出: 17:53:02.239（移動に2.18秒）
[2025/05/20 17:53:03] 測定開始: index=4, delay=26.69fs, 17:53:03.278
[2025/05/20 17:53:06] BG減算: 測定点 4 でBGスペクトルを引きました
[2025/05/20 17:53:06] 測定完了: index=4, max_intensity=18697.95, 17:53:06.505（測定3.23秒）
[2025/05/20 17:53:06] ステージ移動開始: fspeed=1000, pulses=1, direction=0
[2025/05/20 17:53:08] ステージ停止検出: 17:53:08.700（移動に2.19秒）
[2025/05/20 17:53:09] 測定開始: index=5, delay=33.36fs, 17:53:09.739
[2025/05/20 17:53:12] BG減算: 測定点 5 でBGスペクトルを引きました
[2025/05/20 17:53:12] 測定完了: index=5, max_intensity=18921.18, 17:53:12.960（測定3.22秒）
[2025/05/20 17:53:12] ステージ移動開始: fspeed=1000, pulses=1, direction=0
[2025/05/20 17:53:15] ステージ停止検出: 17:53:15.162（移動に2.20秒）
[2025/05/20 17:53:16] 測定開始: index=6, delay=40.03fs, 17:53:16.200
[2025/05/20 17:53:19] BG減算: 測定点 6 でBGスペクトルを引きました
[2025/05/20 17:53:19] 測定完了: index=6, max_intensity=18689.76, 17:53:19.426（測定3.23秒）
[2025/05/20 17:53:19] ステージ移動開始: fspeed=1000, pulses=1, direction=0
[2025/05/20 17:53:21] ステージ停止検出: 17:53:21.622（移動に2.19秒）
[2025/05/20 17:53:22] 測定開始: index=7, delay=46.70fs, 17:53:22.662
[2025/05/20 17:53:25] BG減算: 測定点 7 でBGスペクトルを引きました
[2025/05/20 17:53:25] 測定完了: index=7, max_intensity=18829.02, 17:53:25.879（測定3.22秒）
[2025/05/20 17:53:25] ステージ移動開始: fspeed=1000, pulses=1, direction=0
[2025/05/20 17:53:28] ステージ停止検出: 17:53:28.082（移動に2.20秒）
[2025/05/20 17:53:29] 測定開始: index=8, delay=53.37fs, 17:53:29.122
[2025/05/20 17:53:32] BG減算: 測定点 8 でBGスペクトルを引きました
[2025/05/20 17:53:32] 測定完了: index=8, max_intensity=18910.94, 17:53:32.346（測定3.22秒）
[2025/05/20 17:53:32] ステージ移動開始: fspeed=1000, pulses=1, direction=0
[2025/05/20 17:53:34] ステージ停止検出: 17:53:34.544（移動に2.19秒）
[2025/05/20 17:53:35] 測定開始: index=9, delay=60.04fs, 17:53:35.584
[2025/05/20 17:53:38] BG減算: 測定点 9 でBGスペクトルを引きました
[2025/05/20 17:53:38] 測定完了: index=9, max_intensity=18814.69, 17:53:38.809（測定3.23秒）
[2025/05/20 17:53:38] ステージ移動開始: fspeed=1000, pulses=1, direction=0
[2025/05/20 17:53:41] ステージ停止検出: 17:53:41.005（移動に2.19秒）
[2025/05/20 17:53:42] 測定開始: index=10, delay=66.71fs, 17:53:42.044
[2025/05/20 17:53:45] BG減算: 測定点 10 でBGスペクトルを引きました
[2025/05/20 17:53:45] 測定完了: index=10, max_intensity=18722.53, 17:53:45.265（測定3.22秒）
[2025/05/20 17:53:45] ステージ移動開始: fspeed=1000, pulses=1, direction=0
[2025/05/20 17:53:47] ステージ停止検出: 17:53:47.466（移動に2.20秒）
[2025/05/20 17:53:48] 測定開始: index=11, delay=73.38fs, 17:53:48.505
[2025/05/20 17:53:51] BG減算: 測定点 11 でBGスペクトルを引きました
[2025/05/20 17:53:51] 測定完了: index=11, max_intensity=18730.72, 17:53:51.728（測定3.22秒）
[2025/05/20 17:53:51] ステージ移動開始: fspeed=1000, pulses=1, direction=0
[2025/05/20 17:53:53] ステージ停止検出: 17:53:53.927（移動に2.20秒）
[2025/05/20 17:53:54] 測定開始: index=12, delay=80.06fs, 17:53:54.967
[2025/05/20 17:53:58] BG減算: 測定点 12 でBGスペクトルを引きました
[2025/05/20 17:53:58] 測定完了: index=12, max_intensity=18759.39, 17:53:58.193（測定3.23秒）
[2025/05/20 17:53:58] ステージ移動開始: fspeed=1000, pulses=1, direction=0
[2025/05/20 17:54:00] ステージ停止検出: 17:54:00.388（移動に2.19秒）
[2025/05/20 17:54:01] 測定開始: index=13, delay=86.73fs, 17:54:01.427
[2025/05/20 17:54:04] BG減算: 測定点 13 でBGスペクトルを引きました
[2025/05/20 17:54:04] 測定完了: index=13, max_intensity=18820.83, 17:54:04.651（測定3.22秒）
[2025/05/20 17:54:04] ステージ移動開始: fspeed=1000, pulses=1, direction=0
[2025/05/20 17:54:06] ステージ停止検出: 17:54:06.850（移動に2.20秒）
[2025/05/20 17:54:07] 測定開始: index=14, delay=93.40fs, 17:54:07.889
[2025/05/20 17:54:11] BG減算: 測定点 14 でBGスペクトルを引きました
[2025/05/20 17:54:11] 測定完了: index=14, max_intensity=18798.31, 17:54:11.111（測定3.22秒）
[2025/05/20 17:54:11] ステージ移動開始: fspeed=1000, pulses=1, direction=0
[2025/05/20 17:54:13] ステージ停止検出: 17:54:13.311（移動に2.20秒）
[2025/05/20 17:54:14] 測定開始: index=15, delay=100.07fs, 17:54:14.349
[2025/05/20 17:54:17] BG減算: 測定点 15 でBGスペクトルを引きました
[2025/05/20 17:54:17] 測定完了: index=15, max_intensity=18839.26, 17:54:17.570（測定3.22秒）
[2025/05/20 17:54:17] ステージ移動開始: fspeed=1000, pulses=1, direction=0
[2025/05/20 17:54:19] ステージ停止検出: 17:54:19.755（移動に2.18秒）
[2025/05/20 17:54:20] 測定開始: index=16, delay=106.74fs, 17:54:20.795
[2025/05/20 17:54:24] BG減算: 測定点 16 でBGスペクトルを引きました
[2025/05/20 17:54:24] 測定完了: index=16, max_intensity=18722.53, 17:54:24.021（測定3.23秒）
[2025/05/20 17:54:24] ステージ移動開始: fspeed=1000, pulses=1, direction=0
[2025/05/20 17:54:26] ステージ停止検出: 17:54:26.217（移動に2.19秒）
[2025/05/20 17:54:27] 測定開始: index=17, delay=113.41fs, 17:54:27.255
[2025/05/20 17:54:30] BG減算: 測定点 17 でBGスペクトルを引きました
[2025/05/20 17:54:30] 測定完了: index=17, max_intensity=18689.76, 17:54:30.480（測定3.23秒）
[2025/05/20 17:54:30] ステージ移動開始: fspeed=1000, pulses=1, direction=0
[2025/05/20 17:54:32] ステージ停止検出: 17:54:32.678（移動に2.19秒）
[2025/05/20 17:54:33] 測定開始: index=18, delay=120.08fs, 17:54:33.717
[2025/05/20 17:54:36] BG減算: 測定点 18 でBGスペクトルを引きました
[2025/05/20 17:54:36] 測定完了: index=18, max_intensity=18882.27, 17:54:36.941（測定3.22秒）
[2025/05/20 17:54:36] ステージ移動開始: fspeed=1000, pulses=1, direction=0
[2025/05/20 17:54:39] ステージ停止検出: 17:54:39.139（移動に2.19秒）
[2025/05/20 17:54:40] 測定開始: index=19, delay=126.75fs, 17:54:40.179
[2025/05/20 17:54:43] BG減算: 測定点 19 でBGスペクトルを引きました
[2025/05/20 17:54:43] 測定完了: index=19, max_intensity=18718.43, 17:54:43.399（測定3.22秒）
[2025/05/20 17:54:43] ステージ移動開始: fspeed=1000, pulses=1, direction=0
[2025/05/20 17:54:45] ステージ停止検出: 17:54:45.600（移動に2.19秒）
[2025/05/20 17:54:46] 測定開始: index=20, delay=133.43fs, 17:54:46.639
[2025/05/20 17:54:49] BG減算: 測定点 20 でBGスペクトルを引きました
[2025/05/20 17:54:49] 測定完了: index=20, max_intensity=18722.53, 17:54:49.862（測定3.22秒）
[2025/05/20 17:54:49] ステージ移動開始: fspeed=1000, pulses=1, direction=0
[2025/05/20 17:54:52] ステージ停止検出: 17:54:52.061（移動に2.20秒）
[2025/05/20 17:54:53] 測定開始: index=21, delay=140.10fs, 17:54:53.100
[2025/05/20 17:54:56] BG減算: 測定点 21 でBGスペクトルを引きました
[2025/05/20 17:54:56] 測定完了: index=21, max_intensity=18806.50, 17:54:56.318（測定3.22秒）
[2025/05/20 17:54:56] ステージ移動開始: fspeed=1000, pulses=1, direction=0
[2025/05/20 17:54:58] ステージ停止検出: 17:54:58.521（移動に2.20秒）
[2025/05/20 17:54:59] 測定開始: index=22, delay=146.77fs, 17:54:59.561
[2025/05/20 17:55:02] BG減算: 測定点 22 でBGスペクトルを引きました
[2025/05/20 17:55:02] 測定完了: index=22, max_intensity=18869.98, 17:55:02.781（測定3.22秒）
[2025/05/20 17:55:02] ステージ移動開始: fspeed=1000, pulses=1, direction=0
[2025/05/20 17:55:04] ステージ停止検出: 17:55:04.983（移動に2.20秒）
[2025/05/20 17:55:06] 測定開始: index=23, delay=153.44fs, 17:55:06.022
[2025/05/20 17:55:09] BG減算: 測定点 23 でBGスペクトルを引きました
[2025/05/20 17:55:09] 測定完了: index=23, max_intensity=18800.35, 17:55:09.240（測定3.22秒）
[2025/05/20 17:55:09] ステージ移動開始: fspeed=1000, pulses=1, direction=0
[2025/05/20 17:55:11] ステージ停止検出: 17:55:11.443（移動に2.20秒）
[2025/05/20 17:55:12] 測定開始: index=24, delay=160.11fs, 17:55:12.483
[2025/05/20 17:55:15] BG減算: 測定点 24 でBGスペクトルを引きました
[2025/05/20 17:55:15] 測定完了: index=24, max_intensity=18892.51, 17:55:15.703（測定3.22秒）
[2025/05/20 17:55:15] ステージ移動開始: fspeed=1000, pulses=1, direction=0
[2025/05/20 17:55:17] ステージ停止検出: 17:55:17.905（移動に2.20秒）
[2025/05/20 17:55:18] 測定開始: index=25, delay=166.78fs, 17:55:18.944
[2025/05/20 17:55:22] BG減算: 測定点 25 でBGスペクトルを引きました
[2025/05/20 17:55:22] 測定完了: index=25, max_intensity=18667.24, 17:55:22.164（測定3.22秒）
[2025/05/20 17:55:22] ステージ移動開始: fspeed=1000, pulses=1, direction=0
[2025/05/20 17:55:24] ステージ停止検出: 17:55:24.365（移動に2.20秒）
[2025/05/20 17:55:25] 測定開始: index=26, delay=173.45fs, 17:55:25.406
[2025/05/20 17:55:28] BG減算: 測定点 26 でBGスペクトルを引きました
[2025/05/20 17:55:28] 測定完了: index=26, max_intensity=18777.83, 17:55:28.623（測定3.22秒）
[2025/05/20 17:55:28] ステージ移動開始: fspeed=1000, pulses=1, direction=0
[2025/05/20 17:55:30] ステージ停止検出: 17:55:30.827（移動に2.20秒）
[2025/05/20 17:55:31] 測定開始: index=27, delay=180.12fs, 17:55:31.851
[2025/05/20 17:55:35] BG減算: 測定点 27 でBGスペクトルを引きました
[2025/05/20 17:55:35] 測定完了: index=27, max_intensity=18859.74, 17:55:35.068（測定3.22秒）
[2025/05/20 17:55:35] ステージ移動開始: fspeed=1000, pulses=1, direction=0
[2025/05/20 17:55:37] ステージ停止検出: 17:55:37.256（移動に2.18秒）
[2025/05/20 17:55:38] 測定開始: index=28, delay=186.80fs, 17:55:38.296
[2025/05/20 17:55:41] BG減算: 測定点 28 でBGスペクトルを引きました
[2025/05/20 17:55:41] 測定完了: index=28, max_intensity=18867.94, 17:55:41.512（測定3.22秒）
[2025/05/20 17:55:41] ステージ移動開始: fspeed=1000, pulses=1, direction=0
[2025/05/20 17:55:43] ステージ停止検出: 17:55:43.701（移動に2.19秒）
[2025/05/20 17:55:44] 測定開始: index=29, delay=193.47fs, 17:55:44.741
[2025/05/20 17:55:47] BG減算: 測定点 29 でBGスペクトルを引きました
[2025/05/20 17:55:47] 測定完了: index=29, max_intensity=18745.06, 17:55:47.965（測定3.22秒）
[2025/05/20 17:55:47] ステージ移動開始: fspeed=1000, pulses=1, direction=0
[2025/05/20 17:55:50] ステージ停止検出: 17:55:50.161（移動に2.19秒）
[2025/05/20 17:55:51] 測定開始: index=30, delay=200.14fs, 17:55:51.202
[2025/05/20 17:55:54] BG減算: 測定点 30 でBGスペクトルを引きました
[2025/05/20 17:55:54] 測定完了: index=30, max_intensity=18835.17, 17:55:54.424（測定3.22秒）
[2025/05/20 17:55:54] ステージ移動開始: fspeed=1000, pulses=1, direction=0
[2025/05/20 17:55:56] ステージ停止検出: 17:55:56.624（移動に2.20秒）
[2025/05/20 17:55:57] 測定開始: index=31, delay=206.81fs, 17:55:57.663
[2025/05/20 17:56:00] BG減算: 測定点 31 でBGスペクトルを引きました
[2025/05/20 17:56:00] 測定完了: index=31, max_intensity=18650.85, 17:56:00.884（測定3.22秒）
[2025/05/20 17:56:00] ステージ移動開始: fspeed=1000, pulses=1, direction=0
[2025/05/20 17:56:03] ステージ停止検出: 17:56:03.084（移動に2.19秒）
[2025/05/20 17:56:04] 測定開始: index=32, delay=213.48fs, 17:56:04.123
[2025/05/20 17:56:07] BG減算: 測定点 32 でBGスペクトルを引きました
[2025/05/20 17:56:07] 測定完了: index=32, max_intensity=18798.31, 17:56:07.341（測定3.22秒）
[2025/05/20 17:56:07] ステージ移動開始: fspeed=1000, pulses=1, direction=0
[2025/05/20 17:56:09] ステージ停止検出: 17:56:09.546（移動に2.20秒）
[2025/05/20 17:56:10] 測定開始: index=33, delay=220.15fs, 17:56:10.584
[2025/05/20 17:56:13] BG減算: 測定点 33 でBGスペクトルを引きました
[2025/05/20 17:56:13] 測定完了: index=33, max_intensity=18781.92, 17:56:13.801（測定3.22秒）
[2025/05/20 17:56:13] ステージ移動開始: fspeed=1000, pulses=1, direction=0
[2025/05/20 17:56:16] ステージ停止検出: 17:56:16.006（移動に2.20秒）
[2025/05/20 17:56:17] 測定開始: index=34, delay=226.82fs, 17:56:17.045
[2025/05/20 17:56:20] BG減算: 測定点 34 でBGスペクトルを引きました
[2025/05/20 17:56:20] 測定完了: index=34, max_intensity=18837.22, 17:56:20.267（測定3.22秒）
[2025/05/20 17:56:20] ステージ移動開始: fspeed=1000, pulses=1, direction=0
[2025/05/20 17:56:22] ステージ停止検出: 17:56:22.468（移動に2.20秒）
[2025/05/20 17:56:23] 測定開始: index=35, delay=233.49fs, 17:56:23.507
[2025/05/20 17:56:26] BG減算: 測定点 35 でBGスペクトルを引きました
[2025/05/20 17:56:26] 測定完了: index=35, max_intensity=18732.77, 17:56:26.725（測定3.22秒）
[2025/05/20 17:56:26] ステージ移動開始: fspeed=1000, pulses=1, direction=0
[2025/05/20 17:56:28] ステージ停止検出: 17:56:28.929（移動に2.20秒）
[2025/05/20 17:56:29] 測定開始: index=36, delay=240.17fs, 17:56:29.968
[2025/05/20 17:56:33] BG減算: 測定点 36 でBGスペクトルを引きました
[2025/05/20 17:56:33] 測定完了: index=36, max_intensity=18853.60, 17:56:33.189（測定3.22秒）
[2025/05/20 17:56:33] ステージ移動開始: fspeed=1000, pulses=1, direction=0
[2025/05/20 17:56:35] ステージ停止検出: 17:56:35.389（移動に2.19秒）
[2025/05/20 17:56:36] 測定開始: index=37, delay=246.84fs, 17:56:36.429
[2025/05/20 17:56:39] BG減算: 測定点 37 でBGスペクトルを引きました
[2025/05/20 17:56:39] 測定完了: index=37, max_intensity=18958.05, 17:56:39.645（測定3.22秒）
[2025/05/20 17:56:39] ステージ移動開始: fspeed=1000, pulses=1, direction=0
[2025/05/20 17:56:41] ステージ停止検出: 17:56:41.851（移動に2.20秒）
[2025/05/20 17:56:42] 測定開始: index=38, delay=253.51fs, 17:56:42.890
[2025/05/20 17:56:46] BG減算: 測定点 38 でBGスペクトルを引きました
[2025/05/20 17:56:46] 測定完了: index=38, max_intensity=18646.76, 17:56:46.114（測定3.22秒）
[2025/05/20 17:56:46] ステージ移動開始: fspeed=1000, pulses=1, direction=0
[2025/05/20 17:56:48] ステージ停止検出: 17:56:48.312（移動に2.19秒）
[2025/05/20 17:56:49] 測定開始: index=39, delay=260.18fs, 17:56:49.352
[2025/05/20 17:56:52] BG減算: 測定点 39 でBGスペクトルを引きました
[2025/05/20 17:56:52] 測定完了: index=39, max_intensity=18771.68, 17:56:52.574（測定3.22秒）
[2025/05/20 17:56:52] ステージ移動開始: fspeed=1000, pulses=1, direction=0
[2025/05/20 17:56:54] ステージ停止検出: 17:56:54.772（移動に2.19秒）
[2025/05/20 17:56:55] 測定開始: index=40, delay=266.85fs, 17:56:55.813
[2025/05/20 17:56:59] BG減算: 測定点 40 でBGスペクトルを引きました
[2025/05/20 17:56:59] 測定完了: index=40, max_intensity=19142.36, 17:56:59.031（測定3.22秒）
[2025/05/20 17:56:59] ステージ移動開始: fspeed=1000, pulses=1, direction=0
[2025/05/20 17:57:01] ステージ停止検出: 17:57:01.218（移動に2.18秒）
[2025/05/20 17:57:02] 測定開始: index=41, delay=273.52fs, 17:57:02.257
[2025/05/20 17:57:05] BG減算: 測定点 41 でBGスペクトルを引きました
[2025/05/20 17:57:05] 測定完了: index=41, max_intensity=18720.48, 17:57:05.476（測定3.22秒）
[2025/05/20 17:57:05] ステージ移動開始: fspeed=1000, pulses=1, direction=0
[2025/05/20 17:57:07] ステージ停止検出: 17:57:07.664（移動に2.18秒）
[2025/05/20 17:57:08] 測定開始: index=42, delay=280.19fs, 17:57:08.702
[2025/05/20 17:57:11] BG減算: 測定点 42 でBGスペクトルを引きました
[2025/05/20 17:57:11] 測定完了: index=42, max_intensity=18728.67, 17:57:11.921（測定3.22秒）
[2025/05/20 17:57:11] ステージ移動開始: fspeed=1000, pulses=1, direction=0
[2025/05/20 17:57:14] ステージ停止検出: 17:57:14.124（移動に2.20秒）
[2025/05/20 17:57:15] 測定開始: index=43, delay=286.87fs, 17:57:15.163
[2025/05/20 17:57:18] BG減算: 測定点 43 でBGスペクトルを引きました
[2025/05/20 17:57:18] 測定完了: index=43, max_intensity=18822.88, 17:57:18.381（測定3.22秒）
[2025/05/20 17:57:18] ステージ移動開始: fspeed=1000, pulses=1, direction=0
[2025/05/20 17:57:20] ステージ停止検出: 17:57:20.584（移動に2.20秒）
[2025/05/20 17:57:21] 測定開始: index=44, delay=293.54fs, 17:57:21.625
[2025/05/20 17:57:24] BG減算: 測定点 44 でBGスペクトルを引きました
[2025/05/20 17:57:24] 測定完了: index=44, max_intensity=169.98, 17:57:24.849（測定3.22秒）
[2025/05/20 17:57:24] ステージ移動開始: fspeed=1000, pulses=1, direction=0
[2025/05/20 17:57:27] ステージ停止検出: 17:57:27.046（移動に2.19秒）
[2025/05/20 17:57:28] 測定開始: index=45, delay=300.21fs, 17:57:28.085
[2025/05/20 17:57:31] BG減算: 測定点 45 でBGスペクトルを引きました
[2025/05/20 17:57:31] 測定完了: index=45, max_intensity=202.75, 17:57:31.307（測定3.22秒）
[2025/05/20 17:57:31] ステージ移動開始: fspeed=1000, pulses=1, direction=0
[2025/05/20 17:57:33] ステージ停止検出: 17:57:33.508（移動に2.20秒）
[2025/05/20 17:57:34] 測定開始: index=46, delay=306.88fs, 17:57:34.547
[2025/05/20 17:57:37] BG減算: 測定点 46 でBGスペクトルを引きました
[2025/05/20 17:57:37] 測定完了: index=46, max_intensity=200.70, 17:57:37.765（測定3.22秒）
[2025/05/20 17:57:37] ステージ移動開始: fspeed=1000, pulses=1, direction=0
[2025/05/20 17:57:39] ステージ停止検出: 17:57:39.968（移動に2.20秒）
[2025/05/20 17:57:41] 測定開始: index=47, delay=313.55fs, 17:57:41.008
[2025/05/20 17:57:44] BG減算: 測定点 47 でBGスペクトルを引きました
[2025/05/20 17:57:44] 測定完了: index=47, max_intensity=180.22, 17:57:44.229（測定3.22秒）
[2025/05/20 17:57:44] ステージ移動開始: fspeed=1000, pulses=1, direction=0
[2025/05/20 17:57:46] ステージ停止検出: 17:57:46.429（移動に2.20秒）
[2025/05/20 17:57:47] 測定開始: index=48, delay=320.22fs, 17:57:47.469
[2025/05/20 17:57:50] BG減算: 測定点 48 でBGスペクトルを引きました
[2025/05/20 17:57:50] 測定完了: index=48, max_intensity=155.65, 17:57:50.686（測定3.22秒）
[2025/05/20 17:57:50] ステージ移動開始: fspeed=1000, pulses=1, direction=0
[2025/05/20 17:57:52] ステージ停止検出: 17:57:52.891（移動に2.20秒）
[2025/05/20 17:57:53] 測定開始: index=49, delay=326.89fs, 17:57:53.929
[2025/05/20 17:57:57] BG減算: 測定点 49 でBGスペクトルを引きました
[2025/05/20 17:57:57] 測定完了: index=49, max_intensity=184.32, 17:57:57.151（測定3.22秒）
[2025/05/20 17:57:57] ステージ移動開始: fspeed=1000, pulses=1, direction=0
[2025/05/20 17:57:59] ステージ停止検出: 17:57:59.336（移動に2.18秒）
[2025/05/20 17:58:00] 測定開始: index=50, delay=333.56fs, 17:58:00.375
[2025/05/20 17:58:03] BG減算: 測定点 50 でBGスペクトルを引きました
[2025/05/20 17:58:03] 測定完了: index=50, max_intensity=184.32, 17:58:03.601（測定3.23秒）
[2025/05/20 17:58:03] ステージ移動開始: fspeed=1000, pulses=1, direction=0
[2025/05/20 17:58:05] ステージ停止検出: 17:58:05.797（移動に2.19秒）
[2025/05/20 17:58:06] 測定開始: index=51, delay=340.24fs, 17:58:06.836
[2025/05/20 17:58:10] BG減算: 測定点 51 でBGスペクトルを引きました
[2025/05/20 17:58:10] 測定完了: index=51, max_intensity=215.04, 17:58:10.055（測定3.22秒）
[2025/05/20 17:58:10] ステージ移動開始: fspeed=1000, pulses=1, direction=0
[2025/05/20 17:58:12] ステージ停止検出: 17:58:12.241（移動に2.18秒）
[2025/05/20 17:58:13] 測定開始: index=52, delay=346.91fs, 17:58:13.281
[2025/05/20 17:58:16] BG減算: 測定点 52 でBGスペクトルを引きました
[2025/05/20 17:58:16] 測定完了: index=52, max_intensity=215.04, 17:58:16.501（測定3.22秒）
[2025/05/20 17:58:16] ステージ移動開始: fspeed=1000, pulses=1, direction=0
[2025/05/20 17:58:18] ステージ停止検出: 17:58:18.702（移動に2.20秒）
[2025/05/20 17:58:19] 測定開始: index=53, delay=353.58fs, 17:58:19.742
[2025/05/20 17:58:22] BG減算: 測定点 53 でBGスペクトルを引きました
[2025/05/20 17:58:22] 測定完了: index=53, max_intensity=174.08, 17:58:22.960（測定3.22秒）
[2025/05/20 17:58:22] ステージ移動開始: fspeed=1000, pulses=1, direction=0
[2025/05/20 17:58:25] ステージ停止検出: 17:58:25.164（移動に2.20秒）
[2025/05/20 17:58:26] 測定開始: index=54, delay=360.25fs, 17:58:26.203
[2025/05/20 17:58:29] BG減算: 測定点 54 でBGスペクトルを引きました
[2025/05/20 17:58:29] 測定完了: index=54, max_intensity=198.65, 17:58:29.418（測定3.21秒）
[2025/05/20 17:58:29] ステージ移動開始: fspeed=1000, pulses=1, direction=0
[2025/05/20 17:58:31] ステージ停止検出: 17:58:31.624（移動に2.20秒）
[2025/05/20 17:58:32] 測定開始: index=55, delay=366.92fs, 17:58:32.664
[2025/05/20 17:58:35] BG減算: 測定点 55 でBGスペクトルを引きました
[2025/05/20 17:58:35] 測定完了: index=55, max_intensity=212.99, 17:58:35.885（測定3.22秒）
[2025/05/20 17:58:35] ステージ移動開始: fspeed=1000, pulses=1, direction=0
[2025/05/20 17:58:38] ステージ停止検出: 17:58:38.086（移動に2.20秒）
[2025/05/20 17:58:39] 測定開始: index=56, delay=373.59fs, 17:58:39.125
[2025/05/20 17:58:42] BG減算: 測定点 56 でBGスペクトルを引きました
[2025/05/20 17:58:42] 測定完了: index=56, max_intensity=176.13, 17:58:42.347（測定3.22秒）
[2025/05/20 17:58:42] ステージ移動開始: fspeed=1000, pulses=1, direction=0
[2025/05/20 17:58:44] ステージ停止検出: 17:58:44.547（移動に2.20秒）
[2025/05/20 17:58:45] 測定開始: index=57, delay=380.26fs, 17:58:45.586
[2025/05/20 17:58:48] BG減算: 測定点 57 でBGスペクトルを引きました
[2025/05/20 17:58:48] 測定完了: index=57, max_intensity=159.74, 17:58:48.805（測定3.22秒）
[2025/05/20 17:58:48] ステージ移動開始: fspeed=1000, pulses=1, direction=0
[2025/05/20 17:58:51] ステージ停止検出: 17:58:51.008（移動に2.20秒）
[2025/05/20 17:58:52] 測定開始: index=58, delay=386.93fs, 17:58:52.031
[2025/05/20 17:58:55] BG減算: 測定点 58 でBGスペクトルを引きました
[2025/05/20 17:58:55] 測定完了: index=58, max_intensity=196.61, 17:58:55.252（測定3.22秒）
[2025/05/20 17:58:55] ステージ移動開始: fspeed=1000, pulses=1, direction=0
[2025/05/20 17:58:57] ステージ停止検出: 17:58:57.464（移動に2.21秒）
