[2025/05/16 17:01:46] 測定データ保存先: c:\Users\KITAYAMA\KITAYAMA_FROG\bata\data\20250516_170146_FROG.txt , c:\Users\KITAYAMA\KITAYAMA_FROG\bata\data\20250516_170146_FROG.csv
[2025/05/16 17:01:47] 測定開始: index=0, delay=0.00fs, 17:01:47.518
[2025/05/16 17:01:52] BG減算: 測定点 0 でBGスペクトルを引きました
[2025/05/16 17:01:52] 測定完了: index=0, max_intensity=2930.64, 17:01:52.738（測定5.22秒）
[2025/05/16 17:01:52] ステージ移動開始: fspeed=1000, pulses=1, direction=0
[2025/05/16 17:01:54] ステージ停止検出: 17:01:54.986（移動に2.24秒）
[2025/05/16 17:01:56] 測定開始: index=1, delay=6.67fs, 17:01:56.026
[2025/05/16 17:02:01] BG減算: 測定点 1 でBGスペクトルを引きました
[2025/05/16 17:02:01] 測定完了: index=1, max_intensity=417.79, 17:02:01.247（測定5.22秒）
[2025/05/16 17:02:01] ステージ移動開始: fspeed=1000, pulses=1, direction=0
[2025/05/16 17:02:03] ステージ停止検出: 17:02:03.445（移動に2.19秒）
[2025/05/16 17:02:04] 測定開始: index=2, delay=13.34fs, 17:02:04.485
[2025/05/16 17:02:09] BG減算: 測定点 2 でBGスペクトルを引きました
[2025/05/16 17:02:09] 測定完了: index=2, max_intensity=5111.73, 17:02:09.707（測定5.22秒）
[2025/05/16 17:02:09] ステージ移動開始: fspeed=1000, pulses=1, direction=0
[2025/05/16 17:02:11] ステージ停止検出: 17:02:11.922（移動に2.21秒）
[2025/05/16 17:02:12] 測定開始: index=3, delay=20.01fs, 17:02:12.962
[2025/05/16 17:02:18] BG減算: 測定点 3 でBGスペクトルを引きました
[2025/05/16 17:02:18] 測定完了: index=3, max_intensity=3065.81, 17:02:18.189（測定5.23秒）
[2025/05/16 17:02:18] ステージ移動開始: fspeed=1000, pulses=1, direction=0
[2025/05/16 17:02:20] ステージ停止検出: 17:02:20.383（移動に2.18秒）
[2025/05/16 17:02:21] 測定開始: index=4, delay=26.69fs, 17:02:21.422
[2025/05/16 17:02:26] BG減算: 測定点 4 でBGスペクトルを引きました
[2025/05/16 17:02:26] 測定完了: index=4, max_intensity=5390.25, 17:02:26.642（測定5.22秒）
[2025/05/16 17:02:26] ステージ移動開始: fspeed=1000, pulses=1, direction=0
[2025/05/16 17:02:28] ステージ停止検出: 17:02:28.842（移動に2.20秒）
[2025/05/16 17:02:29] 測定開始: index=5, delay=33.36fs, 17:02:29.882
[2025/05/16 17:02:35] BG減算: 測定点 5 でBGスペクトルを引きました
[2025/05/16 17:02:35] 測定完了: index=5, max_intensity=505.85, 17:02:35.103（測定5.22秒）
[2025/05/16 17:02:35] ステージ移動開始: fspeed=1000, pulses=1, direction=0
[2025/05/16 17:02:37] ステージ停止検出: 17:02:37.301（移動に2.19秒）
[2025/05/16 17:02:38] 測定開始: index=6, delay=40.03fs, 17:02:38.342
[2025/05/16 17:02:43] BG減算: 測定点 6 でBGスペクトルを引きました
[2025/05/16 17:02:43] 測定完了: index=6, max_intensity=4169.66, 17:02:43.566（測定5.22秒）
[2025/05/16 17:02:43] ステージ移動開始: fspeed=1000, pulses=1, direction=0
[2025/05/16 17:02:45] ステージ停止検出: 17:02:45.762（移動に2.19秒）
[2025/05/16 17:02:46] 測定開始: index=7, delay=46.70fs, 17:02:46.802
[2025/05/16 17:02:52] BG減算: 測定点 7 でBGスペクトルを引きました
[2025/05/16 17:02:52] 測定完了: index=7, max_intensity=5480.36, 17:02:52.024（測定5.22秒）
[2025/05/16 17:02:52] ステージ移動開始: fspeed=1000, pulses=1, direction=0
[2025/05/16 17:02:54] ステージ停止検出: 17:02:54.222（移動に2.19秒）
[2025/05/16 17:02:55] 測定開始: index=8, delay=53.37fs, 17:02:55.262
[2025/05/16 17:03:00] BG減算: 測定点 8 でBGスペクトルを引きました
[2025/05/16 17:03:00] 測定完了: index=8, max_intensity=1712.10, 17:03:00.489（測定5.23秒）
[2025/05/16 17:03:00] ステージ移動開始: fspeed=1000, pulses=1, direction=0
[2025/05/16 17:03:02] ステージ停止検出: 17:03:02.698（移動に2.20秒）
[2025/05/16 17:03:03] 測定開始: index=9, delay=60.04fs, 17:03:03.738
[2025/05/16 17:03:08] BG減算: 測定点 9 でBGスペクトルを引きました
[2025/05/16 17:03:08] 測定完了: index=9, max_intensity=1120.24, 17:03:08.956（測定5.22秒）
[2025/05/16 17:03:08] ステージ移動開始: fspeed=1000, pulses=1, direction=0
[2025/05/16 17:03:11] ステージ停止検出: 17:03:11.142（移動に2.18秒）
[2025/05/16 17:03:12] 測定開始: index=10, delay=66.71fs, 17:03:12.182
[2025/05/16 17:03:17] BG減算: 測定点 10 でBGスペクトルを引きました
[2025/05/16 17:03:17] 測定完了: index=10, max_intensity=382.97, 17:03:17.402（測定5.22秒）
[2025/05/16 17:03:17] ステージ移動開始: fspeed=1000, pulses=1, direction=0
[2025/05/16 17:03:19] ステージ停止検出: 17:03:19.603（移動に2.20秒）
[2025/05/16 17:03:20] 測定開始: index=11, delay=73.38fs, 17:03:20.643
[2025/05/16 17:03:25] BG減算: 測定点 11 でBGスペクトルを引きました
[2025/05/16 17:03:25] 測定完了: index=11, max_intensity=2234.33, 17:03:25.864（測定5.22秒）
[2025/05/16 17:03:25] ステージ移動開始: fspeed=1000, pulses=1, direction=0
[2025/05/16 17:03:28] ステージ停止検出: 17:03:28.063（移動に2.20秒）
[2025/05/16 17:03:29] 測定開始: index=12, delay=80.06fs, 17:03:29.102
[2025/05/16 17:03:34] BG減算: 測定点 12 でBGスペクトルを引きました
[2025/05/16 17:03:34] 測定完了: index=12, max_intensity=2559.96, 17:03:34.322（測定5.22秒）
[2025/05/16 17:03:34] ステージ移動開始: fspeed=1000, pulses=1, direction=0
[2025/05/16 17:03:36] ステージ停止検出: 17:03:36.523（移動に2.20秒）
[2025/05/16 17:03:37] 測定開始: index=13, delay=86.73fs, 17:03:37.562
[2025/05/16 17:03:42] BG減算: 測定点 13 でBGスペクトルを引きました
[2025/05/16 17:03:42] 測定完了: index=13, max_intensity=5007.28, 17:03:42.786（測定5.22秒）
[2025/05/16 17:03:42] ステージ移動開始: fspeed=1000, pulses=1, direction=0
[2025/05/16 17:03:44] ステージ停止検出: 17:03:44.982（移動に2.19秒）
[2025/05/16 17:03:46] 測定開始: index=14, delay=93.40fs, 17:03:46.022
[2025/05/16 17:03:51] BG減算: 測定点 14 でBGスペクトルを引きました
[2025/05/16 17:03:51] 測定完了: index=14, max_intensity=7344.02, 17:03:51.248（測定5.23秒）
[2025/05/16 17:03:51] ステージ移動開始: fspeed=1000, pulses=1, direction=0
[2025/05/16 17:03:53] ステージ停止検出: 17:03:53.459（移動に2.21秒）
[2025/05/16 17:03:54] 測定開始: index=15, delay=100.07fs, 17:03:54.498
[2025/05/16 17:03:59] BG減算: 測定点 15 でBGスペクトルを引きました
[2025/05/16 17:03:59] 測定完了: index=15, max_intensity=1550.31, 17:03:59.720（測定5.22秒）
[2025/05/16 17:03:59] ステージ移動開始: fspeed=1000, pulses=1, direction=0
[2025/05/16 17:04:01] ステージ停止検出: 17:04:01.918（移動に2.19秒）
[2025/05/16 17:04:02] 測定開始: index=16, delay=106.74fs, 17:04:02.958
[2025/05/16 17:04:08] BG減算: 測定点 16 でBGスペクトルを引きました
[2025/05/16 17:04:08] 測定完了: index=16, max_intensity=2797.53, 17:04:08.179（測定5.22秒）
[2025/05/16 17:04:08] ステージ移動開始: fspeed=1000, pulses=1, direction=0
[2025/05/16 17:04:10] ステージ停止検出: 17:04:10.378（移動に2.19秒）
[2025/05/16 17:04:11] 測定開始: index=17, delay=113.41fs, 17:04:11.419
[2025/05/16 17:04:16] BG減算: 測定点 17 でBGスペクトルを引きました
[2025/05/16 17:04:16] 測定完了: index=17, max_intensity=579.58, 17:04:16.644（測定5.22秒）
[2025/05/16 17:04:16] ステージ移動開始: fspeed=1000, pulses=1, direction=0
[2025/05/16 17:04:18] ステージ停止検出: 17:04:18.838（移動に2.19秒）
[2025/05/16 17:04:19] 測定開始: index=18, delay=120.08fs, 17:04:19.878
[2025/05/16 17:04:25] BG減算: 測定点 18 でBGスペクトルを引きました
[2025/05/16 17:04:25] 測定完了: index=18, max_intensity=3370.96, 17:04:25.106（測定5.23秒）
[2025/05/16 17:04:25] ステージ移動開始: fspeed=1000, pulses=1, direction=0
[2025/05/16 17:04:27] ステージ停止検出: 17:04:27.315（移動に2.20秒）
[2025/05/16 17:04:28] 測定開始: index=19, delay=126.75fs, 17:04:28.355
[2025/05/16 17:04:33] BG減算: 測定点 19 でBGスペクトルを引きました
[2025/05/16 17:04:33] 測定完了: index=19, max_intensity=6535.07, 17:04:33.586（測定5.23秒）
[2025/05/16 17:04:33] ステージ移動開始: fspeed=1000, pulses=1, direction=0
[2025/05/16 17:04:35] ステージ停止検出: 17:04:35.791（移動に2.20秒）
[2025/05/16 17:04:36] 測定開始: index=20, delay=133.43fs, 17:04:36.815
[2025/05/16 17:04:42] BG減算: 測定点 20 でBGスペクトルを引きました
[2025/05/16 17:04:42] 測定完了: index=20, max_intensity=7206.80, 17:04:42.036（測定5.22秒）
[2025/05/16 17:04:42] ステージ移動開始: fspeed=1000, pulses=1, direction=0
[2025/05/16 17:04:44] ステージ停止検出: 17:04:44.235（移動に2.19秒）
[2025/05/16 17:04:45] 測定開始: index=21, delay=140.10fs, 17:04:45.275
[2025/05/16 17:04:50] BG減算: 測定点 21 でBGスペクトルを引きました
[2025/05/16 17:04:50] 測定完了: index=21, max_intensity=2248.67, 17:04:50.494（測定5.22秒）
[2025/05/16 17:04:50] ステージ移動開始: fspeed=1000, pulses=1, direction=0
[2025/05/16 17:04:52] ステージ停止検出: 17:04:52.680（移動に2.18秒）
[2025/05/16 17:04:53] 測定開始: index=22, delay=146.77fs, 17:04:53.719
[2025/05/16 17:04:58] BG減算: 測定点 22 でBGスペクトルを引きました
[2025/05/16 17:04:58] 測定完了: index=22, max_intensity=3459.02, 17:04:58.944（測定5.23秒）
[2025/05/16 17:04:58] ステージ移動開始: fspeed=1000, pulses=1, direction=0
[2025/05/16 17:05:01] ステージ停止検出: 17:05:01.140（移動に2.19秒）
[2025/05/16 17:05:02] 測定開始: index=23, delay=153.44fs, 17:05:02.178
[2025/05/16 17:05:07] BG減算: 測定点 23 でBGスペクトルを引きました
[2025/05/16 17:05:07] 測定完了: index=23, max_intensity=2437.08, 17:05:07.398（測定5.22秒）
[2025/05/16 17:05:07] ステージ移動開始: fspeed=1000, pulses=1, direction=0
[2025/05/16 17:05:09] ステージ停止検出: 17:05:09.599（移動に2.20秒）
[2025/05/16 17:05:10] 測定開始: index=24, delay=160.11fs, 17:05:10.639
[2025/05/16 17:05:15] BG減算: 測定点 24 でBGスペクトルを引きました
[2025/05/16 17:05:15] 測定完了: index=24, max_intensity=559.10, 17:05:15.861（測定5.22秒）
[2025/05/16 17:05:15] ステージ移動開始: fspeed=1000, pulses=1, direction=0
[2025/05/16 17:05:18] ステージ停止検出: 17:05:18.059（移動に2.19秒）
[2025/05/16 17:05:19] 測定開始: index=25, delay=166.78fs, 17:05:19.082
[2025/05/16 17:05:24] BG減算: 測定点 25 でBGスペクトルを引きました
[2025/05/16 17:05:24] 測定完了: index=25, max_intensity=514.04, 17:05:24.305（測定5.22秒）
[2025/05/16 17:05:24] ステージ移動開始: fspeed=1000, pulses=1, direction=0
[2025/05/16 17:05:26] ステージ停止検出: 17:05:26.487（移動に2.18秒）
[2025/05/16 17:05:27] 測定開始: index=26, delay=173.45fs, 17:05:27.526
[2025/05/16 17:05:32] BG減算: 測定点 26 でBGスペクトルを引きました
[2025/05/16 17:05:32] 測定完了: index=26, max_intensity=198.65, 17:05:32.751（測定5.22秒）
[2025/05/16 17:05:32] ステージ移動開始: fspeed=1000, pulses=1, direction=0
[2025/05/16 17:05:34] ステージ停止検出: 17:05:34.964（移動に2.21秒）
[2025/05/16 17:05:36] 測定開始: index=27, delay=180.12fs, 17:05:36.002
[2025/05/16 17:05:41] BG減算: 測定点 27 でBGスペクトルを引きました
[2025/05/16 17:05:41] 測定完了: index=27, max_intensity=233.47, 17:05:41.227（測定5.22秒）
[2025/05/16 17:05:41] ステージ移動開始: fspeed=1000, pulses=1, direction=0
[2025/05/16 17:05:43] ステージ停止検出: 17:05:43.423（移動に2.19秒）
[2025/05/16 17:05:44] 測定開始: index=28, delay=186.80fs, 17:05:44.463
[2025/05/16 17:05:49] BG減算: 測定点 28 でBGスペクトルを引きました
[2025/05/16 17:05:49] 測定完了: index=28, max_intensity=210.94, 17:05:49.688（測定5.23秒）
[2025/05/16 17:05:49] ステージ移動開始: fspeed=1000, pulses=1, direction=0
[2025/05/16 17:05:51] ステージ停止検出: 17:05:51.883（移動に2.19秒）
[2025/05/16 17:05:52] 測定開始: index=29, delay=193.47fs, 17:05:52.923
[2025/05/16 17:05:58] BG減算: 測定点 29 でBGスペクトルを引きました
[2025/05/16 17:05:58] 測定完了: index=29, max_intensity=198.65, 17:05:58.143（測定5.22秒）
[2025/05/16 17:05:58] ステージ移動開始: fspeed=1000, pulses=1, direction=0
[2025/05/16 17:06:00] ステージ停止検出: 17:06:00.343（移動に2.19秒）
[2025/05/16 17:06:01] 測定開始: index=30, delay=200.14fs, 17:06:01.383
[2025/05/16 17:06:06] BG減算: 測定点 30 でBGスペクトルを引きました
[2025/05/16 17:06:06] 測定完了: index=30, max_intensity=194.56, 17:06:06.604（測定5.22秒）
[2025/05/16 17:06:06] ステージ移動開始: fspeed=1000, pulses=1, direction=0
[2025/05/16 17:06:08] ステージ停止検出: 17:06:08.835（移動に2.23秒）
[2025/05/16 17:06:09] 測定開始: index=31, delay=206.81fs, 17:06:09.875
[2025/05/16 17:06:15] BG減算: 測定点 31 でBGスペクトルを引きました
[2025/05/16 17:06:15] 測定完了: index=31, max_intensity=194.56, 17:06:15.100（測定5.23秒）
[2025/05/16 17:06:15] ステージ移動開始: fspeed=1000, pulses=1, direction=0
[2025/05/16 17:06:17] ステージ停止検出: 17:06:17.295（移動に2.19秒）
[2025/05/16 17:06:18] 測定開始: index=32, delay=213.48fs, 17:06:18.334
[2025/05/16 17:06:23] BG減算: 測定点 32 でBGスペクトルを引きました
[2025/05/16 17:06:23] 測定完了: index=32, max_intensity=208.89, 17:06:23.560（測定5.23秒）
[2025/05/16 17:06:23] ステージ移動開始: fspeed=1000, pulses=1, direction=0
[2025/05/16 17:06:25] ステージ停止検出: 17:06:25.772（移動に2.21秒）
[2025/05/16 17:06:26] 測定開始: index=33, delay=220.15fs, 17:06:26.811
[2025/05/16 17:06:32] BG減算: 測定点 33 でBGスペクトルを引きました
[2025/05/16 17:06:32] 測定完了: index=33, max_intensity=235.52, 17:06:32.033（測定5.22秒）
[2025/05/16 17:06:32] ステージ移動開始: fspeed=1000, pulses=1, direction=0
[2025/05/16 17:06:34] ステージ停止検出: 17:06:34.231（移動に2.19秒）
[2025/05/16 17:06:35] 測定開始: index=34, delay=226.82fs, 17:06:35.271
[2025/05/16 17:06:40] BG減算: 測定点 34 でBGスペクトルを引きました
[2025/05/16 17:06:40] 測定完了: index=34, max_intensity=233.47, 17:06:40.498（測定5.23秒）
[2025/05/16 17:06:40] ステージ移動開始: fspeed=1000, pulses=1, direction=0
[2025/05/16 17:06:42] ステージ停止検出: 17:06:42.708（移動に2.20秒）
[2025/05/16 17:06:43] 測定開始: index=35, delay=233.49fs, 17:06:43.746
[2025/05/16 17:06:48] BG減算: 測定点 35 でBGスペクトルを引きました
[2025/05/16 17:06:48] 測定完了: index=35, max_intensity=178.17, 17:06:48.973（測定5.23秒）
[2025/05/16 17:06:48] ステージ移動開始: fspeed=1000, pulses=1, direction=0
[2025/05/16 17:06:51] ステージ停止検出: 17:06:51.183（移動に2.20秒）
[2025/05/16 17:06:52] 測定開始: index=36, delay=240.17fs, 17:06:52.222
[2025/05/16 17:06:57] BG減算: 測定点 36 でBGスペクトルを引きました
[2025/05/16 17:06:57] 測定完了: index=36, max_intensity=200.70, 17:06:57.445（測定5.22秒）
[2025/05/16 17:06:57] ステージ移動開始: fspeed=1000, pulses=1, direction=0
[2025/05/16 17:06:59] ステージ停止検出: 17:06:59.643（移動に2.19秒）
[2025/05/16 17:07:00] 測定開始: index=37, delay=246.84fs, 17:07:00.683
[2025/05/16 17:07:05] BG減算: 測定点 37 でBGスペクトルを引きました
[2025/05/16 17:07:05] 測定完了: index=37, max_intensity=268.28, 17:07:05.907（測定5.22秒）
[2025/05/16 17:07:05] ステージ移動開始: fspeed=1000, pulses=1, direction=0
[2025/05/16 17:07:08] ステージ停止検出: 17:07:08.119（移動に2.21秒）
[2025/05/16 17:07:09] 測定開始: index=38, delay=253.51fs, 17:07:09.160
[2025/05/16 17:07:14] BG減算: 測定点 38 でBGスペクトルを引きました
[2025/05/16 17:07:14] 測定完了: index=38, max_intensity=245.76, 17:07:14.386（測定5.23秒）
[2025/05/16 17:07:14] ステージ移動開始: fspeed=1000, pulses=1, direction=0
[2025/05/16 17:07:16] ステージ停止検出: 17:07:16.579（移動に2.19秒）
[2025/05/16 17:07:17] 測定開始: index=39, delay=260.18fs, 17:07:17.619
[2025/05/16 17:07:22] BG減算: 測定点 39 でBGスペクトルを引きました
[2025/05/16 17:07:22] 測定完了: index=39, max_intensity=237.56, 17:07:22.835（測定5.22秒）
[2025/05/16 17:07:22] ステージ移動開始: fspeed=1000, pulses=1, direction=0
[2025/05/16 17:07:25] ステージ停止検出: 17:07:25.023（移動に2.19秒）
[2025/05/16 17:07:26] 測定開始: index=40, delay=266.85fs, 17:07:26.063
[2025/05/16 17:07:31] BG減算: 測定点 40 でBGスペクトルを引きました
[2025/05/16 17:07:31] 測定完了: index=40, max_intensity=188.41, 17:07:31.288（測定5.22秒）
[2025/05/16 17:07:31] ステージ移動開始: fspeed=1000, pulses=1, direction=0
[2025/05/16 17:07:33] ステージ停止検出: 17:07:33.499（移動に2.21秒）
[2025/05/16 17:07:34] 測定開始: index=41, delay=273.52fs, 17:07:34.539
[2025/05/16 17:07:39] BG減算: 測定点 41 でBGスペクトルを引きました
[2025/05/16 17:07:39] 測定完了: index=41, max_intensity=284.67, 17:07:39.761（測定5.22秒）
[2025/05/16 17:07:39] ステージ移動開始: fspeed=1000, pulses=1, direction=0
[2025/05/16 17:07:41] ステージ停止検出: 17:07:41.960（移動に2.19秒）
[2025/05/16 17:07:42] 測定開始: index=42, delay=280.19fs, 17:07:42.999
[2025/05/16 17:07:48] BG減算: 測定点 42 でBGスペクトルを引きました
[2025/05/16 17:07:48] 測定完了: index=42, max_intensity=210.94, 17:07:48.217（測定5.22秒）
[2025/05/16 17:07:48] ステージ移動開始: fspeed=1000, pulses=1, direction=0
[2025/05/16 17:07:50] ステージ停止検出: 17:07:50.403（移動に2.18秒）
[2025/05/16 17:07:51] 測定開始: index=43, delay=286.87fs, 17:07:51.443
[2025/05/16 17:07:56] BG減算: 測定点 43 でBGスペクトルを引きました
[2025/05/16 17:07:56] 測定完了: index=43, max_intensity=190.46, 17:07:56.664（測定5.22秒）
[2025/05/16 17:07:56] ステージ移動開始: fspeed=1000, pulses=1, direction=0
[2025/05/16 17:07:58] ステージ停止検出: 17:07:58.847（移動に2.18秒）
[2025/05/16 17:07:59] 測定開始: index=44, delay=293.54fs, 17:07:59.887
[2025/05/16 17:08:05] BG減算: 測定点 44 でBGスペクトルを引きました
[2025/05/16 17:08:05] 測定完了: index=44, max_intensity=288.76, 17:08:05.112（測定5.22秒）
[2025/05/16 17:08:05] ステージ移動開始: fspeed=1000, pulses=1, direction=0
[2025/05/16 17:08:07] ステージ停止検出: 17:08:07.308（移動に2.19秒）
[2025/05/16 17:08:08] 測定開始: index=45, delay=300.21fs, 17:08:08.347
[2025/05/16 17:08:13] BG減算: 測定点 45 でBGスペクトルを引きました
[2025/05/16 17:08:13] 測定完了: index=45, max_intensity=212.99, 17:08:13.568（測定5.22秒）
[2025/05/16 17:08:13] ステージ移動開始: fspeed=1000, pulses=1, direction=0
[2025/05/16 17:08:15] ステージ停止検出: 17:08:15.768（移動に2.20秒）
[2025/05/16 17:08:16] 測定開始: index=46, delay=306.88fs, 17:08:16.807
[2025/05/16 17:08:22] BG減算: 測定点 46 でBGスペクトルを引きました
[2025/05/16 17:08:22] 測定完了: index=46, max_intensity=309.24, 17:08:22.024（測定5.22秒）
[2025/05/16 17:08:22] ステージ移動開始: fspeed=1000, pulses=1, direction=0
[2025/05/16 17:08:24] ステージ停止検出: 17:08:24.212（移動に2.18秒）
[2025/05/16 17:08:25] 測定開始: index=47, delay=313.55fs, 17:08:25.252
[2025/05/16 17:08:30] BG減算: 測定点 47 でBGスペクトルを引きました
[2025/05/16 17:08:30] 測定完了: index=47, max_intensity=194.56, 17:08:30.475（測定5.22秒）
[2025/05/16 17:08:30] ステージ移動開始: fspeed=1000, pulses=1, direction=0
[2025/05/16 17:08:32] ステージ停止検出: 17:08:32.688（移動に2.21秒）
[2025/05/16 17:08:33] 測定開始: index=48, delay=320.22fs, 17:08:33.727
[2025/05/16 17:08:38] BG減算: 測定点 48 でBGスペクトルを引きました
[2025/05/16 17:08:38] 測定完了: index=48, max_intensity=198.65, 17:08:38.946（測定5.22秒）
[2025/05/16 17:08:38] ステージ移動開始: fspeed=1000, pulses=1, direction=0
[2025/05/16 17:08:41] ステージ停止検出: 17:08:41.148（移動に2.20秒）
[2025/05/16 17:08:42] 測定開始: index=49, delay=326.89fs, 17:08:42.187
[2025/05/16 17:08:47] BG減算: 測定点 49 でBGスペクトルを引きました
[2025/05/16 17:08:47] 測定完了: index=49, max_intensity=317.44, 17:08:47.407（測定5.22秒）
[2025/05/16 17:08:47] ステージ移動開始: fspeed=1000, pulses=1, direction=0
[2025/05/16 17:08:49] ステージ停止検出: 17:08:49.592（移動に2.18秒）
[2025/05/16 17:08:50] 測定開始: index=50, delay=333.56fs, 17:08:50.631
[2025/05/16 17:08:55] BG減算: 測定点 50 でBGスペクトルを引きました
[2025/05/16 17:08:55] 測定完了: index=50, max_intensity=206.84, 17:08:55.848（測定5.22秒）
[2025/05/16 17:08:55] ステージ移動開始: fspeed=1000, pulses=1, direction=0
[2025/05/16 17:08:58] ステージ停止検出: 17:08:58.036（移動に2.18秒）
[2025/05/16 17:08:59] 測定開始: index=51, delay=340.24fs, 17:08:59.075
[2025/05/16 17:09:04] BG減算: 測定点 51 でBGスペクトルを引きました
[2025/05/16 17:09:04] 測定完了: index=51, max_intensity=229.37, 17:09:04.296（測定5.22秒）
[2025/05/16 17:09:04] ステージ移動開始: fspeed=1000, pulses=1, direction=0
[2025/05/16 17:09:06] ステージ停止検出: 17:09:06.496（移動に2.20秒）
[2025/05/16 17:09:07] 測定開始: index=52, delay=346.91fs, 17:09:07.535
[2025/05/16 17:09:12] BG減算: 測定点 52 でBGスペクトルを引きました
[2025/05/16 17:09:12] 測定完了: index=52, max_intensity=223.23, 17:09:12.753（測定5.22秒）
[2025/05/16 17:09:12] ステージ移動開始: fspeed=1000, pulses=1, direction=0
[2025/05/16 17:09:14] ステージ停止検出: 17:09:14.940（移動に2.18秒）
[2025/05/16 17:09:15] 測定開始: index=53, delay=353.58fs, 17:09:15.979
[2025/05/16 17:09:21] BG減算: 測定点 53 でBGスペクトルを引きました
[2025/05/16 17:09:21] 測定完了: index=53, max_intensity=382.97, 17:09:21.197（測定5.22秒）
[2025/05/16 17:09:21] ステージ移動開始: fspeed=1000, pulses=1, direction=0
[2025/05/16 17:09:23] ステージ停止検出: 17:09:23.384（移動に2.18秒）
[2025/05/16 17:09:24] 測定開始: index=54, delay=360.25fs, 17:09:24.424
[2025/05/16 17:09:29] BG減算: 測定点 54 でBGスペクトルを引きました
[2025/05/16 17:09:29] 測定完了: index=54, max_intensity=1642.47, 17:09:29.642（測定5.22秒）
[2025/05/16 17:09:29] ステージ移動開始: fspeed=1000, pulses=1, direction=0
[2025/05/16 17:09:31] ステージ停止検出: 17:09:31.844（移動に2.20秒）
[2025/05/16 17:09:32] 測定開始: index=55, delay=366.92fs, 17:09:32.884
[2025/05/16 17:09:38] BG減算: 測定点 55 でBGスペクトルを引きました
[2025/05/16 17:09:38] 測定完了: index=55, max_intensity=231.42, 17:09:38.106（測定5.22秒）
[2025/05/16 17:09:38] ステージ移動開始: fspeed=1000, pulses=1, direction=0
[2025/05/16 17:09:40] ステージ停止検出: 17:09:40.303（移動に2.19秒）
[2025/05/16 17:09:41] 測定開始: index=56, delay=373.59fs, 17:09:41.344
[2025/05/16 17:09:46] BG減算: 測定点 56 でBGスペクトルを引きました
[2025/05/16 17:09:46] 測定完了: index=56, max_intensity=198.65, 17:09:46.564（測定5.22秒）
[2025/05/16 17:09:46] ステージ移動開始: fspeed=1000, pulses=1, direction=0
[2025/05/16 17:09:48] ステージ停止検出: 17:09:48.763（移動に2.20秒）
[2025/05/16 17:09:49] 測定開始: index=57, delay=380.26fs, 17:09:49.803
[2025/05/16 17:09:55] BG減算: 測定点 57 でBGスペクトルを引きました
[2025/05/16 17:09:55] 測定完了: index=57, max_intensity=215.04, 17:09:55.022（測定5.22秒）
[2025/05/16 17:09:55] ステージ移動開始: fspeed=1000, pulses=1, direction=0
[2025/05/16 17:09:57] ステージ停止検出: 17:09:57.224（移動に2.20秒）
[2025/05/16 17:09:58] 測定開始: index=58, delay=386.93fs, 17:09:58.264
[2025/05/16 17:10:03] BG減算: 測定点 58 でBGスペクトルを引きました
[2025/05/16 17:10:03] 測定完了: index=58, max_intensity=5343.15, 17:10:03.489（測定5.23秒）
[2025/05/16 17:10:03] ステージ移動開始: fspeed=1000, pulses=1, direction=0
[2025/05/16 17:10:05] ステージ停止検出: 17:10:05.684（移動に2.19秒）
[2025/05/16 17:10:06] 測定開始: index=59, delay=393.61fs, 17:10:06.724
[2025/05/16 17:10:11] BG減算: 測定点 59 でBGスペクトルを引きました
[2025/05/16 17:10:11] 測定完了: index=59, max_intensity=4511.68, 17:10:11.948（測定5.22秒）
[2025/05/16 17:10:11] ステージ移動開始: fspeed=1000, pulses=1, direction=0
[2025/05/16 17:10:14] ステージ停止検出: 17:10:14.159（移動に2.21秒）
[2025/05/16 17:10:15] 測定開始: index=60, delay=400.28fs, 17:10:15.199
[2025/05/16 17:10:20] BG減算: 測定点 60 でBGスペクトルを引きました
[2025/05/16 17:10:20] 測定完了: index=60, max_intensity=5398.45, 17:10:20.416（測定5.22秒）
[2025/05/16 17:10:20] ステージ移動開始: fspeed=1000, pulses=1, direction=0
[2025/05/16 17:10:22] ステージ停止検出: 17:10:22.604（移動に2.18秒）
[2025/05/16 17:10:23] 測定開始: index=61, delay=406.95fs, 17:10:23.644
[2025/05/16 17:10:28] BG減算: 測定点 61 でBGスペクトルを引きました
[2025/05/16 17:10:28] 測定完了: index=61, max_intensity=5595.05, 17:10:28.868（測定5.22秒）
[2025/05/16 17:10:28] ステージ移動開始: fspeed=1000, pulses=1, direction=0
[2025/05/16 17:10:31] ステージ停止検出: 17:10:31.080（移動に2.21秒）
[2025/05/16 17:10:32] 測定開始: index=62, delay=413.62fs, 17:10:32.119
[2025/05/16 17:10:37] BG減算: 測定点 62 でBGスペクトルを引きました
[2025/05/16 17:10:37] 測定完了: index=62, max_intensity=5425.07, 17:10:37.344（測定5.22秒）
[2025/05/16 17:10:37] ステージ移動開始: fspeed=1000, pulses=1, direction=0
[2025/05/16 17:10:39] ステージ停止検出: 17:10:39.540（移動に2.19秒）
[2025/05/16 17:10:40] 測定開始: index=63, delay=420.29fs, 17:10:40.579
[2025/05/16 17:10:45] BG減算: 測定点 63 でBGスペクトルを引きました
[2025/05/16 17:10:45] 測定完了: index=63, max_intensity=6549.40, 17:10:45.805（測定5.23秒）
[2025/05/16 17:10:45] ステージ移動開始: fspeed=1000, pulses=1, direction=0
[2025/05/16 17:10:48] ステージ停止検出: 17:10:48.000（移動に2.19秒）
[2025/05/16 17:10:49] 測定開始: index=64, delay=426.96fs, 17:10:49.039
[2025/05/16 17:10:54] BG減算: 測定点 64 でBGスペクトルを引きました
[2025/05/16 17:10:54] 測定完了: index=64, max_intensity=5611.43, 17:10:54.260（測定5.22秒）
[2025/05/16 17:10:54] ステージ移動開始: fspeed=1000, pulses=1, direction=0
[2025/05/16 17:10:56] ステージ停止検出: 17:10:56.460（移動に2.19秒）
[2025/05/16 17:10:57] 測定開始: index=65, delay=433.63fs, 17:10:57.500
[2025/05/16 17:11:02] BG減算: 測定点 65 でBGスペクトルを引きました
[2025/05/16 17:11:02] 測定完了: index=65, max_intensity=6029.22, 17:11:02.718（測定5.22秒）
[2025/05/16 17:11:02] ステージ移動開始: fspeed=1000, pulses=1, direction=0
[2025/05/16 17:11:04] ステージ停止検出: 17:11:04.905（移動に2.18秒）
[2025/05/16 17:11:05] 測定開始: index=66, delay=440.30fs, 17:11:05.944
[2025/05/16 17:11:11] BG減算: 測定点 66 でBGスペクトルを引きました
[2025/05/16 17:11:11] 測定完了: index=66, max_intensity=6238.11, 17:11:11.173（測定5.23秒）
[2025/05/16 17:11:11] ステージ移動開始: fspeed=1000, pulses=1, direction=0
[2025/05/16 17:11:13] ステージ停止検出: 17:11:13.380（移動に2.20秒）
[2025/05/16 17:11:14] 測定開始: index=67, delay=446.98fs, 17:11:14.420
[2025/05/16 17:11:19] BG減算: 測定点 67 でBGスペクトルを引きました
[2025/05/16 17:11:19] 測定完了: index=67, max_intensity=5996.45, 17:11:19.642（測定5.22秒）
[2025/05/16 17:11:19] ステージ移動開始: fspeed=1000, pulses=1, direction=0
[2025/05/16 17:11:21] ステージ停止検出: 17:11:21.840（移動に2.19秒）
[2025/05/16 17:11:22] 測定開始: index=68, delay=453.65fs, 17:11:22.880
[2025/05/16 17:11:28] BG減算: 測定点 68 でBGスペクトルを引きました
[2025/05/16 17:11:28] 測定完了: index=68, max_intensity=6440.86, 17:11:28.105（測定5.22秒）
[2025/05/16 17:11:28] ステージ移動開始: fspeed=1000, pulses=1, direction=0
[2025/05/16 17:11:30] ステージ停止検出: 17:11:30.300（移動に2.19秒）
[2025/05/16 17:11:31] 測定開始: index=69, delay=460.32fs, 17:11:31.340
[2025/05/16 17:11:36] BG減算: 測定点 69 でBGスペクトルを引きました
[2025/05/16 17:11:36] 測定完了: index=69, max_intensity=6465.44, 17:11:36.565（測定5.23秒）
[2025/05/16 17:11:36] ステージ移動開始: fspeed=1000, pulses=1, direction=0
[2025/05/16 17:11:38] ステージ停止検出: 17:11:38.760（移動に2.19秒）
[2025/05/16 17:11:39] 測定開始: index=70, delay=466.99fs, 17:11:39.801
[2025/05/16 17:11:45] BG減算: 測定点 70 でBGスペクトルを引きました
[2025/05/16 17:11:45] 測定完了: index=70, max_intensity=6137.76, 17:11:45.020（測定5.22秒）
[2025/05/16 17:11:45] ステージ移動開始: fspeed=1000, pulses=1, direction=0
[2025/05/16 17:11:47] ステージ停止検出: 17:11:47.204（移動に2.18秒）
[2025/05/16 17:11:48] 測定開始: index=71, delay=473.66fs, 17:11:48.244
[2025/05/16 17:11:53] BG減算: 測定点 71 でBGスペクトルを引きました
[2025/05/16 17:11:53] 測定完了: index=71, max_intensity=6012.84, 17:11:53.466（測定5.22秒）
[2025/05/16 17:11:53] ステージ移動開始: fspeed=1000, pulses=1, direction=0
[2025/05/16 17:11:55] ステージ停止検出: 17:11:55.680（移動に2.21秒）
[2025/05/16 17:11:56] 測定開始: index=72, delay=480.33fs, 17:11:56.719
[2025/05/16 17:12:01] BG減算: 測定点 72 でBGスペクトルを引きました
[2025/05/16 17:12:01] 測定完了: index=72, max_intensity=262.14, 17:12:01.941（測定5.22秒）
[2025/05/16 17:12:01] ステージ移動開始: fspeed=1000, pulses=1, direction=0
[2025/05/16 17:12:04] ステージ停止検出: 17:12:04.140（移動に2.20秒）
[2025/05/16 17:12:05] 測定開始: index=73, delay=487.00fs, 17:12:05.180
[2025/05/16 17:12:10] BG減算: 測定点 73 でBGスペクトルを引きました
[2025/05/16 17:12:10] 測定完了: index=73, max_intensity=268.28, 17:12:10.400（測定5.22秒）
[2025/05/16 17:12:10] ステージ移動開始: fspeed=1000, pulses=1, direction=0
[2025/05/16 17:12:12] ステージ停止検出: 17:12:12.584（移動に2.18秒）
[2025/05/16 17:12:13] 測定開始: index=74, delay=493.67fs, 17:12:13.625
[2025/05/16 17:12:18] BG減算: 測定点 74 でBGスペクトルを引きました
[2025/05/16 17:12:18] 測定完了: index=74, max_intensity=256.00, 17:12:18.841（測定5.22秒）
[2025/05/16 17:12:19] 測定完了
