[2025/05/16 14:44:23] 測定データ保存先: c:\Users\KITAYAMA\KITAYAMA_FROG\bata\data\20250516_144423_FROG.txt , c:\Users\KITAYAMA\KITAYAMA_FROG\bata\data\20250516_144423_FROG.csv
[2025/05/16 14:44:24] 測定開始: index=0, delay=0.00fs, 14:44:24.845
[2025/05/16 14:44:27] BG減算: 測定点 0 でBGスペクトルを引きました
[2025/05/16 14:44:27] 測定完了: index=0, max_intensity=202.75, 14:44:27.069（測定2.22秒）
[2025/05/16 14:44:27] ステージ移動開始: fspeed=3000, pulses=150, direction=0
[2025/05/16 14:44:29] ステージ停止検出: 14:44:29.339（移動に2.27秒）
[2025/05/16 14:44:30] 測定開始: index=1, delay=1000.69fs, 14:44:30.362
[2025/05/16 14:44:32] BG減算: 測定点 1 でBGスペクトルを引きました
[2025/05/16 14:44:32] 測定完了: index=1, max_intensity=176.13, 14:44:32.588（測定2.23秒）
[2025/05/16 14:44:32] ステージ移動開始: fspeed=3000, pulses=150, direction=0
[2025/05/16 14:44:34] ステージ停止検出: 14:44:34.777（移動に2.18秒）
[2025/05/16 14:44:35] 測定開始: index=2, delay=2001.38fs, 14:44:35.817
[2025/05/16 14:44:38] BG減算: 測定点 2 でBGスペクトルを引きました
[2025/05/16 14:44:38] 測定完了: index=2, max_intensity=184.32, 14:44:38.044（測定2.23秒）
[2025/05/16 14:44:38] ステージ移動開始: fspeed=3000, pulses=150, direction=0
[2025/05/16 14:44:40] ステージ停止検出: 14:44:40.246（移動に2.20秒）
[2025/05/16 14:44:41] 測定開始: index=3, delay=3002.08fs, 14:44:41.285
[2025/05/16 14:44:43] BG減算: 測定点 3 でBGスペクトルを引きました
[2025/05/16 14:44:43] 測定完了: index=3, max_intensity=174.08, 14:44:43.508（測定2.22秒）
[2025/05/16 14:44:43] ステージ移動開始: fspeed=3000, pulses=150, direction=0
[2025/05/16 14:44:45] ステージ停止検出: 14:44:45.715（移動に2.20秒）
[2025/05/16 14:44:46] 測定開始: index=4, delay=4002.77fs, 14:44:46.755
[2025/05/16 14:44:48] BG減算: 測定点 4 でBGスペクトルを引きました
[2025/05/16 14:44:48] 測定完了: index=4, max_intensity=182.27, 14:44:48.974（測定2.22秒）
[2025/05/16 14:44:48] ステージ移動開始: fspeed=3000, pulses=150, direction=0
[2025/05/16 14:44:51] ステージ停止検出: 14:44:51.153（移動に2.18秒）
[2025/05/16 14:44:52] 測定開始: index=5, delay=5003.46fs, 14:44:52.193
[2025/05/16 14:44:54] BG減算: 測定点 5 でBGスペクトルを引きました
[2025/05/16 14:44:54] 測定完了: index=5, max_intensity=172.03, 14:44:54.421（測定2.23秒）
[2025/05/16 14:44:54] ステージ移動開始: fspeed=3000, pulses=150, direction=0
[2025/05/16 14:44:56] ステージ停止検出: 14:44:56.622（移動に2.19秒）
[2025/05/16 14:44:57] 測定開始: index=6, delay=6004.15fs, 14:44:57.663
[2025/05/16 14:44:59] BG減算: 測定点 6 でBGスペクトルを引きました
[2025/05/16 14:44:59] 測定完了: index=6, max_intensity=184.32, 14:44:59.893（測定2.23秒）
[2025/05/16 14:44:59] ステージ移動開始: fspeed=3000, pulses=150, direction=0
[2025/05/16 14:45:02] ステージ停止検出: 14:45:02.108（移動に2.21秒）
[2025/05/16 14:45:03] 測定開始: index=7, delay=7004.85fs, 14:45:03.131
[2025/05/16 14:45:05] BG減算: 測定点 7 でBGスペクトルを引きました
[2025/05/16 14:45:05] 測定完了: index=7, max_intensity=180.22, 14:45:05.356（測定2.23秒）
[2025/05/16 14:45:05] ステージ移動開始: fspeed=3000, pulses=150, direction=0
[2025/05/16 14:45:07] ステージ停止検出: 14:45:07.545（移動に2.18秒）
[2025/05/16 14:45:08] 測定開始: index=8, delay=8005.54fs, 14:45:08.585
[2025/05/16 14:45:10] BG減算: 測定点 8 でBGスペクトルを引きました
[2025/05/16 14:45:10] 測定完了: index=8, max_intensity=17520.37, 14:45:10.812（測定2.23秒）
[2025/05/16 14:45:10] ステージ移動開始: fspeed=3000, pulses=150, direction=0
[2025/05/16 14:45:13] ステージ停止検出: 14:45:13.014（移動に2.20秒）
[2025/05/16 14:45:14] 測定開始: index=9, delay=9006.23fs, 14:45:14.054
[2025/05/16 14:45:16] BG減算: 測定点 9 でBGスペクトルを引きました
[2025/05/16 14:45:16] 測定完了: index=9, max_intensity=11507.54, 14:45:16.284（測定2.23秒）
[2025/05/16 14:45:16] ステージ移動開始: fspeed=3000, pulses=150, direction=0
[2025/05/16 14:45:18] ステージ停止検出: 14:45:18.484（移動に2.20秒）
[2025/05/16 14:45:19] 測定開始: index=10, delay=10006.92fs, 14:45:19.524
[2025/05/16 14:45:21] BG減算: 測定点 10 でBGスペクトルを引きました
[2025/05/16 14:45:21] 測定完了: index=10, max_intensity=17149.69, 14:45:21.753（測定2.23秒）
[2025/05/16 14:45:21] ステージ移動開始: fspeed=3000, pulses=150, direction=0
[2025/05/16 14:45:23] ステージ停止検出: 14:45:23.954（移動に2.20秒）
[2025/05/16 14:45:24] 測定開始: index=11, delay=11007.62fs, 14:45:24.993
[2025/05/16 14:45:27] BG減算: 測定点 11 でBGスペクトルを引きました
[2025/05/16 14:45:27] 測定完了: index=11, max_intensity=4194.24, 14:45:27.209（測定2.22秒）
[2025/05/16 14:45:27] ステージ移動開始: fspeed=3000, pulses=150, direction=0
[2025/05/16 14:45:29] ステージ停止検出: 14:45:29.391（移動に2.18秒）
[2025/05/16 14:45:30] 測定開始: index=12, delay=12008.31fs, 14:45:30.431
[2025/05/16 14:45:32] BG減算: 測定点 12 でBGスペクトルを引きました
[2025/05/16 14:45:32] 測定完了: index=12, max_intensity=28728.91, 14:45:32.660（測定2.23秒）
[2025/05/16 14:45:32] ステージ移動開始: fspeed=3000, pulses=150, direction=0
[2025/05/16 14:45:34] ステージ停止検出: 14:45:34.860（移動に2.20秒）
[2025/05/16 14:45:35] 測定開始: index=13, delay=13009.00fs, 14:45:35.900
[2025/05/16 14:45:38] BG減算: 測定点 13 でBGスペクトルを引きました
[2025/05/16 14:45:38] 測定完了: index=13, max_intensity=14675.74, 14:45:38.126（測定2.23秒）
[2025/05/16 14:45:38] ステージ移動開始: fspeed=3000, pulses=150, direction=0
[2025/05/16 14:45:40] ステージ停止検出: 14:45:40.314（移動に2.18秒）
[2025/05/16 14:45:41] 測定開始: index=14, delay=14009.69fs, 14:45:41.353
[2025/05/16 14:45:43] BG減算: 測定点 14 でBGスペクトルを引きました
[2025/05/16 14:45:43] 測定完了: index=14, max_intensity=18933.47, 14:45:43.581（測定2.23秒）
[2025/05/16 14:45:43] ステージ移動開始: fspeed=3000, pulses=150, direction=0
[2025/05/16 14:45:45] ステージ停止検出: 14:45:45.783（移動に2.19秒）
[2025/05/16 14:45:46] 測定開始: index=15, delay=15010.38fs, 14:45:46.822
[2025/05/16 14:45:49] BG減算: 測定点 15 でBGスペクトルを引きました
[2025/05/16 14:45:49] 測定完了: index=15, max_intensity=51944.68, 14:45:49.038（測定2.22秒）
[2025/05/16 14:45:49] ステージ移動開始: fspeed=3000, pulses=150, direction=0
[2025/05/16 14:45:51] ステージ停止検出: 14:45:51.220（移動に2.18秒）
[2025/05/16 14:45:52] 測定開始: index=16, delay=16011.08fs, 14:45:52.261
[2025/05/16 14:45:54] BG減算: 測定点 16 でBGスペクトルを引きました
[2025/05/16 14:45:54] 測定完了: index=16, max_intensity=190.46, 14:45:54.479（測定2.22秒）
[2025/05/16 14:45:54] ステージ移動開始: fspeed=3000, pulses=150, direction=0
[2025/05/16 14:45:56] ステージ停止検出: 14:45:56.674（移動に2.19秒）
[2025/05/16 14:45:57] 測定開始: index=17, delay=17011.77fs, 14:45:57.714
[2025/05/16 14:45:59] BG減算: 測定点 17 でBGスペクトルを引きました
[2025/05/16 14:45:59] 測定完了: index=17, max_intensity=167.93, 14:45:59.929（測定2.22秒）
[2025/05/16 14:45:59] ステージ移動開始: fspeed=3000, pulses=150, direction=0
[2025/05/16 14:46:02] ステージ停止検出: 14:46:02.111（移動に2.18秒）
[2025/05/16 14:46:03] 測定開始: index=18, delay=18012.46fs, 14:46:03.151
[2025/05/16 14:46:05] BG減算: 測定点 18 でBGスペクトルを引きました
[2025/05/16 14:46:05] 測定完了: index=18, max_intensity=206.84, 14:46:05.371（測定2.22秒）
[2025/05/16 14:46:05] ステージ移動開始: fspeed=3000, pulses=150, direction=0
[2025/05/16 14:46:07] ステージ停止検出: 14:46:07.549（移動に2.17秒）
[2025/05/16 14:46:08] 測定開始: index=19, delay=19013.15fs, 14:46:08.589
[2025/05/16 14:46:10] BG減算: 測定点 19 でBGスペクトルを引きました
[2025/05/16 14:46:10] 測定完了: index=19, max_intensity=163.84, 14:46:10.806（測定2.22秒）
[2025/05/16 14:46:10] ステージ移動開始: fspeed=3000, pulses=150, direction=0
[2025/05/16 14:46:13] ステージ停止検出: 14:46:13.018（移動に2.21秒）
[2025/05/16 14:46:14] 測定開始: index=20, delay=20013.85fs, 14:46:14.058
[2025/05/16 14:46:16] BG減算: 測定点 20 でBGスペクトルを引きました
[2025/05/16 14:46:16] 測定完了: index=20, max_intensity=196.61, 14:46:16.275（測定2.22秒）
[2025/05/16 14:46:16] ステージ移動開始: fspeed=3000, pulses=150, direction=0
[2025/05/16 14:46:18] ステージ停止検出: 14:46:18.472（移動に2.19秒）
[2025/05/16 14:46:19] 測定開始: index=21, delay=21014.54fs, 14:46:19.512
[2025/05/16 14:46:21] BG減算: 測定点 21 でBGスペクトルを引きました
[2025/05/16 14:46:21] 測定完了: index=21, max_intensity=182.27, 14:46:21.736（測定2.22秒）
[2025/05/16 14:46:21] ステージ移動開始: fspeed=3000, pulses=150, direction=0
[2025/05/16 14:46:23] ステージ停止検出: 14:46:23.941（移動に2.20秒）
[2025/05/16 14:46:24] 測定開始: index=22, delay=22015.23fs, 14:46:24.981
[2025/05/16 14:46:27] BG減算: 測定点 22 でBGスペクトルを引きました
[2025/05/16 14:46:27] 測定完了: index=22, max_intensity=169.98, 14:46:27.209（測定2.23秒）
[2025/05/16 14:46:27] ステージ移動開始: fspeed=3000, pulses=150, direction=0
[2025/05/16 14:46:29] ステージ停止検出: 14:46:29.411（移動に2.20秒）
[2025/05/16 14:46:30] 測定開始: index=23, delay=23015.92fs, 14:46:30.450
[2025/05/16 14:46:32] BG減算: 測定点 23 でBGスペクトルを引きました
[2025/05/16 14:46:32] 測定完了: index=23, max_intensity=172.03, 14:46:32.678（測定2.23秒）
[2025/05/16 14:46:32] ステージ移動開始: fspeed=3000, pulses=150, direction=0
[2025/05/16 14:46:34] ステージ停止検出: 14:46:34.881（移動に2.20秒）
[2025/05/16 14:46:35] 測定開始: index=24, delay=24016.61fs, 14:46:35.921
[2025/05/16 14:46:38] BG減算: 測定点 24 でBGスペクトルを引きました
[2025/05/16 14:46:38] 測定完了: index=24, max_intensity=16662.27, 14:46:38.149（測定2.23秒）
[2025/05/16 14:46:38] ステージ移動開始: fspeed=3000, pulses=150, direction=0
[2025/05/16 14:46:40] ステージ停止検出: 14:46:40.350（移動に2.20秒）
[2025/05/16 14:46:41] 測定開始: index=25, delay=25017.31fs, 14:46:41.389
[2025/05/16 14:46:43] BG減算: 測定点 25 でBGスペクトルを引きました
[2025/05/16 14:46:43] 測定完了: index=25, max_intensity=41440.65, 14:46:43.615（測定2.23秒）
[2025/05/16 14:46:43] ステージ移動開始: fspeed=3000, pulses=150, direction=0
[2025/05/16 14:46:45] ステージ停止検出: 14:46:45.820（移動に2.20秒）
[2025/05/16 14:46:46] 測定開始: index=26, delay=26018.00fs, 14:46:46.859
[2025/05/16 14:46:49] BG減算: 測定点 26 でBGスペクトルを引きました
[2025/05/16 14:46:49] 測定完了: index=26, max_intensity=5199.79, 14:46:49.084（測定2.23秒）
[2025/05/16 14:46:49] ステージ移動開始: fspeed=3000, pulses=150, direction=0
[2025/05/16 14:46:51] ステージ停止検出: 14:46:51.288（移動に2.20秒）
[2025/05/16 14:46:52] 測定開始: index=27, delay=27018.69fs, 14:46:52.328
[2025/05/16 14:46:54] BG減算: 測定点 27 でBGスペクトルを引きました
[2025/05/16 14:46:54] 測定完了: index=27, max_intensity=64414.76, 14:46:54.556（測定2.23秒）
[2025/05/16 14:46:54] ステージ移動開始: fspeed=3000, pulses=150, direction=0
[2025/05/16 14:46:56] ステージ停止検出: 14:46:56.758（移動に2.20秒）
[2025/05/16 14:46:57] 測定開始: index=28, delay=28019.38fs, 14:46:57.798
[2025/05/16 14:47:00] BG減算: 測定点 28 でBGスペクトルを引きました
[2025/05/16 14:47:00] 測定完了: index=28, max_intensity=26013.30, 14:47:00.017（測定2.22秒）
[2025/05/16 14:47:00] ステージ移動開始: fspeed=3000, pulses=150, direction=0
[2025/05/16 14:47:02] ステージ停止検出: 14:47:02.212（移動に2.19秒）
[2025/05/16 14:47:03] 測定開始: index=29, delay=29020.08fs, 14:47:03.251
[2025/05/16 14:47:05] BG減算: 測定点 29 でBGスペクトルを引きました
[2025/05/16 14:47:05] 測定完了: index=29, max_intensity=57889.93, 14:47:05.479（測定2.23秒）
[2025/05/16 14:47:05] ステージ移動開始: fspeed=3000, pulses=150, direction=0
[2025/05/16 14:47:07] ステージ停止検出: 14:47:07.681（移動に2.20秒）
[2025/05/16 14:47:08] 測定開始: index=30, delay=30020.77fs, 14:47:08.720
[2025/05/16 14:47:10] BG減算: 測定点 30 でBGスペクトルを引きました
[2025/05/16 14:47:10] 測定完了: index=30, max_intensity=176.13, 14:47:10.952（測定2.23秒）
[2025/05/16 14:47:10] ステージ移動開始: fspeed=3000, pulses=150, direction=0
[2025/05/16 14:47:13] ステージ停止検出: 14:47:13.150（移動に2.19秒）
[2025/05/16 14:47:14] 測定開始: index=31, delay=31021.46fs, 14:47:14.190
[2025/05/16 14:47:16] BG減算: 測定点 31 でBGスペクトルを引きました
[2025/05/16 14:47:16] 測定完了: index=31, max_intensity=184.32, 14:47:16.415（測定2.23秒）
[2025/05/16 14:47:16] ステージ移動開始: fspeed=3000, pulses=150, direction=0
[2025/05/16 14:47:18] ステージ停止検出: 14:47:18.620（移動に2.20秒）
[2025/05/16 14:47:19] 測定開始: index=32, delay=32022.15fs, 14:47:19.659
[2025/05/16 14:47:21] BG減算: 測定点 32 でBGスペクトルを引きました
[2025/05/16 14:47:21] 測定完了: index=32, max_intensity=229.37, 14:47:21.880（測定2.22秒）
[2025/05/16 14:47:21] ステージ移動開始: fspeed=3000, pulses=150, direction=0
[2025/05/16 14:47:24] ステージ停止検出: 14:47:24.090（移動に2.21秒）
[2025/05/16 14:47:25] 測定開始: index=33, delay=33022.85fs, 14:47:25.129
[2025/05/16 14:47:27] BG減算: 測定点 33 でBGスペクトルを引きました
[2025/05/16 14:47:27] 測定完了: index=33, max_intensity=182.27, 14:47:27.348（測定2.22秒）
[2025/05/16 14:47:27] ステージ移動開始: fspeed=3000, pulses=150, direction=0
[2025/05/16 14:47:29] ステージ停止検出: 14:47:29.558（移動に2.21秒）
[2025/05/16 14:47:30] 測定開始: index=34, delay=34023.54fs, 14:47:30.598
[2025/05/16 14:47:32] BG減算: 測定点 34 でBGスペクトルを引きました
[2025/05/16 14:47:32] 測定完了: index=34, max_intensity=172.03, 14:47:32.821（測定2.22秒）
[2025/05/16 14:47:32] ステージ移動開始: fspeed=3000, pulses=150, direction=0
[2025/05/16 14:47:35] ステージ停止検出: 14:47:35.027（移動に2.20秒）
[2025/05/16 14:47:36] 測定開始: index=35, delay=35024.23fs, 14:47:36.067
[2025/05/16 14:47:38] BG減算: 測定点 35 でBGスペクトルを引きました
[2025/05/16 14:47:38] 測定完了: index=35, max_intensity=157.69, 14:47:38.292（測定2.23秒）
[2025/05/16 14:47:38] ステージ移動開始: fspeed=3000, pulses=150, direction=0
[2025/05/16 14:47:40] ステージ停止検出: 14:47:40.498（移動に2.20秒）
[2025/05/16 14:47:41] 測定開始: index=36, delay=36024.92fs, 14:47:41.537
[2025/05/16 14:47:43] BG減算: 測定点 36 でBGスペクトルを引きました
[2025/05/16 14:47:43] 測定完了: index=36, max_intensity=174.08, 14:47:43.771（測定2.23秒）
[2025/05/16 14:47:43] ステージ移動開始: fspeed=3000, pulses=150, direction=0
[2025/05/16 14:47:45] ステージ停止検出: 14:47:45.968（移動に2.19秒）
[2025/05/16 14:47:47] 測定開始: index=37, delay=37025.61fs, 14:47:47.006
[2025/05/16 14:47:49] BG減算: 測定点 37 でBGスペクトルを引きました
[2025/05/16 14:47:49] 測定完了: index=37, max_intensity=202.75, 14:47:49.226（測定2.22秒）
[2025/05/16 14:47:49] ステージ移動開始: fspeed=3000, pulses=150, direction=0
[2025/05/16 14:47:51] ステージ停止検出: 14:47:51.437（移動に2.21秒）
[2025/05/16 14:47:52] 測定開始: index=38, delay=38026.31fs, 14:47:52.476
[2025/05/16 14:47:54] BG減算: 測定点 38 でBGスペクトルを引きました
[2025/05/16 14:47:54] 測定完了: index=38, max_intensity=165.89, 14:47:54.697（測定2.22秒）
[2025/05/16 14:47:54] ステージ移動開始: fspeed=3000, pulses=150, direction=0
[2025/05/16 14:47:56] ステージ停止検出: 14:47:56.906（移動に2.20秒）
[2025/05/16 14:47:57] 測定開始: index=39, delay=39027.00fs, 14:47:57.945
[2025/05/16 14:48:00] BG減算: 測定点 39 でBGスペクトルを引きました
[2025/05/16 14:48:00] 測定完了: index=39, max_intensity=161.79, 14:48:00.165（測定2.22秒）
[2025/05/16 14:48:01] 測定完了
