[2025/05/16 17:51:26] 測定データ保存先: c:\Users\KITAYAMA\KITAYAMA_FROG\bata\data\20250516_175126_FROG.txt , c:\Users\KITAYAMA\KITAYAMA_FROG\bata\data\20250516_175126_FROG.csv
[2025/05/16 17:51:27] 測定開始: index=0, delay=0.00fs, 17:51:27.159
[2025/05/16 17:51:32] BG減算: 測定点 0 でBGスペクトルを引きました
[2025/05/16 17:51:32] 測定完了: index=0, max_intensity=6727.58, 17:51:32.386（測定5.23秒）
[2025/05/16 17:51:32] ステージ移動開始: fspeed=3000, pulses=150, direction=0
[2025/05/16 17:51:34] ステージ停止検出: 17:51:34.628（移動に2.24秒）
[2025/05/16 17:51:35] 測定開始: index=1, delay=1000.69fs, 17:51:35.667
[2025/05/16 17:51:40] BG減算: 測定点 1 でBGスペクトルを引きました
[2025/05/16 17:51:40] 測定完了: index=1, max_intensity=6623.13, 17:51:40.892（測定5.22秒）
[2025/05/16 17:51:40] ステージ移動開始: fspeed=3000, pulses=150, direction=0
[2025/05/16 17:51:43] ステージ停止検出: 17:51:43.088（移動に2.19秒）
[2025/05/16 17:51:44] 測定開始: index=2, delay=2001.38fs, 17:51:44.128
[2025/05/16 17:51:49] BG減算: 測定点 2 でBGスペクトルを引きました
[2025/05/16 17:51:49] 測定完了: index=2, max_intensity=8232.83, 17:51:49.351（測定5.22秒）
[2025/05/16 17:51:49] ステージ移動開始: fspeed=3000, pulses=150, direction=0
[2025/05/16 17:51:51] ステージ停止検出: 17:51:51.548（移動に2.19秒）
[2025/05/16 17:51:52] 測定開始: index=3, delay=3002.08fs, 17:51:52.588
[2025/05/16 17:51:57] BG減算: 測定点 3 でBGスペクトルを引きました
[2025/05/16 17:51:57] 測定完了: index=3, max_intensity=7780.23, 17:51:57.809（測定5.22秒）
[2025/05/16 17:51:57] ステージ移動開始: fspeed=3000, pulses=150, direction=0
[2025/05/16 17:52:00] ステージ停止検出: 17:52:00.008（移動に2.19秒）
[2025/05/16 17:52:01] 測定開始: index=4, delay=4002.77fs, 17:52:01.047
[2025/05/16 17:52:06] BG減算: 測定点 4 でBGスペクトルを引きました
[2025/05/16 17:52:06] 測定完了: index=4, max_intensity=360.44, 17:52:06.270（測定5.22秒）
[2025/05/16 17:52:06] ステージ移動開始: fspeed=3000, pulses=150, direction=0
[2025/05/16 17:52:08] ステージ停止検出: 17:52:08.468（移動に2.19秒）
[2025/05/16 17:52:09] 測定開始: index=5, delay=5003.46fs, 17:52:09.510
[2025/05/16 17:52:14] BG減算: 測定点 5 でBGスペクトルを引きました
[2025/05/16 17:52:14] 測定完了: index=5, max_intensity=6530.97, 17:52:14.737（測定5.23秒）
[2025/05/16 17:52:14] ステージ移動開始: fspeed=3000, pulses=150, direction=0
[2025/05/16 17:52:16] ステージ停止検出: 17:52:16.928（移動に2.19秒）
[2025/05/16 17:52:17] 測定開始: index=6, delay=6004.15fs, 17:52:17.968
[2025/05/16 17:52:23] BG減算: 測定点 6 でBGスペクトルを引きました
[2025/05/16 17:52:23] 測定完了: index=6, max_intensity=294.91, 17:52:23.185（測定5.22秒）
[2025/05/16 17:52:23] ステージ移動開始: fspeed=3000, pulses=150, direction=0
[2025/05/16 17:52:25] ステージ停止検出: 17:52:25.372（移動に2.18秒）
[2025/05/16 17:52:26] 測定開始: index=7, delay=7004.85fs, 17:52:26.412
[2025/05/16 17:52:31] BG減算: 測定点 7 でBGスペクトルを引きました
[2025/05/16 17:52:31] 測定完了: index=7, max_intensity=5732.26, 17:52:31.629（測定5.22秒）
[2025/05/16 17:52:31] ステージ移動開始: fspeed=3000, pulses=150, direction=0
[2025/05/16 17:52:33] ステージ停止検出: 17:52:33.815（移動に2.18秒）
[2025/05/16 17:52:34] 測定開始: index=8, delay=8005.54fs, 17:52:34.856
[2025/05/16 17:52:40] BG減算: 測定点 8 でBGスペクトルを引きました
[2025/05/16 17:52:40] 測定完了: index=8, max_intensity=8232.83, 17:52:40.076（測定5.22秒）
[2025/05/16 17:52:40] ステージ移動開始: fspeed=3000, pulses=150, direction=0
[2025/05/16 17:52:42] ステージ停止検出: 17:52:42.276（移動に2.20秒）
[2025/05/16 17:52:43] 測定開始: index=9, delay=9006.23fs, 17:52:43.316
[2025/05/16 17:52:48] BG減算: 測定点 9 でBGスペクトルを引きました
[2025/05/16 17:52:48] 測定完了: index=9, max_intensity=8171.40, 17:52:48.538（測定5.22秒）
[2025/05/16 17:52:48] ステージ移動開始: fspeed=3000, pulses=150, direction=0
[2025/05/16 17:52:50] ステージ停止検出: 17:52:50.736（移動に2.19秒）
[2025/05/16 17:52:51] 測定開始: index=10, delay=10006.92fs, 17:52:51.775
[2025/05/16 17:52:56] BG減算: 測定点 10 でBGスペクトルを引きました
[2025/05/16 17:52:56] 測定完了: index=10, max_intensity=6131.62, 17:52:56.995（測定5.22秒）
[2025/05/16 17:52:56] ステージ移動開始: fspeed=3000, pulses=150, direction=0
[2025/05/16 17:52:59] ステージ停止検出: 17:52:59.197（移動に2.20秒）
[2025/05/16 17:53:00] 測定開始: index=11, delay=11007.62fs, 17:53:00.236
[2025/05/16 17:53:05] BG減算: 測定点 11 でBGスペクトルを引きました
[2025/05/16 17:53:05] 測定完了: index=11, max_intensity=2981.84, 17:53:05.462（測定5.23秒）
[2025/05/16 17:53:05] ステージ移動開始: fspeed=3000, pulses=150, direction=0
[2025/05/16 17:53:07] ステージ停止検出: 17:53:07.673（移動に2.20秒）
[2025/05/16 17:53:08] 測定開始: index=12, delay=12008.31fs, 17:53:08.712
[2025/05/16 17:53:13] BG減算: 測定点 12 でBGスペクトルを引きました
[2025/05/16 17:53:13] 測定完了: index=12, max_intensity=241.66, 17:53:13.935（測定5.22秒）
[2025/05/16 17:53:13] ステージ移動開始: fspeed=3000, pulses=150, direction=0
[2025/05/16 17:53:16] ステージ停止検出: 17:53:16.132（移動に2.19秒）
[2025/05/16 17:53:17] 測定開始: index=13, delay=13009.00fs, 17:53:17.172
[2025/05/16 17:53:22] BG減算: 測定点 13 でBGスペクトルを引きました
[2025/05/16 17:53:22] 測定完了: index=13, max_intensity=2095.07, 17:53:22.393（測定5.22秒）
[2025/05/16 17:53:22] ステージ移動開始: fspeed=3000, pulses=150, direction=0
[2025/05/16 17:53:24] ステージ停止検出: 17:53:24.577（移動に2.18秒）
[2025/05/16 17:53:25] 測定開始: index=14, delay=14009.69fs, 17:53:25.616
[2025/05/16 17:53:30] BG減算: 測定点 14 でBGスペクトルを引きました
[2025/05/16 17:53:30] 測定完了: index=14, max_intensity=5883.81, 17:53:30.836（測定5.22秒）
[2025/05/16 17:53:30] ステージ移動開始: fspeed=3000, pulses=150, direction=0
[2025/05/16 17:53:33] ステージ停止検出: 17:53:33.036（移動に2.20秒）
[2025/05/16 17:53:34] 測定開始: index=15, delay=15010.38fs, 17:53:34.061
[2025/05/16 17:53:39] BG減算: 測定点 15 でBGスペクトルを引きました
[2025/05/16 17:53:39] 測定完了: index=15, max_intensity=3614.66, 17:53:39.282（測定5.22秒）
[2025/05/16 17:53:39] ステージ移動開始: fspeed=3000, pulses=150, direction=0
[2025/05/16 17:53:41] ステージ停止検出: 17:53:41.464（移動に2.18秒）
[2025/05/16 17:53:42] 測定開始: index=16, delay=16011.08fs, 17:53:42.504
[2025/05/16 17:53:47] BG減算: 測定点 16 でBGスペクトルを引きました
[2025/05/16 17:53:47] 測定完了: index=16, max_intensity=8580.99, 17:53:47.725（測定5.22秒）
[2025/05/16 17:53:47] ステージ移動開始: fspeed=3000, pulses=150, direction=0
[2025/05/16 17:53:49] ステージ停止検出: 17:53:49.940（移動に2.21秒）
[2025/05/16 17:53:50] 測定開始: index=17, delay=17011.77fs, 17:53:50.981
[2025/05/16 17:53:56] BG減算: 測定点 17 でBGスペクトルを引きました
[2025/05/16 17:53:56] 測定完了: index=17, max_intensity=1957.86, 17:53:56.198（測定5.22秒）
[2025/05/16 17:53:56] ステージ移動開始: fspeed=3000, pulses=150, direction=0
[2025/05/16 17:53:58] ステージ停止検出: 17:53:58.385（移動に2.18秒）
[2025/05/16 17:53:59] 測定開始: index=18, delay=18012.46fs, 17:53:59.424
[2025/05/16 17:54:04] BG減算: 測定点 18 でBGスペクトルを引きました
[2025/05/16 17:54:04] 測定完了: index=18, max_intensity=7159.70, 17:54:04.644（測定5.22秒）
[2025/05/16 17:54:04] ステージ移動開始: fspeed=3000, pulses=150, direction=0
[2025/05/16 17:54:06] ステージ停止検出: 17:54:06.829（移動に2.18秒）
[2025/05/16 17:54:07] 測定開始: index=19, delay=19013.15fs, 17:54:07.868
[2025/05/16 17:54:13] BG減算: 測定点 19 でBGスペクトルを引きました
[2025/05/16 17:54:13] 測定完了: index=19, max_intensity=8226.69, 17:54:13.087（測定5.22秒）
[2025/05/16 17:54:13] ステージ移動開始: fspeed=3000, pulses=150, direction=0
[2025/05/16 17:54:15] ステージ停止検出: 17:54:15.289（移動に2.20秒）
[2025/05/16 17:54:16] 測定開始: index=20, delay=20013.85fs, 17:54:16.329
[2025/05/16 17:54:21] BG減算: 測定点 20 でBGスペクトルを引きました
[2025/05/16 17:54:21] 測定完了: index=20, max_intensity=8675.20, 17:54:21.552（測定5.22秒）
[2025/05/16 17:54:21] ステージ移動開始: fspeed=3000, pulses=150, direction=0
[2025/05/16 17:54:23] ステージ停止検出: 17:54:23.748（移動に2.19秒）
[2025/05/16 17:54:24] 測定開始: index=21, delay=21014.54fs, 17:54:24.789
[2025/05/16 17:54:30] BG減算: 測定点 21 でBGスペクトルを引きました
[2025/05/16 17:54:30] 測定完了: index=21, max_intensity=8439.68, 17:54:30.010（測定5.22秒）
[2025/05/16 17:54:30] ステージ移動開始: fspeed=3000, pulses=150, direction=0
[2025/05/16 17:54:32] ステージ停止検出: 17:54:32.193（移動に2.18秒）
[2025/05/16 17:54:33] 測定開始: index=22, delay=22015.23fs, 17:54:33.231
[2025/05/16 17:54:38] BG減算: 測定点 22 でBGスペクトルを引きました
[2025/05/16 17:54:38] 測定完了: index=22, max_intensity=5953.45, 17:54:38.460（測定5.23秒）
[2025/05/16 17:54:38] ステージ移動開始: fspeed=3000, pulses=150, direction=0
[2025/05/16 17:54:40] ステージ停止検出: 17:54:40.669（移動に2.21秒）
[2025/05/16 17:54:41] 測定開始: index=23, delay=23015.92fs, 17:54:41.709
[2025/05/16 17:54:46] BG減算: 測定点 23 でBGスペクトルを引きました
[2025/05/16 17:54:46] 測定完了: index=23, max_intensity=2666.46, 17:54:46.930（測定5.22秒）
[2025/05/16 17:54:46] ステージ移動開始: fspeed=3000, pulses=150, direction=0
[2025/05/16 17:54:49] ステージ停止検出: 17:54:49.129（移動に2.19秒）
[2025/05/16 17:54:50] 測定開始: index=24, delay=24016.61fs, 17:54:50.168
[2025/05/16 17:54:55] BG減算: 測定点 24 でBGスペクトルを引きました
[2025/05/16 17:54:55] 測定完了: index=24, max_intensity=1857.51, 17:54:55.388（測定5.22秒）
[2025/05/16 17:54:55] ステージ移動開始: fspeed=3000, pulses=150, direction=0
[2025/05/16 17:54:57] ステージ停止検出: 17:54:57.573（移動に2.18秒）
[2025/05/16 17:54:58] 測定開始: index=25, delay=25017.31fs, 17:54:58.612
[2025/05/16 17:55:03] BG減算: 測定点 25 でBGスペクトルを引きました
[2025/05/16 17:55:03] 測定完了: index=25, max_intensity=229.37, 17:55:03.833（測定5.22秒）
[2025/05/16 17:55:03] ステージ移動開始: fspeed=3000, pulses=150, direction=0
[2025/05/16 17:55:06] ステージ停止検出: 17:55:06.017（移動に2.18秒）
[2025/05/16 17:55:07] 測定開始: index=26, delay=26018.00fs, 17:55:07.057
[2025/05/16 17:55:12] BG減算: 測定点 26 でBGスペクトルを引きました
[2025/05/16 17:55:12] 測定完了: index=26, max_intensity=1611.75, 17:55:12.270（測定5.21秒）
[2025/05/16 17:55:12] ステージ移動開始: fspeed=3000, pulses=150, direction=0
[2025/05/16 17:55:14] ステージ停止検出: 17:55:14.461（移動に2.19秒）
[2025/05/16 17:55:15] 測定開始: index=27, delay=27018.69fs, 17:55:15.500
[2025/05/16 17:55:20] BG減算: 測定点 27 でBGスペクトルを引きました
[2025/05/16 17:55:20] 測定完了: index=27, max_intensity=251.90, 17:55:20.719（測定5.22秒）
[2025/05/16 17:55:20] ステージ移動開始: fspeed=3000, pulses=150, direction=0
[2025/05/16 17:55:22] ステージ停止検出: 17:55:22.937（移動に2.21秒）
[2025/05/16 17:55:23] 測定開始: index=28, delay=28019.38fs, 17:55:23.976
[2025/05/16 17:55:29] BG減算: 測定点 28 でBGスペクトルを引きました
[2025/05/16 17:55:29] 測定完了: index=28, max_intensity=258.04, 17:55:29.197（測定5.22秒）
[2025/05/16 17:55:29] ステージ移動開始: fspeed=3000, pulses=150, direction=0
[2025/05/16 17:55:31] ステージ停止検出: 17:55:31.397（移動に2.20秒）
[2025/05/16 17:55:32] 測定開始: index=29, delay=29020.08fs, 17:55:32.437
[2025/05/16 17:55:37] BG減算: 測定点 29 でBGスペクトルを引きました
[2025/05/16 17:55:37] 測定完了: index=29, max_intensity=253.95, 17:55:37.658（測定5.22秒）
[2025/05/16 17:55:37] ステージ移動開始: fspeed=3000, pulses=150, direction=0
[2025/05/16 17:55:39] ステージ停止検出: 17:55:39.840（移動に2.18秒）
[2025/05/16 17:55:40] 測定開始: index=30, delay=30020.77fs, 17:55:40.880
[2025/05/16 17:55:46] BG減算: 測定点 30 でBGスペクトルを引きました
[2025/05/16 17:55:46] 測定完了: index=30, max_intensity=227.32, 17:55:46.100（測定5.22秒）
[2025/05/16 17:55:46] ステージ移動開始: fspeed=3000, pulses=150, direction=0
[2025/05/16 17:55:48] ステージ停止検出: 17:55:48.285（移動に2.18秒）
[2025/05/16 17:55:49] 測定開始: index=31, delay=31021.46fs, 17:55:49.325
[2025/05/16 17:55:54] BG減算: 測定点 31 でBGスペクトルを引きました
[2025/05/16 17:55:54] 測定完了: index=31, max_intensity=247.80, 17:55:54.545（測定5.22秒）
[2025/05/16 17:55:54] ステージ移動開始: fspeed=3000, pulses=150, direction=0
[2025/05/16 17:55:56] ステージ停止検出: 17:55:56.729（移動に2.18秒）
[2025/05/16 17:55:57] 測定開始: index=32, delay=32022.15fs, 17:55:57.769
[2025/05/16 17:56:02] BG減算: 測定点 32 でBGスペクトルを引きました
[2025/05/16 17:56:02] 測定完了: index=32, max_intensity=296.96, 17:56:02.987（測定5.22秒）
[2025/05/16 17:56:02] ステージ移動開始: fspeed=3000, pulses=150, direction=0
[2025/05/16 17:56:05] ステージ停止検出: 17:56:05.173（移動に2.18秒）
[2025/05/16 17:56:06] 測定開始: index=33, delay=33022.85fs, 17:56:06.212
[2025/05/16 17:56:11] BG減算: 測定点 33 でBGスペクトルを引きました
[2025/05/16 17:56:11] 測定完了: index=33, max_intensity=352.25, 17:56:11.436（測定5.22秒）
[2025/05/16 17:56:11] ステージ移動開始: fspeed=3000, pulses=150, direction=0
[2025/05/16 17:56:13] ステージ停止検出: 17:56:13.649（移動に2.21秒）
[2025/05/16 17:56:14] 測定開始: index=34, delay=34023.54fs, 17:56:14.673
[2025/05/16 17:56:19] BG減算: 測定点 34 でBGスペクトルを引きました
[2025/05/16 17:56:19] 測定完了: index=34, max_intensity=290.81, 17:56:19.891（測定5.22秒）
[2025/05/16 17:56:19] ステージ移動開始: fspeed=3000, pulses=150, direction=0
[2025/05/16 17:56:22] ステージ停止検出: 17:56:22.078（移動に2.18秒）
[2025/05/16 17:56:23] 測定開始: index=35, delay=35024.23fs, 17:56:23.117
[2025/05/16 17:56:28] BG減算: 測定点 35 でBGスペクトルを引きました
[2025/05/16 17:56:28] 測定完了: index=35, max_intensity=413.69, 17:56:28.342（測定5.23秒）
[2025/05/16 17:56:28] ステージ移動開始: fspeed=3000, pulses=150, direction=0
[2025/05/16 17:56:30] ステージ停止検出: 17:56:30.553（移動に2.20秒）
[2025/05/16 17:56:31] 測定開始: index=36, delay=36024.92fs, 17:56:31.592
[2025/05/16 17:56:36] BG減算: 測定点 36 でBGスペクトルを引きました
[2025/05/16 17:56:36] 測定完了: index=36, max_intensity=1077.23, 17:56:36.811（測定5.22秒）
[2025/05/16 17:56:36] ステージ移動開始: fspeed=3000, pulses=150, direction=0
[2025/05/16 17:56:39] ステージ停止検出: 17:56:39.013（移動に2.20秒）
[2025/05/16 17:56:40] 測定開始: index=37, delay=37025.61fs, 17:56:40.053
[2025/05/16 17:56:45] BG減算: 測定点 37 でBGスペクトルを引きました
[2025/05/16 17:56:45] 測定完了: index=37, max_intensity=368.63, 17:56:45.277（測定5.22秒）
[2025/05/16 17:56:45] ステージ移動開始: fspeed=3000, pulses=150, direction=0
[2025/05/16 17:56:47] ステージ停止検出: 17:56:47.457（移動に2.18秒）
[2025/05/16 17:56:48] 測定開始: index=38, delay=38026.31fs, 17:56:48.496
[2025/05/16 17:56:53] BG減算: 測定点 38 でBGスペクトルを引きました
[2025/05/16 17:56:53] 測定完了: index=38, max_intensity=229.37, 17:56:53.714（測定5.22秒）
[2025/05/16 17:56:53] ステージ移動開始: fspeed=3000, pulses=150, direction=0
[2025/05/16 17:56:55] ステージ停止検出: 17:56:55.901（移動に2.18秒）
[2025/05/16 17:56:56] 測定開始: index=39, delay=39027.00fs, 17:56:56.941
[2025/05/16 17:57:02] BG減算: 測定点 39 でBGスペクトルを引きました
[2025/05/16 17:57:02] 測定完了: index=39, max_intensity=313.34, 17:57:02.163（測定5.22秒）
[2025/05/16 17:57:02] ステージ移動開始: fspeed=3000, pulses=150, direction=0
[2025/05/16 17:57:04] ステージ停止検出: 17:57:04.361（移動に2.19秒）
[2025/05/16 17:57:05] 測定開始: index=40, delay=40027.69fs, 17:57:05.400
[2025/05/16 17:57:10] BG減算: 測定点 40 でBGスペクトルを引きました
[2025/05/16 17:57:10] 測定完了: index=40, max_intensity=206.84, 17:57:10.625（測定5.22秒）
[2025/05/16 17:57:10] ステージ移動開始: fspeed=3000, pulses=150, direction=0
[2025/05/16 17:57:12] ステージ停止検出: 17:57:12.821（移動に2.19秒）
[2025/05/16 17:57:13] 測定開始: index=41, delay=41028.38fs, 17:57:13.860
[2025/05/16 17:57:19] BG減算: 測定点 41 でBGスペクトルを引きました
[2025/05/16 17:57:19] 測定完了: index=41, max_intensity=313.34, 17:57:19.083（測定5.22秒）
[2025/05/16 17:57:19] ステージ移動開始: fspeed=3000, pulses=150, direction=0
[2025/05/16 17:57:21] ステージ停止検出: 17:57:21.281（移動に2.19秒）
[2025/05/16 17:57:22] 測定開始: index=42, delay=42029.08fs, 17:57:22.321
[2025/05/16 17:57:27] BG減算: 測定点 42 でBGスペクトルを引きました
[2025/05/16 17:57:27] 測定完了: index=42, max_intensity=393.21, 17:57:27.544（測定5.22秒）
[2025/05/16 17:57:27] ステージ移動開始: fspeed=3000, pulses=150, direction=0
[2025/05/16 17:57:29] ステージ停止検出: 17:57:29.742（移動に2.19秒）
[2025/05/16 17:57:30] 測定開始: index=43, delay=43029.77fs, 17:57:30.781
[2025/05/16 17:57:35] BG減算: 測定点 43 でBGスペクトルを引きました
[2025/05/16 17:57:36] 測定完了: index=43, max_intensity=237.56, 17:57:36.004（測定5.22秒）
[2025/05/16 17:57:36] ステージ移動開始: fspeed=3000, pulses=150, direction=0
[2025/05/16 17:57:38] ステージ停止検出: 17:57:38.202（移動に2.19秒）
[2025/05/16 17:57:39] 測定開始: index=44, delay=44030.46fs, 17:57:39.241
[2025/05/16 17:57:44] BG減算: 測定点 44 でBGスペクトルを引きました
[2025/05/16 17:57:44] 測定完了: index=44, max_intensity=1236.97, 17:57:44.460（測定5.22秒）
[2025/05/16 17:57:44] ステージ移動開始: fspeed=3000, pulses=150, direction=0
[2025/05/16 17:57:46] ステージ停止検出: 17:57:46.645（移動に2.18秒）
[2025/05/16 17:57:47] 測定開始: index=45, delay=45031.15fs, 17:57:47.685
[2025/05/16 17:57:52] BG減算: 測定点 45 でBGスペクトルを引きました
[2025/05/16 17:57:52] 測定完了: index=45, max_intensity=966.64, 17:57:52.903（測定5.22秒）
[2025/05/16 17:57:52] ステージ移動開始: fspeed=3000, pulses=150, direction=0
[2025/05/16 17:57:55] ステージ停止検出: 17:57:55.090（移動に2.18秒）
[2025/05/16 17:57:56] 測定開始: index=46, delay=46031.85fs, 17:57:56.129
[2025/05/16 17:58:01] BG減算: 測定点 46 でBGスペクトルを引きました
[2025/05/16 17:58:01] 測定完了: index=46, max_intensity=659.45, 17:58:01.351（測定5.22秒）
[2025/05/16 17:58:01] ステージ移動開始: fspeed=3000, pulses=150, direction=0
[2025/05/16 17:58:03] ステージ停止検出: 17:58:03.550（移動に2.19秒）
[2025/05/16 17:58:04] 測定開始: index=47, delay=47032.54fs, 17:58:04.589
[2025/05/16 17:58:09] BG減算: 測定点 47 でBGスペクトルを引きました
[2025/05/16 17:58:09] 測定完了: index=47, max_intensity=247.80, 17:58:09.811（測定5.22秒）
[2025/05/16 17:58:09] ステージ移動開始: fspeed=3000, pulses=150, direction=0
[2025/05/16 17:58:11] ステージ停止検出: 17:58:11.993（移動に2.18秒）
[2025/05/16 17:58:13] 測定開始: index=48, delay=48033.23fs, 17:58:13.033
[2025/05/16 17:58:18] BG減算: 測定点 48 でBGスペクトルを引きました
[2025/05/16 17:58:18] 測定完了: index=48, max_intensity=333.82, 17:58:18.253（測定5.22秒）
[2025/05/16 17:58:18] ステージ移動開始: fspeed=3000, pulses=150, direction=0
[2025/05/16 17:58:20] ステージ停止検出: 17:58:20.437（移動に2.18秒）
[2025/05/16 17:58:21] 測定開始: index=49, delay=49033.92fs, 17:58:21.478
[2025/05/16 17:58:26] BG減算: 測定点 49 でBGスペクトルを引きました
[2025/05/16 17:58:26] 測定完了: index=49, max_intensity=219.13, 17:58:26.697（測定5.22秒）
[2025/05/16 17:58:26] ステージ移動開始: fspeed=3000, pulses=150, direction=0
[2025/05/16 17:58:28] ステージ停止検出: 17:58:28.898（移動に2.20秒）
[2025/05/16 17:58:29] 測定開始: index=50, delay=50034.61fs, 17:58:29.937
[2025/05/16 17:58:35] BG減算: 測定点 50 でBGスペクトルを引きました
[2025/05/16 17:58:35] 測定完了: index=50, max_intensity=200.70, 17:58:35.162（測定5.23秒）
[2025/05/16 17:58:35] ステージ移動開始: fspeed=3000, pulses=150, direction=0
[2025/05/16 17:58:37] ステージ停止検出: 17:58:37.357（移動に2.19秒）
[2025/05/16 17:58:38] 測定開始: index=51, delay=51035.31fs, 17:58:38.397
[2025/05/16 17:58:43] BG減算: 測定点 51 でBGスペクトルを引きました
[2025/05/16 17:58:43] 測定完了: index=51, max_intensity=231.42, 17:58:43.621（測定5.22秒）
[2025/05/16 17:58:43] ステージ移動開始: fspeed=3000, pulses=150, direction=0
[2025/05/16 17:58:45] ステージ停止検出: 17:58:45.818（移動に2.19秒）
[2025/05/16 17:58:46] 測定開始: index=52, delay=52036.00fs, 17:58:46.856
[2025/05/16 17:58:52] BG減算: 測定点 52 でBGスペクトルを引きました
[2025/05/16 17:58:52] 測定完了: index=52, max_intensity=270.33, 17:58:52.080（測定5.22秒）
[2025/05/16 17:58:52] ステージ移動開始: fspeed=3000, pulses=150, direction=0
[2025/05/16 17:58:54] ステージ停止検出: 17:58:54.262（移動に2.18秒）
[2025/05/16 17:58:55] 測定開始: index=53, delay=53036.69fs, 17:58:55.301
[2025/05/16 17:59:00] BG減算: 測定点 53 でBGスペクトルを引きました
[2025/05/16 17:59:00] 測定完了: index=53, max_intensity=204.80, 17:59:00.526（測定5.23秒）
[2025/05/16 17:59:00] ステージ移動開始: fspeed=3000, pulses=150, direction=0
[2025/05/16 17:59:02] ステージ停止検出: 17:59:02.738（移動に2.21秒）
[2025/05/16 17:59:03] 測定開始: index=54, delay=54037.38fs, 17:59:03.778
[2025/05/16 17:59:08] BG減算: 測定点 54 でBGスペクトルを引きました
[2025/05/16 17:59:09] 測定完了: index=54, max_intensity=370.68, 17:59:09.002（測定5.22秒）
[2025/05/16 17:59:09] ステージ移動開始: fspeed=3000, pulses=150, direction=0
[2025/05/16 17:59:11] ステージ停止検出: 17:59:11.197（移動に2.19秒）
[2025/05/16 17:59:12] 測定開始: index=55, delay=55038.08fs, 17:59:12.237
[2025/05/16 17:59:17] BG減算: 測定点 55 でBGスペクトルを引きました
[2025/05/16 17:59:17] 測定完了: index=55, max_intensity=219.13, 17:59:17.456（測定5.22秒）
[2025/05/16 17:59:17] ステージ移動開始: fspeed=3000, pulses=150, direction=0
[2025/05/16 17:59:19] ステージ停止検出: 17:59:19.641（移動に2.18秒）
[2025/05/16 17:59:20] 測定開始: index=56, delay=56038.77fs, 17:59:20.681
[2025/05/16 17:59:25] BG減算: 測定点 56 でBGスペクトルを引きました
[2025/05/16 17:59:25] 測定完了: index=56, max_intensity=360.44, 17:59:25.903（測定5.22秒）
[2025/05/16 17:59:25] ステージ移動開始: fspeed=3000, pulses=150, direction=0
[2025/05/16 17:59:28] ステージ停止検出: 17:59:28.086（移動に2.18秒）
[2025/05/16 17:59:29] 測定開始: index=57, delay=57039.46fs, 17:59:29.125
[2025/05/16 17:59:34] BG減算: 測定点 57 でBGスペクトルを引きました
[2025/05/16 17:59:34] 測定完了: index=57, max_intensity=219.13, 17:59:34.348（測定5.22秒）
[2025/05/16 17:59:34] ステージ移動開始: fspeed=3000, pulses=150, direction=0
[2025/05/16 17:59:36] ステージ停止検出: 17:59:36.530（移動に2.18秒）
[2025/05/16 17:59:37] 測定開始: index=58, delay=58040.15fs, 17:59:37.570
[2025/05/16 17:59:42] BG減算: 測定点 58 でBGスペクトルを引きました
[2025/05/16 17:59:42] 測定完了: index=58, max_intensity=276.48, 17:59:42.791（測定5.22秒）
[2025/05/16 17:59:42] ステージ移動開始: fspeed=3000, pulses=150, direction=0
[2025/05/16 17:59:44] ステージ停止検出: 17:59:44.973（移動に2.18秒）
[2025/05/16 17:59:46] 測定開始: index=59, delay=59040.84fs, 17:59:46.014
[2025/05/16 17:59:51] BG減算: 測定点 59 でBGスペクトルを引きました
[2025/05/16 17:59:51] 測定完了: index=59, max_intensity=268.28, 17:59:51.235（測定5.22秒）
[2025/05/16 17:59:52] 測定完了
