[2025/05/16 16:42:14] 測定データ保存先: c:\Users\KITAYAMA\KITAYAMA_FROG\bata\data\20250516_164214_FROG.txt , c:\Users\KITAYAMA\KITAYAMA_FROG\bata\data\20250516_164214_FROG.csv
[2025/05/16 16:42:15] 測定開始: index=0, delay=0.00fs, 16:42:15.131
[2025/05/16 16:42:20] BG減算: 測定点 0 でBGスペクトルを引きました
[2025/05/16 16:42:20] 測定完了: index=0, max_intensity=585.72, 16:42:20.351（測定5.22秒）
[2025/05/16 16:42:20] ステージ移動開始: fspeed=1000, pulses=1, direction=0
[2025/05/16 16:42:22] ステージ停止検出: 16:42:22.631（移動に2.27秒）
[2025/05/16 16:42:23] 測定開始: index=1, delay=6.67fs, 16:42:23.671
[2025/05/16 16:42:28] BG減算: 測定点 1 でBGスペクトルを引きました
[2025/05/16 16:42:28] 測定完了: index=1, max_intensity=190.46, 16:42:28.895（測定5.22秒）
[2025/05/16 16:42:28] ステージ移動開始: fspeed=1000, pulses=1, direction=0
[2025/05/16 16:42:31] ステージ停止検出: 16:42:31.091（移動に2.19秒）
[2025/05/16 16:42:32] 測定開始: index=2, delay=13.34fs, 16:42:32.132
[2025/05/16 16:42:37] BG減算: 測定点 2 でBGスペクトルを引きました
[2025/05/16 16:42:37] 測定完了: index=2, max_intensity=897.01, 16:42:37.354（測定5.22秒）
[2025/05/16 16:42:37] ステージ移動開始: fspeed=1000, pulses=1, direction=0
[2025/05/16 16:42:39] ステージ停止検出: 16:42:39.551（移動に2.19秒）
[2025/05/16 16:42:40] 測定開始: index=3, delay=20.01fs, 16:42:40.575
[2025/05/16 16:42:45] BG減算: 測定点 3 でBGスペクトルを引きました
[2025/05/16 16:42:45] 測定完了: index=3, max_intensity=229.37, 16:42:45.799（測定5.22秒）
[2025/05/16 16:42:45] ステージ移動開始: fspeed=1000, pulses=1, direction=0
[2025/05/16 16:42:48] ステージ停止検出: 16:42:48.012（移動に2.21秒）
[2025/05/16 16:42:49] 測定開始: index=4, delay=26.69fs, 16:42:49.051
[2025/05/16 16:42:54] BG減算: 測定点 4 でBGスペクトルを引きました
[2025/05/16 16:42:54] 測定完了: index=4, max_intensity=722.93, 16:42:54.272（測定5.22秒）
[2025/05/16 16:42:54] ステージ移動開始: fspeed=1000, pulses=1, direction=0
[2025/05/16 16:42:56] ステージ停止検出: 16:42:56.456（移動に2.18秒）
[2025/05/16 16:42:57] 測定開始: index=5, delay=33.36fs, 16:42:57.495
[2025/05/16 16:43:02] BG減算: 測定点 5 でBGスペクトルを引きました
[2025/05/16 16:43:02] 測定完了: index=5, max_intensity=3108.82, 16:43:02.713（測定5.22秒）
[2025/05/16 16:43:02] ステージ移動開始: fspeed=1000, pulses=1, direction=0
[2025/05/16 16:43:04] ステージ停止検出: 16:43:04.900（移動に2.18秒）
[2025/05/16 16:43:05] 測定開始: index=6, delay=40.03fs, 16:43:05.939
[2025/05/16 16:43:11] BG減算: 測定点 6 でBGスペクトルを引きました
[2025/05/16 16:43:11] 測定完了: index=6, max_intensity=3340.24, 16:43:11.161（測定5.22秒）
[2025/05/16 16:43:11] ステージ移動開始: fspeed=1000, pulses=1, direction=0
[2025/05/16 16:43:13] ステージ停止検出: 16:43:13.360（移動に2.19秒）
[2025/05/16 16:43:14] 測定開始: index=7, delay=46.70fs, 16:43:14.382
[2025/05/16 16:43:19] BG減算: 測定点 7 でBGスペクトルを引きました
[2025/05/16 16:43:19] 測定完了: index=7, max_intensity=409.59, 16:43:19.608（測定5.23秒）
[2025/05/16 16:43:19] ステージ移動開始: fspeed=1000, pulses=1, direction=0
[2025/05/16 16:43:21] ステージ停止検出: 16:43:21.804（移動に2.19秒）
[2025/05/16 16:43:22] 測定開始: index=8, delay=53.37fs, 16:43:22.844
[2025/05/16 16:43:28] BG減算: 測定点 8 でBGスペクトルを引きました
[2025/05/16 16:43:28] 測定完了: index=8, max_intensity=2885.59, 16:43:28.061（測定5.22秒）
[2025/05/16 16:43:28] ステージ移動開始: fspeed=1000, pulses=1, direction=0
[2025/05/16 16:43:30] ステージ停止検出: 16:43:30.247（移動に2.18秒）
[2025/05/16 16:43:31] 測定開始: index=9, delay=60.04fs, 16:43:31.287
[2025/05/16 16:43:36] BG減算: 測定点 9 でBGスペクトルを引きました
[2025/05/16 16:43:36] 測定完了: index=9, max_intensity=694.26, 16:43:36.506（測定5.22秒）
[2025/05/16 16:43:36] ステージ移動開始: fspeed=1000, pulses=1, direction=0
[2025/05/16 16:43:38] ステージ停止検出: 16:43:38.707（移動に2.20秒）
[2025/05/16 16:43:39] 測定開始: index=10, delay=66.71fs, 16:43:39.747
[2025/05/16 16:43:44] BG減算: 測定点 10 でBGスペクトルを引きました
[2025/05/16 16:43:44] 測定完了: index=10, max_intensity=657.40, 16:43:44.973（測定5.23秒）
[2025/05/16 16:43:44] ステージ移動開始: fspeed=1000, pulses=1, direction=0
[2025/05/16 16:43:47] ステージ停止検出: 16:43:47.168（移動に2.19秒）
[2025/05/16 16:43:48] 測定開始: index=11, delay=73.38fs, 16:43:48.208
[2025/05/16 16:43:53] BG減算: 測定点 11 でBGスペクトルを引きました
[2025/05/16 16:43:53] 測定完了: index=11, max_intensity=671.73, 16:43:53.430（測定5.22秒）
[2025/05/16 16:43:53] ステージ移動開始: fspeed=1000, pulses=1, direction=0
[2025/05/16 16:43:55] ステージ停止検出: 16:43:55.644（移動に2.21秒）
[2025/05/16 16:43:56] 測定開始: index=12, delay=80.06fs, 16:43:56.683
[2025/05/16 16:44:01] BG減算: 測定点 12 でBGスペクトルを引きました
[2025/05/16 16:44:01] 測定完了: index=12, max_intensity=1824.74, 16:44:01.902（測定5.22秒）
[2025/05/16 16:44:01] ステージ移動開始: fspeed=1000, pulses=1, direction=0
[2025/05/16 16:44:04] ステージ停止検出: 16:44:04.104（移動に2.20秒）
[2025/05/16 16:44:05] 測定開始: index=13, delay=86.73fs, 16:44:05.143
[2025/05/16 16:44:10] BG減算: 測定点 13 でBGスペクトルを引きました
[2025/05/16 16:44:10] 測定完了: index=13, max_intensity=5949.35, 16:44:10.366（測定5.22秒）
[2025/05/16 16:44:10] ステージ移動開始: fspeed=1000, pulses=1, direction=0
[2025/05/16 16:44:12] ステージ停止検出: 16:44:12.565（移動に2.20秒）
[2025/05/16 16:44:13] 測定開始: index=14, delay=93.40fs, 16:44:13.604
[2025/05/16 16:44:18] BG減算: 測定点 14 でBGスペクトルを引きました
[2025/05/16 16:44:18] 測定完了: index=14, max_intensity=3555.27, 16:44:18.824（測定5.22秒）
[2025/05/16 16:44:18] ステージ移動開始: fspeed=1000, pulses=1, direction=0
[2025/05/16 16:44:21] ステージ停止検出: 16:44:21.025（移動に2.20秒）
[2025/05/16 16:44:22] 測定開始: index=15, delay=100.07fs, 16:44:22.064
[2025/05/16 16:44:27] BG減算: 測定点 15 でBGスペクトルを引きました
[2025/05/16 16:44:27] 測定完了: index=15, max_intensity=1433.58, 16:44:27.288（測定5.22秒）
[2025/05/16 16:44:27] ステージ移動開始: fspeed=1000, pulses=1, direction=0
[2025/05/16 16:44:29] ステージ停止検出: 16:44:29.500（移動に2.21秒）
[2025/05/16 16:44:30] 測定開始: index=16, delay=106.74fs, 16:44:30.540
[2025/05/16 16:44:35] BG減算: 測定点 16 でBGスペクトルを引きました
[2025/05/16 16:44:35] 測定完了: index=16, max_intensity=417.79, 16:44:35.764（測定5.22秒）
[2025/05/16 16:44:35] ステージ移動開始: fspeed=1000, pulses=1, direction=0
[2025/05/16 16:44:37] ステージ停止検出: 16:44:37.977（移動に2.21秒）
[2025/05/16 16:44:38] 測定開始: index=17, delay=113.41fs, 16:44:38.999
[2025/05/16 16:44:44] BG減算: 測定点 17 でBGスペクトルを引きました
[2025/05/16 16:44:44] 測定完了: index=17, max_intensity=428.03, 16:44:44.225（測定5.23秒）
[2025/05/16 16:44:44] ステージ移動開始: fspeed=1000, pulses=1, direction=0
[2025/05/16 16:44:46] ステージ停止検出: 16:44:46.436（移動に2.20秒）
[2025/05/16 16:44:47] 測定開始: index=18, delay=120.08fs, 16:44:47.476
[2025/05/16 16:44:52] BG減算: 測定点 18 でBGスペクトルを引きました
[2025/05/16 16:44:52] 測定完了: index=18, max_intensity=380.92, 16:44:52.698（測定5.22秒）
[2025/05/16 16:44:52] ステージ移動開始: fspeed=1000, pulses=1, direction=0
[2025/05/16 16:44:54] ステージ停止検出: 16:44:54.913（移動に2.21秒）
[2025/05/16 16:44:55] 測定開始: index=19, delay=126.75fs, 16:44:55.951
[2025/05/16 16:45:01] BG減算: 測定点 19 でBGスペクトルを引きました
[2025/05/16 16:45:01] 測定完了: index=19, max_intensity=411.64, 16:45:01.175（測定5.22秒）
[2025/05/16 16:45:01] ステージ移動開始: fspeed=1000, pulses=1, direction=0
[2025/05/16 16:45:03] ステージ停止検出: 16:45:03.372（移動に2.19秒）
[2025/05/16 16:45:04] 測定開始: index=20, delay=133.43fs, 16:45:04.412
[2025/05/16 16:45:09] BG減算: 測定点 20 でBGスペクトルを引きました
[2025/05/16 16:45:09] 測定完了: index=20, max_intensity=462.84, 16:45:09.628（測定5.22秒）
[2025/05/16 16:45:09] ステージ移動開始: fspeed=1000, pulses=1, direction=0
[2025/05/16 16:45:11] ステージ停止検出: 16:45:11.816（移動に2.18秒）
[2025/05/16 16:45:12] 測定開始: index=21, delay=140.10fs, 16:45:12.855
[2025/05/16 16:45:18] BG減算: 測定点 21 でBGスペクトルを引きました
[2025/05/16 16:45:18] 測定完了: index=21, max_intensity=30967.34, 16:45:18.076（測定5.22秒）
[2025/05/16 16:45:18] ステージ移動開始: fspeed=1000, pulses=1, direction=0
[2025/05/16 16:45:20] ステージ停止検出: 16:45:20.260（移動に2.18秒）
[2025/05/16 16:45:21] 測定開始: index=22, delay=146.77fs, 16:45:21.299
[2025/05/16 16:45:26] BG減算: 測定点 22 でBGスペクトルを引きました
[2025/05/16 16:45:26] 測定完了: index=22, max_intensity=749.56, 16:45:26.521（測定5.22秒）
[2025/05/16 16:45:26] ステージ移動開始: fspeed=1000, pulses=1, direction=0
[2025/05/16 16:45:28] ステージ停止検出: 16:45:28.720（移動に2.19秒）
[2025/05/16 16:45:29] 測定開始: index=23, delay=153.44fs, 16:45:29.761
[2025/05/16 16:45:34] BG減算: 測定点 23 でBGスペクトルを引きました
[2025/05/16 16:45:34] 測定完了: index=23, max_intensity=770.04, 16:45:34.986（測定5.23秒）
[2025/05/16 16:45:34] ステージ移動開始: fspeed=1000, pulses=1, direction=0
[2025/05/16 16:45:37] ステージ停止検出: 16:45:37.180（移動に2.19秒）
[2025/05/16 16:45:38] 測定開始: index=24, delay=160.11fs, 16:45:38.221
[2025/05/16 16:45:43] BG減算: 測定点 24 でBGスペクトルを引きました
[2025/05/16 16:45:43] 測定完了: index=24, max_intensity=763.89, 16:45:43.443（測定5.22秒）
[2025/05/16 16:45:43] ステージ移動開始: fspeed=1000, pulses=1, direction=0
[2025/05/16 16:45:45] ステージ停止検出: 16:45:45.656（移動に2.21秒）
[2025/05/16 16:45:46] 測定開始: index=25, delay=166.78fs, 16:45:46.696
[2025/05/16 16:45:51] BG減算: 測定点 25 でBGスペクトルを引きました
[2025/05/16 16:45:51] 測定完了: index=25, max_intensity=792.56, 16:45:51.918（測定5.22秒）
[2025/05/16 16:45:51] ステージ移動開始: fspeed=1000, pulses=1, direction=0
[2025/05/16 16:45:54] ステージ停止検出: 16:45:54.133（移動に2.21秒）
[2025/05/16 16:45:55] 測定開始: index=26, delay=173.45fs, 16:45:55.156
[2025/05/16 16:46:00] BG減算: 測定点 26 でBGスペクトルを引きました
[2025/05/16 16:46:00] 測定完了: index=26, max_intensity=763.89, 16:46:00.375（測定5.22秒）
[2025/05/16 16:46:00] ステージ移動開始: fspeed=1000, pulses=1, direction=0
[2025/05/16 16:46:02] ステージ停止検出: 16:46:02.577（移動に2.20秒）
[2025/05/16 16:46:03] 測定開始: index=27, delay=180.12fs, 16:46:03.616
[2025/05/16 16:46:08] BG減算: 測定点 27 でBGスペクトルを引きました
[2025/05/16 16:46:08] 測定完了: index=27, max_intensity=776.18, 16:46:08.834（測定5.22秒）
[2025/05/16 16:46:08] ステージ移動開始: fspeed=1000, pulses=1, direction=0
[2025/05/16 16:46:11] ステージ停止検出: 16:46:11.021（移動に2.18秒）
[2025/05/16 16:46:12] 測定開始: index=28, delay=186.80fs, 16:46:12.060
[2025/05/16 16:46:17] BG減算: 測定点 28 でBGスペクトルを引きました
[2025/05/16 16:46:17] 測定完了: index=28, max_intensity=735.22, 16:46:17.287（測定5.23秒）
[2025/05/16 16:46:17] ステージ移動開始: fspeed=1000, pulses=1, direction=0
[2025/05/16 16:46:19] ステージ停止検出: 16:46:19.497（移動に2.20秒）
[2025/05/16 16:46:20] 測定開始: index=29, delay=193.47fs, 16:46:20.536
[2025/05/16 16:46:25] BG減算: 測定点 29 でBGスペクトルを引きました
[2025/05/16 16:46:25] 測定完了: index=29, max_intensity=802.80, 16:46:25.760（測定5.22秒）
[2025/05/16 16:46:26] 測定完了
