[2025/05/16 15:03:24] 測定データ保存先: c:\Users\KITAYAMA\KITAYAMA_FROG\bata\data\20250516_150324_FROG.txt , c:\Users\KITAYAMA\KITAYAMA_FROG\bata\data\20250516_150324_FROG.csv
[2025/05/16 15:03:25] 測定開始: index=0, delay=0.00fs, 15:03:25.532
[2025/05/16 15:03:26] BG減算: 測定点 0 でBGスペクトルを引きました
[2025/05/16 15:03:26] 測定完了: index=0, max_intensity=2717.65, 15:03:26.763（測定1.23秒）
[2025/05/16 15:03:26] ステージ移動開始: fspeed=3000, pulses=15, direction=0
[2025/05/16 15:03:29] ステージ停止検出: 15:03:29.003（移動に2.24秒）
[2025/05/16 15:03:30] 測定開始: index=1, delay=100.07fs, 15:03:30.042
[2025/05/16 15:03:31] BG減算: 測定点 1 でBGスペクトルを引きました
[2025/05/16 15:03:31] 測定完了: index=1, max_intensity=2752.47, 15:03:31.267（測定1.22秒）
[2025/05/16 15:03:31] ステージ移動開始: fspeed=3000, pulses=15, direction=0
[2025/05/16 15:03:33] ステージ停止検出: 15:03:33.464（移動に2.19秒）
[2025/05/16 15:03:34] 測定開始: index=2, delay=200.14fs, 15:03:34.503
[2025/05/16 15:03:35] BG減算: 測定点 2 でBGスペクトルを引きました
[2025/05/16 15:03:35] 測定完了: index=2, max_intensity=2766.81, 15:03:35.733（測定1.23秒）
[2025/05/16 15:03:35] ステージ移動開始: fspeed=3000, pulses=15, direction=0
[2025/05/16 15:03:37] ステージ停止検出: 15:03:37.943（移動に2.21秒）
[2025/05/16 15:03:38] 測定開始: index=3, delay=300.21fs, 15:03:38.982
[2025/05/16 15:03:40] BG減算: 測定点 3 でBGスペクトルを引きました
[2025/05/16 15:03:40] 測定完了: index=3, max_intensity=2852.82, 15:03:40.207（測定1.22秒）
[2025/05/16 15:03:40] ステージ移動開始: fspeed=3000, pulses=15, direction=0
[2025/05/16 15:03:42] ステージ停止検出: 15:03:42.420（移動に2.21秒）
[2025/05/16 15:03:43] 測定開始: index=4, delay=400.28fs, 15:03:43.460
[2025/05/16 15:03:44] BG減算: 測定点 4 でBGスペクトルを引きました
[2025/05/16 15:03:44] 測定完了: index=4, max_intensity=2734.04, 15:03:44.683（測定1.22秒）
[2025/05/16 15:03:44] ステージ移動開始: fspeed=3000, pulses=15, direction=0
[2025/05/16 15:03:46] ステージ停止検出: 15:03:46.866（移動に2.18秒）
[2025/05/16 15:03:47] 測定開始: index=5, delay=500.35fs, 15:03:47.906
[2025/05/16 15:03:49] BG減算: 測定点 5 でBGスペクトルを引きました
[2025/05/16 15:03:49] 測定完了: index=5, max_intensity=2762.71, 15:03:49.131（測定1.23秒）
[2025/05/16 15:03:49] ステージ移動開始: fspeed=3000, pulses=15, direction=0
[2025/05/16 15:03:51] ステージ停止検出: 15:03:51.311（移動に2.18秒）
[2025/05/16 15:03:52] 測定開始: index=6, delay=600.42fs, 15:03:52.351
[2025/05/16 15:03:53] BG減算: 測定点 6 でBGスペクトルを引きました
[2025/05/16 15:03:53] 測定完了: index=6, max_intensity=2785.24, 15:03:53.572（測定1.22秒）
[2025/05/16 15:03:53] ステージ移動開始: fspeed=3000, pulses=15, direction=0
[2025/05/16 15:03:55] ステージ停止検出: 15:03:55.774（移動に2.20秒）
[2025/05/16 15:03:56] 測定開始: index=7, delay=700.48fs, 15:03:56.813
[2025/05/16 15:03:58] BG減算: 測定点 7 でBGスペクトルを引きました
[2025/05/16 15:03:58] 測定完了: index=7, max_intensity=2723.80, 15:03:58.037（測定1.22秒）
[2025/05/16 15:03:58] ステージ移動開始: fspeed=3000, pulses=15, direction=0
[2025/05/16 15:04:00] ステージ停止検出: 15:04:00.220（移動に2.18秒）
[2025/05/16 15:04:01] 測定開始: index=8, delay=800.55fs, 15:04:01.259
[2025/05/16 15:04:02] BG減算: 測定点 8 でBGスペクトルを引きました
[2025/05/16 15:04:02] 測定完了: index=8, max_intensity=2830.29, 15:04:02.485（測定1.23秒）
[2025/05/16 15:04:02] ステージ移動開始: fspeed=3000, pulses=15, direction=0
[2025/05/16 15:04:04] ステージ停止検出: 15:04:04.681（移動に2.19秒）
[2025/05/16 15:04:05] 測定開始: index=9, delay=900.62fs, 15:04:05.721
[2025/05/16 15:04:06] BG減算: 測定点 9 でBGスペクトルを引きました
[2025/05/16 15:04:06] 測定完了: index=9, max_intensity=2701.27, 15:04:06.943（測定1.22秒）
[2025/05/16 15:04:06] ステージ移動開始: fspeed=3000, pulses=15, direction=0
[2025/05/16 15:04:09] ステージ停止検出: 15:04:09.127（移動に2.18秒）
[2025/05/16 15:04:10] 測定開始: index=10, delay=1000.69fs, 15:04:10.167
[2025/05/16 15:04:11] BG減算: 測定点 10 でBGスペクトルを引きました
[2025/05/16 15:04:11] 測定完了: index=10, max_intensity=2762.71, 15:04:11.387（測定1.22秒）
[2025/05/16 15:04:11] ステージ移動開始: fspeed=3000, pulses=15, direction=0
[2025/05/16 15:04:13] ステージ停止検出: 15:04:13.588（移動に2.20秒）
[2025/05/16 15:04:14] 測定開始: index=11, delay=1100.76fs, 15:04:14.628
[2025/05/16 15:04:15] BG減算: 測定点 11 でBGスペクトルを引きました
[2025/05/16 15:04:15] 測定完了: index=11, max_intensity=2721.75, 15:04:15.847（測定1.22秒）
[2025/05/16 15:04:15] ステージ移動開始: fspeed=3000, pulses=15, direction=0
[2025/05/16 15:04:18] ステージ停止検出: 15:04:18.035（移動に2.18秒）
[2025/05/16 15:04:19] 測定開始: index=12, delay=1200.83fs, 15:04:19.075
[2025/05/16 15:04:20] BG減算: 測定点 12 でBGスペクトルを引きました
[2025/05/16 15:04:20] 測定完了: index=12, max_intensity=2787.29, 15:04:20.295（測定1.22秒）
[2025/05/16 15:04:20] ステージ移動開始: fspeed=3000, pulses=15, direction=0
[2025/05/16 15:04:22] ステージ停止検出: 15:04:22.481（移動に2.18秒）
[2025/05/16 15:04:23] 測定開始: index=13, delay=1300.90fs, 15:04:23.520
[2025/05/16 15:04:24] BG減算: 測定点 13 でBGスペクトルを引きました
[2025/05/16 15:04:24] 測定完了: index=13, max_intensity=2748.37, 15:04:24.750（測定1.23秒）
[2025/05/16 15:04:24] ステージ移動開始: fspeed=3000, pulses=15, direction=0
[2025/05/16 15:04:26] ステージ停止検出: 15:04:26.943（移動に2.19秒）
[2025/05/16 15:04:27] 測定開始: index=14, delay=1400.97fs, 15:04:27.983
[2025/05/16 15:04:29] BG減算: 測定点 14 でBGスペクトルを引きました
[2025/05/16 15:04:29] 測定完了: index=14, max_intensity=2766.81, 15:04:29.210（測定1.23秒）
[2025/05/16 15:04:29] ステージ移動開始: fspeed=3000, pulses=15, direction=0
[2025/05/16 15:04:31] ステージ停止検出: 15:04:31.421（移動に2.21秒）
[2025/05/16 15:04:32] 測定開始: index=15, delay=1501.04fs, 15:04:32.460
[2025/05/16 15:04:33] BG減算: 測定点 15 でBGスペクトルを引きました
[2025/05/16 15:04:33] 測定完了: index=15, max_intensity=2719.70, 15:04:33.685（測定1.22秒）
[2025/05/16 15:04:33] ステージ移動開始: fspeed=3000, pulses=15, direction=0
[2025/05/16 15:04:35] ステージ停止検出: 15:04:35.884（移動に2.19秒）
[2025/05/16 15:04:36] 測定開始: index=16, delay=1601.11fs, 15:04:36.906
[2025/05/16 15:04:38] BG減算: 測定点 16 でBGスペクトルを引きました
[2025/05/16 15:04:38] 測定完了: index=16, max_intensity=2781.14, 15:04:38.126（測定1.22秒）
[2025/05/16 15:04:38] ステージ移動開始: fspeed=3000, pulses=15, direction=0
[2025/05/16 15:04:40] ステージ停止検出: 15:04:40.329（移動に2.20秒）
[2025/05/16 15:04:41] 測定開始: index=17, delay=1701.18fs, 15:04:41.369
[2025/05/16 15:04:42] BG減算: 測定点 17 でBGスペクトルを引きました
[2025/05/16 15:04:42] 測定完了: index=17, max_intensity=2781.14, 15:04:42.587（測定1.22秒）
[2025/05/16 15:04:42] ステージ移動開始: fspeed=3000, pulses=15, direction=0
[2025/05/16 15:04:44] ステージ停止検出: 15:04:44.774（移動に2.18秒）
[2025/05/16 15:04:45] 測定開始: index=18, delay=1801.25fs, 15:04:45.814
[2025/05/16 15:04:47] BG減算: 測定点 18 でBGスペクトルを引きました
[2025/05/16 15:04:47] 測定完了: index=18, max_intensity=2815.96, 15:04:47.033（測定1.22秒）
[2025/05/16 15:04:47] ステージ移動開始: fspeed=3000, pulses=15, direction=0
[2025/05/16 15:04:49] ステージ停止検出: 15:04:49.221（移動に2.18秒）
[2025/05/16 15:04:50] 測定開始: index=19, delay=1901.32fs, 15:04:50.260
[2025/05/16 15:04:51] BG減算: 測定点 19 でBGスペクトルを引きました
[2025/05/16 15:04:51] 測定完了: index=19, max_intensity=2707.41, 15:04:51.484（測定1.22秒）
[2025/05/16 15:04:51] ステージ移動開始: fspeed=3000, pulses=15, direction=0
[2025/05/16 15:04:53] ステージ停止検出: 15:04:53.683（移動に2.19秒）
[2025/05/16 15:04:54] 測定開始: index=20, delay=2001.38fs, 15:04:54.721
[2025/05/16 15:04:55] BG減算: 測定点 20 でBGスペクトルを引きました
[2025/05/16 15:04:55] 測定完了: index=20, max_intensity=2729.94, 15:04:55.947（測定1.23秒）
[2025/05/16 15:04:55] ステージ移動開始: fspeed=3000, pulses=15, direction=0
[2025/05/16 15:04:58] ステージ停止検出: 15:04:58.129（移動に2.18秒）
[2025/05/16 15:04:59] 測定開始: index=21, delay=2101.45fs, 15:04:59.169
[2025/05/16 15:05:00] BG減算: 測定点 21 でBGスペクトルを引きました
[2025/05/16 15:05:00] 測定完了: index=21, max_intensity=2725.85, 15:05:00.394（測定1.23秒）
[2025/05/16 15:05:00] ステージ移動開始: fspeed=3000, pulses=15, direction=0
[2025/05/16 15:05:02] ステージ停止検出: 15:05:02.590（移動に2.19秒）
[2025/05/16 15:05:03] 測定開始: index=22, delay=2201.52fs, 15:05:03.630
[2025/05/16 15:05:04] BG減算: 測定点 22 でBGスペクトルを引きました
[2025/05/16 15:05:04] 測定完了: index=22, max_intensity=2838.48, 15:05:04.846（測定1.22秒）
[2025/05/16 15:05:04] ステージ移動開始: fspeed=3000, pulses=15, direction=0
[2025/05/16 15:05:07] ステージ停止検出: 15:05:07.036（移動に2.19秒）
[2025/05/16 15:05:08] 測定開始: index=23, delay=2301.59fs, 15:05:08.076
[2025/05/16 15:05:09] BG減算: 測定点 23 でBGスペクトルを引きました
[2025/05/16 15:05:09] 測定完了: index=23, max_intensity=2744.28, 15:05:09.301（測定1.23秒）
[2025/05/16 15:05:09] ステージ移動開始: fspeed=3000, pulses=15, direction=0
[2025/05/16 15:05:11] ステージ停止検出: 15:05:11.481（移動に2.18秒）
[2025/05/16 15:05:12] 測定開始: index=24, delay=2401.66fs, 15:05:12.522
[2025/05/16 15:05:13] BG減算: 測定点 24 でBGスペクトルを引きました
[2025/05/16 15:05:13] 測定完了: index=24, max_intensity=2701.27, 15:05:13.737（測定1.22秒）
[2025/05/16 15:05:13] ステージ移動開始: fspeed=3000, pulses=15, direction=0
[2025/05/16 15:05:15] ステージ停止検出: 15:05:15.928（移動に2.19秒）
[2025/05/16 15:05:16] 測定開始: index=25, delay=2501.73fs, 15:05:16.968
[2025/05/16 15:05:18] BG減算: 測定点 25 でBGスペクトルを引きました
[2025/05/16 15:05:18] 測定完了: index=25, max_intensity=2727.89, 15:05:18.193（測定1.23秒）
[2025/05/16 15:05:18] ステージ移動開始: fspeed=3000, pulses=15, direction=0
[2025/05/16 15:05:20] ステージ停止検出: 15:05:20.390（移動に2.19秒）
[2025/05/16 15:05:21] 測定開始: index=26, delay=2601.80fs, 15:05:21.430
[2025/05/16 15:05:22] BG減算: 測定点 26 でBGスペクトルを引きました
[2025/05/16 15:05:22] 測定完了: index=26, max_intensity=2758.61, 15:05:22.654（測定1.22秒）
[2025/05/16 15:05:22] ステージ移動開始: fspeed=3000, pulses=15, direction=0
[2025/05/16 15:05:24] ステージ停止検出: 15:05:24.835（移動に2.18秒）
[2025/05/16 15:05:25] 測定開始: index=27, delay=2701.87fs, 15:05:25.875
[2025/05/16 15:05:27] BG減算: 測定点 27 でBGスペクトルを引きました
[2025/05/16 15:05:27] 測定完了: index=27, max_intensity=2783.19, 15:05:27.088（測定1.21秒）
[2025/05/16 15:05:27] ステージ移動開始: fspeed=3000, pulses=15, direction=0
[2025/05/16 15:05:29] ステージ停止検出: 15:05:29.298（移動に2.20秒）
[2025/05/16 15:05:30] 測定開始: index=28, delay=2801.94fs, 15:05:30.338
[2025/05/16 15:05:31] BG減算: 測定点 28 でBGスペクトルを引きました
[2025/05/16 15:05:31] 測定完了: index=28, max_intensity=2764.76, 15:05:31.569（測定1.23秒）
[2025/05/16 15:05:31] ステージ移動開始: fspeed=3000, pulses=15, direction=0
[2025/05/16 15:05:33] ステージ停止検出: 15:05:33.776（移動に2.20秒）
[2025/05/16 15:05:34] 測定開始: index=29, delay=2902.01fs, 15:05:34.815
[2025/05/16 15:05:36] BG減算: 測定点 29 でBGスペクトルを引きました
[2025/05/16 15:05:36] 測定完了: index=29, max_intensity=2713.56, 15:05:36.035（測定1.22秒）
[2025/05/16 15:05:36] ステージ移動開始: fspeed=3000, pulses=15, direction=0
[2025/05/16 15:05:38] ステージ停止検出: 15:05:38.222（移動に2.18秒）
[2025/05/16 15:05:39] 測定開始: index=30, delay=3002.08fs, 15:05:39.262
[2025/05/16 15:05:40] BG減算: 測定点 30 でBGスペクトルを引きました
[2025/05/16 15:05:40] 測定完了: index=30, max_intensity=2721.75, 15:05:40.479（測定1.22秒）
[2025/05/16 15:05:40] ステージ移動開始: fspeed=3000, pulses=15, direction=0
[2025/05/16 15:05:42] ステージ停止検出: 15:05:42.668（移動に2.19秒）
[2025/05/16 15:05:43] 測定開始: index=31, delay=3102.15fs, 15:05:43.708
[2025/05/16 15:05:44] BG減算: 測定点 31 でBGスペクトルを引きました
[2025/05/16 15:05:44] 測定完了: index=31, max_intensity=2711.51, 15:05:44.937（測定1.23秒）
[2025/05/16 15:05:44] ステージ移動開始: fspeed=3000, pulses=15, direction=0
[2025/05/16 15:05:47] ステージ停止検出: 15:05:47.130（移動に2.19秒）
[2025/05/16 15:05:48] 測定開始: index=32, delay=3202.22fs, 15:05:48.169
[2025/05/16 15:05:49] BG減算: 測定点 32 でBGスペクトルを引きました
[2025/05/16 15:05:49] 測定完了: index=32, max_intensity=2750.42, 15:05:49.393（測定1.22秒）
[2025/05/16 15:05:49] ステージ移動開始: fspeed=3000, pulses=15, direction=0
[2025/05/16 15:05:51] ステージ停止検出: 15:05:51.576（移動に2.18秒）
[2025/05/16 15:05:52] 測定開始: index=33, delay=3302.28fs, 15:05:52.614
[2025/05/16 15:05:53] BG減算: 測定点 33 でBGスペクトルを引きました
[2025/05/16 15:05:53] 測定完了: index=33, max_intensity=2760.66, 15:05:53.842（測定1.23秒）
[2025/05/16 15:05:53] ステージ移動開始: fspeed=3000, pulses=15, direction=0
[2025/05/16 15:05:56] ステージ停止検出: 15:05:56.069（移動に2.22秒）
[2025/05/16 15:05:57] 測定開始: index=34, delay=3402.35fs, 15:05:57.093
[2025/05/16 15:05:58] BG減算: 測定点 34 でBGスペクトルを引きました
[2025/05/16 15:05:58] 測定完了: index=34, max_intensity=2731.99, 15:05:58.310（測定1.22秒）
[2025/05/16 15:05:58] ステージ移動開始: fspeed=3000, pulses=15, direction=0
[2025/05/16 15:06:00] ステージ停止検出: 15:06:00.516（移動に2.20秒）
[2025/05/16 15:06:01] 測定開始: index=35, delay=3502.42fs, 15:06:01.555
[2025/05/16 15:06:02] BG減算: 測定点 35 でBGスペクトルを引きました
[2025/05/16 15:06:02] 測定完了: index=35, max_intensity=2764.76, 15:06:02.783（測定1.23秒）
[2025/05/16 15:06:02] ステージ移動開始: fspeed=3000, pulses=15, direction=0
[2025/05/16 15:06:04] ステージ停止検出: 15:06:04.993（移動に2.20秒）
[2025/05/16 15:06:06] 測定開始: index=36, delay=3602.49fs, 15:06:06.033
[2025/05/16 15:06:07] BG減算: 測定点 36 でBGスペクトルを引きました
[2025/05/16 15:06:07] 測定完了: index=36, max_intensity=2791.38, 15:06:07.250（測定1.22秒）
[2025/05/16 15:06:07] ステージ移動開始: fspeed=3000, pulses=15, direction=0
[2025/05/16 15:06:09] ステージ停止検出: 15:06:09.438（移動に2.18秒）
[2025/05/16 15:06:10] 測定開始: index=37, delay=3702.56fs, 15:06:10.477
[2025/05/16 15:06:11] BG減算: 測定点 37 でBGスペクトルを引きました
[2025/05/16 15:06:11] 測定完了: index=37, max_intensity=2758.61, 15:06:11.703（測定1.23秒）
[2025/05/16 15:06:11] ステージ移動開始: fspeed=3000, pulses=15, direction=0
[2025/05/16 15:06:13] ステージ停止検出: 15:06:13.901（移動に2.19秒）
[2025/05/16 15:06:14] 測定開始: index=38, delay=3802.63fs, 15:06:14.941
[2025/05/16 15:06:16] BG減算: 測定点 38 でBGスペクトルを引きました
[2025/05/16 15:06:16] 測定完了: index=38, max_intensity=2772.95, 15:06:16.170（測定1.23秒）
[2025/05/16 15:06:16] ステージ移動開始: fspeed=3000, pulses=15, direction=0
[2025/05/16 15:06:18] ステージ停止検出: 15:06:18.379（移動に2.20秒）
[2025/05/16 15:06:19] 測定開始: index=39, delay=3902.70fs, 15:06:19.418
[2025/05/16 15:06:20] BG減算: 測定点 39 でBGスペクトルを引きました
[2025/05/16 15:06:20] 測定完了: index=39, max_intensity=2707.41, 15:06:20.635（測定1.22秒）
[2025/05/16 15:06:20] ステージ移動開始: fspeed=3000, pulses=15, direction=0
[2025/05/16 15:06:22] ステージ停止検出: 15:06:22.825（移動に2.19秒）
[2025/05/16 15:06:23] 測定開始: index=40, delay=4002.77fs, 15:06:23.865
[2025/05/16 15:06:25] BG減算: 測定点 40 でBGスペクトルを引きました
[2025/05/16 15:06:25] 測定完了: index=40, max_intensity=2703.32, 15:06:25.079（測定1.21秒）
[2025/05/16 15:06:25] ステージ移動開始: fspeed=3000, pulses=15, direction=0
[2025/05/16 15:06:27] ステージ停止検出: 15:06:27.287（移動に2.21秒）
[2025/05/16 15:06:28] 測定開始: index=41, delay=4102.84fs, 15:06:28.326
[2025/05/16 15:06:29] BG減算: 測定点 41 でBGスペクトルを引きました
[2025/05/16 15:06:29] 測定完了: index=41, max_intensity=2785.24, 15:06:29.551（測定1.22秒）
[2025/05/16 15:06:29] ステージ移動開始: fspeed=3000, pulses=15, direction=0
[2025/05/16 15:06:31] ステージ停止検出: 15:06:31.732（移動に2.18秒）
[2025/05/16 15:06:32] 測定開始: index=42, delay=4202.91fs, 15:06:32.771
[2025/05/16 15:06:33] BG減算: 測定点 42 でBGスペクトルを引きました
[2025/05/16 15:06:33] 測定完了: index=42, max_intensity=2758.61, 15:06:33.995（測定1.22秒）
[2025/05/16 15:06:33] ステージ移動開始: fspeed=3000, pulses=15, direction=0
[2025/05/16 15:06:36] ステージ停止検出: 15:06:36.194（移動に2.20秒）
[2025/05/16 15:06:37] 測定開始: index=43, delay=4302.98fs, 15:06:37.234
[2025/05/16 15:06:38] BG減算: 測定点 43 でBGスペクトルを引きました
[2025/05/16 15:06:38] 測定完了: index=43, max_intensity=2736.09, 15:06:38.458（測定1.22秒）
[2025/05/16 15:06:38] ステージ移動開始: fspeed=3000, pulses=15, direction=0
[2025/05/16 15:06:40] ステージ停止検出: 15:06:40.656（移動に2.19秒）
[2025/05/16 15:06:41] 測定開始: index=44, delay=4403.05fs, 15:06:41.696
[2025/05/16 15:06:42] BG減算: 測定点 44 でBGスペクトルを引きました
[2025/05/16 15:06:42] 測定完了: index=44, max_intensity=2781.14, 15:06:42.921（測定1.22秒）
[2025/05/16 15:06:42] ステージ移動開始: fspeed=3000, pulses=15, direction=0
[2025/05/16 15:06:45] ステージ停止検出: 15:06:45.135（移動に2.21秒）
[2025/05/16 15:06:46] 測定開始: index=45, delay=4503.12fs, 15:06:46.173
[2025/05/16 15:06:47] BG減算: 測定点 45 でBGスペクトルを引きました
[2025/05/16 15:06:47] 測定完了: index=45, max_intensity=2787.29, 15:06:47.391（測定1.22秒）
[2025/05/16 15:06:47] ステージ移動開始: fspeed=3000, pulses=15, direction=0
[2025/05/16 15:06:49] ステージ停止検出: 15:06:49.580（移動に2.19秒）
[2025/05/16 15:06:50] 測定開始: index=46, delay=4603.18fs, 15:06:50.619
[2025/05/16 15:06:51] BG減算: 測定点 46 でBGスペクトルを引きました
[2025/05/16 15:06:51] 測定完了: index=46, max_intensity=2715.61, 15:06:51.847（測定1.23秒）
[2025/05/16 15:06:51] ステージ移動開始: fspeed=3000, pulses=15, direction=0
[2025/05/16 15:06:54] ステージ停止検出: 15:06:54.042（移動に2.19秒）
[2025/05/16 15:06:55] 測定開始: index=47, delay=4703.25fs, 15:06:55.081
[2025/05/16 15:06:56] BG減算: 測定点 47 でBGスペクトルを引きました
[2025/05/16 15:06:56] 測定完了: index=47, max_intensity=2777.05, 15:06:56.304（測定1.22秒）
[2025/05/16 15:06:56] ステージ移動開始: fspeed=3000, pulses=15, direction=0
[2025/05/16 15:06:58] ステージ停止検出: 15:06:58.488（移動に2.18秒）
[2025/05/16 15:06:59] 測定開始: index=48, delay=4803.32fs, 15:06:59.527
[2025/05/16 15:07:00] BG減算: 測定点 48 でBGスペクトルを引きました
[2025/05/16 15:07:00] 測定完了: index=48, max_intensity=2770.90, 15:07:00.758（測定1.23秒）
[2025/05/16 15:07:00] ステージ移動開始: fspeed=3000, pulses=15, direction=0
[2025/05/16 15:07:02] ステージ停止検出: 15:07:02.966（移動に2.20秒）
[2025/05/16 15:07:04] 測定開始: index=49, delay=4903.39fs, 15:07:04.006
[2025/05/16 15:07:05] BG減算: 測定点 49 でBGスペクトルを引きました
[2025/05/16 15:07:05] 測定完了: index=49, max_intensity=2744.28, 15:07:05.234（測定1.23秒）
[2025/05/16 15:07:05] ステージ移動開始: fspeed=3000, pulses=15, direction=0
[2025/05/16 15:07:07] ステージ停止検出: 15:07:07.412（移動に2.17秒）
[2025/05/16 15:07:08] 測定開始: index=50, delay=5003.46fs, 15:07:08.451
[2025/05/16 15:07:09] BG減算: 測定点 50 でBGスペクトルを引きました
[2025/05/16 15:07:09] 測定完了: index=50, max_intensity=2791.38, 15:07:09.673（測定1.22秒）
[2025/05/16 15:07:09] ステージ移動開始: fspeed=3000, pulses=15, direction=0
[2025/05/16 15:07:11] ステージ停止検出: 15:07:11.874（移動に2.20秒）
[2025/05/16 15:07:12] 測定開始: index=51, delay=5103.53fs, 15:07:12.914
[2025/05/16 15:07:14] BG減算: 測定点 51 でBGスペクトルを引きました
[2025/05/16 15:07:14] 測定完了: index=51, max_intensity=2809.81, 15:07:14.140（測定1.23秒）
[2025/05/16 15:07:14] ステージ移動開始: fspeed=3000, pulses=15, direction=0
[2025/05/16 15:07:16] ステージ停止検出: 15:07:16.395（移動に2.25秒）
[2025/05/16 15:07:17] 測定開始: index=52, delay=5203.60fs, 15:07:17.451
[2025/05/16 15:07:18] BG減算: 測定点 52 でBGスペクトルを引きました
[2025/05/16 15:07:18] 測定完了: index=52, max_intensity=2766.81, 15:07:18.670（測定1.22秒）
[2025/05/16 15:07:18] ステージ移動開始: fspeed=3000, pulses=15, direction=0
[2025/05/16 15:07:20] ステージ停止検出: 15:07:20.902（移動に2.23秒）
[2025/05/16 15:07:21] 測定開始: index=53, delay=5303.67fs, 15:07:21.953
[2025/05/16 15:07:23] BG減算: 測定点 53 でBGスペクトルを引きました
[2025/05/16 15:07:23] 測定完了: index=53, max_intensity=2746.33, 15:07:23.186（測定1.23秒）
[2025/05/16 15:07:23] ステージ移動開始: fspeed=3000, pulses=15, direction=0
[2025/05/16 15:07:25] ステージ停止検出: 15:07:25.436（移動に2.24秒）
[2025/05/16 15:07:26] 測定開始: index=54, delay=5403.74fs, 15:07:26.464
[2025/05/16 15:07:27] BG減算: 測定点 54 でBGスペクトルを引きました
[2025/05/16 15:07:27] 測定完了: index=54, max_intensity=2758.61, 15:07:27.690（測定1.23秒）
[2025/05/16 15:07:27] ステージ移動開始: fspeed=3000, pulses=15, direction=0
[2025/05/16 15:07:29] ステージ停止検出: 15:07:29.886（移動に2.19秒）
[2025/05/16 15:07:30] 測定開始: index=55, delay=5503.81fs, 15:07:30.935
[2025/05/16 15:07:32] BG減算: 測定点 55 でBGスペクトルを引きました
[2025/05/16 15:07:32] 測定完了: index=55, max_intensity=2789.33, 15:07:32.158（測定1.22秒）
[2025/05/16 15:07:32] ステージ移動開始: fspeed=3000, pulses=15, direction=0
[2025/05/16 15:07:34] ステージ停止検出: 15:07:34.345（移動に2.18秒）
[2025/05/16 15:07:35] 測定開始: index=56, delay=5603.88fs, 15:07:35.383
[2025/05/16 15:07:36] BG減算: 測定点 56 でBGスペクトルを引きました
[2025/05/16 15:07:36] 測定完了: index=56, max_intensity=2756.57, 15:07:36.608（測定1.23秒）
[2025/05/16 15:07:36] ステージ移動開始: fspeed=3000, pulses=15, direction=0
[2025/05/16 15:07:38] ステージ停止検出: 15:07:38.865（移動に2.25秒）
[2025/05/16 15:07:39] 測定開始: index=57, delay=5703.95fs, 15:07:39.918
[2025/05/16 15:07:41] BG減算: 測定点 57 でBGスペクトルを引きました
[2025/05/16 15:07:41] 測定完了: index=57, max_intensity=2805.72, 15:07:41.147（測定1.23秒）
[2025/05/16 15:07:41] ステージ移動開始: fspeed=3000, pulses=15, direction=0
[2025/05/16 15:07:43] ステージ停止検出: 15:07:43.369（移動に2.22秒）
[2025/05/16 15:07:44] 測定開始: index=58, delay=5804.02fs, 15:07:44.407
[2025/05/16 15:07:45] BG減算: 測定点 58 でBGスペクトルを引きました
[2025/05/16 15:07:45] 測定完了: index=58, max_intensity=2707.41, 15:07:45.638（測定1.23秒）
[2025/05/16 15:07:45] ステージ移動開始: fspeed=3000, pulses=15, direction=0
[2025/05/16 15:07:47] ステージ停止検出: 15:07:47.882（移動に2.24秒）
[2025/05/16 15:07:48] 測定開始: index=59, delay=5904.08fs, 15:07:48.941
[2025/05/16 15:07:50] BG減算: 測定点 59 でBGスペクトルを引きました
[2025/05/16 15:07:50] 測定完了: index=59, max_intensity=2727.89, 15:07:50.169（測定1.23秒）
[2025/05/16 15:07:50] ステージ移動開始: fspeed=3000, pulses=15, direction=0
[2025/05/16 15:07:52] ステージ停止検出: 15:07:52.399（移動に2.22秒）
[2025/05/16 15:07:53] 測定開始: index=60, delay=6004.15fs, 15:07:53.450
[2025/05/16 15:07:54] BG減算: 測定点 60 でBGスペクトルを引きました
[2025/05/16 15:07:54] 測定完了: index=60, max_intensity=2756.57, 15:07:54.678（測定1.23秒）
[2025/05/16 15:07:54] ステージ移動開始: fspeed=3000, pulses=15, direction=0
[2025/05/16 15:07:56] ステージ停止検出: 15:07:56.896（移動に2.21秒）
[2025/05/16 15:07:57] 測定開始: index=61, delay=6104.22fs, 15:07:57.945
[2025/05/16 15:07:59] BG減算: 測定点 61 でBGスペクトルを引きました
[2025/05/16 15:07:59] 測定完了: index=61, max_intensity=2795.48, 15:07:59.167（測定1.22秒）
[2025/05/16 15:07:59] ステージ移動開始: fspeed=3000, pulses=15, direction=0
[2025/05/16 15:08:01] ステージ停止検出: 15:08:01.351（移動に2.18秒）
[2025/05/16 15:08:02] 測定開始: index=62, delay=6204.29fs, 15:08:02.383
[2025/05/16 15:08:03] BG減算: 測定点 62 でBGスペクトルを引きました
[2025/05/16 15:08:03] 測定完了: index=62, max_intensity=2703.32, 15:08:03.597（測定1.21秒）
[2025/05/16 15:08:03] ステージ移動開始: fspeed=3000, pulses=15, direction=0
[2025/05/16 15:08:05] ステージ停止検出: 15:08:05.844（移動に2.24秒）
[2025/05/16 15:08:06] 測定開始: index=63, delay=6304.36fs, 15:08:06.884
[2025/05/16 15:08:08] BG減算: 測定点 63 でBGスペクトルを引きました
[2025/05/16 15:08:08] 測定完了: index=63, max_intensity=2758.61, 15:08:08.121（測定1.24秒）
[2025/05/16 15:08:08] ステージ移動開始: fspeed=3000, pulses=15, direction=0
[2025/05/16 15:08:10] ステージ停止検出: 15:08:10.323（移動に2.19秒）
[2025/05/16 15:08:11] 測定開始: index=64, delay=6404.43fs, 15:08:11.363
[2025/05/16 15:08:12] BG減算: 測定点 64 でBGスペクトルを引きました
[2025/05/16 15:08:12] 測定完了: index=64, max_intensity=2740.18, 15:08:12.585（測定1.22秒）
[2025/05/16 15:08:12] ステージ移動開始: fspeed=3000, pulses=15, direction=0
[2025/05/16 15:08:14] ステージ停止検出: 15:08:14.784（移動に2.20秒）
[2025/05/16 15:08:15] 測定開始: index=65, delay=6504.50fs, 15:08:15.858
[2025/05/16 15:08:17] BG減算: 測定点 65 でBGスペクトルを引きました
[2025/05/16 15:08:17] 測定完了: index=65, max_intensity=2846.68, 15:08:17.085（測定1.23秒）
[2025/05/16 15:08:17] ステージ移動開始: fspeed=3000, pulses=15, direction=0
[2025/05/16 15:08:19] ステージ停止検出: 15:08:19.295（移動に2.20秒）
[2025/05/16 15:08:20] 測定開始: index=66, delay=6604.57fs, 15:08:20.333
[2025/05/16 15:08:21] BG減算: 測定点 66 でBGスペクトルを引きました
[2025/05/16 15:08:21] 測定完了: index=66, max_intensity=2766.81, 15:08:21.559（測定1.23秒）
[2025/05/16 15:08:21] ステージ移動開始: fspeed=3000, pulses=15, direction=0
[2025/05/16 15:08:23] ステージ停止検出: 15:08:23.768（移動に2.20秒）
[2025/05/16 15:08:24] 測定開始: index=67, delay=6704.64fs, 15:08:24.810
[2025/05/16 15:08:26] BG減算: 測定点 67 でBGスペクトルを引きました
[2025/05/16 15:08:26] 測定完了: index=67, max_intensity=2719.70, 15:08:26.034（測定1.22秒）
[2025/05/16 15:08:26] ステージ移動開始: fspeed=3000, pulses=15, direction=0
[2025/05/16 15:08:28] ステージ停止検出: 15:08:28.242（移動に2.20秒）
[2025/05/16 15:08:29] 測定開始: index=68, delay=6804.71fs, 15:08:29.279
[2025/05/16 15:08:30] BG減算: 測定点 68 でBGスペクトルを引きました
[2025/05/16 15:08:30] 測定完了: index=68, max_intensity=2711.51, 15:08:30.512（測定1.23秒）
[2025/05/16 15:08:30] ステージ移動開始: fspeed=3000, pulses=15, direction=0
[2025/05/16 15:08:32] ステージ停止検出: 15:08:32.712（移動に2.20秒）
[2025/05/16 15:08:33] 測定開始: index=69, delay=6904.78fs, 15:08:33.740
[2025/05/16 15:08:34] BG減算: 測定点 69 でBGスペクトルを引きました
[2025/05/16 15:08:34] 測定完了: index=69, max_intensity=2691.03, 15:08:34.963（測定1.22秒）
[2025/05/16 15:08:34] ステージ移動開始: fspeed=3000, pulses=15, direction=0
[2025/05/16 15:08:37] ステージ停止検出: 15:08:37.188（移動に2.22秒）
[2025/05/16 15:08:38] 測定開始: index=70, delay=7004.85fs, 15:08:38.229
[2025/05/16 15:08:39] BG減算: 測定点 70 でBGスペクトルを引きました
[2025/05/16 15:08:39] 測定完了: index=70, max_intensity=2731.99, 15:08:39.443（測定1.21秒）
[2025/05/16 15:08:39] ステージ移動開始: fspeed=3000, pulses=15, direction=0
[2025/05/16 15:08:41] ステージ停止検出: 15:08:41.681（移動に2.24秒）
[2025/05/16 15:08:42] 測定開始: index=71, delay=7104.92fs, 15:08:42.707
[2025/05/16 15:08:43] BG減算: 測定点 71 でBGスペクトルを引きました
[2025/05/16 15:08:43] 測定完了: index=71, max_intensity=2758.61, 15:08:43.940（測定1.23秒）
[2025/05/16 15:08:43] ステージ移動開始: fspeed=3000, pulses=15, direction=0
[2025/05/16 15:08:46] ステージ停止検出: 15:08:46.152（移動に2.21秒）
[2025/05/16 15:08:47] 測定開始: index=72, delay=7204.98fs, 15:08:47.195
[2025/05/16 15:08:48] BG減算: 測定点 72 でBGスペクトルを引きました
[2025/05/16 15:08:48] 測定完了: index=72, max_intensity=2799.57, 15:08:48.418（測定1.22秒）
[2025/05/16 15:08:48] ステージ移動開始: fspeed=3000, pulses=15, direction=0
[2025/05/16 15:08:50] ステージ停止検出: 15:08:50.612（移動に2.19秒）
[2025/05/16 15:08:51] 測定開始: index=73, delay=7305.05fs, 15:08:51.650
[2025/05/16 15:08:52] BG減算: 測定点 73 でBGスペクトルを引きました
[2025/05/16 15:08:52] 測定完了: index=73, max_intensity=2705.37, 15:08:52.878（測定1.23秒）
[2025/05/16 15:08:52] ステージ移動開始: fspeed=3000, pulses=15, direction=0
[2025/05/16 15:08:55] ステージ停止検出: 15:08:55.134（移動に2.25秒）
[2025/05/16 15:08:56] 測定開始: index=74, delay=7405.12fs, 15:08:56.192
[2025/05/16 15:08:57] BG減算: 測定点 74 でBGスペクトルを引きました
[2025/05/16 15:08:57] 測定完了: index=74, max_intensity=2748.37, 15:08:57.425（測定1.23秒）
[2025/05/16 15:08:57] ステージ移動開始: fspeed=3000, pulses=15, direction=0
[2025/05/16 15:08:59] ステージ停止検出: 15:08:59.639（移動に2.21秒）
[2025/05/16 15:09:00] 測定開始: index=75, delay=7505.19fs, 15:09:00.665
[2025/05/16 15:09:01] BG減算: 測定点 75 でBGスペクトルを引きました
[2025/05/16 15:09:01] 測定完了: index=75, max_intensity=2750.42, 15:09:01.889（測定1.22秒）
[2025/05/16 15:09:01] ステージ移動開始: fspeed=3000, pulses=15, direction=0
[2025/05/16 15:09:04] ステージ停止検出: 15:09:04.078（移動に2.18秒）
[2025/05/16 15:09:05] 測定開始: index=76, delay=7605.26fs, 15:09:05.117
[2025/05/16 15:09:06] BG減算: 測定点 76 でBGスペクトルを引きました
[2025/05/16 15:09:06] 測定完了: index=76, max_intensity=2699.22, 15:09:06.351（測定1.23秒）
[2025/05/16 15:09:06] ステージ移動開始: fspeed=3000, pulses=15, direction=0
[2025/05/16 15:09:08] ステージ停止検出: 15:09:08.544（移動に2.19秒）
[2025/05/16 15:09:09] 測定開始: index=77, delay=7705.33fs, 15:09:09.585
[2025/05/16 15:09:10] BG減算: 測定点 77 でBGスペクトルを引きました
[2025/05/16 15:09:10] 測定完了: index=77, max_intensity=2775.00, 15:09:10.804（測定1.22秒）
[2025/05/16 15:09:10] ステージ移動開始: fspeed=3000, pulses=15, direction=0
[2025/05/16 15:09:13] ステージ停止検出: 15:09:13.014（移動に2.21秒）
[2025/05/16 15:09:14] 測定開始: index=78, delay=7805.40fs, 15:09:14.060
[2025/05/16 15:09:15] BG減算: 測定点 78 でBGスペクトルを引きました
[2025/05/16 15:09:15] 測定完了: index=78, max_intensity=2752.47, 15:09:15.289（測定1.23秒）
[2025/05/16 15:09:15] ステージ移動開始: fspeed=3000, pulses=15, direction=0
[2025/05/16 15:09:17] ステージ停止検出: 15:09:17.519（移動に2.22秒）
[2025/05/16 15:09:18] 測定開始: index=79, delay=7905.47fs, 15:09:18.562
[2025/05/16 15:09:19] BG減算: 測定点 79 でBGスペクトルを引きました
[2025/05/16 15:09:19] 測定完了: index=79, max_intensity=2746.33, 15:09:19.786（測定1.22秒）
[2025/05/16 15:09:19] ステージ移動開始: fspeed=3000, pulses=15, direction=0
[2025/05/16 15:09:21] ステージ停止検出: 15:09:21.995（移動に2.20秒）
[2025/05/16 15:09:23] 測定開始: index=80, delay=8005.54fs, 15:09:23.033
[2025/05/16 15:09:24] BG減算: 測定点 80 でBGスペクトルを引きました
[2025/05/16 15:09:24] 測定完了: index=80, max_intensity=2725.85, 15:09:24.266（測定1.23秒）
[2025/05/16 15:09:24] ステージ移動開始: fspeed=3000, pulses=15, direction=0
[2025/05/16 15:09:26] ステージ停止検出: 15:09:26.474（移動に2.20秒）
[2025/05/16 15:09:27] 測定開始: index=81, delay=8105.61fs, 15:09:27.511
[2025/05/16 15:09:28] BG減算: 測定点 81 でBGスペクトルを引きました
[2025/05/16 15:09:28] 測定完了: index=81, max_intensity=2848.72, 15:09:28.735（測定1.22秒）
[2025/05/16 15:09:28] ステージ移動開始: fspeed=3000, pulses=15, direction=0
[2025/05/16 15:09:30] ステージ停止検出: 15:09:30.955（移動に2.21秒）
[2025/05/16 15:09:31] 測定開始: index=82, delay=8205.68fs, 15:09:31.997
[2025/05/16 15:09:33] BG減算: 測定点 82 でBGスペクトルを引きました
[2025/05/16 15:09:33] 測定完了: index=82, max_intensity=2750.42, 15:09:33.227（測定1.23秒）
[2025/05/16 15:09:33] ステージ移動開始: fspeed=3000, pulses=15, direction=0
[2025/05/16 15:09:35] ステージ停止検出: 15:09:35.467（移動に2.24秒）
[2025/05/16 15:09:36] 測定開始: index=83, delay=8305.75fs, 15:09:36.509
[2025/05/16 15:09:37] BG減算: 測定点 83 でBGスペクトルを引きました
[2025/05/16 15:09:37] 測定完了: index=83, max_intensity=2744.28, 15:09:37.734（測定1.23秒）
[2025/05/16 15:09:37] ステージ移動開始: fspeed=3000, pulses=15, direction=0
[2025/05/16 15:09:39] ステージ停止検出: 15:09:39.972（移動に2.23秒）
[2025/05/16 15:09:41] 測定開始: index=84, delay=8405.82fs, 15:09:41.013
[2025/05/16 15:09:42] BG減算: 測定点 84 でBGスペクトルを引きました
[2025/05/16 15:09:42] 測定完了: index=84, max_intensity=2746.33, 15:09:42.239（測定1.23秒）
[2025/05/16 15:09:42] ステージ移動開始: fspeed=3000, pulses=15, direction=0
[2025/05/16 15:09:44] ステージ停止検出: 15:09:44.475（移動に2.23秒）
[2025/05/16 15:09:45] 測定開始: index=85, delay=8505.88fs, 15:09:45.517
[2025/05/16 15:09:46] BG減算: 測定点 85 でBGスペクトルを引きました
[2025/05/16 15:09:46] 測定完了: index=85, max_intensity=2781.14, 15:09:46.750（測定1.23秒）
[2025/05/16 15:09:46] ステージ移動開始: fspeed=3000, pulses=15, direction=0
[2025/05/16 15:09:48] ステージ停止検出: 15:09:48.941（移動に2.18秒）
[2025/05/16 15:09:49] 測定開始: index=86, delay=8605.95fs, 15:09:49.978
[2025/05/16 15:09:51] BG減算: 測定点 86 でBGスペクトルを引きました
[2025/05/16 15:09:51] 測定完了: index=86, max_intensity=2811.86, 15:09:51.213（測定1.24秒）
[2025/05/16 15:09:51] ステージ移動開始: fspeed=3000, pulses=15, direction=0
[2025/05/16 15:09:53] ステージ停止検出: 15:09:53.450（移動に2.23秒）
[2025/05/16 15:09:54] 測定開始: index=87, delay=8706.02fs, 15:09:54.518
[2025/05/16 15:09:55] BG減算: 測定点 87 でBGスペクトルを引きました
[2025/05/16 15:09:55] 測定完了: index=87, max_intensity=2791.38, 15:09:55.745（測定1.23秒）
[2025/05/16 15:09:55] ステージ移動開始: fspeed=3000, pulses=15, direction=0
[2025/05/16 15:09:57] ステージ停止検出: 15:09:57.992（移動に2.24秒）
[2025/05/16 15:09:59] 測定開始: index=88, delay=8806.09fs, 15:09:59.052
[2025/05/16 15:10:00] BG減算: 測定点 88 でBGスペクトルを引きました
[2025/05/16 15:10:00] 測定完了: index=88, max_intensity=2809.81, 15:10:00.279（測定1.23秒）
[2025/05/16 15:10:00] ステージ移動開始: fspeed=3000, pulses=15, direction=0
[2025/05/16 15:10:02] ステージ停止検出: 15:10:02.476（移動に2.19秒）
[2025/05/16 15:10:03] 測定開始: index=89, delay=8906.16fs, 15:10:03.514
[2025/05/16 15:10:04] BG減算: 測定点 89 でBGスペクトルを引きました
[2025/05/16 15:10:04] 測定完了: index=89, max_intensity=2742.23, 15:10:04.740（測定1.23秒）
[2025/05/16 15:10:04] ステージ移動開始: fspeed=3000, pulses=15, direction=0
[2025/05/16 15:10:06] ステージ停止検出: 15:10:06.944（移動に2.19秒）
[2025/05/16 15:10:07] 測定開始: index=90, delay=9006.23fs, 15:10:07.984
[2025/05/16 15:10:09] BG減算: 測定点 90 でBGスペクトルを引きました
[2025/05/16 15:10:09] 測定完了: index=90, max_intensity=2770.90, 15:10:09.198（測定1.21秒）
[2025/05/16 15:10:09] ステージ移動開始: fspeed=3000, pulses=15, direction=0
[2025/05/16 15:10:11] ステージ停止検出: 15:10:11.437（移動に2.24秒）
[2025/05/16 15:10:12] 測定開始: index=91, delay=9106.30fs, 15:10:12.470
[2025/05/16 15:10:13] BG減算: 測定点 91 でBGスペクトルを引きました
[2025/05/16 15:10:13] 測定完了: index=91, max_intensity=2805.72, 15:10:13.682（測定1.21秒）
[2025/05/16 15:10:13] ステージ移動開始: fspeed=3000, pulses=15, direction=0
[2025/05/16 15:10:15] ステージ停止検出: 15:10:15.922（移動に2.24秒）
[2025/05/16 15:10:16] 測定開始: index=92, delay=9206.37fs, 15:10:16.961
[2025/05/16 15:10:18] BG減算: 測定点 92 でBGスペクトルを引きました
[2025/05/16 15:10:18] 測定完了: index=92, max_intensity=2832.34, 15:10:18.190（測定1.23秒）
[2025/05/16 15:10:18] ステージ移動開始: fspeed=3000, pulses=15, direction=0
[2025/05/16 15:10:20] ステージ停止検出: 15:10:20.458（移動に2.25秒）
[2025/05/16 15:10:21] 測定開始: index=93, delay=9306.44fs, 15:10:21.485
[2025/05/16 15:10:22] BG減算: 測定点 93 でBGスペクトルを引きました
[2025/05/16 15:10:22] 測定完了: index=93, max_intensity=2756.57, 15:10:22.708（測定1.22秒）
[2025/05/16 15:10:22] ステージ移動開始: fspeed=3000, pulses=15, direction=0
[2025/05/16 15:10:24] ステージ停止検出: 15:10:24.915（移動に2.20秒）
[2025/05/16 15:10:25] 測定開始: index=94, delay=9406.51fs, 15:10:25.985
[2025/05/16 15:10:27] BG減算: 測定点 94 でBGスペクトルを引きました
[2025/05/16 15:10:27] 測定完了: index=94, max_intensity=2762.71, 15:10:27.217（測定1.23秒）
[2025/05/16 15:10:27] ステージ移動開始: fspeed=3000, pulses=15, direction=0
[2025/05/16 15:10:29] ステージ停止検出: 15:10:29.453（移動に2.23秒）
[2025/05/16 15:10:30] 測定開始: index=95, delay=9506.58fs, 15:10:30.502
[2025/05/16 15:10:31] BG減算: 測定点 95 でBGスペクトルを引きました
[2025/05/16 15:10:31] 測定完了: index=95, max_intensity=2736.09, 15:10:31.736（測定1.23秒）
[2025/05/16 15:10:31] ステージ移動開始: fspeed=3000, pulses=15, direction=0
[2025/05/16 15:10:33] ステージ停止検出: 15:10:33.964（移動に2.22秒）
[2025/05/16 15:10:35] 測定開始: index=96, delay=9606.65fs, 15:10:35.024
[2025/05/16 15:10:36] BG減算: 測定点 96 でBGスペクトルを引きました
[2025/05/16 15:10:36] 測定完了: index=96, max_intensity=2729.94, 15:10:36.254（測定1.23秒）
[2025/05/16 15:10:36] ステージ移動開始: fspeed=3000, pulses=15, direction=0
[2025/05/16 15:10:38] ステージ停止検出: 15:10:38.485（移動に2.22秒）
[2025/05/16 15:10:39] 測定開始: index=97, delay=9706.72fs, 15:10:39.525
[2025/05/16 15:10:40] BG減算: 測定点 97 でBGスペクトルを引きました
[2025/05/16 15:10:40] 測定完了: index=97, max_intensity=2799.57, 15:10:40.751（測定1.23秒）
[2025/05/16 15:10:40] ステージ移動開始: fspeed=3000, pulses=15, direction=0
[2025/05/16 15:10:42] ステージ停止検出: 15:10:42.976（移動に2.22秒）
[2025/05/16 15:10:44] 測定開始: index=98, delay=9806.78fs, 15:10:44.015
[2025/05/16 15:10:45] BG減算: 測定点 98 でBGスペクトルを引きました
[2025/05/16 15:10:45] 測定完了: index=98, max_intensity=2734.04, 15:10:45.247（測定1.23秒）
[2025/05/16 15:10:45] ステージ移動開始: fspeed=3000, pulses=15, direction=0
[2025/05/16 15:10:47] ステージ停止検出: 15:10:47.491（移動に2.23秒）
[2025/05/16 15:10:48] 測定開始: index=99, delay=9906.85fs, 15:10:48.548
[2025/05/16 15:10:49] BG減算: 測定点 99 でBGスペクトルを引きました
[2025/05/16 15:10:49] 測定完了: index=99, max_intensity=2736.09, 15:10:49.774（測定1.23秒）
[2025/05/16 15:10:50] 測定完了
